This is pdfTeX, Version 3.14159265-2.6-1.40.17 (TeX Live 2016) (preloaded format=pdflatex 2016.5.22)  21 JUL 2017 17:27
entering extended mode
 \write18 enabled.
 %&-line parsing enabled.
**CompilerRationalFunctions.tex
(./CompilerRationalFunctions.tex
LaTeX2e <2016/03/31>
Babel <3.9r> and hyphenation patterns for 83 language(s) loaded.
(/usr/local/texlive/2016/texmf-dist/tex/latex/base/book.cls
Document Class: book 2014/09/29 v1.4h Standard LaTeX document class
(/usr/local/texlive/2016/texmf-dist/tex/latex/base/bk11.clo
File: bk11.clo 2014/09/29 v1.4h Standard LaTeX file (size option)
)
\c@part=\count79
\c@chapter=\count80
\c@section=\count81
\c@subsection=\count82
\c@subsubsection=\count83
\c@paragraph=\count84
\c@subparagraph=\count85
\c@figure=\count86
\c@table=\count87
\abovecaptionskip=\skip41
\belowcaptionskip=\skip42
\bibindent=\dimen102
)
(/usr/local/texlive/2016/texmf-dist/tex/latex/amsfonts/amssymb.sty
Package: amssymb 2013/01/14 v3.01 AMS font symbols

(/usr/local/texlive/2016/texmf-dist/tex/latex/amsfonts/amsfonts.sty
Package: amsfonts 2013/01/14 v3.01 Basic AMSFonts support
\@emptytoks=\toks14
\symAMSa=\mathgroup4
\symAMSb=\mathgroup5
LaTeX Font Info:    Overwriting math alphabet `\mathfrak' in version `bold'
(Font)                  U/euf/m/n --> U/euf/b/n on input line 106.
))
(/usr/local/texlive/2016/texmf-dist/tex/latex/amsmath/amsmath.sty
Package: amsmath 2016/03/10 v2.15b AMS math features
\@mathmargin=\skip43

For additional information on amsmath, use the `?' option.
(/usr/local/texlive/2016/texmf-dist/tex/latex/amsmath/amstext.sty
Package: amstext 2000/06/29 v2.01 AMS text

(/usr/local/texlive/2016/texmf-dist/tex/latex/amsmath/amsgen.sty
File: amsgen.sty 1999/11/30 v2.0 generic functions
\@emptytoks=\toks15
\ex@=\dimen103
))
(/usr/local/texlive/2016/texmf-dist/tex/latex/amsmath/amsbsy.sty
Package: amsbsy 1999/11/29 v1.2d Bold Symbols
\pmbraise@=\dimen104
)
(/usr/local/texlive/2016/texmf-dist/tex/latex/amsmath/amsopn.sty
Package: amsopn 2016/03/08 v2.02 operator names
)
\inf@bad=\count88
LaTeX Info: Redefining \frac on input line 199.
\uproot@=\count89
\leftroot@=\count90
LaTeX Info: Redefining \overline on input line 297.
\classnum@=\count91
\DOTSCASE@=\count92
LaTeX Info: Redefining \ldots on input line 394.
LaTeX Info: Redefining \dots on input line 397.
LaTeX Info: Redefining \cdots on input line 518.
\Mathstrutbox@=\box26
\strutbox@=\box27
\big@size=\dimen105
LaTeX Font Info:    Redeclaring font encoding OML on input line 634.
LaTeX Font Info:    Redeclaring font encoding OMS on input line 635.
\macc@depth=\count93
\c@MaxMatrixCols=\count94
\dotsspace@=\muskip10
\c@parentequation=\count95
\dspbrk@lvl=\count96
\tag@help=\toks16
\row@=\count97
\column@=\count98
\maxfields@=\count99
\andhelp@=\toks17
\eqnshift@=\dimen106
\alignsep@=\dimen107
\tagshift@=\dimen108
\tagwidth@=\dimen109
\totwidth@=\dimen110
\lineht@=\dimen111
\@envbody=\toks18
\multlinegap=\skip44
\multlinetaggap=\skip45
\mathdisplay@stack=\toks19
LaTeX Info: Redefining \[ on input line 2739.
LaTeX Info: Redefining \] on input line 2740.
)
(/usr/local/texlive/2016/texmf-dist/tex/latex/amscls/amsthm.sty
Package: amsthm 2015/03/04 v2.20.2
\thm@style=\toks20
\thm@bodyfont=\toks21
\thm@headfont=\toks22
\thm@notefont=\toks23
\thm@headpunct=\toks24
\thm@preskip=\skip46
\thm@postskip=\skip47
\thm@headsep=\skip48
\dth@everypar=\toks25
)
(/usr/local/texlive/2016/texmf-dist/tex/latex/fancyhdr/fancyhdr.sty
\fancy@headwidth=\skip49
\f@ncyO@elh=\skip50
\f@ncyO@erh=\skip51
\f@ncyO@olh=\skip52
\f@ncyO@orh=\skip53
\f@ncyO@elf=\skip54
\f@ncyO@erf=\skip55
\f@ncyO@olf=\skip56
\f@ncyO@orf=\skip57
)
(/usr/local/texlive/2016/texmf-dist/tex/latex/supertabular/supertabular.sty
Package: supertabular 2004/02/20 v4.1e the supertabular environment
\c@tracingst=\count100
\ST@wd=\dimen112
\ST@rightskip=\skip58
\ST@leftskip=\skip59
\ST@parfillskip=\skip60
\ST@pageleft=\dimen113
\ST@headht=\dimen114
\ST@tailht=\dimen115
\ST@pagesofar=\dimen116
\ST@pboxht=\dimen117
\ST@lineht=\dimen118
\ST@stretchht=\dimen119
\ST@prevht=\dimen120
\ST@toadd=\dimen121
\ST@dimen=\dimen122
\ST@pbox=\box28
)
(/usr/local/texlive/2016/texmf-dist/tex/latex/tools/longtable.sty
Package: longtable 2014/10/28 v4.11 Multi-page Table package (DPC)
\LTleft=\skip61
\LTright=\skip62
\LTpre=\skip63
\LTpost=\skip64
\LTchunksize=\count101
\LTcapwidth=\dimen123
\LT@head=\box29
\LT@firsthead=\box30
\LT@foot=\box31
\LT@lastfoot=\box32
\LT@cols=\count102
\LT@rows=\count103
\c@LT@tables=\count104
\c@LT@chunks=\count105
\LT@p@ftn=\toks26
)
(/usr/local/texlive/2016/texmf-dist/tex/latex/tools/hhline.sty
Package: hhline 2014/10/28 v2.03 Table rule package (DPC)
)
(/usr/local/texlive/2016/texmf-dist/tex/latex/mathtools/mathtools.sty
Package: mathtools 2015/11/12 v1.18 mathematical typesetting tools

(/usr/local/texlive/2016/texmf-dist/tex/latex/graphics/keyval.sty
Package: keyval 2014/10/28 v1.15 key=value parser (DPC)
\KV@toks@=\toks27
)
(/usr/local/texlive/2016/texmf-dist/tex/latex/tools/calc.sty
Package: calc 2014/10/28 v4.3 Infix arithmetic (KKT,FJ)
\calc@Acount=\count106
\calc@Bcount=\count107
\calc@Adimen=\dimen124
\calc@Bdimen=\dimen125
\calc@Askip=\skip65
\calc@Bskip=\skip66
LaTeX Info: Redefining \setlength on input line 80.
LaTeX Info: Redefining \addtolength on input line 81.
\calc@Ccount=\count108
\calc@Cskip=\skip67
)
(/usr/local/texlive/2016/texmf-dist/tex/latex/mathtools/mhsetup.sty
Package: mhsetup 2010/01/21 v1.2a programming setup (MH)
)
LaTeX Info: Thecontrolsequence`\('isalreadyrobust on input line 129.
LaTeX Info: Thecontrolsequence`\)'isalreadyrobust on input line 129.
LaTeX Info: Thecontrolsequence`\['isalreadyrobust on input line 129.
LaTeX Info: Thecontrolsequence`\]'isalreadyrobust on input line 129.
\g_MT_multlinerow_int=\count109
\l_MT_multwidth_dim=\dimen126
\origjot=\skip68
\l_MT_shortvdotswithinadjustabove_dim=\dimen127
\l_MT_shortvdotswithinadjustbelow_dim=\dimen128
\l_MT_above_intertext_sep=\dimen129
\l_MT_below_intertext_sep=\dimen130
\l_MT_above_shortintertext_sep=\dimen131
\l_MT_below_shortintertext_sep=\dimen132
)
(/usr/local/texlive/2016/texmf-dist/tex/latex/colortbl/colortbl.sty
Package: colortbl 2012/02/13 v1.0a Color table columns (DPC)

(/usr/local/texlive/2016/texmf-dist/tex/latex/tools/array.sty
Package: array 2014/10/28 v2.4c Tabular extension package (FMi)
\col@sep=\dimen133
\extrarowheight=\dimen134
\NC@list=\toks28
\extratabsurround=\skip69
\backup@length=\skip70
)
(/usr/local/texlive/2016/texmf-dist/tex/latex/graphics/color.sty
Package: color 2016/05/09 v1.1c Standard LaTeX Color (DPC)

(/usr/local/texlive/2016/texmf-dist/tex/latex/graphics-cfg/color.cfg
File: color.cfg 2016/01/02 v1.6 sample color configuration
)
Package color Info: Driver file: pdftex.def on input line 144.

(/usr/local/texlive/2016/texmf-dist/tex/latex/pdftex-def/pdftex.def
File: pdftex.def 2011/05/27 v0.06d Graphics/color for pdfTeX

(/usr/local/texlive/2016/texmf-dist/tex/generic/oberdiek/infwarerr.sty
Package: infwarerr 2016/05/16 v1.4 Providing info/warning/error messages (HO)
)
(/usr/local/texlive/2016/texmf-dist/tex/generic/oberdiek/ltxcmds.sty
Package: ltxcmds 2016/05/16 v1.23 LaTeX kernel commands for general use (HO)
)
\Gread@gobject=\count110
))
\everycr=\toks29
\minrowclearance=\skip71
)
(/usr/local/texlive/2016/texmf-dist/tex/latex/import/import.sty
Package: import 2009/03/23  v 5.1
)
(/usr/local/texlive/2016/texmf-dist/tex/latex/tools/multicol.sty
Package: multicol 2016/04/07 v1.8p multicolumn formatting (FMi)
\c@tracingmulticols=\count111
\mult@box=\box33
\multicol@leftmargin=\dimen135
\c@unbalance=\count112
\c@collectmore=\count113
\doublecol@number=\count114
\multicoltolerance=\count115
\multicolpretolerance=\count116
\full@width=\dimen136
\page@free=\dimen137
\premulticols=\dimen138
\postmulticols=\dimen139
\multicolsep=\skip72
\multicolbaselineskip=\skip73
\partial@page=\box34
\last@line=\box35
\maxbalancingoverflow=\dimen140
\mult@rightbox=\box36
\mult@grightbox=\box37
\mult@gfirstbox=\box38
\mult@firstbox=\box39
\@tempa=\box40
\@tempa=\box41
\@tempa=\box42
\@tempa=\box43
\@tempa=\box44
\@tempa=\box45
\@tempa=\box46
\@tempa=\box47
\@tempa=\box48
\@tempa=\box49
\@tempa=\box50
\@tempa=\box51
\@tempa=\box52
\@tempa=\box53
\@tempa=\box54
\@tempa=\box55
\@tempa=\box56
\c@columnbadness=\count117
\c@finalcolumnbadness=\count118
\last@try=\dimen141
\multicolovershoot=\dimen142
\multicolundershoot=\dimen143
\mult@nat@firstbox=\box57
\colbreak@box=\box58
\mc@col@check@num=\count119
)
(/usr/local/texlive/2016/texmf-dist/tex/latex/boxedminipage/boxedminipage.sty)
(/usr/local/texlive/2016/texmf-dist/tex/latex/chapterfolder/chapterfolder.sty
Package: chapterfolder 2005/11/24 v2.0 Package for dealing with folder

(/usr/local/texlive/2016/texmf-dist/tex/latex/base/ifthen.sty
Package: ifthen 2014/09/29 v1.1c Standard LaTeX ifthen package (DPC)
)
\c@@cf@currentpos=\count120
)
(/usr/local/texlive/2016/texmf-dist/tex/generic/mfpic/mfpic.sty
Package: mfpic 2012/12/03 v1.10. Macros for drawing with Metafont/MetaPost.

(/usr/local/texlive/2016/texmf-dist/tex/generic/mfpic/mfpic.tex
(/usr/local/texlive/2016/texmf-dist/tex/latex/graphics/graphics.sty
Package: graphics 2016/05/09 v1.0r Standard LaTeX Graphics (DPC,SPQR)

(/usr/local/texlive/2016/texmf-dist/tex/latex/graphics/trig.sty
Package: trig 2016/01/03 v1.10 sin cos tan (DPC)
)
(/usr/local/texlive/2016/texmf-dist/tex/latex/graphics-cfg/graphics.cfg
File: graphics.cfg 2016/01/02 v1.10 sample graphics configuration
)
Package graphics Info: Driver file: pdftex.def on input line 96.
)
\mfp@out=\write3
\mfp@graph=\read1
\mfp@count=\count121
\mfp@linetype=\count122
\mfp@sequence=\count123
\mfp@toks=\toks30
\mfp@verbtex=\toks31
\mfp@fdc=\count124
\@wholegraph=\box59
\@textbox=\box60
\@alltlabels=\box61
\@backtext=\box62
\@tlabelstop=\fontdimen 23\mfp@dummy 
\@tlabelsbot=\fontdimen 24\mfp@dummy 
\@tlabelsleft=\fontdimen 25\mfp@dummy 
\@graphright=\fontdimen 26\mfp@dummy 
\@graphleft=\fontdimen 27\mfp@dummy 
\@graphtop=\fontdimen 28\mfp@dummy 
\@graphbot=\fontdimen 29\mfp@dummy 
\tb@raise=\fontdimen 30\mfp@dummy 
\tb@moveright=\fontdimen 31\mfp@dummy 
\tb@totalht=\fontdimen 32\mfp@dummy 
\tlabel@hadj=\fontdimen 33\mfp@dummy 
\tlabel@vadj=\fontdimen 34\mfp@dummy 
\tlabel@sep=\fontdimen 35\mfp@dummy 
\tlpath@sep=\fontdimen 36\mfp@dummy 
\mfpicunit=\fontdimen 37\mfp@dummy 
\@mfpicunit=\fontdimen 38\mfp@dummy 
\pointsize=\fontdimen 39\mfp@dummy 
\shadespace=\fontdimen 40\mfp@dummy 
\polkadotspace=\fontdimen 41\mfp@dummy 
\hatchspace=\fontdimen 42\mfp@dummy 
\headlen=\fontdimen 43\mfp@dummy 
\axisheadlen=\fontdimen 44\mfp@dummy 
\sideheadlen=\fontdimen 45\mfp@dummy 
\hashlen=\fontdimen 46\mfp@dummy 
\dashlen=\fontdimen 47\mfp@dummy 
\dashspace=\fontdimen 48\mfp@dummy 
\dotsize=\fontdimen 49\mfp@dummy 
\griddotsize=\fontdimen 50\mfp@dummy 
\dotspace=\fontdimen 51\mfp@dummy 
\symbolspace=\fontdimen 52\mfp@dummy 
\mfp@scratch=\dimen144
\mfpframesep=\dimen145
\mfpframethickness=\dimen146
\mfpicheight=\dimen147
\mfpicwidth=\dimen148
\mfpiccaptionskip=\skip74
\tl@vpos=\count125
\tl@hpos=\count126
\mfp@commentchar=\count127
))
(/usr/local/texlive/2016/texmf-dist/tex/latex/graphics/graphicx.sty
Package: graphicx 2014/10/28 v1.0g Enhanced LaTeX Graphics (DPC,SPQR)
\Gin@req@height=\dimen149
\Gin@req@width=\dimen150
)
(/usr/local/texlive/2016/texmf-dist/tex/latex/base/makeidx.sty
Package: makeidx 2014/09/29 v1.0m Standard LaTeX package
)
(/usr/local/texlive/2016/texmf-dist/tex/latex/hyperref/hyperref.sty
Package: hyperref 2016/05/05 v6.83n Hypertext links for LaTeX

(/usr/local/texlive/2016/texmf-dist/tex/generic/oberdiek/hobsub-hyperref.sty
Package: hobsub-hyperref 2016/05/16 v1.14 Bundle oberdiek, subset hyperref (HO)


(/usr/local/texlive/2016/texmf-dist/tex/generic/oberdiek/hobsub-generic.sty
Package: hobsub-generic 2016/05/16 v1.14 Bundle oberdiek, subset generic (HO)
Package: hobsub 2016/05/16 v1.14 Construct package bundles (HO)
Package hobsub Info: Skipping package `infwarerr' (already loaded).
Package hobsub Info: Skipping package `ltxcmds' (already loaded).
Package: ifluatex 2016/05/16 v1.4 Provides the ifluatex switch (HO)
Package ifluatex Info: LuaTeX not detected.
Package: ifvtex 2016/05/16 v1.6 Detect VTeX and its facilities (HO)
Package ifvtex Info: VTeX not detected.
Package: intcalc 2016/05/16 v1.2 Expandable calculations with integers (HO)
Package: ifpdf 2016/05/14 v3.1 Provides the ifpdf switch
Package: etexcmds 2016/05/16 v1.6 Avoid name clashes with e-TeX commands (HO)
Package etexcmds Info: Could not find \expanded.
(etexcmds)             That can mean that you are not using pdfTeX 1.50 or
(etexcmds)             that some package has redefined \expanded.
(etexcmds)             In the latter case, load this package earlier.
Package: kvsetkeys 2016/05/16 v1.17 Key value parser (HO)
Package: kvdefinekeys 2016/05/16 v1.4 Define keys (HO)
Package: pdftexcmds 2016/05/10 v0.21 Utility functions of pdfTeX for LuaTeX (HO
)
Package pdftexcmds Info: LuaTeX not detected.
Package pdftexcmds Info: \pdf@primitive is available.
Package pdftexcmds Info: \pdf@ifprimitive is available.
Package pdftexcmds Info: \pdfdraftmode found.
Package: pdfescape 2016/05/16 v1.14 Implements pdfTeX's escape features (HO)
Package: bigintcalc 2016/05/16 v1.4 Expandable calculations on big integers (HO
)
Package: bitset 2016/05/16 v1.2 Handle bit-vector datatype (HO)
Package: uniquecounter 2016/05/16 v1.3 Provide unlimited unique counter (HO)
)
Package hobsub Info: Skipping package `hobsub' (already loaded).
Package: letltxmacro 2016/05/16 v1.5 Let assignment for LaTeX macros (HO)
Package: hopatch 2016/05/16 v1.3 Wrapper for package hooks (HO)
Package: xcolor-patch 2016/05/16 xcolor patch
Package: atveryend 2016/05/16 v1.9 Hooks at the very end of document (HO)
Package atveryend Info: \enddocument detected (standard20110627).
Package: atbegshi 2016/05/16 v1.17 At begin shipout hook (HO)
Package: refcount 2016/05/16 v3.5 Data extraction from label references (HO)
Package: hycolor 2016/05/16 v1.8 Color options for hyperref/bookmark (HO)
)
(/usr/local/texlive/2016/texmf-dist/tex/generic/ifxetex/ifxetex.sty
Package: ifxetex 2010/09/12 v0.6 Provides ifxetex conditional
)
(/usr/local/texlive/2016/texmf-dist/tex/latex/oberdiek/auxhook.sty
Package: auxhook 2016/05/16 v1.4 Hooks for auxiliary files (HO)
)
(/usr/local/texlive/2016/texmf-dist/tex/latex/oberdiek/kvoptions.sty
Package: kvoptions 2016/05/16 v3.12 Key value format for package options (HO)
)
\@linkdim=\dimen151
\Hy@linkcounter=\count128
\Hy@pagecounter=\count129

(/usr/local/texlive/2016/texmf-dist/tex/latex/hyperref/pd1enc.def
File: pd1enc.def 2016/05/05 v6.83n Hyperref: PDFDocEncoding definition (HO)
)
\Hy@SavedSpaceFactor=\count130

(/usr/local/texlive/2016/texmf-dist/tex/latex/latexconfig/hyperref.cfg
File: hyperref.cfg 2002/06/06 v1.2 hyperref configuration of TeXLive
)
Package hyperref Info: Option `colorlinks' set `true' on input line 4322.
Package hyperref Info: Option `hyperindex' set `true' on input line 4322.
Package hyperref Info: Option `plainpages' set `false' on input line 4322.
Package hyperref Info: Option `pdfpagelabels' set `true' on input line 4322.
Package hyperref Info: Hyper figures OFF on input line 4446.
Package hyperref Info: Link nesting OFF on input line 4451.
Package hyperref Info: Hyper index ON on input line 4454.
Package hyperref Info: Plain pages OFF on input line 4461.
Package hyperref Info: Backreferencing OFF on input line 4466.
Package hyperref Info: Implicit mode ON; LaTeX internals redefined.
Package hyperref Info: Bookmarks ON on input line 4691.
\c@Hy@tempcnt=\count131

(/usr/local/texlive/2016/texmf-dist/tex/latex/url/url.sty
\Urlmuskip=\muskip11
Package: url 2013/09/16  ver 3.4  Verb mode for urls, etc.
)
LaTeX Info: Redefining \url on input line 5044.
\XeTeXLinkMargin=\dimen152
\Fld@menulength=\count132
\Field@Width=\dimen153
\Fld@charsize=\dimen154
Package hyperref Info: Hyper figures OFF on input line 6298.
Package hyperref Info: Link nesting OFF on input line 6303.
Package hyperref Info: Hyper index ON on input line 6306.
Package hyperref Info: backreferencing OFF on input line 6313.
Package hyperref Info: Link coloring ON on input line 6316.
Package hyperref Info: Link coloring with OCG OFF on input line 6323.
Package hyperref Info: PDF/A mode OFF on input line 6328.
LaTeX Info: Redefining \ref on input line 6368.
LaTeX Info: Redefining \pageref on input line 6372.
\Hy@abspage=\count133
\c@Item=\count134
\c@Hfootnote=\count135
)

Package hyperref Message: Driver (autodetected): hpdftex.

(/usr/local/texlive/2016/texmf-dist/tex/latex/hyperref/hpdftex.def
File: hpdftex.def 2016/05/05 v6.83n Hyperref driver for pdfTeX
\Fld@listcount=\count136
\c@bookmark@seq@number=\count137

(/usr/local/texlive/2016/texmf-dist/tex/latex/oberdiek/rerunfilecheck.sty
Package: rerunfilecheck 2016/05/16 v1.8 Rerun checks for auxiliary files (HO)
Package uniquecounter Info: New unique counter `rerunfilecheck' on input line 2
82.
)
\Hy@SectionHShift=\skip75
)
(/usr/local/texlive/2016/texmf-dist/tex/latex/oberdiek/hypcap.sty
Package: hypcap 2016/05/16 v1.12 Adjusting the anchors of captions (HO)
)
(/usr/local/texlive/2016/texmf-dist/tex/latex/cancel/cancel.sty
Package: cancel 2013/04/12 v2.2 Cancel math terms
)
(/usr/local/texlive/2016/texmf-dist/tex/latex/sectsty/sectsty.sty
Package: sectsty 2002/02/25 v2.0.2 Commands to change all sectional heading sty
les
)
(/usr/local/texlive/2016/texmf-dist/tex/latex/base/textcomp.sty
Package: textcomp 2005/09/27 v1.99g Standard LaTeX package
Package textcomp Info: Sub-encoding information:
(textcomp)               5 = only ISO-Adobe without \textcurrency
(textcomp)               4 = 5 + \texteuro
(textcomp)               3 = 4 + \textohm
(textcomp)               2 = 3 + \textestimated + \textcurrency
(textcomp)               1 = TS1 - \textcircled - \t
(textcomp)               0 = TS1 (full)
(textcomp)             Font families with sub-encoding setting implement
(textcomp)             only a restricted character set as indicated.
(textcomp)             Family '?' is the default used for unknown fonts.
(textcomp)             See the documentation for details.
Package textcomp Info: Setting ? sub-encoding to TS1/1 on input line 79.

(/usr/local/texlive/2016/texmf-dist/tex/latex/base/ts1enc.def
File: ts1enc.def 2001/06/05 v3.0e (jk/car/fm) Standard LaTeX file
)
LaTeX Info: Redefining \oldstylenums on input line 334.
Package textcomp Info: Setting cmr sub-encoding to TS1/0 on input line 349.
Package textcomp Info: Setting cmss sub-encoding to TS1/0 on input line 350.
Package textcomp Info: Setting cmtt sub-encoding to TS1/0 on input line 351.
Package textcomp Info: Setting cmvtt sub-encoding to TS1/0 on input line 352.
Package textcomp Info: Setting cmbr sub-encoding to TS1/0 on input line 353.
Package textcomp Info: Setting cmtl sub-encoding to TS1/0 on input line 354.
Package textcomp Info: Setting ccr sub-encoding to TS1/0 on input line 355.
Package textcomp Info: Setting ptm sub-encoding to TS1/4 on input line 356.
Package textcomp Info: Setting pcr sub-encoding to TS1/4 on input line 357.
Package textcomp Info: Setting phv sub-encoding to TS1/4 on input line 358.
Package textcomp Info: Setting ppl sub-encoding to TS1/3 on input line 359.
Package textcomp Info: Setting pag sub-encoding to TS1/4 on input line 360.
Package textcomp Info: Setting pbk sub-encoding to TS1/4 on input line 361.
Package textcomp Info: Setting pnc sub-encoding to TS1/4 on input line 362.
Package textcomp Info: Setting pzc sub-encoding to TS1/4 on input line 363.
Package textcomp Info: Setting bch sub-encoding to TS1/4 on input line 364.
Package textcomp Info: Setting put sub-encoding to TS1/5 on input line 365.
Package textcomp Info: Setting uag sub-encoding to TS1/5 on input line 366.
Package textcomp Info: Setting ugq sub-encoding to TS1/5 on input line 367.
Package textcomp Info: Setting ul8 sub-encoding to TS1/4 on input line 368.
Package textcomp Info: Setting ul9 sub-encoding to TS1/4 on input line 369.
Package textcomp Info: Setting augie sub-encoding to TS1/5 on input line 370.
Package textcomp Info: Setting dayrom sub-encoding to TS1/3 on input line 371.
Package textcomp Info: Setting dayroms sub-encoding to TS1/3 on input line 372.

Package textcomp Info: Setting pxr sub-encoding to TS1/0 on input line 373.
Package textcomp Info: Setting pxss sub-encoding to TS1/0 on input line 374.
Package textcomp Info: Setting pxtt sub-encoding to TS1/0 on input line 375.
Package textcomp Info: Setting txr sub-encoding to TS1/0 on input line 376.
Package textcomp Info: Setting txss sub-encoding to TS1/0 on input line 377.
Package textcomp Info: Setting txtt sub-encoding to TS1/0 on input line 378.
Package textcomp Info: Setting lmr sub-encoding to TS1/0 on input line 379.
Package textcomp Info: Setting lmdh sub-encoding to TS1/0 on input line 380.
Package textcomp Info: Setting lmss sub-encoding to TS1/0 on input line 381.
Package textcomp Info: Setting lmssq sub-encoding to TS1/0 on input line 382.
Package textcomp Info: Setting lmvtt sub-encoding to TS1/0 on input line 383.
Package textcomp Info: Setting lmtt sub-encoding to TS1/0 on input line 384.
Package textcomp Info: Setting qhv sub-encoding to TS1/0 on input line 385.
Package textcomp Info: Setting qag sub-encoding to TS1/0 on input line 386.
Package textcomp Info: Setting qbk sub-encoding to TS1/0 on input line 387.
Package textcomp Info: Setting qcr sub-encoding to TS1/0 on input line 388.
Package textcomp Info: Setting qcs sub-encoding to TS1/0 on input line 389.
Package textcomp Info: Setting qpl sub-encoding to TS1/0 on input line 390.
Package textcomp Info: Setting qtm sub-encoding to TS1/0 on input line 391.
Package textcomp Info: Setting qzc sub-encoding to TS1/0 on input line 392.
Package textcomp Info: Setting qhvc sub-encoding to TS1/0 on input line 393.
Package textcomp Info: Setting futs sub-encoding to TS1/4 on input line 394.
Package textcomp Info: Setting futx sub-encoding to TS1/4 on input line 395.
Package textcomp Info: Setting futj sub-encoding to TS1/4 on input line 396.
Package textcomp Info: Setting hlh sub-encoding to TS1/3 on input line 397.
Package textcomp Info: Setting hls sub-encoding to TS1/3 on input line 398.
Package textcomp Info: Setting hlst sub-encoding to TS1/3 on input line 399.
Package textcomp Info: Setting hlct sub-encoding to TS1/5 on input line 400.
Package textcomp Info: Setting hlx sub-encoding to TS1/5 on input line 401.
Package textcomp Info: Setting hlce sub-encoding to TS1/5 on input line 402.
Package textcomp Info: Setting hlcn sub-encoding to TS1/5 on input line 403.
Package textcomp Info: Setting hlcw sub-encoding to TS1/5 on input line 404.
Package textcomp Info: Setting hlcf sub-encoding to TS1/5 on input line 405.
Package textcomp Info: Setting pplx sub-encoding to TS1/3 on input line 406.
Package textcomp Info: Setting pplj sub-encoding to TS1/3 on input line 407.
Package textcomp Info: Setting ptmx sub-encoding to TS1/4 on input line 408.
Package textcomp Info: Setting ptmj sub-encoding to TS1/4 on input line 409.
)
\c@defn=\count138
\c@thm=\count139
\c@eqn=\count140
\c@ex=\count141
\c@fig=\count142

(/usr/local/texlive/2016/texmf-dist/tex/latex/psnfss/helvet.sty
Package: helvet 2005/04/12 PSNFSS-v9.2a (WaS) 
)
(/usr/local/texlive/2016/texmf-dist/tex/latex/sfmath/sfmath.sty
Package: sfmath 2007/08/27 v0.8 sans serif maths
LaTeX Font Info:    Overwriting symbol font `operators' in version `normal'
(Font)                  OT1/cmr/m/n --> OT1/phv/m/n on input line 329.
LaTeX Font Info:    Overwriting symbol font `operators' in version `bold'
(Font)                  OT1/cmr/bx/n --> OT1/phv/bx/n on input line 330.
\symSFMath=\mathgroup6
LaTeX Font Info:    Overwriting symbol font `SFMath' in version `normal'
(Font)                  OT1/phv/m/sl --> OT1/phv/m/sl on input line 343.
LaTeX Font Info:    Overwriting symbol font `SFMath' in version `bold'
(Font)                  OT1/phv/m/sl --> OT1/phv/bx/sl on input line 344.
LaTeX Font Info:    Redeclaring math symbol \imath on input line 398.
LaTeX Font Info:    Redeclaring math symbol \jmath on input line 399.
\symSFMathUp=\mathgroup7
LaTeX Font Info:    Overwriting symbol font `SFMathUp' in version `normal'
(Font)                  OT1/phv/m/n --> OT1/phv/m/n on input line 406.
LaTeX Font Info:    Overwriting symbol font `SFMathUp' in version `bold'
(Font)                  OT1/phv/m/n --> OT1/phv/bx/n on input line 407.
LaTeX Font Info:    Redeclaring math symbol \ldotp on input line 410.
\symSFMathGreek=\mathgroup8
LaTeX Font Info:    Overwriting symbol font `SFMathGreek' in version `normal'
(Font)                  OT1/cmss/m/n --> OT1/cmss/m/n on input line 419.
LaTeX Font Info:    Overwriting symbol font `SFMathGreek' in version `bold'
(Font)                  OT1/cmss/m/n --> OT1/cmss/bx/n on input line 420.
LaTeX Font Info:    Redeclaring math symbol \Gamma on input line 422.
LaTeX Font Info:    Redeclaring math symbol \Delta on input line 423.
LaTeX Font Info:    Redeclaring math symbol \Theta on input line 424.
LaTeX Font Info:    Redeclaring math symbol \Lambda on input line 425.
LaTeX Font Info:    Redeclaring math symbol \Xi on input line 426.
LaTeX Font Info:    Redeclaring math symbol \Pi on input line 427.
LaTeX Font Info:    Redeclaring math symbol \Sigma on input line 428.
LaTeX Font Info:    Redeclaring math symbol \Upsilon on input line 429.
LaTeX Font Info:    Redeclaring math symbol \Phi on input line 430.
LaTeX Font Info:    Redeclaring math symbol \Psi on input line 431.
LaTeX Font Info:    Redeclaring math symbol \Omega on input line 432.
\symSFMathUpGreek=\mathgroup9
LaTeX Font Info:    Overwriting symbol font `SFMathUpGreek' in version `normal'

(Font)                  OT1/cmss/m/n --> OT1/cmss/m/n on input line 436.
LaTeX Font Info:    Overwriting symbol font `SFMathUpGreek' in version `bold'
(Font)                  OT1/cmss/m/n --> OT1/cmss/bx/n on input line 437.
LaTeX Font Info:    Overwriting math alphabet `\mathnormal' in version `normal'

(Font)                  OML/cmm/m/it --> OT1/phv/m/sl on input line 446.
LaTeX Font Info:    Overwriting math alphabet `\mathnormal' in version `bold'
(Font)                  OML/cmm/b/it --> OT1/phv/bx/sl on input line 447.
LaTeX Font Info:    Overwriting math alphabet `\mathrm' in version `normal'
(Font)                  OT1/phv/m/n --> OT1/phv/m/n on input line 449.
LaTeX Font Info:    Overwriting math alphabet `\mathrm' in version `bold'
(Font)                  OT1/phv/bx/n --> OT1/phv/bx/n on input line 450.
LaTeX Font Info:    Overwriting math alphabet `\mathbf' in version `normal'
(Font)                  OT1/cmr/bx/n --> OT1/phv/bx/n on input line 452.
LaTeX Font Info:    Overwriting math alphabet `\mathbf' in version `bold'
(Font)                  OT1/cmr/bx/n --> OT1/phv/bx/n on input line 453.
LaTeX Font Info:    Overwriting math alphabet `\mathit' in version `normal'
(Font)                  OT1/cmr/m/it --> OT1/phv/m/sl on input line 455.
LaTeX Font Info:    Overwriting math alphabet `\mathit' in version `bold'
(Font)                  OT1/cmr/bx/it --> OT1/phv/bx/sl on input line 456.
LaTeX Font Info:    Overwriting math alphabet `\mathsf' in version `normal'
(Font)                  OT1/cmss/m/n --> OT1/phv/m/n on input line 458.
LaTeX Font Info:    Overwriting math alphabet `\mathsf' in version `bold'
(Font)                  OT1/cmss/bx/n --> OT1/phv/bx/n on input line 459.
LaTeX Font Info:    Overwriting math alphabet `\mathsl' in version `bold'
(Font)                  OT1/phv/m/sl --> OT1/phv/bx/sl on input line 466.
)
(./CompilerRationalFunctions.aux (./RationalFunctions.aux))
\openout1 = `CompilerRationalFunctions.aux'.

LaTeX Font Info:    Checking defaults for OML/cmm/m/it on input line 48.
LaTeX Font Info:    ... okay on input line 48.
LaTeX Font Info:    Checking defaults for T1/cmr/m/n on input line 48.
LaTeX Font Info:    ... okay on input line 48.
LaTeX Font Info:    Checking defaults for OT1/cmr/m/n on input line 48.
LaTeX Font Info:    ... okay on input line 48.
LaTeX Font Info:    Checking defaults for OMS/cmsy/m/n on input line 48.
LaTeX Font Info:    ... okay on input line 48.
LaTeX Font Info:    Checking defaults for OMX/cmex/m/n on input line 48.
LaTeX Font Info:    ... okay on input line 48.
LaTeX Font Info:    Checking defaults for U/cmr/m/n on input line 48.
LaTeX Font Info:    ... okay on input line 48.
LaTeX Font Info:    Checking defaults for PD1/pdf/m/n on input line 48.
LaTeX Font Info:    ... okay on input line 48.
LaTeX Font Info:    Checking defaults for TS1/cmr/m/n on input line 48.
LaTeX Font Info:    Try loading font information for TS1+cmr on input line 48.

(/usr/local/texlive/2016/texmf-dist/tex/latex/base/ts1cmr.fd
File: ts1cmr.fd 2014/09/29 v2.5h Standard LaTeX font definitions
)
LaTeX Font Info:    ... okay on input line 48.
LaTeX Font Info:    Try loading font information for OT1+phv on input line 48.

(/usr/local/texlive/2016/texmf-dist/tex/latex/psnfss/ot1phv.fd
File: ot1phv.fd 2001/06/04 scalable font definitions for OT1/phv.
)
LaTeX Font Info:    Font shape `OT1/phv/m/n' will be
(Font)              scaled to size 10.07397pt on input line 48.

(/usr/local/texlive/2016/texmf-dist/tex/context/base/mkii/supp-pdf.mkii
[Loading MPS to PDF converter (version 2006.09.02).]
\scratchcounter=\count143
\scratchdimen=\dimen155
\scratchbox=\box63
\nofMPsegments=\count144
\nofMParguments=\count145
\everyMPshowfont=\toks32
\MPscratchCnt=\count146
\MPscratchDim=\dimen156
\MPnumerator=\count147
\makeMPintoPDFobject=\count148
\everyMPtoPDFconversion=\toks33
) (/usr/local/texlive/2016/texmf-dist/tex/latex/oberdiek/epstopdf-base.sty
Package: epstopdf-base 2016/05/15 v2.6 Base part for package epstopdf

(/usr/local/texlive/2016/texmf-dist/tex/latex/oberdiek/grfext.sty
Package: grfext 2016/05/16 v1.2 Manage graphics extensions (HO)
)
Package grfext Info: Graphics extension search list:
(grfext)             [.png,.pdf,.jpg,.mps,.jpeg,.jbig2,.jb2,.PNG,.PDF,.JPG,.JPE
G,.JBIG2,.JB2,.eps]
(grfext)             \AppendGraphicsExtensions on input line 456.

(/usr/local/texlive/2016/texmf-dist/tex/latex/latexconfig/epstopdf-sys.cfg
File: epstopdf-sys.cfg 2010/07/13 v1.3 Configuration of (r)epstopdf for TeX Liv
e
))
\AtBeginShipoutBox=\box64
Package hyperref Info: Link coloring ON on input line 48.

(/usr/local/texlive/2016/texmf-dist/tex/latex/hyperref/nameref.sty
Package: nameref 2012/10/27 v2.43 Cross-referencing by name of section

(/usr/local/texlive/2016/texmf-dist/tex/generic/oberdiek/gettitlestring.sty
Package: gettitlestring 2016/05/16 v1.5 Cleanup title references (HO)
)
\c@section@level=\count149
)
LaTeX Info: Redefining \ref on input line 48.
LaTeX Info: Redefining \pageref on input line 48.
LaTeX Info: Redefining \nameref on input line 48.

(./CompilerRationalFunctions.out) (./CompilerRationalFunctions.out)
\@outlinefile=\write4
\openout4 = `CompilerRationalFunctions.out'.

\c@HW=\count150
\c@HWindent=\count151

Chapter 1.
LaTeX Font Info:    Font shape `OT1/phv/m/n' will be
(Font)              scaled to size 19.08076pt on input line 54.
LaTeX Font Info:    Font shape `OT1/phv/bx/n' in size <20.74> not available
(Font)              Font shape `OT1/phv/b/n' tried instead on input line 54.
LaTeX Font Info:    Font shape `OT1/phv/b/n' will be
(Font)              scaled to size 19.08076pt on input line 54.
LaTeX Font Info:    Font shape `OT1/phv/m/n' will be
(Font)              scaled to size 22.88956pt on input line 54.
LaTeX Font Info:    Font shape `OT1/phv/bx/n' in size <24.88> not available
(Font)              Font shape `OT1/phv/b/n' tried instead on input line 54.
LaTeX Font Info:    Font shape `OT1/phv/b/n' will be
(Font)              scaled to size 22.88956pt on input line 54.
LaTeX Font Info:    Font shape `OT1/phv/m/sc' will be
(Font)              scaled to size 22.88956pt on input line 54.
[1


{/usr/local/texlive/2016/texmf-var/fonts/map/pdftex/updmap/pdftex.map}]
\openout2 = `RationalFunctions.aux'.


(./RationalFunctions.tex
LaTeX Font Info:    Font shape `OT1/phv/m/n' will be
(Font)              scaled to size 13.24796pt on input line 1.
LaTeX Font Info:    Font shape `OT1/phv/bx/n' in size <14.4> not available
(Font)              Font shape `OT1/phv/b/n' tried instead on input line 1.
LaTeX Font Info:    Font shape `OT1/phv/b/n' will be
(Font)              scaled to size 13.24796pt on input line 1.
 (./IntroRational.tex

Mfpic: Initializing IntroRational.mp.
\openout3 = `IntroRational.mp'.

Mfpic: Don't forget to process IntroRational.mp!
Mfpic: Apply metapost to IntroRational.mp.
Mfpic: Then reprocess this file "CompilerRationalFunctions".

LaTeX Font Info:    Font shape `OT1/phv/bx/n' in size <10.95> not available
(Font)              Font shape `OT1/phv/b/n' tried instead on input line 9.
LaTeX Font Info:    Font shape `OT1/phv/b/n' will be
(Font)              scaled to size 10.07397pt on input line 9.
LaTeX Font Info:    Font shape `OT1/phv/m/it' in size <10.95> not available
(Font)              Font shape `OT1/phv/m/sl' tried instead on input line 9.
LaTeX Font Info:    Font shape `OT1/phv/m/sl' will be
(Font)              scaled to size 10.07397pt on input line 9.
LaTeX Font Info:    Font shape `OT1/phv/m/n' will be
(Font)              scaled to size 7.35999pt on input line 23.
LaTeX Font Info:    Font shape `OT1/phv/m/n' will be
(Font)              scaled to size 5.51999pt on input line 23.
LaTeX Font Info:    Try loading font information for U+msa on input line 23.
(/usr/local/texlive/2016/texmf-dist/tex/latex/amsfonts/umsa.fd
File: umsa.fd 2013/01/14 v3.01 AMS symbols A
)
LaTeX Font Info:    Try loading font information for U+msb on input line 23.

(/usr/local/texlive/2016/texmf-dist/tex/latex/amsfonts/umsb.fd
File: umsb.fd 2013/01/14 v3.01 AMS symbols B
)
LaTeX Font Info:    Font shape `OT1/phv/m/sl' will be
(Font)              scaled to size 7.35999pt on input line 23.
LaTeX Font Info:    Font shape `OT1/phv/m/sl' will be
(Font)              scaled to size 5.51999pt on input line 23.
LaTeX Font Info:    Font shape `OT1/phv/m/sc' will be
(Font)              scaled to size 10.07397pt on input line 23.
LaTeX Font Info:    Font shape `OT1/phv/m/it' in size <8> not available
(Font)              Font shape `OT1/phv/m/sl' tried instead on input line 23.
LaTeX Font Info:    Font shape `OT1/phv/m/sl' will be
(Font)              scaled to size 7.35999pt on input line 23.
LaTeX Font Info:    Font shape `OT1/phv/m/n' will be
(Font)              scaled to size 8.27998pt on input line 23.
LaTeX Font Info:    Font shape `OT1/phv/m/n' will be
(Font)              scaled to size 4.59999pt on input line 23.
LaTeX Font Info:    Font shape `OT1/phv/m/sl' will be
(Font)              scaled to size 8.27998pt on input line 23.
LaTeX Font Info:    Font shape `OT1/phv/m/sl' will be
(Font)              scaled to size 4.59999pt on input line 23.
LaTeX Font Info:    Font shape `OT1/phv/m/it' in size <6> not available
(Font)              Font shape `OT1/phv/m/sl' tried instead on input line 23.
LaTeX Font Info:    Font shape `OT1/phv/m/sl' will be
(Font)              scaled to size 5.51999pt on input line 23.
LaTeX Font Info:    Font shape `OT1/phv/m/n' will be
(Font)              scaled to size 11.03998pt on input line 25.
LaTeX Font Info:    Font shape `OT1/phv/bx/n' in size <12> not available
(Font)              Font shape `OT1/phv/b/n' tried instead on input line 25.
LaTeX Font Info:    Font shape `OT1/phv/b/n' will be
(Font)              scaled to size 11.03998pt on input line 25.


LaTeX Warning: Reference `monomialfunction' on page 2 undefined on input line 3
6.


LaTeX Warning: Reference `PolynomialFunctions' on page 2 undefined on input lin
e 38.

File: IntroRational.1 Graphic file (type mps)
[MP to PDF] (./IntroRational.1)
Overfull \hbox (8.64964pt too wide) in paragraph at lines 90--91
[]|[]| 
 []

[2

]

LaTeX Warning: Reference `GraphsofPolynomials' on page 3 undefined on input lin
e 98.

LaTeX Font Info:    Font shape `OT1/phv/bx/n' in size <9> not available
(Font)              Font shape `OT1/phv/b/n' tried instead on input line 125.
LaTeX Font Info:    Font shape `OT1/phv/b/n' will be
(Font)              scaled to size 8.27998pt on input line 125.

LaTeX Warning: Reference `exploregraphslast' on page 3 undefined on input line 
125.


LaTeX Warning: Reference `GraphsofSineandCosine' on page 3 undefined on input l
ine 125.

[3]

LaTeX Warning: Reference `GraphsofPolynomials' on page 4 undefined on input lin
e 128.


Overfull \hbox (1.58905pt too wide) in paragraph at lines 132--144
[]|$[]$ 
 []

File: IntroRational.2 Graphic file (type mps)
[MP to PDF] (./IntroRational.2)
Overfull \hbox (2.85214pt too wide) in paragraph at lines 158--159
[]|[] 
 []

File: IntroRational.3 Graphic file (type mps)
[MP to PDF] (./IntroRational.3)
Overfull \hbox (2.85214pt too wide) in paragraph at lines 173--174
[]|[] 
 []

File: IntroRational.4 Graphic file (type mps)
[MP to PDF] (./IntroRational.4)
Overfull \hbox (2.85214pt too wide) in paragraph at lines 188--189
[]|[]| 
 []


Overfull \hbox (47.99998pt too wide) in paragraph at lines 130--191
[][] 
 []


Overfull \hbox (0.90994pt too wide) in paragraph at lines 197--209
[]|$[]$ 
 []

File: IntroRational.5 Graphic file (type mps)
[MP to PDF] (./IntroRational.5)
Overfull \hbox (2.85214pt too wide) in paragraph at lines 223--224
[]|[] 
 []

File: IntroRational.6 Graphic file (type mps)
[MP to PDF] (./IntroRational.6)
Overfull \hbox (2.85214pt too wide) in paragraph at lines 238--239
[]|[] 
 []

File: IntroRational.7 Graphic file (type mps)
[MP to PDF] (./IntroRational.7)
Overfull \hbox (2.85214pt too wide) in paragraph at lines 253--254
[]|[]| 
 []


Overfull \hbox (47.99998pt too wide) in paragraph at lines 195--256
[][] 
 []


Underfull \vbox (badness 10000) has occurred while \output is active []

 [4]

LaTeX Warning: Reference `linearmononialgraphs' on page 5 undefined on input li
ne 258.


LaTeX Warning: Reference `linearmononialgraphs' on page 5 undefined on input li
ne 289.


LaTeX Warning: Reference `transformationsthm' on page 5 undefined on input line
 289.


LaTeX Warning: Reference `Transformations' on page 5 undefined on input line 28
9.


LaTeX Warning: Reference `linearabsvaluegraphs' on page 5 undefined on input li
ne 289.


LaTeX Warning: Reference `standardformgraph' on page 5 undefined on input line 
289.


LaTeX Warning: Reference `linearmononialgraphs' on page 5 undefined on input li
ne 289.

[5]

LaTeX Font Warning: Command \scriptsize invalid in math mode on input line 324.



LaTeX Font Warning: Command \normalsize invalid in math mode on input line 329.


File: IntroRational.8 Graphic file (type mps)
[MP to PDF] (./IntroRational.8)

LaTeX Font Warning: Command \scriptsize invalid in math mode on input line 345.



LaTeX Font Warning: Command \normalsize invalid in math mode on input line 351.


File: IntroRational.9 Graphic file (type mps)
[MP to PDF] (./IntroRational.9)
Overfull \hbox (9.01555pt too wide) detected at line 361
[]
 []


LaTeX Font Warning: Command \scriptsize invalid in math mode on input line 369.



LaTeX Font Warning: Command \normalsize invalid in math mode on input line 375.


File: IntroRational.10 Graphic file (type mps)
[MP to PDF] (./IntroRational.10)

LaTeX Font Warning: Command \scriptsize invalid in math mode on input line 392.



LaTeX Font Warning: Command \normalsize invalid in math mode on input line 398.


File: IntroRational.11 Graphic file (type mps)
[MP to PDF] (./IntroRational.11)
Overfull \hbox (9.01555pt too wide) detected at line 407
[]
 []

[6]

LaTeX Font Warning: Command \scriptsize invalid in math mode on input line 421.



LaTeX Font Warning: Command \normalsize invalid in math mode on input line 426.


File: IntroRational.12 Graphic file (type mps)
[MP to PDF] (./IntroRational.12)

LaTeX Font Warning: Command \scriptsize invalid in math mode on input line 443.



LaTeX Font Warning: Command \normalsize invalid in math mode on input line 449.


File: IntroRational.13 Graphic file (type mps)
[MP to PDF] (./IntroRational.13)
Overfull \hbox (7.77623pt too wide) detected at line 459
[]
 []


LaTeX Font Warning: Command \scriptsize invalid in math mode on input line 469.



LaTeX Font Warning: Command \normalsize invalid in math mode on input line 475.


File: IntroRational.14 Graphic file (type mps)
[MP to PDF] (./IntroRational.14)

LaTeX Font Warning: Command \scriptsize invalid in math mode on input line 492.



LaTeX Font Warning: Command \normalsize invalid in math mode on input line 498.


File: IntroRational.15 Graphic file (type mps)
[MP to PDF] (./IntroRational.15)
Overfull \hbox (7.77623pt too wide) detected at line 508
[]
 []


Underfull \vbox (badness 10000) has occurred while \output is active []

 [7]

LaTeX Font Warning: Command \scriptsize invalid in math mode on input line 518.



LaTeX Font Warning: Command \normalsize invalid in math mode on input line 524.


File: IntroRational.16 Graphic file (type mps)
[MP to PDF] (./IntroRational.16)

LaTeX Font Warning: Command \scriptsize invalid in math mode on input line 542.



LaTeX Font Warning: Command \normalsize invalid in math mode on input line 549.


File: IntroRational.17 Graphic file (type mps)
[MP to PDF] (./IntroRational.17)
Overfull \hbox (14.97429pt too wide) detected at line 559
[]
 []


LaTeX Warning: Reference `complexfactorization' on page 8 undefined on input li
ne 567.


LaTeX Warning: Reference `ComplexZeros' on page 8 undefined on input line 567.


LaTeX Warning: Reference `pfdecomp' on page 8 undefined on input line 567.


LaTeX Warning: Reference `ParFrac' on page 8 undefined on input line 567.

[8]

LaTeX Font Warning: Command \scriptsize invalid in math mode on input line 604.



LaTeX Font Warning: Command \normalsize invalid in math mode on input line 609.


File: IntroRational.18 Graphic file (type mps)
[MP to PDF] (./IntroRational.18)

LaTeX Font Warning: Command \scriptsize invalid in math mode on input line 627.



LaTeX Font Warning: Command \normalsize invalid in math mode on input line 633.


File: IntroRational.19 Graphic file (type mps)
[MP to PDF] (./IntroRational.19)
Underfull \vbox (badness 1902) has occurred while \output is active []

 [9]

LaTeX Warning: Reference `ARCRocketExample' on page 10 undefined on input line 
649.


LaTeX Warning: Reference `ConstantandLinearFunctions' on page 10 undefined on i
nput line 649.

[10]

LaTeX Warning: Reference `ARCRocketExample' on page 11 undefined on input line 
697.


LaTeX Warning: Reference `ConstantandLinearFunctions' on page 11 undefined on i
nput line 697.

LaTeX Font Info:    Font shape `OT1/phv/m/it' in size <9> not available
(Font)              Font shape `OT1/phv/m/sl' tried instead on input line 697.
LaTeX Font Info:    Font shape `OT1/phv/m/sl' will be
(Font)              scaled to size 8.27998pt on input line 697.
File: IntroRational.20 Graphic file (type mps)
[MP to PDF] (./IntroRational.20) [11]
LaTeX Font Info:    Try loading font information for TS1+phv on input line 763.


(/usr/local/texlive/2016/texmf-dist/tex/latex/psnfss/ts1phv.fd
File: ts1phv.fd 2001/06/04 scalable font definitions for TS1/phv.
)
LaTeX Font Info:    Font shape `TS1/phv/m/n' will be
(Font)              scaled to size 10.07397pt on input line 763.
 [12] [13]
<./IntroRationalGraphics/VAorHoleEx01.jpg, id=198, 2766.335pt x 1509.64pt>
File: ./IntroRationalGraphics/VAorHoleEx01.jpg Graphic file (type jpg)

<use ./IntroRationalGraphics/VAorHoleEx01.jpg>
Package pdftex.def Info: ./IntroRationalGraphics/VAorHoleEx01.jpg used on input
 line 820.
(pdftex.def)             Requested size: 216.81pt x 118.3089pt.

<./IntroRationalGraphics/VAorHoleEx02.jpg, id=199, 2766.335pt x 1509.64pt>
File: ./IntroRationalGraphics/VAorHoleEx02.jpg Graphic file (type jpg)

<use ./IntroRationalGraphics/VAorHoleEx02.jpg>
Package pdftex.def Info: ./IntroRationalGraphics/VAorHoleEx02.jpg used on input
 line 820.
(pdftex.def)             Requested size: 216.81pt x 118.3089pt.

Overfull \hbox (15.24007pt too wide) in paragraph at lines 818--826
 [] 
 []

[14 <./IntroRationalGraphics/VAorHoleEx01.jpg> <./IntroRationalGraphics/VAorHol
eEx02.jpg>]
<./IntroRationalGraphics/VAorHoleEx03.jpg, id=212, 2770.35pt x 1515.6625pt>
File: ./IntroRationalGraphics/VAorHoleEx03.jpg Graphic file (type jpg)

<use ./IntroRationalGraphics/VAorHoleEx03.jpg>
Package pdftex.def Info: ./IntroRationalGraphics/VAorHoleEx03.jpg used on input
 line 837.
(pdftex.def)             Requested size: 216.81pt x 118.59586pt.

<./IntroRationalGraphics/VAorHoleEx04.jpg, id=213, 2768.3425pt x 1513.655pt>
File: ./IntroRationalGraphics/VAorHoleEx04.jpg Graphic file (type jpg)

<use ./IntroRationalGraphics/VAorHoleEx04.jpg>
Package pdftex.def Info: ./IntroRationalGraphics/VAorHoleEx04.jpg used on input
 line 837.
(pdftex.def)             Requested size: 216.81pt x 118.53116pt.

Overfull \hbox (15.24007pt too wide) in paragraph at lines 835--843
 [] 
 []


LaTeX Warning: Reference `ExponentialandLogarithmicFunctions' on page 15 undefi
ned on input line 852.

[15 <./IntroRationalGraphics/VAorHoleEx03.jpg> <./IntroRationalGraphics/VAorHol
eEx04.jpg>]

LaTeX Font Warning: Command \scriptsize invalid in math mode on input line 885.



LaTeX Font Warning: Command \normalsize invalid in math mode on input line 890.


File: IntroRational.21 Graphic file (type mps)
[MP to PDF] (./IntroRational.21)

LaTeX Font Warning: Command \scriptsize invalid in math mode on input line 907.



LaTeX Font Warning: Command \normalsize invalid in math mode on input line 913.


File: IntroRational.22 Graphic file (type mps)
[MP to PDF] (./IntroRational.22)
Overfull \hbox (17.09282pt too wide) detected at line 923
[]
 []


LaTeX Warning: Reference `EBPolynomials' on page 16 undefined on input line 933
.


LaTeX Warning: Reference `GraphsofPolynomials' on page 16 undefined on input li
ne 933.


Overfull \hbox (1.63164pt too wide) in paragraph at lines 955--957
[][][][][][][]  
 []

[16]

LaTeX Warning: Reference `EBPolynomials' on page 17 undefined on input line 960
.


LaTeX Warning: Reference `GraphsofPolynomials' on page 17 undefined on input li
ne 966.


LaTeX Warning: Reference `RootRadicalFunctions' on page 17 undefined on input l
ine 968.


LaTeX Warning: Reference `EBPolynomials' on page 17 undefined on input line 976
.

[17]

LaTeX Warning: Reference `EBPolynomials' on page 18 undefined on input line 101
5.

<./IntroRationalGraphics/HAEx01.jpg, id=259, 2774.365pt x 1517.67pt>
File: ./IntroRationalGraphics/HAEx01.jpg Graphic file (type jpg)

<use ./IntroRationalGraphics/HAEx01.jpg>
Package pdftex.def Info: ./IntroRationalGraphics/HAEx01.jpg used on input line 
1022.
(pdftex.def)             Requested size: 216.81pt x 118.59084pt.

<./IntroRationalGraphics/HAEx02.jpg, id=260, 2766.335pt x 1505.625pt>
File: ./IntroRationalGraphics/HAEx02.jpg Graphic file (type jpg)

<use ./IntroRationalGraphics/HAEx02.jpg>
Package pdftex.def Info: ./IntroRationalGraphics/HAEx02.jpg used on input line 
1022.
(pdftex.def)             Requested size: 216.81pt x 117.99425pt.

Overfull \hbox (15.24007pt too wide) in paragraph at lines 1020--1027
 [] 
 []


LaTeX Warning: Reference `EBPolynomials' on page 18 undefined on input line 103
1.

<./IntroRationalGraphics/HAEx03.jpg, id=264, 2766.335pt x 1513.655pt>
File: ./IntroRationalGraphics/HAEx03.jpg Graphic file (type jpg)

<use ./IntroRationalGraphics/HAEx03.jpg>
Package pdftex.def Info: ./IntroRationalGraphics/HAEx03.jpg used on input line 
1036.
(pdftex.def)             Requested size: 216.81pt x 118.62355pt.

<./IntroRationalGraphics/HAEx04.jpg, id=265, 2766.335pt x 1505.625pt>
File: ./IntroRationalGraphics/HAEx04.jpg Graphic file (type jpg)

<use ./IntroRationalGraphics/HAEx04.jpg>
Package pdftex.def Info: ./IntroRationalGraphics/HAEx04.jpg used on input line 
1036.
(pdftex.def)             Requested size: 216.81pt x 117.99425pt.

Overfull \hbox (15.24007pt too wide) in paragraph at lines 1034--1041
 [] 
 []

[18 <./IntroRationalGraphics/HAEx01.jpg> <./IntroRationalGraphics/HAEx02.jpg>]
<./IntroRationalGraphics/SAEx01.jpg, id=281, 2764.3275pt x 1509.64pt>
File: ./IntroRationalGraphics/SAEx01.jpg Graphic file (type jpg)

<use ./IntroRationalGraphics/SAEx01.jpg>
Package pdftex.def Info: ./IntroRationalGraphics/SAEx01.jpg used on input line 
1079.
(pdftex.def)             Requested size: 289.07999pt x 157.86037pt.
 [19 <./IntroRationalGraphics/HAEx03.jpg> <./IntroRationalGraphics/HAEx04.jpg> 
<./IntroRationalGraphics/SAEx01.jpg>]

LaTeX Warning: Reference `polydiv' on page 20 undefined on input line 1104.

[20] <./IntroRationalGraphics/SAEx02.jpg, id=314, 2770.35pt x 1515.6625pt>
File: ./IntroRationalGraphics/SAEx02.jpg Graphic file (type jpg)

<use ./IntroRationalGraphics/SAEx02.jpg>
Package pdftex.def Info: ./IntroRationalGraphics/SAEx02.jpg used on input line 
1173.
(pdftex.def)             Requested size: 216.81pt x 118.59586pt.

<./IntroRationalGraphics/SAEx03.jpg, id=315, 2766.335pt x 1519.6775pt>
File: ./IntroRationalGraphics/SAEx03.jpg Graphic file (type jpg)

<use ./IntroRationalGraphics/SAEx03.jpg>
Package pdftex.def Info: ./IntroRationalGraphics/SAEx03.jpg used on input line 
1173.
(pdftex.def)             Requested size: 216.81pt x 119.09552pt.

Overfull \hbox (15.24007pt too wide) in paragraph at lines 1171--1178
 [] 
 []

[21 <./IntroRationalGraphics/SAEx02.jpg> <./IntroRationalGraphics/SAEx03.jpg>]

LaTeX Warning: Reference `EBPolynomials' on page 22 undefined on input line 119
0.

<./IntroRationalGraphics/SAEx04.jpg, id=329, 2768.3425pt x 1519.6775pt>
File: ./IntroRationalGraphics/SAEx04.jpg Graphic file (type jpg)

<use ./IntroRationalGraphics/SAEx04.jpg>
Package pdftex.def Info: ./IntroRationalGraphics/SAEx04.jpg used on input line 
1195.
(pdftex.def)             Requested size: 216.81pt x 119.00278pt.

<./IntroRationalGraphics/SAEx05.jpg, id=330, 2770.35pt x 1505.625pt>
File: ./IntroRationalGraphics/SAEx05.jpg Graphic file (type jpg)

<use ./IntroRationalGraphics/SAEx05.jpg>
Package pdftex.def Info: ./IntroRationalGraphics/SAEx05.jpg used on input line 
1195.
(pdftex.def)             Requested size: 216.81pt x 117.81046pt.

Overfull \hbox (15.24007pt too wide) in paragraph at lines 1193--1200
 [] 
 []


LaTeX Warning: Reference `PortaBoyProfit' on page 22 undefined on input line 12
30.


LaTeX Warning: Reference `QuadraticFunctions' on page 22 undefined on input lin
e 1230.

[22 <./IntroRationalGraphics/SAEx04.jpg> <./IntroRationalGraphics/SAEx05.jpg>]
<./IntroRationalGraphics/SAEx06.jpg, id=338, 2770.35pt x 1513.655pt>
File: ./IntroRationalGraphics/SAEx06.jpg Graphic file (type jpg)

<use ./IntroRationalGraphics/SAEx06.jpg>
Package pdftex.def Info: ./IntroRationalGraphics/SAEx06.jpg used on input line 
1260.
(pdftex.def)             Requested size: 289.07999pt x 157.93376pt.


LaTeX Warning: Reference `PortaBoyDemand' on page 23 undefined on input line 12
64.


LaTeX Warning: Reference `ConstantandLinearFunctions' on page 23 undefined on i
nput line 1264.

[23 <./IntroRationalGraphics/SAEx06.jpg>] (./ExercisesforIntroRational.tex

LaTeX Warning: Reference `polylongdiv' on page 24 undefined on input line 1.

File: IntroRational.23 Graphic file (type mps)
[MP to PDF] (./IntroRational.23)
File: IntroRational.24 Graphic file (type mps)
 [MP to PDF] (./IntroRational.24) [24]
File: IntroRational.25 Graphic file (type mps)

[MP to PDF] (./IntroRational.25)
File: IntroRational.26 Graphic file (type mps)
 [MP to PDF] (./IntroRational.26)
LaTeX Font Info:    Font shape `OT1/phv/m/n' will be
(Font)              scaled to size 9.19998pt on input line 277.
LaTeX Font Info:    Font shape `OT1/phv/m/n' will be
(Font)              scaled to size 6.43999pt on input line 277.
LaTeX Font Info:    Font shape `OT1/phv/m/sl' will be
(Font)              scaled to size 9.19998pt on input line 277.
LaTeX Font Info:    Font shape `OT1/phv/m/sl' will be
(Font)              scaled to size 6.43999pt on input line 277.
 [25]

LaTeX Warning: Reference `PortaBoyCost' on page 26 undefined on input line 335.



LaTeX Warning: Reference `LinearFunctions' on page 26 undefined on input line 3
35.


LaTeX Warning: Reference `PortaBoyCost' on page 26 undefined on input line 351.



LaTeX Warning: Reference `LinearFunctions' on page 26 undefined on input line 3
51.


LaTeX Warning: Reference `circuitexercisepoly' on page 26 undefined on input li
ne 365.


LaTeX Warning: Reference `GraphsofPolynomials' on page 26 undefined on input li
ne 365.

[26]

LaTeX Warning: Reference `factorthm' on page 27 undefined on input line 403.

[27] [28]
Underfull \hbox (badness 10000) in paragraph at lines 429--434

 []

File: IntroRational.27 Graphic file (type mps)
[MP to PDF] (./IntroRational.27)
Underfull \hbox (badness 10000) in paragraph at lines 461--466

 []

File: IntroRational.28 Graphic file (type mps)
[MP to PDF] (./IntroRational.28)
Underfull \hbox (badness 10000) in paragraph at lines 498--503

 []

File: IntroRational.29 Graphic file (type mps)
[MP to PDF] (./IntroRational.29)
Underfull \hbox (badness 10000) in paragraph at lines 530--535

 []


Overfull \vbox (4.93709pt too high) has occurred while \output is active []


Overfull \vbox (4.93709pt too high) has occurred while \output is active []


[29]
File: IntroRational.30 Graphic file (type mps)
 [MP to PDF] (./IntroRational.30)
Underfull \hbox (badness 10000) in paragraph at lines 594--603

 []


Underfull \hbox (badness 10000) in paragraph at lines 608--617

 []


Underfull \hbox (badness 10000) in paragraph at lines 626--637

 []


Underfull \hbox (badness 10000) in paragraph at lines 643--650

 []

[30]
Underfull \hbox (badness 10000) in paragraph at lines 659--668

 []


Underfull \hbox (badness 10000) in paragraph at lines 673--682

 []


Underfull \hbox (badness 10000) in paragraph at lines 691--698

 []


Underfull \hbox (badness 10000) in paragraph at lines 704--715

 []


Underfull \hbox (badness 10000) in paragraph at lines 724--733

 []


Underfull \hbox (badness 10000) in paragraph at lines 739--750

 []

[31]
Underfull \hbox (badness 10000) in paragraph at lines 760--769

 []


Underfull \hbox (badness 10000) in paragraph at lines 774--781

 []


Underfull \hbox (badness 10000) in paragraph at lines 792--801

 []


Underfull \hbox (badness 10000) in paragraph at lines 806--817

 []


Underfull \hbox (badness 10000) in paragraph at lines 827--836

 []


Underfull \hbox (badness 10000) in paragraph at lines 841--850

 []


Underfull \hbox (badness 10000) in paragraph at lines 860--866

 []


Underfull \hbox (badness 10000) in paragraph at lines 870--876

 []

[32]

LaTeX Warning: Reference `ARCRocketExample' on page 33 undefined on input line 
900.

[33]
<./IntroRationalGraphics/MaxPowerRegression.jpg, id=533, 1562.83875pt x 941.517
5pt>
File: ./IntroRationalGraphics/MaxPowerRegression.jpg Graphic file (type jpg)
 <use ./IntroRationalGraphics/MaxPowerRegression.jpg>
Package pdftex.def Info: ./IntroRationalGraphics/MaxPowerRegression.jpg used on
 input line 938.
(pdftex.def)             Requested size: 239.92435pt x 144.54pt.
)) [34 <./IntroRationalGraphics/MaxPowerRegression.jpg>] (./RationalGraphs.tex

Mfpic: Initializing RationalGraphs.mp.
\openout3 = `RationalGraphs.mp'.

Mfpic: Don't forget to process RationalGraphs.mp!
Mfpic: Apply metapost to RationalGraphs.mp.
Mfpic: Then reprocess this file "CompilerRationalFunctions".


LaTeX Warning: Reference `QuadraticFunctions' on page 35 undefined on input lin
e 12.


LaTeX Warning: Reference `RealZeros' on page 35 undefined on input line 12.


LaTeX Warning: Reference `IVT' on page 35 undefined on input line 12.

[35] [36]

LaTeX Warning: Reference `??' on page 37 undefined on input line 100.

[37]
File: RationalGraphs.1 Graphic file (type mps)
 [MP to PDF] (./RationalGraphs.1)
File: RationalGraphs.2 Graphic file (type mps)
 [MP to PDF] (./RationalGraphs.2)
File: RationalGraphs.3 Graphic file (type mps)

[MP to PDF] (./RationalGraphs.3)
File: RationalGraphs.4 Graphic file (type mps)
 [MP to PDF] (./RationalGraphs.4)
Overfull \hbox (14.51465pt too wide) in paragraph at lines 212--213
[]|[] 
 []

[38] [39]
File: RationalGraphs.5 Graphic file (type mps)
 [MP to PDF] (./RationalGraphs.5)
File: RationalGraphs.6 Graphic file (type mps)
 [MP to PDF] (./RationalGraphs.6)
[40]
File: RationalGraphs.7 Graphic file (type mps)
 [MP to PDF] (./RationalGraphs.7)
File: RationalGraphs.8 Graphic file (type mps)
 [MP to PDF] (./RationalGraphs.8)
Overfull \hbox (21.6829pt too wide) in paragraph at lines 353--354
[]|[] 
 []

[41]

LaTeX Warning: Reference `RealZeros' on page 42 undefined on input line 373.

[42]
File: RationalGraphs.9 Graphic file (type mps)
 [MP to PDF] (./RationalGraphs.9)
File: RationalGraphs.10 Graphic file (type mps)
 [MP to PDF] (./RationalGraphs.10)
File: RationalGraphs.11 Graphic file (type mps)

[MP to PDF] (./RationalGraphs.11)
Overfull \hbox (17.06374pt too wide) in paragraph at lines 470--471
[]|[] 
 []

File: RationalGraphs.12 Graphic file (type mps)
[MP to PDF] (./RationalGraphs.12)
Overfull \hbox (21.07875pt too wide) in paragraph at lines 494--495
[]|[] 
 []


Underfull \vbox (badness 10000) has occurred while \output is active []

 [43]
[44]

LaTeX Warning: Reference `MonomialFunctions' on page 45 undefined on input line
 526.

File: RationalGraphs.13 Graphic file (type mps)
[MP to PDF] (./RationalGraphs.13)
File: RationalGraphs.14 Graphic file (type mps)
 [MP to PDF] (./RationalGraphs.14)
Underfull \vbox (badness 10000) has occurred while \output is active []

 [45]
File: RationalGraphs.15 Graphic file (type mps)

[MP to PDF] (./RationalGraphs.15)
File: RationalGraphs.16 Graphic file (type mps)
 [MP to PDF] (./RationalGraphs.16)

LaTeX Warning: Reference `complexfactorization' on page 46 undefined on input l
ine 637.


LaTeX Warning: Reference `complexfactorization' on page 46 undefined on input l
ine 639.


Underfull \vbox (badness 10000) has occurred while \output is active []

 [46]
[47] (./ExercisesforRationalGraphs.tex
File: RationalGraphs.17 Graphic file (type mps)
 [MP to PDF] (./RationalGraphs.17)
File: RationalGraphs.18 Graphic file (type mps)

[MP to PDF] (./RationalGraphs.18) [48]
File: RationalGraphs.19 Graphic file (type mps)
 [MP to PDF] (./RationalGraphs.19)
File: RationalGraphs.20 Graphic file (type mps)

[MP to PDF] (./RationalGraphs.20) [49]
Underfull \hbox (badness 10000) in paragraph at lines 256--266

 []

File: RationalGraphs.21 Graphic file (type mps)
[MP to PDF] (./RationalGraphs.21)
Underfull \hbox (badness 10000) in paragraph at lines 288--298

 []

File: RationalGraphs.22 Graphic file (type mps)
[MP to PDF] (./RationalGraphs.22)
Underfull \hbox (badness 10000) in paragraph at lines 321--331

 []

File: RationalGraphs.23 Graphic file (type mps)
[MP to PDF] (./RationalGraphs.23)
Underfull \vbox (badness 2828) has occurred while \output is active []

 [50]
Underfull \hbox (badness 10000) in paragraph at lines 353--365

 []

File: RationalGraphs.24 Graphic file (type mps)
[MP to PDF] (./RationalGraphs.24)
Underfull \hbox (badness 10000) in paragraph at lines 389--401

 []

File: RationalGraphs.25 Graphic file (type mps)
[MP to PDF] (./RationalGraphs.25)
Underfull \hbox (badness 10000) in paragraph at lines 425--437

 []

File: RationalGraphs.26 Graphic file (type mps)
[MP to PDF] (./RationalGraphs.26)
Overfull \vbox (3.72606pt too high) has occurred while \output is active []


[51]
Underfull \hbox (badness 10000) in paragraph at lines 461--470

 []

File: RationalGraphs.27 Graphic file (type mps)
[MP to PDF] (./RationalGraphs.27)
Underfull \hbox (badness 10000) in paragraph at lines 491--504

 []

File: RationalGraphs.28 Graphic file (type mps)
[MP to PDF] (./RationalGraphs.28)
Underfull \hbox (badness 10000) in paragraph at lines 529--540

 []

File: RationalGraphs.29 Graphic file (type mps)
[MP to PDF] (./RationalGraphs.29) [52]
Underfull \hbox (badness 10000) in paragraph at lines 568--581

 []

File: RationalGraphs.30 Graphic file (type mps)
[MP to PDF] (./RationalGraphs.30)
Underfull \hbox (badness 10000) in paragraph at lines 607--617

 []

File: RationalGraphs.31 Graphic file (type mps)
[MP to PDF] (./RationalGraphs.31)
Underfull \hbox (badness 10000) in paragraph at lines 640--650

 []

File: RationalGraphs.32 Graphic file (type mps)
[MP to PDF] (./RationalGraphs.32)
Overfull \vbox (17.8219pt too high) has occurred while \output is active []


Overfull \vbox (23.3219pt too high) has occurred while \output is active []


Overfull \vbox (17.8219pt too high) has occurred while \output is active []


[53]
Underfull \hbox (badness 10000) in paragraph at lines 674--685

 []

File: RationalGraphs.33 Graphic file (type mps)
[MP to PDF] (./RationalGraphs.33)
Underfull \hbox (badness 10000) in paragraph at lines 711--724

 []

File: RationalGraphs.34 Graphic file (type mps)
[MP to PDF] (./RationalGraphs.34)
Underfull \hbox (badness 10000) in paragraph at lines 749--756

 []

File: RationalGraphs.35 Graphic file (type mps)
[MP to PDF] (./RationalGraphs.35) [54]
Underfull \hbox (badness 10000) in paragraph at lines 778--791

 []

File: RationalGraphs.36 Graphic file (type mps)
[MP to PDF] (./RationalGraphs.36))) [55] (./RationalIneq.tex

Mfpic: Initializing RationalIneq.mp.
\openout3 = `RationalIneq.mp'.

Mfpic: Don't forget to process RationalIneq.mp!
Mfpic: Apply metapost to RationalIneq.mp.
Mfpic: Then reprocess this file "CompilerRationalFunctions".


Underfull \vbox (badness 3646) has occurred while \output is active []

 [56]
File: RationalIneq.1 Graphic file (type mps)

[MP to PDF] (./RationalIneq.1)
<./RationalIneqGraphics/RatIneqEx01.jpg, id=809, 2770.35pt x 1511.6475pt>
File: ./RationalIneqGraphics/RatIneqEx01.jpg Graphic file (type jpg)

<use ./RationalIneqGraphics/RatIneqEx01.jpg>
Package pdftex.def Info: ./RationalIneqGraphics/RatIneqEx01.jpg used on input l
ine 98.
(pdftex.def)             Requested size: 198.7425pt x 108.43257pt.

<./RationalIneqGraphics/RatIneqEx02.jpg, id=810, 2764.3275pt x 1513.655pt>
File: ./RationalIneqGraphics/RatIneqEx02.jpg Graphic file (type jpg)

<use ./RationalIneqGraphics/RatIneqEx02.jpg>
Package pdftex.def Info: ./RationalIneqGraphics/RatIneqEx02.jpg used on input l
ine 98.
(pdftex.def)             Requested size: 198.7425pt x 108.80754pt.
 [57 <./RationalIneqGraphics/RatIneqEx01.jpg> <./RationalIneqGraphics/RatIneqEx
02.jpg>]
File: RationalIneq.2 Graphic file (type mps)
 [MP to PDF]
(./RationalIneq.2)
<./RationalIneqGraphics/RatIneqEx03.jpg, id=818, 2766.335pt x 1513.655pt>
File: ./RationalIneqGraphics/RatIneqEx03.jpg Graphic file (type jpg)

<use ./RationalIneqGraphics/RatIneqEx03.jpg>
Package pdftex.def Info: ./RationalIneqGraphics/RatIneqEx03.jpg used on input l
ine 154.
(pdftex.def)             Requested size: 198.7425pt x 108.73825pt.

Overfull \hbox (18.0675pt too wide) in paragraph at lines 154--155
[]|[]| 
 []


LaTeX Warning: Reference `QuadraticFunctions' on page 58 undefined on input lin
e 162.

[58 <./RationalIneqGraphics/RatIneqEx03.jpg>]

LaTeX Warning: Reference `PortaBoyCost' on page 59 undefined on input line 166.


File: RationalIneq.3 Graphic file (type mps)
[MP to PDF] (./RationalIneq.3)

LaTeX Warning: Reference `PortaBoyCost' on page 59 undefined on input line 218.


[59]

LaTeX Warning: Reference `boxnotopex' on page 60 undefined on input line 224.


LaTeX Warning: Reference `GraphsofPolynomials' on page 60 undefined on input li
ne 224.

File: RationalIneq.4 Graphic file (type mps)
[MP to PDF] (./RationalIneq.4) [60]
File: RationalIneq.5 Graphic file (type mps)
 [MP to PDF] (./RationalIneq.5) [61]
<./RationalIneqGraphics/RatIneqEx04.jpg, id=869, 2762.32pt x 1425.325pt>
File: ./RationalIneqGraphics/RatIneqEx04.jpg Graphic file (type jpg)

<use ./RationalIneqGraphics/RatIneqEx04.jpg>
Package pdftex.def Info: ./RationalIneqGraphics/RatIneqEx04.jpg used on input l
ine 328.
(pdftex.def)             Requested size: 289.07999pt x 149.15245pt.


LaTeX Warning: Reference `AppVariation' on page 62 undefined on input line 340.


[62 <./RationalIneqGraphics/RatIneqEx04.jpg>]
<./RationalIneqGraphics/BoylesLawEx.jpg, id=882, 2762.32pt x 1503.6175pt>
File: ./RationalIneqGraphics/BoylesLawEx.jpg Graphic file (type jpg)

<use ./RationalIneqGraphics/BoylesLawEx.jpg>
Package pdftex.def Info: ./RationalIneqGraphics/BoylesLawEx.jpg used on input l
ine 373.
(pdftex.def)             Requested size: 433.62pt x 236.01799pt.
 [63 <./RationalIneqGraphics/BoylesLawEx.jpg>] (./ExercisesforRationalIneq.tex

LaTeX Warning: Reference `AppRatExpEqus' on page 64 undefined on input line 1.

File: RationalIneq.6 Graphic file (type mps)
[MP to PDF] (./RationalIneq.6)
File: RationalIneq.7 Graphic file (type mps)
 [MP to PDF] (./RationalIneq.7) [64]
File: RationalIneq.8 Graphic file (type mps)
 [MP to PDF]
(./RationalIneq.8)
File: RationalIneq.9 Graphic file (type mps)
 [MP to PDF] (./RationalIneq.9)
File: RationalIneq.10 Graphic file (type mps)
 [MP to PDF]
(./RationalIneq.10)
File: RationalIneq.11 Graphic file (type mps)
 [MP to PDF] (./RationalIneq.11)

LaTeX Warning: Reference `newportaboycost' on page 65 undefined on input line 3
00.


LaTeX Warning: Reference `GraphsofPolynomials' on page 65 undefined on input li
ne 300.


LaTeX Warning: Reference `fixedperimetermaxareagarden' on page 65 undefined on 
input line 306.


LaTeX Warning: Reference `QuadraticFunctions' on page 65 undefined on input lin
e 306.

[65] [66] [67])) [68])
Package atveryend Info: Empty hook `BeforeClearDocument' on input line 58.
Package atveryend Info: Empty hook `AfterLastShipout' on input line 58.
 (./CompilerRationalFunctions.aux
(./RationalFunctions.aux))
Package atveryend Info: Executing hook `AtVeryEndDocument' on input line 58.
Package atveryend Info: Executing hook `AtEndAfterFileList' on input line 58.
Package rerunfilecheck Info: File `CompilerRationalFunctions.out' has not chang
ed.
(rerunfilecheck)             Checksum: 0A55C95C6E28629387258F05E42C40E8;913.


LaTeX Warning: There were undefined references.

Package atveryend Info: Empty hook `AtVeryVeryEnd' on input line 58.
 ) 
Here is how much of TeX's memory you used:
 10967 strings out of 493014
 149549 string characters out of 6133351
 291027 words of memory out of 5000000
 13556 multiletter control sequences out of 15000+600000
 52161 words of font info for 98 fonts, out of 8000000 for 9000
 1141 hyphenation exceptions out of 8191
 35i,20n,43p,2318b,1454s stack positions out of 5000i,500n,10000p,200000b,80000s
{/usr/local/texlive/2016/texmf-dist/fonts/enc/dvips/base/8r.enc}</usr/local/t
exlive/2016/texmf-dist/fonts/type1/public/amsfonts/cm/cmex10.pfb></usr/local/te
xlive/2016/texmf-dist/fonts/type1/public/amsfonts/cmextra/cmex8.pfb></usr/local
/texlive/2016/texmf-dist/fonts/type1/public/amsfonts/cmextra/cmex9.pfb></usr/lo
cal/texlive/2016/texmf-dist/fonts/type1/public/amsfonts/cm/cmmi10.pfb></usr/loc
al/texlive/2016/texmf-dist/fonts/type1/public/amsfonts/cm/cmmi8.pfb></usr/local
/texlive/2016/texmf-dist/fonts/type1/public/amsfonts/cm/cmmi9.pfb></usr/local/t
exlive/2016/texmf-dist/fonts/type1/public/amsfonts/cm/cmss10.pfb></usr/local/te
xlive/2016/texmf-dist/fonts/type1/public/amsfonts/cm/cmsy10.pfb></usr/local/tex
live/2016/texmf-dist/fonts/type1/public/amsfonts/cm/cmsy6.pfb></usr/local/texli
ve/2016/texmf-dist/fonts/type1/public/amsfonts/cm/cmsy8.pfb></usr/local/texlive
/2016/texmf-dist/fonts/type1/public/amsfonts/cm/cmsy9.pfb></usr/local/texlive/2
016/texmf-dist/fonts/type1/public/amsfonts/latxfont/line10.pfb></usr/local/texl
ive/2016/texmf-dist/fonts/type1/public/amsfonts/symbols/msbm10.pfb></usr/local/
texlive/2016/texmf-dist/fonts/type1/urw/helvetic/uhvb8a.pfb></usr/local/texlive
/2016/texmf-dist/fonts/type1/urw/helvetic/uhvr8a.pfb></usr/local/texlive/2016/t
exmf-dist/fonts/type1/urw/helvetic/uhvro8a.pfb>
Output written on CompilerRationalFunctions.pdf (68 pages, 3938018 bytes).
PDF statistics:
 1174 PDF objects out of 1200 (max. 8388607)
 1051 compressed objects within 11 object streams
 539 named destinations out of 1000 (max. 500000)
 205 words of extra memory for PDF output out of 10000 (max. 10000000)

