\BOOKMARK [1][-]{toc.1}{\376\377\000T\000a\000b\000l\000e\000\040\000o\000f\000\040\000C\000o\000n\000t\000e\000n\000t\000s}{}% 1
\BOOKMARK [0][-]{chapter*.2}{\376\377\000T\000h\000e\000\040\000O\000l\000d\000\040\000P\000r\000e\000f\000a\000c\000e}{}% 2
\BOOKMARK [0][-]{chapter.1}{\376\377\000I\000n\000t\000r\000o\000d\000u\000c\000t\000i\000o\000n\000\040\000t\000o\000\040\000F\000u\000n\000c\000t\000i\000o\000n\000s}{}% 3
\BOOKMARK [1][-]{section.1.1}{\376\377\000F\000u\000n\000c\000t\000i\000o\000n\000s\000\040\000a\000n\000d\000\040\000t\000h\000e\000i\000r\000\040\000R\000e\000p\000r\000e\000s\000e\000n\000t\000a\000t\000i\000o\000n\000s}{chapter.1}% 4
\BOOKMARK [2][-]{subsection.1.1.1}{\376\377\000F\000u\000n\000c\000t\000i\000o\000n\000s\000\040\000a\000s\000\040\000M\000a\000p\000p\000i\000n\000g\000s}{section.1.1}% 5
\BOOKMARK [2][-]{subsection.1.1.2}{\376\377\000A\000l\000g\000e\000b\000r\000a\000i\000c\000\040\000R\000e\000p\000r\000e\000s\000e\000n\000t\000a\000t\000i\000o\000n\000s\000\040\000o\000f\000\040\000F\000u\000n\000c\000t\000i\000o\000n\000s}{section.1.1}% 6
\BOOKMARK [2][-]{subsection.1.1.3}{\376\377\000G\000e\000o\000m\000e\000t\000r\000i\000c\000\040\000R\000e\000p\000r\000e\000s\000e\000n\000t\000a\000t\000i\000o\000n\000s\000\040\000o\000f\000\040\000F\000u\000n\000c\000t\000i\000o\000n\000s}{section.1.1}% 7
\BOOKMARK [2][-]{subsection.1.1.4}{\376\377\000E\000x\000e\000r\000c\000i\000s\000e\000s}{section.1.1}% 8
\BOOKMARK [2][-]{subsection.1.1.5}{\376\377\000A\000n\000s\000w\000e\000r\000s}{section.1.1}% 9
\BOOKMARK [1][-]{section.1.2}{\376\377\000C\000o\000n\000s\000t\000a\000n\000t\000\040\000a\000n\000d\000\040\000L\000i\000n\000e\000a\000r\000\040\000F\000u\000n\000c\000t\000i\000o\000n\000s}{chapter.1}% 10
\BOOKMARK [2][-]{subsection.1.2.1}{\376\377\000C\000o\000n\000s\000t\000a\000n\000t\000\040\000F\000u\000n\000c\000t\000i\000o\000n\000s}{section.1.2}% 11
\BOOKMARK [2][-]{subsection.1.2.2}{\376\377\000L\000i\000n\000e\000a\000r\000\040\000F\000u\000n\000c\000t\000i\000o\000n\000s}{section.1.2}% 12
\BOOKMARK [2][-]{subsection.1.2.3}{\376\377\000L\000i\000n\000e\000a\000r\000\040\000R\000e\000g\000r\000e\000s\000s\000i\000o\000n}{section.1.2}% 13
\BOOKMARK [2][-]{subsection.1.2.4}{\376\377\000T\000h\000e\000\040\000A\000v\000e\000r\000a\000g\000e\000\040\000R\000a\000t\000e\000\040\000o\000f\000\040\000C\000h\000a\000n\000g\000e\000\040\000o\000f\000\040\000a\000\040\000F\000u\000n\000c\000t\000i\000o\000n}{section.1.2}% 14
\BOOKMARK [2][-]{subsection.1.2.5}{\376\377\000E\000x\000e\000r\000c\000i\000s\000e\000s}{section.1.2}% 15
\BOOKMARK [2][-]{subsection.1.2.6}{\376\377\000A\000n\000s\000w\000e\000r\000s}{section.1.2}% 16
\BOOKMARK [1][-]{section.1.3}{\376\377\000A\000b\000s\000o\000l\000u\000t\000e\000\040\000V\000a\000l\000u\000e\000\040\000F\000u\000n\000c\000t\000i\000o\000n\000s}{chapter.1}% 17
\BOOKMARK [2][-]{subsection.1.3.1}{\376\377\000G\000r\000a\000p\000h\000s\000\040\000o\000f\000\040\000A\000b\000s\000o\000l\000u\000t\000e\000\040\000V\000a\000l\000u\000e\000\040\000F\000u\000n\000c\000t\000i\000o\000n\000s}{section.1.3}% 18
\BOOKMARK [2][-]{subsection.1.3.2}{\376\377\000G\000r\000a\000p\000h\000i\000c\000a\000l\000\040\000S\000o\000l\000u\000t\000i\000o\000n\000\040\000T\000e\000c\000h\000n\000i\000q\000u\000e\000s\000\040\000f\000o\000r\000\040\000E\000q\000u\000a\000t\000i\000o\000n\000s\000\040\000a\000n\000d\000\040\000I\000n\000e\000q\000u\000a\000l\000i\000t\000i\000e\000s}{section.1.3}% 19
\BOOKMARK [2][-]{subsection.1.3.3}{\376\377\000E\000x\000e\000r\000c\000i\000s\000e\000s}{section.1.3}% 20
\BOOKMARK [2][-]{subsection.1.3.4}{\376\377\000A\000n\000s\000w\000e\000r\000s}{section.1.3}% 21
\BOOKMARK [1][-]{section.1.4}{\376\377\000Q\000u\000a\000d\000r\000a\000t\000i\000c\000\040\000F\000u\000n\000c\000t\000i\000o\000n\000s}{chapter.1}% 22
\BOOKMARK [2][-]{subsection.1.4.1}{\376\377\000G\000r\000a\000p\000h\000s\000\040\000o\000f\000\040\000Q\000u\000a\000d\000r\000a\000t\000i\000c\000\040\000F\000u\000n\000c\000t\000i\000o\000n\000s}{section.1.4}% 23
\BOOKMARK [2][-]{subsection.1.4.2}{\376\377\000I\000n\000e\000q\000u\000a\000l\000i\000t\000i\000e\000s\000\040\000i\000n\000v\000o\000l\000v\000i\000n\000g\000\040\000Q\000u\000a\000d\000r\000a\000t\000i\000c\000\040\000F\000u\000n\000c\000t\000i\000o\000n\000s}{section.1.4}% 24
\BOOKMARK [2][-]{subsection.1.4.3}{\376\377\000E\000x\000e\000r\000c\000i\000s\000e\000s}{section.1.4}% 25
\BOOKMARK [2][-]{subsection.1.4.4}{\376\377\000A\000n\000s\000w\000e\000r\000s}{section.1.4}% 26
\BOOKMARK [0][-]{chapter.2}{\376\377\000P\000o\000l\000y\000n\000o\000m\000i\000a\000l\000\040\000F\000u\000n\000c\000t\000i\000o\000n\000s}{}% 27
\BOOKMARK [1][-]{section.2.1}{\376\377\000G\000r\000a\000p\000h\000s\000\040\000o\000f\000\040\000P\000o\000l\000y\000n\000o\000m\000i\000a\000l\000\040\000F\000u\000n\000c\000t\000i\000o\000n\000s}{chapter.2}% 28
\BOOKMARK [2][-]{subsection.2.1.1}{\376\377\000M\000o\000n\000o\000m\000i\000a\000l\000\040\000F\000u\000n\000c\000t\000i\000o\000n\000s}{section.2.1}% 29
\BOOKMARK [2][-]{subsection.2.1.2}{\376\377\000P\000o\000l\000y\000n\000o\000m\000i\000a\000l\000\040\000F\000u\000n\000c\000t\000i\000o\000n\000s}{section.2.1}% 30
\BOOKMARK [2][-]{subsection.2.1.3}{\376\377\000E\000x\000e\000r\000c\000i\000s\000e\000s}{section.2.1}% 31
\BOOKMARK [2][-]{subsection.2.1.4}{\376\377\000A\000n\000s\000w\000e\000r\000s}{section.2.1}% 32
\BOOKMARK [1][-]{section.2.2}{\376\377\000T\000h\000e\000\040\000R\000e\000m\000a\000i\000n\000d\000e\000r\000\040\000a\000n\000d\000\040\000F\000a\000c\000t\000o\000r\000\040\000T\000h\000e\000o\000r\000e\000m\000s}{chapter.2}% 33
\BOOKMARK [2][-]{subsection.2.2.1}{\376\377\000E\000x\000e\000r\000c\000i\000s\000e\000s}{section.2.2}% 34
\BOOKMARK [2][-]{subsection.2.2.2}{\376\377\000A\000n\000s\000w\000e\000r\000s}{section.2.2}% 35
\BOOKMARK [1][-]{section.2.3}{\376\377\000R\000e\000a\000l\000\040\000Z\000e\000r\000o\000s\000\040\000o\000f\000\040\000P\000o\000l\000y\000n\000o\000m\000i\000a\000l\000s}{chapter.2}% 36
\BOOKMARK [2][-]{subsection.2.3.1}{\376\377\000F\000o\000r\000\040\000T\000h\000o\000s\000e\000\040\000W\000i\000s\000h\000i\000n\000g\000\040\000t\000o\000\040\000u\000s\000e\000\040\000a\000\040\000G\000r\000a\000p\000h\000i\000n\000g\000\040\000U\000t\000i\000l\000i\000t\000y}{section.2.3}% 37
\BOOKMARK [2][-]{subsection.2.3.2}{\376\377\000F\000o\000r\000\040\000T\000h\000o\000s\000e\000\040\000W\000i\000s\000h\000i\000n\000g\000\040\000N\000O\000T\000\040\000t\000o\000\040\000u\000s\000e\000\040\000a\000\040\000G\000r\000a\000p\000h\000i\000n\000g\000\040\000C\000a\000l\000c\000u\000l\000a\000t\000o\000r}{section.2.3}% 38
\BOOKMARK [2][-]{subsection.2.3.3}{\376\377\000T\000h\000e\000\040\000I\000n\000t\000e\000r\000m\000e\000d\000i\000a\000t\000e\000\040\000V\000a\000l\000u\000e\000\040\000T\000h\000e\000o\000r\000e\000m\000\040\000a\000n\000d\000\040\000I\000n\000e\000q\000u\000a\000l\000i\000t\000i\000e\000s}{section.2.3}% 39
\BOOKMARK [2][-]{subsection.2.3.4}{\376\377\000E\000x\000e\000r\000c\000i\000s\000e\000s}{section.2.3}% 40
\BOOKMARK [2][-]{subsection.2.3.5}{\376\377\000A\000n\000s\000w\000e\000r\000s}{section.2.3}% 41
\BOOKMARK [1][-]{section.2.4}{\376\377\000C\000o\000m\000p\000l\000e\000x\000\040\000Z\000e\000r\000o\000s\000\040\000a\000n\000d\000\040\000t\000h\000e\000\040\000F\000u\000n\000d\000a\000m\000e\000n\000t\000a\000l\000\040\000T\000h\000e\000o\000r\000e\000m\000\040\000o\000f\000\040\000A\000l\000g\000e\000b\000r\000a}{chapter.2}% 42
\BOOKMARK [2][-]{subsection.2.4.1}{\376\377\000E\000x\000e\000r\000c\000i\000s\000e\000s}{section.2.4}% 43
\BOOKMARK [2][-]{subsection.2.4.2}{\376\377\000A\000n\000s\000w\000e\000r\000s}{section.2.4}% 44
\BOOKMARK [0][-]{chapter.3}{\376\377\000R\000a\000t\000i\000o\000n\000a\000l\000\040\000F\000u\000n\000c\000t\000i\000o\000n\000s}{}% 45
\BOOKMARK [1][-]{section.3.1}{\376\377\000I\000n\000t\000r\000o\000d\000u\000c\000t\000i\000o\000n\000\040\000t\000o\000\040\000R\000a\000t\000i\000o\000n\000a\000l\000\040\000F\000u\000n\000c\000t\000i\000o\000n\000s}{chapter.3}% 46
\BOOKMARK [2][-]{subsection.3.1.1}{\376\377\000L\000a\000u\000r\000e\000n\000t\000\040\000M\000o\000n\000o\000m\000i\000a\000l\000\040\000F\000u\000n\000c\000t\000i\000o\000n\000s}{section.3.1}% 47
\BOOKMARK [2][-]{subsection.3.1.2}{\376\377\000L\000o\000c\000a\000l\000\040\000B\000e\000h\000a\000v\000i\000o\000r\000\040\000n\000e\000a\000r\000\040\000E\000x\000c\000l\000u\000d\000e\000d\000\040\000V\000a\000l\000u\000e\000s}{section.3.1}% 48
\BOOKMARK [2][-]{subsection.3.1.3}{\376\377\000E\000n\000d\000\040\000B\000e\000h\000a\000v\000i\000o\000r}{section.3.1}% 49
\BOOKMARK [2][-]{subsection.3.1.4}{\376\377\000E\000x\000e\000r\000c\000i\000s\000e\000s}{section.3.1}% 50
\BOOKMARK [2][-]{subsection.3.1.5}{\376\377\000A\000n\000s\000w\000e\000r\000s}{section.3.1}% 51
\BOOKMARK [1][-]{section.3.2}{\376\377\000G\000r\000a\000p\000h\000s\000\040\000o\000f\000\040\000R\000a\000t\000i\000o\000n\000a\000l\000\040\000F\000u\000n\000c\000t\000i\000o\000n\000s}{chapter.3}% 52
\BOOKMARK [2][-]{subsection.3.2.1}{\376\377\000E\000x\000e\000r\000c\000i\000s\000e\000s}{section.3.2}% 53
\BOOKMARK [2][-]{subsection.3.2.2}{\376\377\000A\000n\000s\000w\000e\000r\000s}{section.3.2}% 54
\BOOKMARK [1][-]{section.3.3}{\376\377\000I\000n\000e\000q\000u\000a\000l\000i\000t\000i\000e\000s\000\040\000i\000n\000v\000o\000l\000v\000i\000n\000g\000\040\000R\000a\000t\000i\000o\000n\000a\000l\000\040\000F\000u\000n\000c\000t\000i\000o\000n\000s\000\040\000a\000n\000d\000\040\000A\000p\000p\000l\000i\000c\000a\000t\000i\000o\000n\000s}{chapter.3}% 55
\BOOKMARK [2][-]{subsection.3.3.1}{\376\377\000E\000x\000e\000r\000c\000i\000s\000e\000s}{section.3.3}% 56
\BOOKMARK [2][-]{subsection.3.3.2}{\376\377\000A\000n\000s\000w\000e\000r\000s}{section.3.3}% 57
\BOOKMARK [0][-]{chapter.4}{\376\377\000R\000o\000o\000t\000,\000\040\000R\000a\000d\000i\000c\000a\000l\000\040\000a\000n\000d\000\040\000P\000o\000w\000e\000r\000\040\000F\000u\000n\000c\000t\000i\000o\000n\000s}{}% 58
\BOOKMARK [1][-]{section.4.1}{\376\377\000R\000o\000o\000t\000\040\000a\000n\000d\000\040\000R\000a\000d\000i\000c\000a\000l\000\040\000F\000u\000n\000c\000t\000i\000o\000n\000s}{chapter.4}% 59
\BOOKMARK [2][-]{subsection.4.1.1}{\376\377\000R\000o\000o\000t\000\040\000F\000u\000n\000c\000t\000i\000o\000n\000s}{section.4.1}% 60
\BOOKMARK [2][-]{subsection.4.1.2}{\376\377\000O\000t\000h\000e\000r\000\040\000F\000u\000n\000c\000t\000i\000o\000n\000s\000\040\000i\000n\000v\000o\000l\000v\000i\000n\000g\000\040\000R\000a\000d\000i\000c\000a\000l\000s}{section.4.1}% 61
\BOOKMARK [2][-]{subsection.4.1.3}{\376\377\000E\000x\000e\000r\000c\000i\000s\000e\000s}{section.4.1}% 62
\BOOKMARK [2][-]{subsection.4.1.4}{\376\377\000A\000n\000s\000w\000e\000r\000s}{section.4.1}% 63
\BOOKMARK [1][-]{section.4.2}{\376\377\000P\000o\000w\000e\000r\000\040\000F\000u\000n\000c\000t\000i\000o\000n\000s}{chapter.4}% 64
\BOOKMARK [2][-]{subsection.4.2.1}{\376\377\000R\000a\000t\000i\000o\000n\000a\000l\000\040\000N\000u\000m\000b\000e\000r\000\040\000E\000x\000p\000o\000n\000e\000n\000t\000s}{section.4.2}% 65
\BOOKMARK [2][-]{subsection.4.2.2}{\376\377\000R\000e\000a\000l\000\040\000N\000u\000m\000b\000e\000r\000\040\000E\000x\000p\000o\000n\000e\000n\000t\000s}{section.4.2}% 66
\BOOKMARK [2][-]{subsection.4.2.3}{\376\377\000E\000x\000e\000r\000c\000i\000s\000e\000s}{section.4.2}% 67
\BOOKMARK [2][-]{subsection.4.2.4}{\376\377\000A\000n\000s\000w\000e\000r\000s}{section.4.2}% 68
\BOOKMARK [1][-]{section.4.3}{\376\377\000E\000q\000u\000a\000t\000i\000o\000n\000s\000\040\000a\000n\000d\000\040\000I\000n\000e\000q\000u\000a\000l\000i\000t\000i\000e\000s\000\040\000i\000n\000v\000o\000l\000v\000i\000n\000g\000\040\000P\000o\000w\000e\000r\000\040\000F\000u\000n\000c\000t\000i\000o\000n\000s}{chapter.4}% 69
\BOOKMARK [2][-]{subsection.4.3.1}{\376\377\000E\000x\000e\000r\000c\000i\000s\000e\000s}{section.4.3}% 70
\BOOKMARK [2][-]{subsection.4.3.2}{\376\377\000A\000n\000s\000w\000e\000r\000s}{section.4.3}% 71
\BOOKMARK [0][-]{chapter.5}{\376\377\000F\000u\000r\000t\000h\000e\000r\000\040\000T\000o\000p\000i\000c\000s\000\040\000o\000n\000\040\000F\000u\000n\000c\000t\000i\000o\000n\000s}{}% 72
\BOOKMARK [1][-]{section.5.1}{\376\377\000G\000r\000a\000p\000h\000s\000\040\000o\000f\000\040\000F\000u\000n\000c\000t\000i\000o\000n\000s}{chapter.5}% 73
\BOOKMARK [2][-]{subsection.5.1.1}{\376\377\000E\000x\000e\000r\000c\000i\000s\000e\000s}{section.5.1}% 74
\BOOKMARK [2][-]{subsection.5.1.2}{\376\377\000A\000n\000s\000w\000e\000r\000s}{section.5.1}% 75
\BOOKMARK [1][-]{section.5.2}{\376\377\000F\000u\000n\000c\000t\000i\000o\000n\000\040\000A\000r\000i\000t\000h\000m\000e\000t\000i\000c}{chapter.5}% 76
\BOOKMARK [2][-]{subsection.5.2.1}{\376\377\000D\000i\000f\000f\000e\000r\000e\000n\000c\000e\000\040\000Q\000u\000o\000t\000i\000e\000n\000t\000s}{section.5.2}% 77
\BOOKMARK [2][-]{subsection.5.2.2}{\376\377\000E\000x\000e\000r\000c\000i\000s\000e\000s}{section.5.2}% 78
\BOOKMARK [2][-]{subsection.5.2.3}{\376\377\000A\000n\000s\000w\000e\000r\000s}{section.5.2}% 79
\BOOKMARK [1][-]{section.5.3}{\376\377\000F\000u\000n\000c\000t\000i\000o\000n\000\040\000C\000o\000m\000p\000o\000s\000i\000t\000i\000o\000n}{chapter.5}% 80
\BOOKMARK [2][-]{subsection.5.3.1}{\376\377\000E\000x\000e\000r\000c\000i\000s\000e\000s}{section.5.3}% 81
\BOOKMARK [2][-]{subsection.5.3.2}{\376\377\000A\000n\000s\000w\000e\000r\000s}{section.5.3}% 82
\BOOKMARK [1][-]{section.5.4}{\376\377\000T\000r\000a\000n\000s\000f\000o\000r\000m\000a\000t\000i\000o\000n\000s\000\040\000o\000f\000\040\000G\000r\000a\000p\000h\000s}{chapter.5}% 83
\BOOKMARK [2][-]{subsection.5.4.1}{\376\377\000V\000e\000r\000t\000i\000c\000a\000l\000\040\000a\000n\000d\000\040\000H\000o\000r\000i\000z\000o\000n\000t\000a\000l\000\040\000S\000h\000i\000f\000t\000s}{section.5.4}% 84
\BOOKMARK [2][-]{subsection.5.4.2}{\376\377\000R\000e\000f\000l\000e\000c\000t\000i\000o\000n\000s\000\040\000a\000b\000o\000u\000t\000\040\000t\000h\000e\000\040\000C\000o\000o\000r\000d\000i\000n\000a\000t\000e\000\040\000A\000x\000e\000s}{section.5.4}% 85
\BOOKMARK [2][-]{subsection.5.4.3}{\376\377\000S\000c\000a\000l\000i\000n\000g\000s}{section.5.4}% 86
\BOOKMARK [2][-]{subsection.5.4.4}{\376\377\000T\000r\000a\000n\000s\000f\000o\000r\000m\000a\000t\000i\000o\000n\000s\000\040\000i\000n\000\040\000S\000e\000q\000u\000e\000n\000c\000e}{section.5.4}% 87
\BOOKMARK [2][-]{subsection.5.4.5}{\376\377\000E\000x\000e\000r\000c\000i\000s\000e\000s}{section.5.4}% 88
\BOOKMARK [2][-]{subsection.5.4.6}{\376\377\000A\000n\000s\000w\000e\000r\000s}{section.5.4}% 89
\BOOKMARK [1][-]{section.5.5}{\376\377\000R\000e\000l\000a\000t\000i\000o\000n\000s\000\040\000a\000n\000d\000\040\000I\000m\000p\000l\000i\000c\000i\000t\000\040\000F\000u\000n\000c\000t\000i\000o\000n\000s}{chapter.5}% 90
\BOOKMARK [2][-]{subsection.5.5.1}{\376\377\000E\000x\000e\000r\000c\000i\000s\000e\000s}{section.5.5}% 91
\BOOKMARK [2][-]{subsection.5.5.2}{\376\377\000A\000n\000s\000w\000e\000r\000s}{section.5.5}% 92
\BOOKMARK [1][-]{section.5.6}{\376\377\000I\000n\000v\000e\000r\000s\000e\000\040\000F\000u\000n\000c\000t\000i\000o\000n\000s}{chapter.5}% 93
\BOOKMARK [2][-]{subsection.5.6.1}{\376\377\000E\000x\000e\000r\000c\000i\000s\000e\000s}{section.5.6}% 94
\BOOKMARK [2][-]{subsection.5.6.2}{\376\377\000A\000n\000s\000w\000e\000r\000s}{section.5.6}% 95
\BOOKMARK [0][-]{chapter.6}{\376\377\000E\000x\000p\000o\000n\000e\000n\000t\000i\000a\000l\000\040\000a\000n\000d\000\040\000L\000o\000g\000a\000r\000i\000t\000h\000m\000i\000c\000\040\000F\000u\000n\000c\000t\000i\000o\000n\000s}{}% 96
\BOOKMARK [1][-]{section.6.1}{\376\377\000E\000x\000p\000o\000n\000e\000n\000t\000i\000a\000l\000\040\000F\000u\000n\000c\000t\000i\000o\000n\000s}{chapter.6}% 97
\BOOKMARK [2][-]{subsection.6.1.1}{\376\377\000E\000x\000e\000r\000c\000i\000s\000e\000s}{section.6.1}% 98
\BOOKMARK [2][-]{subsection.6.1.2}{\376\377\000A\000n\000s\000w\000e\000r\000s}{section.6.1}% 99
\BOOKMARK [1][-]{section.6.2}{\376\377\000L\000o\000g\000a\000r\000i\000t\000h\000m\000i\000c\000\040\000F\000u\000n\000c\000t\000i\000o\000n\000s}{chapter.6}% 100
\BOOKMARK [2][-]{subsection.6.2.1}{\376\377\000E\000x\000e\000r\000c\000i\000s\000e\000s}{section.6.2}% 101
\BOOKMARK [2][-]{subsection.6.2.2}{\376\377\000A\000n\000s\000w\000e\000r\000s}{section.6.2}% 102
\BOOKMARK [1][-]{section.6.3}{\376\377\000P\000r\000o\000p\000e\000r\000t\000i\000e\000s\000\040\000o\000f\000\040\000L\000o\000g\000a\000r\000i\000t\000h\000m\000s}{chapter.6}% 103
\BOOKMARK [2][-]{subsection.6.3.1}{\376\377\000E\000x\000e\000r\000c\000i\000s\000e\000s}{section.6.3}% 104
\BOOKMARK [2][-]{subsection.6.3.2}{\376\377\000A\000n\000s\000w\000e\000r\000s}{section.6.3}% 105
\BOOKMARK [1][-]{section.6.4}{\376\377\000E\000q\000u\000a\000t\000i\000o\000n\000s\000\040\000a\000n\000d\000\040\000I\000n\000e\000q\000u\000a\000l\000i\000t\000i\000e\000s\000\040\000i\000n\000v\000o\000l\000v\000i\000n\000g\000\040\000E\000x\000p\000o\000n\000e\000n\000t\000i\000a\000l\000\040\000F\000u\000n\000c\000t\000i\000o\000n\000s}{chapter.6}% 106
\BOOKMARK [2][-]{subsection.6.4.1}{\376\377\000E\000x\000e\000r\000c\000i\000s\000e\000s}{section.6.4}% 107
\BOOKMARK [2][-]{subsection.6.4.2}{\376\377\000A\000n\000s\000w\000e\000r\000s}{section.6.4}% 108
\BOOKMARK [1][-]{section.6.5}{\376\377\000E\000q\000u\000a\000t\000i\000o\000n\000s\000\040\000a\000n\000d\000\040\000I\000n\000e\000q\000u\000a\000l\000i\000t\000i\000e\000s\000\040\000i\000n\000v\000o\000l\000v\000i\000n\000g\000\040\000L\000o\000g\000a\000r\000i\000t\000h\000m\000i\000c\000\040\000F\000u\000n\000c\000t\000i\000o\000n\000s}{chapter.6}% 109
\BOOKMARK [2][-]{subsection.6.5.1}{\376\377\000E\000x\000e\000r\000c\000i\000s\000e\000s}{section.6.5}% 110
\BOOKMARK [2][-]{subsection.6.5.2}{\376\377\000A\000n\000s\000w\000e\000r\000s}{section.6.5}% 111
\BOOKMARK [1][-]{section.6.6}{\376\377\000A\000p\000p\000l\000i\000c\000a\000t\000i\000o\000n\000s\000\040\000o\000f\000\040\000E\000x\000p\000o\000n\000e\000n\000t\000i\000a\000l\000\040\000a\000n\000d\000\040\000L\000o\000g\000a\000r\000i\000t\000h\000m\000i\000c\000\040\000F\000u\000n\000c\000t\000i\000o\000n\000s}{chapter.6}% 112
\BOOKMARK [2][-]{subsection.6.6.1}{\376\377\000A\000p\000p\000l\000i\000c\000a\000t\000i\000o\000n\000s\000\040\000o\000f\000\040\000E\000x\000p\000o\000n\000e\000n\000t\000i\000a\000l\000\040\000F\000u\000n\000c\000t\000i\000o\000n\000s}{section.6.6}% 113
\BOOKMARK [2][-]{subsection.6.6.2}{\376\377\000A\000p\000p\000l\000i\000c\000a\000t\000i\000o\000n\000s\000\040\000o\000f\000\040\000L\000o\000g\000a\000r\000i\000t\000h\000m\000s}{section.6.6}% 114
\BOOKMARK [2][-]{subsection.6.6.3}{\376\377\000E\000x\000e\000r\000c\000i\000s\000e\000s}{section.6.6}% 115
\BOOKMARK [2][-]{subsection.6.6.4}{\376\377\000A\000n\000s\000w\000e\000r\000s}{section.6.6}% 116
\BOOKMARK [0][-]{chapter.7}{\376\377\000T\000h\000e\000\040\000C\000o\000n\000i\000c\000\040\000S\000e\000c\000t\000i\000o\000n\000s}{}% 117
\BOOKMARK [1][-]{section.7.1}{\376\377\000I\000n\000t\000r\000o\000d\000u\000c\000t\000i\000o\000n\000\040\000t\000o\000\040\000C\000o\000n\000i\000c\000s}{chapter.7}% 118
\BOOKMARK [1][-]{section.7.2}{\376\377\000P\000a\000r\000a\000b\000o\000l\000a\000s}{chapter.7}% 119
\BOOKMARK [2][-]{subsection.7.2.1}{\376\377\000E\000x\000e\000r\000c\000i\000s\000e\000s}{section.7.2}% 120
\BOOKMARK [2][-]{subsection.7.2.2}{\376\377\000A\000n\000s\000w\000e\000r\000s}{section.7.2}% 121
\BOOKMARK [1][-]{section.7.3}{\376\377\000C\000i\000r\000c\000l\000e\000s}{chapter.7}% 122
\BOOKMARK [2][-]{subsection.7.3.1}{\376\377\000E\000x\000e\000r\000c\000i\000s\000e\000s}{section.7.3}% 123
\BOOKMARK [2][-]{subsection.7.3.2}{\376\377\000A\000n\000s\000w\000e\000r\000s}{section.7.3}% 124
\BOOKMARK [1][-]{section.7.4}{\376\377\000E\000l\000l\000i\000p\000s\000e\000s}{chapter.7}% 125
\BOOKMARK [2][-]{subsection.7.4.1}{\376\377\000E\000x\000e\000r\000c\000i\000s\000e\000s}{section.7.4}% 126
\BOOKMARK [2][-]{subsection.7.4.2}{\376\377\000A\000n\000s\000w\000e\000r\000s}{section.7.4}% 127
\BOOKMARK [1][-]{section.7.5}{\376\377\000H\000y\000p\000e\000r\000b\000o\000l\000a\000s}{chapter.7}% 128
\BOOKMARK [2][-]{subsection.7.5.1}{\376\377\000E\000x\000e\000r\000c\000i\000s\000e\000s}{section.7.5}% 129
\BOOKMARK [2][-]{subsection.7.5.2}{\376\377\000A\000n\000s\000w\000e\000r\000s}{section.7.5}% 130
\BOOKMARK [0][-]{chapter.8}{\376\377\000S\000y\000s\000t\000e\000m\000s\000\040\000o\000f\000\040\000E\000q\000u\000a\000t\000i\000o\000n\000s\000\040\000a\000n\000d\000\040\000M\000a\000t\000r\000i\000c\000e\000s}{}% 131
\BOOKMARK [1][-]{section.8.1}{\376\377\000S\000y\000s\000t\000e\000m\000s\000\040\000o\000f\000\040\000L\000i\000n\000e\000a\000r\000\040\000E\000q\000u\000a\000t\000i\000o\000n\000s\000:\000\040\000G\000a\000u\000s\000s\000i\000a\000n\000\040\000E\000l\000i\000m\000i\000n\000a\000t\000i\000o\000n}{chapter.8}% 132
\BOOKMARK [2][-]{subsection.8.1.1}{\376\377\000E\000x\000e\000r\000c\000i\000s\000e\000s}{section.8.1}% 133
\BOOKMARK [2][-]{subsection.8.1.2}{\376\377\000A\000n\000s\000w\000e\000r\000s}{section.8.1}% 134
\BOOKMARK [1][-]{section.8.2}{\376\377\000S\000y\000s\000t\000e\000m\000s\000\040\000o\000f\000\040\000L\000i\000n\000e\000a\000r\000\040\000E\000q\000u\000a\000t\000i\000o\000n\000s\000:\000\040\000A\000u\000g\000m\000e\000n\000t\000e\000d\000\040\000M\000a\000t\000r\000i\000c\000e\000s}{chapter.8}% 135
\BOOKMARK [2][-]{subsection.8.2.1}{\376\377\000E\000x\000e\000r\000c\000i\000s\000e\000s}{section.8.2}% 136
\BOOKMARK [2][-]{subsection.8.2.2}{\376\377\000A\000n\000s\000w\000e\000r\000s}{section.8.2}% 137
\BOOKMARK [1][-]{section.8.3}{\376\377\000M\000a\000t\000r\000i\000x\000\040\000A\000r\000i\000t\000h\000m\000e\000t\000i\000c}{chapter.8}% 138
\BOOKMARK [2][-]{subsection.8.3.1}{\376\377\000E\000x\000e\000r\000c\000i\000s\000e\000s}{section.8.3}% 139
\BOOKMARK [2][-]{subsection.8.3.2}{\376\377\000A\000n\000s\000w\000e\000r\000s}{section.8.3}% 140
\BOOKMARK [1][-]{section.8.4}{\376\377\000S\000y\000s\000t\000e\000m\000s\000\040\000o\000f\000\040\000L\000i\000n\000e\000a\000r\000\040\000E\000q\000u\000a\000t\000i\000o\000n\000s\000:\000\040\000M\000a\000t\000r\000i\000x\000\040\000I\000n\000v\000e\000r\000s\000e\000s}{chapter.8}% 141
\BOOKMARK [2][-]{subsection.8.4.1}{\376\377\000E\000x\000e\000r\000c\000i\000s\000e\000s}{section.8.4}% 142
\BOOKMARK [2][-]{subsection.8.4.2}{\376\377\000A\000n\000s\000w\000e\000r\000s}{section.8.4}% 143
\BOOKMARK [1][-]{section.8.5}{\376\377\000D\000e\000t\000e\000r\000m\000i\000n\000a\000n\000t\000s\000\040\000a\000n\000d\000\040\000C\000r\000a\000m\000e\000r\000'\000s\000\040\000R\000u\000l\000e}{chapter.8}% 144
\BOOKMARK [2][-]{subsection.8.5.1}{\376\377\000D\000e\000f\000i\000n\000i\000t\000i\000o\000n\000\040\000a\000n\000d\000\040\000P\000r\000o\000p\000e\000r\000t\000i\000e\000s\000\040\000o\000f\000\040\000t\000h\000e\000\040\000D\000e\000t\000e\000r\000m\000i\000n\000a\000n\000t}{section.8.5}% 145
\BOOKMARK [2][-]{subsection.8.5.2}{\376\377\000C\000r\000a\000m\000e\000r\000'\000s\000\040\000R\000u\000l\000e\000\040\000a\000n\000d\000\040\000M\000a\000t\000r\000i\000x\000\040\000A\000d\000j\000o\000i\000n\000t\000s}{section.8.5}% 146
\BOOKMARK [2][-]{subsection.8.5.3}{\376\377\000E\000x\000e\000r\000c\000i\000s\000e\000s}{section.8.5}% 147
\BOOKMARK [2][-]{subsection.8.5.4}{\376\377\000A\000n\000s\000w\000e\000r\000s}{section.8.5}% 148
\BOOKMARK [1][-]{section.8.6}{\376\377\000P\000a\000r\000t\000i\000a\000l\000\040\000F\000r\000a\000c\000t\000i\000o\000n\000\040\000D\000e\000c\000o\000m\000p\000o\000s\000i\000t\000i\000o\000n}{chapter.8}% 149
\BOOKMARK [2][-]{subsection.8.6.1}{\376\377\000E\000x\000e\000r\000c\000i\000s\000e\000s}{section.8.6}% 150
\BOOKMARK [2][-]{subsection.8.6.2}{\376\377\000A\000n\000s\000w\000e\000r\000s}{section.8.6}% 151
\BOOKMARK [1][-]{section.8.7}{\376\377\000S\000y\000s\000t\000e\000m\000s\000\040\000o\000f\000\040\000N\000o\000n\000-\000L\000i\000n\000e\000a\000r\000\040\000E\000q\000u\000a\000t\000i\000o\000n\000s}{chapter.8}% 152
\BOOKMARK [2][-]{subsection.8.7.1}{\376\377\000E\000x\000e\000r\000c\000i\000s\000e\000s}{section.8.7}% 153
\BOOKMARK [2][-]{subsection.8.7.2}{\376\377\000A\000n\000s\000w\000e\000r\000s}{section.8.7}% 154
\BOOKMARK [1][-]{section.8.8}{\376\377\000I\000n\000e\000q\000u\000a\000l\000i\000t\000i\000e\000s\000\040\000a\000n\000d\000\040\000R\000e\000g\000i\000o\000n\000s\000\040\000i\000n\000\040\000t\000h\000e\000\040\000P\000l\000a\000n\000e}{chapter.8}% 155
\BOOKMARK [2][-]{subsection.8.8.1}{\376\377\000E\000x\000e\000r\000c\000i\000s\000e\000s}{section.8.8}% 156
\BOOKMARK [2][-]{subsection.8.8.2}{\376\377\000A\000n\000s\000w\000e\000r\000s}{section.8.8}% 157
\BOOKMARK [0][-]{chapter.9}{\376\377\000S\000e\000q\000u\000e\000n\000c\000e\000s\000\040\000a\000n\000d\000\040\000t\000h\000e\000\040\000B\000i\000n\000o\000m\000i\000a\000l\000\040\000T\000h\000e\000o\000r\000e\000m}{}% 158
\BOOKMARK [1][-]{section.9.1}{\376\377\000S\000e\000q\000u\000e\000n\000c\000e\000s}{chapter.9}% 159
\BOOKMARK [2][-]{subsection.9.1.1}{\376\377\000E\000x\000e\000r\000c\000i\000s\000e\000s}{section.9.1}% 160
\BOOKMARK [2][-]{subsection.9.1.2}{\376\377\000A\000n\000s\000w\000e\000r\000s}{section.9.1}% 161
\BOOKMARK [1][-]{section.9.2}{\376\377\000S\000u\000m\000m\000a\000t\000i\000o\000n\000\040\000N\000o\000t\000a\000t\000i\000o\000n}{chapter.9}% 162
\BOOKMARK [2][-]{subsection.9.2.1}{\376\377\000E\000x\000t\000e\000n\000s\000i\000o\000n\000s\000\040\000t\000o\000\040\000C\000a\000l\000c\000u\000l\000u\000s\000:\000\040\000G\000e\000o\000m\000e\000t\000r\000i\000c\000\040\000S\000e\000r\000i\000e\000s}{section.9.2}% 163
\BOOKMARK [2][-]{subsection.9.2.2}{\376\377\000E\000x\000t\000e\000n\000s\000i\000o\000n\000s\000\040\000t\000o\000\040\000C\000a\000l\000c\000u\000l\000u\000s\000:\000\040\000A\000r\000e\000a}{section.9.2}% 164
\BOOKMARK [2][-]{subsection.9.2.3}{\376\377\000E\000x\000e\000r\000c\000i\000s\000e\000s}{section.9.2}% 165
\BOOKMARK [2][-]{subsection.9.2.4}{\376\377\000A\000n\000s\000w\000e\000r\000s}{section.9.2}% 166
\BOOKMARK [1][-]{section.9.3}{\376\377\000M\000a\000t\000h\000e\000m\000a\000t\000i\000c\000a\000l\000\040\000I\000n\000d\000u\000c\000t\000i\000o\000n}{chapter.9}% 167
\BOOKMARK [2][-]{subsection.9.3.1}{\376\377\000E\000x\000e\000r\000c\000i\000s\000e\000s}{section.9.3}% 168
\BOOKMARK [2][-]{subsection.9.3.2}{\376\377\000S\000e\000l\000e\000c\000t\000e\000d\000\040\000A\000n\000s\000w\000e\000r\000s}{section.9.3}% 169
\BOOKMARK [1][-]{section.9.4}{\376\377\000T\000h\000e\000\040\000B\000i\000n\000o\000m\000i\000a\000l\000\040\000T\000h\000e\000o\000r\000e\000m}{chapter.9}% 170
\BOOKMARK [2][-]{subsection.9.4.1}{\376\377\000E\000x\000e\000r\000c\000i\000s\000e\000s}{section.9.4}% 171
\BOOKMARK [2][-]{subsection.9.4.2}{\376\377\000A\000n\000s\000w\000e\000r\000s}{section.9.4}% 172
\BOOKMARK [0][-]{chapter.10}{\376\377\000F\000o\000u\000n\000d\000a\000t\000i\000o\000n\000s\000\040\000o\000f\000\040\000T\000r\000i\000g\000o\000n\000o\000m\000e\000t\000r\000y}{}% 173
\BOOKMARK [1][-]{section.10.1}{\376\377\000T\000h\000e\000\040\000R\000a\000d\000i\000a\000n\000\040\000M\000e\000a\000s\000u\000r\000e\000\040\000o\000f\000\040\000A\000n\000g\000l\000e\000s}{chapter.10}% 174
\BOOKMARK [2][-]{subsection.10.1.1}{\376\377\000A\000p\000p\000l\000i\000c\000a\000t\000i\000o\000n\000s\000\040\000o\000f\000\040\000R\000a\000d\000i\000a\000n\000\040\000M\000e\000a\000s\000u\000r\000e\000:\000\040\000C\000i\000r\000c\000u\000l\000a\000r\000\040\000M\000o\000t\000i\000o\000n}{section.10.1}% 175
\BOOKMARK [2][-]{subsection.10.1.2}{\376\377\000E\000x\000e\000r\000c\000i\000s\000e\000s}{section.10.1}% 176
\BOOKMARK [2][-]{subsection.10.1.3}{\376\377\000A\000n\000s\000w\000e\000r\000s}{section.10.1}% 177
\BOOKMARK [1][-]{section.10.2}{\376\377\000T\000h\000e\000\040\000C\000i\000r\000c\000u\000l\000a\000r\000\040\000F\000u\000n\000c\000t\000i\000o\000n\000s\000:\000\040\000S\000i\000n\000e\000\040\000a\000n\000d\000\040\000C\000o\000s\000i\000n\000e}{chapter.10}% 178
\BOOKMARK [2][-]{subsection.10.2.1}{\376\377\000B\000e\000y\000o\000n\000d\000\040\000t\000h\000e\000\040\000U\000n\000i\000t\000\040\000C\000i\000r\000c\000l\000e}{section.10.2}% 179
\BOOKMARK [2][-]{subsection.10.2.2}{\376\377\000E\000x\000e\000r\000c\000i\000s\000e\000s}{section.10.2}% 180
\BOOKMARK [2][-]{subsection.10.2.3}{\376\377\000A\000n\000s\000w\000e\000r\000s}{section.10.2}% 181
\BOOKMARK [1][-]{section.10.3}{\376\377\000G\000r\000a\000p\000h\000s\000\040\000o\000f\000\040\000S\000i\000n\000e\000\040\000a\000n\000d\000\040\000C\000o\000s\000i\000n\000e}{chapter.10}% 182
\BOOKMARK [2][-]{subsection.10.3.1}{\376\377\000A\000p\000p\000l\000i\000c\000a\000t\000i\000o\000n\000s\000\040\000o\000f\000\040\000S\000i\000n\000u\000s\000o\000i\000d\000s}{section.10.3}% 183
\BOOKMARK [2][-]{subsection.10.3.2}{\376\377\000E\000x\000e\000r\000c\000i\000s\000e\000s}{section.10.3}% 184
\BOOKMARK [2][-]{subsection.10.3.3}{\376\377\000A\000n\000s\000w\000e\000r\000s}{section.10.3}% 185
\BOOKMARK [1][-]{section.10.4}{\376\377\000T\000h\000e\000\040\000C\000i\000r\000c\000u\000l\000a\000r\000\040\000F\000u\000n\000c\000t\000i\000o\000n\000s\000:\000\040\000T\000a\000n\000g\000e\000n\000t\000,\000\040\000S\000e\000c\000a\000n\000t\000,\000\040\000C\000o\000s\000e\000c\000a\000n\000t\000,\000\040\000a\000n\000d\000\040\000C\000o\000t\000a\000n\000g\000e\000n\000t}{chapter.10}% 186
\BOOKMARK [2][-]{subsection.10.4.1}{\376\377\000E\000x\000e\000r\000c\000i\000s\000e\000s}{section.10.4}% 187
\BOOKMARK [2][-]{subsection.10.4.2}{\376\377\000A\000n\000s\000w\000e\000r\000s}{section.10.4}% 188
\BOOKMARK [1][-]{section.10.5}{\376\377\000G\000r\000a\000p\000h\000s\000\040\000o\000f\000\040\000S\000e\000c\000a\000n\000t\000,\000\040\000C\000o\000s\000e\000c\000a\000n\000t\000,\000\040\000T\000a\000n\000g\000e\000n\000t\000,\000\040\000a\000n\000d\000\040\000C\000o\000t\000a\000n\000g\000e\000n\000t\000\040\000F\000u\000n\000c\000t\000i\000o\000n\000s}{chapter.10}% 189
\BOOKMARK [2][-]{subsection.10.5.1}{\376\377\000G\000r\000a\000p\000h\000s\000\040\000o\000f\000\040\000t\000h\000e\000\040\000S\000e\000c\000a\000n\000t\000\040\000a\000n\000d\000\040\000C\000o\000s\000e\000c\000a\000n\000t\000\040\000F\000u\000n\000c\000t\000i\000o\000n\000s}{section.10.5}% 190
\BOOKMARK [2][-]{subsection.10.5.2}{\376\377\000G\000r\000a\000p\000h\000s\000\040\000o\000f\000\040\000t\000h\000e\000\040\000T\000a\000n\000g\000e\000n\000t\000\040\000a\000n\000d\000\040\000C\000o\000t\000a\000n\000g\000e\000n\000t\000\040\000F\000u\000n\000c\000t\000i\000o\000n\000s}{section.10.5}% 191
\BOOKMARK [2][-]{subsection.10.5.3}{\376\377\000E\000x\000t\000e\000n\000d\000e\000d\000\040\000I\000n\000t\000e\000r\000v\000a\000l\000\040\000N\000o\000t\000a\000t\000i\000o\000n}{section.10.5}% 192
\BOOKMARK [2][-]{subsection.10.5.4}{\376\377\000E\000x\000e\000r\000c\000i\000s\000e\000s}{section.10.5}% 193
\BOOKMARK [2][-]{subsection.10.5.5}{\376\377\000A\000n\000s\000w\000e\000r\000s}{section.10.5}% 194
\BOOKMARK [0][-]{chapter.11}{\376\377\000A\000n\000a\000l\000y\000t\000i\000c\000a\000l\000\040\000T\000r\000i\000g\000o\000n\000o\000m\000e\000t\000r\000y}{}% 195
\BOOKMARK [1][-]{section.11.1}{\376\377\000T\000h\000e\000\040\000P\000y\000t\000h\000a\000g\000o\000r\000e\000a\000n\000\040\000I\000d\000e\000n\000t\000i\000t\000i\000e\000s}{chapter.11}% 196
\BOOKMARK [2][-]{subsection.11.1.1}{\376\377\000E\000x\000e\000r\000c\000i\000s\000e\000s}{section.11.1}% 197
\BOOKMARK [2][-]{subsection.11.1.2}{\376\377\000A\000n\000s\000w\000e\000r\000s}{section.11.1}% 198
\BOOKMARK [1][-]{section.11.2}{\376\377\000M\000o\000r\000e\000\040\000I\000d\000e\000n\000t\000i\000t\000i\000e\000s}{chapter.11}% 199
\BOOKMARK [2][-]{subsection.11.2.1}{\376\377\000S\000i\000n\000u\000s\000o\000i\000d\000s\000,\000\040\000R\000e\000v\000i\000s\000i\000t\000e\000d}{section.11.2}% 200
\BOOKMARK [2][-]{subsection.11.2.2}{\376\377\000E\000x\000e\000r\000c\000i\000s\000e\000s}{section.11.2}% 201
\BOOKMARK [2][-]{subsection.11.2.3}{\376\377\000A\000n\000s\000w\000e\000r\000s}{section.11.2}% 202
\BOOKMARK [1][-]{section.11.3}{\376\377\000T\000h\000e\000\040\000I\000n\000v\000e\000r\000s\000e\000\040\000C\000i\000r\000c\000u\000l\000a\000r\000\040\000F\000u\000n\000c\000t\000i\000o\000n\000s}{chapter.11}% 203
\BOOKMARK [2][-]{subsection.11.3.1}{\376\377\000I\000n\000v\000e\000r\000s\000e\000s\000\040\000o\000f\000\040\000S\000e\000c\000a\000n\000t\000\040\000a\000n\000d\000\040\000C\000o\000s\000e\000c\000a\000n\000t\000:\000\040\000T\000r\000i\000g\000o\000n\000o\000m\000e\000t\000r\000y\000\040\000F\000r\000i\000e\000n\000d\000l\000y\000\040\000A\000p\000p\000r\000o\000a\000c\000h}{section.11.3}% 204
\BOOKMARK [2][-]{subsection.11.3.2}{\376\377\000I\000n\000v\000e\000r\000s\000e\000s\000\040\000o\000f\000\040\000S\000e\000c\000a\000n\000t\000\040\000a\000n\000d\000\040\000C\000o\000s\000e\000c\000a\000n\000t\000:\000\040\000C\000a\000l\000c\000u\000l\000u\000s\000\040\000F\000r\000i\000e\000n\000d\000l\000y\000\040\000A\000p\000p\000r\000o\000a\000c\000h}{section.11.3}% 205
\BOOKMARK [2][-]{subsection.11.3.3}{\376\377\000C\000a\000l\000c\000u\000l\000a\000t\000o\000r\000s\000\040\000a\000n\000d\000\040\000t\000h\000e\000\040\000I\000n\000v\000e\000r\000s\000e\000\040\000C\000i\000r\000c\000u\000l\000a\000r\000\040\000F\000u\000n\000c\000t\000i\000o\000n\000s\000.}{section.11.3}% 206
\BOOKMARK [2][-]{subsection.11.3.4}{\376\377\000S\000o\000l\000v\000i\000n\000g\000\040\000E\000q\000u\000a\000t\000i\000o\000n\000s\000\040\000U\000s\000i\000n\000g\000\040\000t\000h\000e\000\040\000I\000n\000v\000e\000r\000s\000e\000\040\000T\000r\000i\000g\000o\000n\000o\000m\000e\000t\000r\000i\000c\000\040\000F\000u\000n\000c\000t\000i\000o\000n\000s\000.}{section.11.3}% 207
\BOOKMARK [2][-]{subsection.11.3.5}{\376\377\000E\000x\000e\000r\000c\000i\000s\000e\000s}{section.11.3}% 208
\BOOKMARK [2][-]{subsection.11.3.6}{\376\377\000A\000n\000s\000w\000e\000r\000s}{section.11.3}% 209
\BOOKMARK [1][-]{section.11.4}{\376\377\000E\000q\000u\000a\000t\000i\000o\000n\000s\000\040\000a\000n\000d\000\040\000I\000n\000e\000q\000u\000a\000l\000i\000t\000i\000e\000s\000\040\000I\000n\000v\000o\000l\000v\000i\000n\000g\000\040\000t\000h\000e\000\040\000C\000i\000r\000c\000u\000l\000a\000r\000\040\000F\000u\000n\000c\000t\000i\000o\000n\000s}{chapter.11}% 210
\BOOKMARK [2][-]{subsection.11.4.1}{\376\377\000H\000a\000r\000m\000o\000n\000i\000c\000\040\000M\000o\000t\000i\000o\000n}{section.11.4}% 211
\BOOKMARK [2][-]{subsection.11.4.2}{\376\377\000E\000x\000e\000r\000c\000i\000s\000e\000s}{section.11.4}% 212
\BOOKMARK [2][-]{subsection.11.4.3}{\376\377\000A\000n\000s\000w\000e\000r\000s}{section.11.4}% 213
\BOOKMARK [0][-]{chapter.12}{\376\377\000G\000e\000o\000m\000e\000t\000r\000i\000c\000\040\000A\000p\000p\000l\000i\000c\000a\000t\000i\000o\000n\000s\000\040\000o\000f\000\040\000T\000r\000i\000g\000o\000n\000o\000m\000e\000t\000r\000y}{}% 214
\BOOKMARK [1][-]{section.12.1}{\376\377\000T\000h\000e\000\040\000L\000a\000w\000\040\000o\000f\000\040\000S\000i\000n\000e\000s}{chapter.12}% 215
\BOOKMARK [2][-]{subsection.12.1.1}{\376\377\000B\000e\000a\000r\000i\000n\000g\000s}{section.12.1}% 216
\BOOKMARK [2][-]{subsection.12.1.2}{\376\377\000E\000x\000e\000r\000c\000i\000s\000e\000s}{section.12.1}% 217
\BOOKMARK [2][-]{subsection.12.1.3}{\376\377\000A\000n\000s\000w\000e\000r\000s}{section.12.1}% 218
\BOOKMARK [1][-]{section.12.2}{\376\377\000T\000h\000e\000\040\000L\000a\000w\000\040\000o\000f\000\040\000C\000o\000s\000i\000n\000e\000s}{chapter.12}% 219
\BOOKMARK [2][-]{subsection.12.2.1}{\376\377\000E\000x\000e\000r\000c\000i\000s\000e\000s}{section.12.2}% 220
\BOOKMARK [2][-]{subsection.12.2.2}{\376\377\000A\000n\000s\000w\000e\000r\000s}{section.12.2}% 221
\BOOKMARK [1][-]{section.12.3}{\376\377\000V\000e\000c\000t\000o\000r\000s}{chapter.12}% 222
\BOOKMARK [2][-]{subsection.12.3.1}{\376\377\000E\000x\000e\000r\000c\000i\000s\000e\000s}{section.12.3}% 223
\BOOKMARK [2][-]{subsection.12.3.2}{\376\377\000A\000n\000s\000w\000e\000r\000s}{section.12.3}% 224
\BOOKMARK [1][-]{section.12.4}{\376\377\000T\000h\000e\000\040\000D\000o\000t\000\040\000P\000r\000o\000d\000u\000c\000t}{chapter.12}% 225
\BOOKMARK [2][-]{subsection.12.4.1}{\376\377\000V\000e\000c\000t\000o\000r\000\040\000P\000r\000o\000j\000e\000c\000t\000i\000o\000n\000s}{section.12.4}% 226
\BOOKMARK [2][-]{subsection.12.4.2}{\376\377\000E\000x\000e\000r\000c\000i\000s\000e\000s}{section.12.4}% 227
\BOOKMARK [2][-]{subsection.12.4.3}{\376\377\000A\000n\000s\000w\000e\000r\000s}{section.12.4}% 228
\BOOKMARK [0][-]{chapter.13}{\376\377\000P\000o\000l\000a\000r\000\040\000C\000o\000o\000r\000d\000i\000n\000a\000t\000e\000s\000\040\000a\000n\000d\000\040\000P\000a\000r\000a\000m\000e\000t\000r\000i\000c\000\040\000E\000q\000u\000a\000t\000i\000o\000n\000s}{}% 229
\BOOKMARK [1][-]{section.13.1}{\376\377\000P\000o\000l\000a\000r\000\040\000C\000o\000o\000r\000d\000i\000n\000a\000t\000e\000s}{chapter.13}% 230
\BOOKMARK [2][-]{subsection.13.1.1}{\376\377\000E\000x\000e\000r\000c\000i\000s\000e\000s}{section.13.1}% 231
\BOOKMARK [2][-]{subsection.13.1.2}{\376\377\000A\000n\000s\000w\000e\000r\000s}{section.13.1}% 232
\BOOKMARK [1][-]{section.13.2}{\376\377\000T\000h\000e\000\040\000G\000r\000a\000p\000h\000s\000\040\000o\000f\000\040\000P\000o\000l\000a\000r\000\040\000E\000q\000u\000a\000t\000i\000o\000n\000s}{chapter.13}% 233
\BOOKMARK [2][-]{subsection.13.2.1}{\376\377\000E\000x\000e\000r\000c\000i\000s\000e\000s}{section.13.2}% 234
\BOOKMARK [2][-]{subsection.13.2.2}{\376\377\000A\000n\000s\000w\000e\000r\000s}{section.13.2}% 235
\BOOKMARK [1][-]{section.13.3}{\376\377\000T\000h\000e\000\040\000P\000o\000l\000a\000r\000\040\000F\000o\000r\000m\000\040\000o\000f\000\040\000C\000o\000m\000p\000l\000e\000x\000\040\000N\000u\000m\000b\000e\000r\000s}{chapter.13}% 236
\BOOKMARK [2][-]{subsection.13.3.1}{\376\377\000E\000x\000e\000r\000c\000i\000s\000e\000s}{section.13.3}% 237
\BOOKMARK [2][-]{subsection.13.3.2}{\376\377\000A\000n\000s\000w\000e\000r\000s}{section.13.3}% 238
\BOOKMARK [1][-]{section.13.4}{\376\377\000T\000h\000e\000\040\000P\000o\000l\000a\000r\000\040\000F\000o\000r\000m\000\040\000o\000f\000\040\000t\000h\000e\000\040\000C\000o\000n\000i\000c\000\040\000S\000e\000c\000t\000i\000o\000n\000s}{chapter.13}% 239
\BOOKMARK [2][-]{subsection.13.4.1}{\376\377\000R\000o\000t\000a\000t\000i\000o\000n\000\040\000o\000f\000\040\000A\000x\000e\000s}{section.13.4}% 240
\BOOKMARK [2][-]{subsection.13.4.2}{\376\377\000T\000h\000e\000\040\000P\000o\000l\000a\000r\000\040\000F\000o\000r\000m\000\040\000o\000f\000\040\000C\000o\000n\000i\000c\000s}{section.13.4}% 241
\BOOKMARK [2][-]{subsection.13.4.3}{\376\377\000E\000x\000e\000r\000c\000i\000s\000e\000s}{section.13.4}% 242
\BOOKMARK [2][-]{subsection.13.4.4}{\376\377\000A\000n\000s\000w\000e\000r\000s}{section.13.4}% 243
\BOOKMARK [1][-]{section.13.5}{\376\377\000P\000a\000r\000a\000m\000e\000t\000r\000i\000c\000\040\000E\000q\000u\000a\000t\000i\000o\000n\000s}{chapter.13}% 244
\BOOKMARK [2][-]{subsection.13.5.1}{\376\377\000E\000x\000e\000r\000c\000i\000s\000e\000s}{section.13.5}% 245
\BOOKMARK [2][-]{subsection.13.5.2}{\376\377\000A\000n\000s\000w\000e\000r\000s}{section.13.5}% 246
\BOOKMARK [0][-]{appendix.A}{\376\377\000A\000l\000g\000e\000b\000r\000a\000\040\000R\000e\000v\000i\000e\000w}{}% 247
\BOOKMARK [1][-]{section.A.1}{\376\377\000B\000a\000s\000i\000c\000\040\000S\000e\000t\000\040\000T\000h\000e\000o\000r\000y\000\040\000a\000n\000d\000\040\000I\000n\000t\000e\000r\000v\000a\000l\000\040\000N\000o\000t\000a\000t\000i\000o\000n}{appendix.A}% 248
\BOOKMARK [2][-]{subsection.A.1.1}{\376\377\000S\000o\000m\000e\000\040\000B\000a\000s\000i\000c\000\040\000S\000e\000t\000\040\000T\000h\000e\000o\000r\000y\000\040\000N\000o\000t\000i\000o\000n\000s}{section.A.1}% 249
\BOOKMARK [2][-]{subsection.A.1.2}{\376\377\000S\000e\000t\000s\000\040\000o\000f\000\040\000R\000e\000a\000l\000\040\000N\000u\000m\000b\000e\000r\000s}{section.A.1}% 250
\BOOKMARK [2][-]{subsection.A.1.3}{\376\377\000E\000x\000e\000r\000c\000i\000s\000e\000s}{section.A.1}% 251
\BOOKMARK [2][-]{subsection.A.1.4}{\376\377\000A\000n\000s\000w\000e\000r\000s}{section.A.1}% 252
\BOOKMARK [1][-]{section.A.2}{\376\377\000R\000e\000a\000l\000\040\000N\000u\000m\000b\000e\000r\000\040\000A\000r\000i\000t\000h\000m\000e\000t\000i\000c}{appendix.A}% 253
\BOOKMARK [2][-]{subsection.A.2.1}{\376\377\000E\000x\000e\000r\000c\000i\000s\000e\000s}{section.A.2}% 254
\BOOKMARK [2][-]{subsection.A.2.2}{\376\377\000A\000n\000s\000w\000e\000r\000s}{section.A.2}% 255
\BOOKMARK [1][-]{section.A.3}{\376\377\000T\000h\000e\000\040\000C\000a\000r\000t\000e\000s\000i\000a\000n\000\040\000P\000l\000a\000n\000e}{appendix.A}% 256
\BOOKMARK [2][-]{subsection.A.3.1}{\376\377\000T\000h\000e\000\040\000C\000a\000r\000t\000e\000s\000i\000a\000n\000\040\000C\000o\000o\000r\000d\000i\000n\000a\000t\000e\000\040\000P\000l\000a\000n\000e}{section.A.3}% 257
\BOOKMARK [2][-]{subsection.A.3.2}{\376\377\000D\000i\000s\000t\000a\000n\000c\000e\000\040\000i\000n\000\040\000t\000h\000e\000\040\000P\000l\000a\000n\000e}{section.A.3}% 258
\BOOKMARK [2][-]{subsection.A.3.3}{\376\377\000E\000x\000e\000r\000c\000i\000s\000e\000s}{section.A.3}% 259
\BOOKMARK [2][-]{subsection.A.3.4}{\376\377\000A\000n\000s\000w\000e\000r\000s}{section.A.3}% 260
\BOOKMARK [1][-]{section.A.4}{\376\377\000L\000i\000n\000e\000a\000r\000\040\000E\000q\000u\000a\000t\000i\000o\000n\000s\000\040\000a\000n\000d\000\040\000I\000n\000e\000q\000u\000a\000l\000i\000t\000i\000e\000s}{appendix.A}% 261
\BOOKMARK [2][-]{subsection.A.4.1}{\376\377\000L\000i\000n\000e\000a\000r\000\040\000E\000q\000u\000a\000t\000i\000o\000n\000s}{section.A.4}% 262
\BOOKMARK [2][-]{subsection.A.4.2}{\376\377\000L\000i\000n\000e\000a\000r\000\040\000I\000n\000e\000q\000u\000a\000l\000i\000t\000i\000e\000s}{section.A.4}% 263
\BOOKMARK [2][-]{subsection.A.4.3}{\376\377\000E\000x\000e\000r\000c\000i\000s\000e\000s}{section.A.4}% 264
\BOOKMARK [2][-]{subsection.A.4.4}{\376\377\000A\000n\000s\000w\000e\000r\000s}{section.A.4}% 265
\BOOKMARK [1][-]{section.A.5}{\376\377\000G\000r\000a\000p\000h\000i\000n\000g\000\040\000L\000i\000n\000e\000s}{appendix.A}% 266
\BOOKMARK [2][-]{subsection.A.5.1}{\376\377\000E\000x\000e\000r\000c\000i\000s\000e\000s}{section.A.5}% 267
\BOOKMARK [2][-]{subsection.A.5.2}{\376\377\000A\000n\000s\000w\000e\000r\000s}{section.A.5}% 268
\BOOKMARK [1][-]{section.A.6}{\376\377\000S\000y\000s\000t\000e\000m\000s\000\040\000o\000f\000\040\000T\000w\000o\000\040\000L\000i\000n\000e\000a\000r\000\040\000E\000q\000u\000a\000t\000i\000o\000n\000s\000\040\000i\000n\000\040\000T\000w\000o\000\040\000U\000n\000k\000n\000o\000w\000n\000s}{appendix.A}% 269
\BOOKMARK [2][-]{subsection.A.6.1}{\376\377\000E\000x\000e\000r\000c\000i\000s\000e\000s}{section.A.6}% 270
\BOOKMARK [2][-]{subsection.A.6.2}{\376\377\000A\000n\000s\000w\000e\000r\000s}{section.A.6}% 271
\BOOKMARK [1][-]{section.A.7}{\376\377\000A\000b\000s\000o\000l\000u\000t\000e\000\040\000V\000a\000l\000u\000e\000\040\000E\000q\000u\000a\000t\000i\000o\000n\000s\000\040\000a\000n\000d\000\040\000I\000n\000e\000q\000u\000a\000l\000i\000t\000i\000e\000s}{appendix.A}% 272
\BOOKMARK [2][-]{subsection.A.7.1}{\376\377\000A\000b\000s\000o\000l\000u\000t\000e\000\040\000V\000a\000l\000u\000e\000\040\000E\000q\000u\000a\000t\000i\000o\000n\000s}{section.A.7}% 273
\BOOKMARK [2][-]{subsection.A.7.2}{\376\377\000A\000b\000s\000o\000l\000u\000t\000e\000\040\000V\000a\000l\000u\000e\000\040\000I\000n\000e\000q\000u\000a\000l\000i\000t\000i\000e\000s}{section.A.7}% 274
\BOOKMARK [2][-]{subsection.A.7.3}{\376\377\000E\000x\000e\000r\000c\000i\000s\000e\000s}{section.A.7}% 275
\BOOKMARK [2][-]{subsection.A.7.4}{\376\377\000A\000n\000s\000w\000e\000r\000s}{section.A.7}% 276
\BOOKMARK [1][-]{section.A.8}{\376\377\000P\000o\000l\000y\000n\000o\000m\000i\000a\000l\000\040\000A\000r\000i\000t\000h\000m\000e\000t\000i\000c}{appendix.A}% 277
\BOOKMARK [2][-]{subsection.A.8.1}{\376\377\000P\000o\000l\000y\000n\000o\000m\000i\000a\000l\000\040\000A\000d\000d\000i\000t\000i\000o\000n\000,\000\040\000S\000u\000b\000t\000r\000a\000c\000t\000i\000o\000n\000\040\000a\000n\000d\000\040\000M\000u\000l\000t\000i\000p\000l\000i\000c\000a\000t\000i\000o\000n\000.}{section.A.8}% 278
\BOOKMARK [2][-]{subsection.A.8.2}{\376\377\000P\000o\000l\000y\000n\000o\000m\000i\000a\000l\000\040\000L\000o\000n\000g\000\040\000D\000i\000v\000i\000s\000i\000o\000n\000.}{section.A.8}% 279
\BOOKMARK [2][-]{subsection.A.8.3}{\376\377\000E\000x\000e\000r\000c\000i\000s\000e\000s}{section.A.8}% 280
\BOOKMARK [2][-]{subsection.A.8.4}{\376\377\000A\000n\000s\000w\000e\000r\000s}{section.A.8}% 281
\BOOKMARK [1][-]{section.A.9}{\376\377\000B\000a\000s\000i\000c\000\040\000F\000a\000c\000t\000o\000r\000i\000n\000g\000\040\000T\000e\000c\000h\000n\000i\000q\000u\000e\000s}{appendix.A}% 282
\BOOKMARK [2][-]{subsection.A.9.1}{\376\377\000S\000o\000l\000v\000i\000n\000g\000\040\000E\000q\000u\000a\000t\000i\000o\000n\000s\000\040\000b\000y\000\040\000F\000a\000c\000t\000o\000r\000i\000n\000g}{section.A.9}% 283
\BOOKMARK [2][-]{subsection.A.9.2}{\376\377\000E\000x\000e\000r\000c\000i\000s\000e\000s}{section.A.9}% 284
\BOOKMARK [2][-]{subsection.A.9.3}{\376\377\000A\000n\000s\000w\000e\000r\000s}{section.A.9}% 285
\BOOKMARK [1][-]{section.A.10}{\376\377\000Q\000u\000a\000d\000r\000a\000t\000i\000c\000\040\000E\000q\000u\000a\000t\000i\000o\000n\000s}{appendix.A}% 286
\BOOKMARK [2][-]{subsection.A.10.1}{\376\377\000E\000x\000e\000r\000c\000i\000s\000e\000s}{section.A.10}% 287
\BOOKMARK [2][-]{subsection.A.10.2}{\376\377\000A\000n\000s\000w\000e\000r\000s}{section.A.10}% 288
\BOOKMARK [1][-]{section.A.11}{\376\377\000C\000o\000m\000p\000l\000e\000x\000\040\000N\000u\000m\000b\000e\000r\000s}{appendix.A}% 289
\BOOKMARK [2][-]{subsection.A.11.1}{\376\377\000E\000x\000e\000r\000c\000i\000s\000e\000s}{section.A.11}% 290
\BOOKMARK [2][-]{subsection.A.11.2}{\376\377\000A\000n\000s\000w\000e\000r\000s}{section.A.11}% 291
\BOOKMARK [1][-]{section.A.12}{\376\377\000R\000a\000t\000i\000o\000n\000a\000l\000\040\000E\000x\000p\000r\000e\000s\000s\000i\000o\000n\000s\000\040\000a\000n\000d\000\040\000E\000q\000u\000a\000t\000i\000o\000n\000s}{appendix.A}% 292
\BOOKMARK [2][-]{subsection.A.12.1}{\376\377\000E\000x\000e\000r\000c\000i\000s\000e\000s}{section.A.12}% 293
\BOOKMARK [2][-]{subsection.A.12.2}{\376\377\000A\000n\000s\000w\000e\000r\000s}{section.A.12}% 294
\BOOKMARK [1][-]{section.A.13}{\376\377\000R\000a\000d\000i\000c\000a\000l\000\040\000E\000q\000u\000a\000t\000i\000o\000n\000s}{appendix.A}% 295
\BOOKMARK [2][-]{subsection.A.13.1}{\376\377\000R\000a\000t\000i\000o\000n\000a\000l\000i\000z\000i\000n\000g\000\040\000D\000e\000n\000o\000m\000i\000n\000a\000t\000o\000r\000s\000\040\000a\000n\000d\000\040\000N\000u\000m\000e\000r\000a\000t\000o\000r\000s}{section.A.13}% 296
\BOOKMARK [2][-]{subsection.A.13.2}{\376\377\000E\000x\000e\000r\000c\000i\000s\000e\000s}{section.A.13}% 297
\BOOKMARK [2][-]{subsection.A.13.3}{\376\377\000A\000n\000s\000w\000e\000r\000s}{section.A.13}% 298
\BOOKMARK [1][-]{section.A.14}{\376\377\000V\000a\000r\000i\000a\000t\000i\000o\000n}{appendix.A}% 299
\BOOKMARK [2][-]{subsection.A.14.1}{\376\377\000E\000x\000e\000r\000c\000i\000s\000e\000s}{section.A.14}% 300
\BOOKMARK [2][-]{subsection.A.14.2}{\376\377\000A\000n\000s\000w\000e\000r\000s}{section.A.14}% 301
\BOOKMARK [0][-]{appendix.B}{\376\377\000G\000e\000o\000m\000e\000t\000r\000y\000\040\000R\000e\000v\000i\000e\000w}{}% 302
\BOOKMARK [1][-]{section.B.1}{\376\377\000A\000n\000g\000l\000e\000s\000\040\000i\000n\000\040\000D\000e\000g\000r\000e\000e\000s}{appendix.B}% 303
\BOOKMARK [2][-]{subsection.B.1.1}{\376\377\000E\000x\000e\000r\000c\000i\000s\000e\000s}{section.B.1}% 304
\BOOKMARK [2][-]{subsection.B.1.2}{\376\377\000A\000n\000s\000w\000e\000r\000s}{section.B.1}% 305
\BOOKMARK [1][-]{section.B.2}{\376\377\000R\000i\000g\000h\000t\000\040\000T\000r\000i\000a\000n\000g\000l\000e\000\040\000T\000r\000i\000g\000o\000n\000o\000m\000e\000t\000r\000y}{appendix.B}% 306
\BOOKMARK [2][-]{subsection.B.2.1}{\376\377\000E\000x\000e\000r\000c\000i\000s\000e\000s}{section.B.2}% 307
\BOOKMARK [2][-]{subsection.B.2.2}{\376\377\000A\000n\000s\000w\000e\000r\000s}{section.B.2}% 308
\BOOKMARK [0][-]{appendix.C}{\376\377\000S\000e\000l\000e\000c\000t\000e\000d\000\040\000P\000r\000o\000o\000f\000s}{}% 309
\BOOKMARK [1][-]{section.C.1}{\376\377\000T\000h\000e\000\040\000D\000e\000n\000s\000i\000t\000y\000\040\000o\000f\000\040\000t\000h\000e\000\040\000R\000a\000t\000i\000o\000n\000a\000l\000s\000\040\000w\000i\000t\000h\000i\000n\000\040\000t\000h\000e\000\040\000R\000e\000a\000l\000s}{appendix.C}% 310
\BOOKMARK [1][-]{section.C.2}{\376\377\000W\000h\000y\000\040\000P\000i\000\040\000i\000s\000\040\000A\000c\000t\000u\000a\000l\000l\000y\000\040\000a\000\040\000C\000o\000n\000s\000t\000a\000n\000t}{appendix.C}% 311
\BOOKMARK [1][-]{section.C.3}{\376\377\000C\000a\000u\000c\000h\000y\000'\000s\000\040\000B\000o\000u\000n\000d}{appendix.C}% 312
\BOOKMARK [1][-]{section.C.4}{\376\377\000F\000e\000r\000m\000a\000t\000'\000s\000\040\000P\000e\000n\000u\000l\000t\000i\000m\000a\000t\000e\000\040\000T\000h\000e\000o\000r\000e\000m}{appendix.C}% 313
\BOOKMARK [0][-]{section.C.4}{\376\377\000I\000n\000d\000e\000x}{}% 314
