\BOOKMARK [0][-]{chapter.1}{Systems of Equations and Matrices}{}% 1
\BOOKMARK [1][-]{section.1.1}{Systems of Linear Equations: Gaussian Elimination}{chapter.1}% 2
\BOOKMARK [2][-]{subsection.1.1.1}{Exercises}{section.1.1}% 3
\BOOKMARK [2][-]{subsection.1.1.2}{Answers}{section.1.1}% 4
\BOOKMARK [1][-]{section.1.2}{Systems of Linear Equations: Augmented Matrices}{chapter.1}% 5
\BOOKMARK [2][-]{subsection.1.2.1}{Exercises}{section.1.2}% 6
\BOOKMARK [2][-]{subsection.1.2.2}{Answers}{section.1.2}% 7
\BOOKMARK [1][-]{section.1.3}{Matrix Arithmetic}{chapter.1}% 8
\BOOKMARK [2][-]{subsection.1.3.1}{Exercises}{section.1.3}% 9
\BOOKMARK [2][-]{subsection.1.3.2}{Answers}{section.1.3}% 10
\BOOKMARK [1][-]{section.1.4}{Systems of Linear Equations: Matrix Inverses}{chapter.1}% 11
\BOOKMARK [2][-]{subsection.1.4.1}{Exercises}{section.1.4}% 12
\BOOKMARK [2][-]{subsection.1.4.2}{Answers}{section.1.4}% 13
\BOOKMARK [1][-]{section.1.5}{Determinants and Cramer's Rule}{chapter.1}% 14
\BOOKMARK [2][-]{subsection.1.5.1}{Definition and Properties of the Determinant}{section.1.5}% 15
\BOOKMARK [2][-]{subsection.1.5.2}{Cramer's Rule and Matrix Adjoints}{section.1.5}% 16
\BOOKMARK [2][-]{subsection.1.5.3}{Exercises}{section.1.5}% 17
\BOOKMARK [2][-]{subsection.1.5.4}{Answers}{section.1.5}% 18
\BOOKMARK [1][-]{section.1.6}{Partial Fraction Decomposition}{chapter.1}% 19
\BOOKMARK [2][-]{subsection.1.6.1}{Exercises}{section.1.6}% 20
\BOOKMARK [2][-]{subsection.1.6.2}{Answers}{section.1.6}% 21
\BOOKMARK [1][-]{section.1.7}{Systems of Non-Linear Equations}{chapter.1}% 22
\BOOKMARK [2][-]{subsection.1.7.1}{Exercises}{section.1.7}% 23
\BOOKMARK [2][-]{subsection.1.7.2}{Answers}{section.1.7}% 24
\BOOKMARK [1][-]{section.1.8}{Inequalities and Regions in the Plane}{chapter.1}% 25
\BOOKMARK [2][-]{subsection.1.8.1}{Exercises}{section.1.8}% 26
\BOOKMARK [2][-]{subsection.1.8.2}{Answers}{section.1.8}% 27
