This is pdfTeX, Version 3.14159265-2.6-1.40.18 (MiKTeX 2.9.6350 64-bit) (preloaded format=pdflatex 2017.6.3)  3 JUN 2017 16:48
entering extended mode
**./CompilerSystemsofEquationsandMatrices.tex
(CompilerSystemsofEquationsandMatrices.tex
LaTeX2e <2017-04-15>
Babel <3.10> and hyphenation patterns for 75 language(s) loaded.
("C:\Program Files\MiKTeX 2.9\tex\latex\base\book.cls"
Document Class: book 2014/09/29 v1.4h Standard LaTeX document class
("C:\Program Files\MiKTeX 2.9\tex\latex\base\bk11.clo"
File: bk11.clo 2014/09/29 v1.4h Standard LaTeX file (size option)
)
\c@part=\count79
\c@chapter=\count80
\c@section=\count81
\c@subsection=\count82
\c@subsubsection=\count83
\c@paragraph=\count84
\c@subparagraph=\count85
\c@figure=\count86
\c@table=\count87
\abovecaptionskip=\skip41
\belowcaptionskip=\skip42
\bibindent=\dimen102
) ("C:\Program Files\MiKTeX 2.9\tex\latex\amsfonts\amssymb.sty"
Package: amssymb 2013/01/14 v3.01 AMS font symbols

("C:\Program Files\MiKTeX 2.9\tex\latex\amsfonts\amsfonts.sty"
Package: amsfonts 2013/01/14 v3.01 Basic AMSFonts support
\@emptytoks=\toks14
\symAMSa=\mathgroup4
\symAMSb=\mathgroup5
LaTeX Font Info:    Overwriting math alphabet `\mathfrak' in version `bold'
(Font)                  U/euf/m/n --> U/euf/b/n on input line 106.
))
("C:\Program Files\MiKTeX 2.9\tex\latex\amsmath\amsmath.sty"
Package: amsmath 2016/11/05 v2.16a AMS math features
\@mathmargin=\skip43

For additional information on amsmath, use the `?' option.
("C:\Program Files\MiKTeX 2.9\tex\latex\amsmath\amstext.sty"
Package: amstext 2000/06/29 v2.01 AMS text
 ("C:\Program Files\MiKTeX 2.9\tex\latex\amsmath\amsgen.sty"
File: amsgen.sty 1999/11/30 v2.0 generic functions
\@emptytoks=\toks15
\ex@=\dimen103
)) ("C:\Program Files\MiKTeX 2.9\tex\latex\amsmath\amsbsy.sty"
Package: amsbsy 1999/11/29 v1.2d Bold Symbols
\pmbraise@=\dimen104
)
("C:\Program Files\MiKTeX 2.9\tex\latex\amsmath\amsopn.sty"
Package: amsopn 2016/03/08 v2.02 operator names
)
\inf@bad=\count88
LaTeX Info: Redefining \frac on input line 213.
\uproot@=\count89
\leftroot@=\count90
LaTeX Info: Redefining \overline on input line 375.
\classnum@=\count91
\DOTSCASE@=\count92
LaTeX Info: Redefining \ldots on input line 472.
LaTeX Info: Redefining \dots on input line 475.
LaTeX Info: Redefining \cdots on input line 596.
\Mathstrutbox@=\box26
\strutbox@=\box27
\big@size=\dimen105
LaTeX Font Info:    Redeclaring font encoding OML on input line 712.
LaTeX Font Info:    Redeclaring font encoding OMS on input line 713.
\macc@depth=\count93
\c@MaxMatrixCols=\count94
\dotsspace@=\muskip10
\c@parentequation=\count95
\dspbrk@lvl=\count96
\tag@help=\toks16
\row@=\count97
\column@=\count98
\maxfields@=\count99
\andhelp@=\toks17
\eqnshift@=\dimen106
\alignsep@=\dimen107
\tagshift@=\dimen108
\tagwidth@=\dimen109
\totwidth@=\dimen110
\lineht@=\dimen111
\@envbody=\toks18
\multlinegap=\skip44
\multlinetaggap=\skip45
\mathdisplay@stack=\toks19
LaTeX Info: Redefining \[ on input line 2817.
LaTeX Info: Redefining \] on input line 2818.
) ("C:\Program Files\MiKTeX 2.9\tex\latex\amscls\amsthm.sty"
Package: amsthm 2015/03/04 v2.20.2
\thm@style=\toks20
\thm@bodyfont=\toks21
\thm@headfont=\toks22
\thm@notefont=\toks23
\thm@headpunct=\toks24
\thm@preskip=\skip46
\thm@postskip=\skip47
\thm@headsep=\skip48
\dth@everypar=\toks25
) (C:\Users\Jeff\AppData\Roaming\MiKTeX\2.9\tex\latex\fancyhdr\fancyhdr.sty
Package: fancyhdr 2016/10/11 v3.9 Extensive control of page headers and footers
\f@nch@headwidth=\skip49
\f@nch@O@elh=\skip50
\f@nch@O@erh=\skip51
\f@nch@O@olh=\skip52
\f@nch@O@orh=\skip53
\f@nch@O@elf=\skip54
\f@nch@O@erf=\skip55
\f@nch@O@olf=\skip56
\f@nch@O@orf=\skip57
)
(C:\Users\Jeff\AppData\Roaming\MiKTeX\2.9\tex\latex\supertabular\supertabular.sty
Package: supertabular 2004/02/20 v4.1e the supertabular environment
\c@tracingst=\count100
\ST@wd=\dimen112
\ST@rightskip=\skip58
\ST@leftskip=\skip59
\ST@parfillskip=\skip60
\ST@pageleft=\dimen113
\ST@headht=\dimen114
\ST@tailht=\dimen115
\ST@pagesofar=\dimen116
\ST@pboxht=\dimen117
\ST@lineht=\dimen118
\ST@stretchht=\dimen119
\ST@prevht=\dimen120
\ST@toadd=\dimen121
\ST@dimen=\dimen122
\ST@pbox=\box28
)
("C:\Program Files\MiKTeX 2.9\tex\latex\tools\longtable.sty"
Package: longtable 2014/10/28 v4.11 Multi-page Table package (DPC)
\LTleft=\skip61
\LTright=\skip62
\LTpre=\skip63
\LTpost=\skip64
\LTchunksize=\count101
\LTcapwidth=\dimen123
\LT@head=\box29
\LT@firsthead=\box30
\LT@foot=\box31
\LT@lastfoot=\box32
\LT@cols=\count102
\LT@rows=\count103
\c@LT@tables=\count104
\c@LT@chunks=\count105
\LT@p@ftn=\toks26
) ("C:\Program Files\MiKTeX 2.9\tex\latex\tools\hhline.sty"
Package: hhline 2014/10/28 v2.03 Table rule package (DPC)
) (C:\Users\Jeff\AppData\Roaming\MiKTeX\2.9\tex\latex\colortbl\colortbl.sty
Package: colortbl 2012/02/13 v1.0a Color table columns (DPC)

("C:\Program Files\MiKTeX 2.9\tex\latex\tools\array.sty"
Package: array 2016/10/06 v2.4d Tabular extension package (FMi)
\col@sep=\dimen124
\extrarowheight=\dimen125
\NC@list=\toks27
\extratabsurround=\skip65
\backup@length=\skip66
) ("C:\Program Files\MiKTeX 2.9\tex\latex\graphics\color.sty"
Package: color 2016/07/10 v1.1e Standard LaTeX Color (DPC)

("C:\Program Files\MiKTeX 2.9\tex\latex\graphics-cfg\color.cfg"
File: color.cfg 2016/01/02 v1.6 sample color configuration
)
Package color Info: Driver file: pdftex.def on input line 147.

("C:\Program Files\MiKTeX 2.9\tex\latex\graphics-def\pdftex.def"
File: pdftex.def 2017/01/12 v0.06k Graphics/color for pdfTeX

("C:\Program Files\MiKTeX 2.9\tex\generic\oberdiek\infwarerr.sty"
Package: infwarerr 2016/05/16 v1.4 Providing info/warning/error messages (HO)
)
("C:\Program Files\MiKTeX 2.9\tex\generic\oberdiek\ltxcmds.sty"
Package: ltxcmds 2016/05/16 v1.23 LaTeX kernel commands for general use (HO)
)
\Gread@gobject=\count106
))
\everycr=\toks28
\minrowclearance=\skip67
)
(C:\Users\Jeff\AppData\Roaming\MiKTeX\2.9\tex\latex\import\import.sty
Package: import 2009/03/23  v 5.1
)
("C:\Program Files\MiKTeX 2.9\tex\latex\tools\multicol.sty"
Package: multicol 2017/04/11 v1.8q multicolumn formatting (FMi)
\c@tracingmulticols=\count107
\mult@box=\box33
\multicol@leftmargin=\dimen126
\c@unbalance=\count108
\c@collectmore=\count109
\doublecol@number=\count110
\multicoltolerance=\count111
\multicolpretolerance=\count112
\full@width=\dimen127
\page@free=\dimen128
\premulticols=\dimen129
\postmulticols=\dimen130
\multicolsep=\skip68
\multicolbaselineskip=\skip69
\partial@page=\box34
\last@line=\box35
\maxbalancingoverflow=\dimen131
\mult@rightbox=\box36
\mult@grightbox=\box37
\mult@gfirstbox=\box38
\mult@firstbox=\box39
\@tempa=\box40
\@tempa=\box41
\@tempa=\box42
\@tempa=\box43
\@tempa=\box44
\@tempa=\box45
\@tempa=\box46
\@tempa=\box47
\@tempa=\box48
\@tempa=\box49
\@tempa=\box50
\@tempa=\box51
\@tempa=\box52
\@tempa=\box53
\@tempa=\box54
\@tempa=\box55
\@tempa=\box56
\c@columnbadness=\count113
\c@finalcolumnbadness=\count114
\last@try=\dimen132
\multicolovershoot=\dimen133
\multicolundershoot=\dimen134
\mult@nat@firstbox=\box57
\colbreak@box=\box58
\mc@col@check@num=\count115
)
(C:\Users\Jeff\AppData\Roaming\MiKTeX\2.9\tex\latex\boxedminipage\boxedminipage.sty)
("C:\Program Files\MiKTeX 2.9\tex\latex\multirow\multirow.sty"
Package: multirow 2016/11/25 v2.2 Span multiple rows of a table
\multirow@colwidth=\skip70
\multirow@cntb=\count116
\multirow@dima=\skip71
\bigstrutjot=\dimen135
)
(C:\Users\Jeff\AppData\Roaming\MiKTeX\2.9\tex\latex\chapterfolder\chapterfolder.sty
Package: chapterfolder 2005/11/24 v2.0 Package for dealing with folder

("C:\Program Files\MiKTeX 2.9\tex\latex\base\ifthen.sty"
Package: ifthen 2014/09/29 v1.1c Standard LaTeX ifthen package (DPC)
)
\c@@cf@currentpos=\count117
)
(C:\Users\Jeff\AppData\Roaming\MiKTeX\2.9\tex\generic\mfpic\mfpic.sty
Package: mfpic 2012/12/03 v1.10. Macros for drawing with Metafont/MetaPost.

(C:\Users\Jeff\AppData\Roaming\MiKTeX\2.9\tex\generic\mfpic\mfpic.tex
("C:\Program Files\MiKTeX 2.9\tex\latex\graphics\graphics.sty"
Package: graphics 2017/04/14 v1.1b Standard LaTeX Graphics (DPC,SPQR)
 ("C:\Program Files\MiKTeX 2.9\tex\latex\graphics\trig.sty"
Package: trig 2016/01/03 v1.10 sin cos tan (DPC)
) ("C:\Program Files\MiKTeX 2.9\tex\latex\graphics-cfg\graphics.cfg"
File: graphics.cfg 2016/06/04 v1.11 sample graphics configuration
)
Package graphics Info: Driver file: pdftex.def on input line 99.
)
\mfp@out=\write3
\mfp@graph=\read1
\mfp@count=\count118
\mfp@linetype=\count119
\mfp@sequence=\count120
\mfp@toks=\toks29
\mfp@verbtex=\toks30
\mfp@fdc=\count121
\@wholegraph=\box59
\@textbox=\box60
\@alltlabels=\box61
\@backtext=\box62
\@tlabelstop=\fontdimen 23\mfp@dummy 
\@tlabelsbot=\fontdimen 24\mfp@dummy 
\@tlabelsleft=\fontdimen 25\mfp@dummy 
\@graphright=\fontdimen 26\mfp@dummy 
\@graphleft=\fontdimen 27\mfp@dummy 
\@graphtop=\fontdimen 28\mfp@dummy 
\@graphbot=\fontdimen 29\mfp@dummy 
\tb@raise=\fontdimen 30\mfp@dummy 
\tb@moveright=\fontdimen 31\mfp@dummy 
\tb@totalht=\fontdimen 32\mfp@dummy 
\tlabel@hadj=\fontdimen 33\mfp@dummy 
\tlabel@vadj=\fontdimen 34\mfp@dummy 
\tlabel@sep=\fontdimen 35\mfp@dummy 
\tlpath@sep=\fontdimen 36\mfp@dummy 
\mfpicunit=\fontdimen 37\mfp@dummy 
\@mfpicunit=\fontdimen 38\mfp@dummy 
\pointsize=\fontdimen 39\mfp@dummy 
\shadespace=\fontdimen 40\mfp@dummy 
\polkadotspace=\fontdimen 41\mfp@dummy 
\hatchspace=\fontdimen 42\mfp@dummy 
\headlen=\fontdimen 43\mfp@dummy 
\axisheadlen=\fontdimen 44\mfp@dummy 
\sideheadlen=\fontdimen 45\mfp@dummy 
\hashlen=\fontdimen 46\mfp@dummy 
\dashlen=\fontdimen 47\mfp@dummy 
\dashspace=\fontdimen 48\mfp@dummy 
\dotsize=\fontdimen 49\mfp@dummy 
\griddotsize=\fontdimen 50\mfp@dummy 
\dotspace=\fontdimen 51\mfp@dummy 
\symbolspace=\fontdimen 52\mfp@dummy 
\mfp@scratch=\dimen136
\mfpframesep=\dimen137
\mfpframethickness=\dimen138
\mfpicheight=\dimen139
\mfpicwidth=\dimen140
\mfpiccaptionskip=\skip72
\tl@vpos=\count122
\tl@hpos=\count123
\mfp@commentchar=\count124
))
("C:\Program Files\MiKTeX 2.9\tex\latex\graphics\graphicx.sty"
Package: graphicx 2014/10/28 v1.0g Enhanced LaTeX Graphics (DPC,SPQR)

("C:\Program Files\MiKTeX 2.9\tex\latex\graphics\keyval.sty"
Package: keyval 2014/10/28 v1.15 key=value parser (DPC)
\KV@toks@=\toks31
)
\Gin@req@height=\dimen141
\Gin@req@width=\dimen142
) ("C:\Program Files\MiKTeX 2.9\tex\latex\base\makeidx.sty"
Package: makeidx 2014/09/29 v1.0m Standard LaTeX package
) ("C:\Program Files\MiKTeX 2.9\tex\latex\hyperref\hyperref.sty"
Package: hyperref 2017/03/14 v6.85a Hypertext links for LaTeX

("C:\Program Files\MiKTeX 2.9\tex\generic\oberdiek\hobsub-hyperref.sty"
Package: hobsub-hyperref 2016/05/16 v1.14 Bundle oberdiek, subset hyperref (HO)

("C:\Program Files\MiKTeX 2.9\tex\generic\oberdiek\hobsub-generic.sty"
Package: hobsub-generic 2016/05/16 v1.14 Bundle oberdiek, subset generic (HO)
Package: hobsub 2016/05/16 v1.14 Construct package bundles (HO)
Package hobsub Info: Skipping package `infwarerr' (already loaded).
Package hobsub Info: Skipping package `ltxcmds' (already loaded).
Package: ifluatex 2016/05/16 v1.4 Provides the ifluatex switch (HO)
Package ifluatex Info: LuaTeX not detected.
Package: ifvtex 2016/05/16 v1.6 Detect VTeX and its facilities (HO)
Package ifvtex Info: VTeX not detected.
Package: intcalc 2016/05/16 v1.2 Expandable calculations with integers (HO)
Package: ifpdf 2017/03/15 v3.2 Provides the ifpdf switch
Package: etexcmds 2016/05/16 v1.6 Avoid name clashes with e-TeX commands (HO)
Package etexcmds Info: Could not find \expanded.
(etexcmds)             That can mean that you are not using pdfTeX 1.50 or
(etexcmds)             that some package has redefined \expanded.
(etexcmds)             In the latter case, load this package earlier.
Package: kvsetkeys 2016/05/16 v1.17 Key value parser (HO)
Package: kvdefinekeys 2016/05/16 v1.4 Define keys (HO)
Package: pdftexcmds 2017/03/19 v0.25 Utility functions of pdfTeX for LuaTeX (HO)
Package pdftexcmds Info: LuaTeX not detected.
Package pdftexcmds Info: \pdf@primitive is available.
Package pdftexcmds Info: \pdf@ifprimitive is available.
Package pdftexcmds Info: \pdfdraftmode found.
Package: pdfescape 2016/05/16 v1.14 Implements pdfTeX's escape features (HO)
Package: bigintcalc 2016/05/16 v1.4 Expandable calculations on big integers (HO)
Package: bitset 2016/05/16 v1.2 Handle bit-vector datatype (HO)
Package: uniquecounter 2016/05/16 v1.3 Provide unlimited unique counter (HO)
)
Package hobsub Info: Skipping package `hobsub' (already loaded).
Package: letltxmacro 2016/05/16 v1.5 Let assignment for LaTeX macros (HO)
Package: hopatch 2016/05/16 v1.3 Wrapper for package hooks (HO)
Package: xcolor-patch 2016/05/16 xcolor patch
Package: atveryend 2016/05/16 v1.9 Hooks at the very end of document (HO)
Package atveryend Info: \enddocument detected (standard20110627).
Package: atbegshi 2016/06/09 v1.18 At begin shipout hook (HO)
Package: refcount 2016/05/16 v3.5 Data extraction from label references (HO)
Package: hycolor 2016/05/16 v1.8 Color options for hyperref/bookmark (HO)
)
("C:\Program Files\MiKTeX 2.9\tex\generic\ifxetex\ifxetex.sty"
Package: ifxetex 2010/09/12 v0.6 Provides ifxetex conditional
)
("C:\Program Files\MiKTeX 2.9\tex\latex\oberdiek\auxhook.sty"
Package: auxhook 2016/05/16 v1.4 Hooks for auxiliary files (HO)
)
("C:\Program Files\MiKTeX 2.9\tex\latex\oberdiek\kvoptions.sty"
Package: kvoptions 2016/05/16 v3.12 Key value format for package options (HO)
)
\@linkdim=\dimen143
\Hy@linkcounter=\count125
\Hy@pagecounter=\count126

("C:\Program Files\MiKTeX 2.9\tex\latex\hyperref\pd1enc.def"
File: pd1enc.def 2017/03/14 v6.85a Hyperref: PDFDocEncoding definition (HO)
)
\Hy@SavedSpaceFactor=\count127

("C:\Program Files\MiKTeX 2.9\tex\latex\00miktex\hyperref.cfg"
File: hyperref.cfg 2002/06/06 v1.2 hyperref configuration of TeXLive
)
Package hyperref Info: Option `colorlinks' set `true' on input line 4374.
Package hyperref Info: Option `hyperindex' set `true' on input line 4374.
Package hyperref Info: Option `plainpages' set `false' on input line 4374.
Package hyperref Info: Option `pdfpagelabels' set `true' on input line 4374.
Package hyperref Info: Hyper figures OFF on input line 4498.
Package hyperref Info: Link nesting OFF on input line 4503.
Package hyperref Info: Hyper index ON on input line 4506.
Package hyperref Info: Plain pages OFF on input line 4513.
Package hyperref Info: Backreferencing OFF on input line 4518.
Package hyperref Info: Implicit mode ON; LaTeX internals redefined.
Package hyperref Info: Bookmarks ON on input line 4751.
\c@Hy@tempcnt=\count128

(C:\Users\Jeff\AppData\Roaming\MiKTeX\2.9\tex\latex\url\url.sty
\Urlmuskip=\muskip11
Package: url 2013/09/16  ver 3.4  Verb mode for urls, etc.
)
LaTeX Info: Redefining \url on input line 5104.
\XeTeXLinkMargin=\dimen144
\Fld@menulength=\count129
\Field@Width=\dimen145
\Fld@charsize=\dimen146
Package hyperref Info: Hyper figures OFF on input line 6358.
Package hyperref Info: Link nesting OFF on input line 6363.
Package hyperref Info: Hyper index ON on input line 6366.
Package hyperref Info: backreferencing OFF on input line 6373.
Package hyperref Info: Link coloring ON on input line 6376.
Package hyperref Info: Link coloring with OCG OFF on input line 6383.
Package hyperref Info: PDF/A mode OFF on input line 6388.
LaTeX Info: Redefining \ref on input line 6428.
LaTeX Info: Redefining \pageref on input line 6432.
\Hy@abspage=\count130
\c@Item=\count131
\c@Hfootnote=\count132
)

Package hyperref Message: Driver (autodetected): hpdftex.

("C:\Program Files\MiKTeX 2.9\tex\latex\hyperref\hpdftex.def"
File: hpdftex.def 2017/03/14 v6.85a Hyperref driver for pdfTeX
\Fld@listcount=\count133
\c@bookmark@seq@number=\count134

("C:\Program Files\MiKTeX 2.9\tex\latex\oberdiek\rerunfilecheck.sty"
Package: rerunfilecheck 2016/05/16 v1.8 Rerun checks for auxiliary files (HO)
Package uniquecounter Info: New unique counter `rerunfilecheck' on input line 282.
)
\Hy@SectionHShift=\skip73
)
("C:\Program Files\MiKTeX 2.9\tex\latex\oberdiek\hypcap.sty"
Package: hypcap 2016/05/16 v1.12 Adjusting the anchors of captions (HO)
)
(C:\Users\Jeff\AppData\Roaming\MiKTeX\2.9\tex\latex\cancel\cancel.sty
Package: cancel 2013/04/12 v2.2 Cancel math terms
)
(C:\Users\Jeff\AppData\Roaming\MiKTeX\2.9\tex\latex\sectsty\sectsty.sty
Package: sectsty 2002/02/25 v2.0.2 Commands to change all sectional heading styles
)
("C:\Program Files\MiKTeX 2.9\tex\latex\base\textcomp.sty"
Package: textcomp 2017/04/05 v2.0i Standard LaTeX package
Package textcomp Info: Sub-encoding information:
(textcomp)               5 = only ISO-Adobe without \textcurrency
(textcomp)               4 = 5 + \texteuro
(textcomp)               3 = 4 + \textohm
(textcomp)               2 = 3 + \textestimated + \textcurrency
(textcomp)               1 = TS1 - \textcircled - \t
(textcomp)               0 = TS1 (full)
(textcomp)             Font families with sub-encoding setting implement
(textcomp)             only a restricted character set as indicated.
(textcomp)             Family '?' is the default used for unknown fonts.
(textcomp)             See the documentation for details.
Package textcomp Info: Setting ? sub-encoding to TS1/1 on input line 79.
 ("C:\Program Files\MiKTeX 2.9\tex\latex\base\ts1enc.def"
File: ts1enc.def 2001/06/05 v3.0e (jk/car/fm) Standard LaTeX file
)
LaTeX Info: Redefining \oldstylenums on input line 334.
Package textcomp Info: Setting cmr sub-encoding to TS1/0 on input line 349.
Package textcomp Info: Setting cmss sub-encoding to TS1/0 on input line 350.
Package textcomp Info: Setting cmtt sub-encoding to TS1/0 on input line 351.
Package textcomp Info: Setting cmvtt sub-encoding to TS1/0 on input line 352.
Package textcomp Info: Setting cmbr sub-encoding to TS1/0 on input line 353.
Package textcomp Info: Setting cmtl sub-encoding to TS1/0 on input line 354.
Package textcomp Info: Setting ccr sub-encoding to TS1/0 on input line 355.
Package textcomp Info: Setting ptm sub-encoding to TS1/4 on input line 356.
Package textcomp Info: Setting pcr sub-encoding to TS1/4 on input line 357.
Package textcomp Info: Setting phv sub-encoding to TS1/4 on input line 358.
Package textcomp Info: Setting ppl sub-encoding to TS1/3 on input line 359.
Package textcomp Info: Setting pag sub-encoding to TS1/4 on input line 360.
Package textcomp Info: Setting pbk sub-encoding to TS1/4 on input line 361.
Package textcomp Info: Setting pnc sub-encoding to TS1/4 on input line 362.
Package textcomp Info: Setting pzc sub-encoding to TS1/4 on input line 363.
Package textcomp Info: Setting bch sub-encoding to TS1/4 on input line 364.
Package textcomp Info: Setting put sub-encoding to TS1/5 on input line 365.
Package textcomp Info: Setting uag sub-encoding to TS1/5 on input line 366.
Package textcomp Info: Setting ugq sub-encoding to TS1/5 on input line 367.
Package textcomp Info: Setting ul8 sub-encoding to TS1/4 on input line 368.
Package textcomp Info: Setting ul9 sub-encoding to TS1/4 on input line 369.
Package textcomp Info: Setting augie sub-encoding to TS1/5 on input line 370.
Package textcomp Info: Setting dayrom sub-encoding to TS1/3 on input line 371.
Package textcomp Info: Setting dayroms sub-encoding to TS1/3 on input line 372.
Package textcomp Info: Setting pxr sub-encoding to TS1/0 on input line 373.
Package textcomp Info: Setting pxss sub-encoding to TS1/0 on input line 374.
Package textcomp Info: Setting pxtt sub-encoding to TS1/0 on input line 375.
Package textcomp Info: Setting txr sub-encoding to TS1/0 on input line 376.
Package textcomp Info: Setting txss sub-encoding to TS1/0 on input line 377.
Package textcomp Info: Setting txtt sub-encoding to TS1/0 on input line 378.
Package textcomp Info: Setting lmr sub-encoding to TS1/0 on input line 379.
Package textcomp Info: Setting lmdh sub-encoding to TS1/0 on input line 380.
Package textcomp Info: Setting lmss sub-encoding to TS1/0 on input line 381.
Package textcomp Info: Setting lmssq sub-encoding to TS1/0 on input line 382.
Package textcomp Info: Setting lmvtt sub-encoding to TS1/0 on input line 383.
Package textcomp Info: Setting lmtt sub-encoding to TS1/0 on input line 384.
Package textcomp Info: Setting qhv sub-encoding to TS1/0 on input line 385.
Package textcomp Info: Setting qag sub-encoding to TS1/0 on input line 386.
Package textcomp Info: Setting qbk sub-encoding to TS1/0 on input line 387.
Package textcomp Info: Setting qcr sub-encoding to TS1/0 on input line 388.
Package textcomp Info: Setting qcs sub-encoding to TS1/0 on input line 389.
Package textcomp Info: Setting qpl sub-encoding to TS1/0 on input line 390.
Package textcomp Info: Setting qtm sub-encoding to TS1/0 on input line 391.
Package textcomp Info: Setting qzc sub-encoding to TS1/0 on input line 392.
Package textcomp Info: Setting qhvc sub-encoding to TS1/0 on input line 393.
Package textcomp Info: Setting futs sub-encoding to TS1/4 on input line 394.
Package textcomp Info: Setting futx sub-encoding to TS1/4 on input line 395.
Package textcomp Info: Setting futj sub-encoding to TS1/4 on input line 396.
Package textcomp Info: Setting hlh sub-encoding to TS1/3 on input line 397.
Package textcomp Info: Setting hls sub-encoding to TS1/3 on input line 398.
Package textcomp Info: Setting hlst sub-encoding to TS1/3 on input line 399.
Package textcomp Info: Setting hlct sub-encoding to TS1/5 on input line 400.
Package textcomp Info: Setting hlx sub-encoding to TS1/5 on input line 401.
Package textcomp Info: Setting hlce sub-encoding to TS1/5 on input line 402.
Package textcomp Info: Setting hlcn sub-encoding to TS1/5 on input line 403.
Package textcomp Info: Setting hlcw sub-encoding to TS1/5 on input line 404.
Package textcomp Info: Setting hlcf sub-encoding to TS1/5 on input line 405.
Package textcomp Info: Setting pplx sub-encoding to TS1/3 on input line 406.
Package textcomp Info: Setting pplj sub-encoding to TS1/3 on input line 407.
Package textcomp Info: Setting ptmx sub-encoding to TS1/4 on input line 408.
Package textcomp Info: Setting ptmj sub-encoding to TS1/4 on input line 409.
)
\c@defn=\count135
\c@thm=\count136
\c@eqn=\count137
\c@ex=\count138
\c@fig=\count139

("C:\Program Files\MiKTeX 2.9\tex\latex\psnfss\helvet.sty"
Package: helvet 2005/04/12 PSNFSS-v9.2a (WaS) 
)
(C:\Users\Jeff\AppData\Roaming\MiKTeX\2.9\tex\latex\sfmath\sfmath.sty
Package: sfmath 2007/08/27 v0.8 sans serif maths
LaTeX Font Info:    Overwriting symbol font `operators' in version `normal'
(Font)                  OT1/cmr/m/n --> OT1/phv/m/n on input line 329.
LaTeX Font Info:    Overwriting symbol font `operators' in version `bold'
(Font)                  OT1/cmr/bx/n --> OT1/phv/bx/n on input line 330.
\symSFMath=\mathgroup6
LaTeX Font Info:    Overwriting symbol font `SFMath' in version `normal'
(Font)                  OT1/phv/m/sl --> OT1/phv/m/sl on input line 343.
LaTeX Font Info:    Overwriting symbol font `SFMath' in version `bold'
(Font)                  OT1/phv/m/sl --> OT1/phv/bx/sl on input line 344.
LaTeX Font Info:    Redeclaring math symbol \imath on input line 398.
LaTeX Font Info:    Redeclaring math symbol \jmath on input line 399.
\symSFMathUp=\mathgroup7
LaTeX Font Info:    Overwriting symbol font `SFMathUp' in version `normal'
(Font)                  OT1/phv/m/n --> OT1/phv/m/n on input line 406.
LaTeX Font Info:    Overwriting symbol font `SFMathUp' in version `bold'
(Font)                  OT1/phv/m/n --> OT1/phv/bx/n on input line 407.
LaTeX Font Info:    Redeclaring math symbol \ldotp on input line 410.
\symSFMathGreek=\mathgroup8
LaTeX Font Info:    Overwriting symbol font `SFMathGreek' in version `normal'
(Font)                  OT1/cmss/m/n --> OT1/cmss/m/n on input line 419.
LaTeX Font Info:    Overwriting symbol font `SFMathGreek' in version `bold'
(Font)                  OT1/cmss/m/n --> OT1/cmss/bx/n on input line 420.
LaTeX Font Info:    Redeclaring math symbol \Gamma on input line 422.
LaTeX Font Info:    Redeclaring math symbol \Delta on input line 423.
LaTeX Font Info:    Redeclaring math symbol \Theta on input line 424.
LaTeX Font Info:    Redeclaring math symbol \Lambda on input line 425.
LaTeX Font Info:    Redeclaring math symbol \Xi on input line 426.
LaTeX Font Info:    Redeclaring math symbol \Pi on input line 427.
LaTeX Font Info:    Redeclaring math symbol \Sigma on input line 428.
LaTeX Font Info:    Redeclaring math symbol \Upsilon on input line 429.
LaTeX Font Info:    Redeclaring math symbol \Phi on input line 430.
LaTeX Font Info:    Redeclaring math symbol \Psi on input line 431.
LaTeX Font Info:    Redeclaring math symbol \Omega on input line 432.
\symSFMathUpGreek=\mathgroup9
LaTeX Font Info:    Overwriting symbol font `SFMathUpGreek' in version `normal'
(Font)                  OT1/cmss/m/n --> OT1/cmss/m/n on input line 436.
LaTeX Font Info:    Overwriting symbol font `SFMathUpGreek' in version `bold'
(Font)                  OT1/cmss/m/n --> OT1/cmss/bx/n on input line 437.
LaTeX Font Info:    Overwriting math alphabet `\mathnormal' in version `normal'
(Font)                  OML/cmm/m/it --> OT1/phv/m/sl on input line 446.
LaTeX Font Info:    Overwriting math alphabet `\mathnormal' in version `bold'
(Font)                  OML/cmm/b/it --> OT1/phv/bx/sl on input line 447.
LaTeX Font Info:    Overwriting math alphabet `\mathrm' in version `normal'
(Font)                  OT1/phv/m/n --> OT1/phv/m/n on input line 449.
LaTeX Font Info:    Overwriting math alphabet `\mathrm' in version `bold'
(Font)                  OT1/phv/bx/n --> OT1/phv/bx/n on input line 450.
LaTeX Font Info:    Overwriting math alphabet `\mathbf' in version `normal'
(Font)                  OT1/cmr/bx/n --> OT1/phv/bx/n on input line 452.
LaTeX Font Info:    Overwriting math alphabet `\mathbf' in version `bold'
(Font)                  OT1/cmr/bx/n --> OT1/phv/bx/n on input line 453.
LaTeX Font Info:    Overwriting math alphabet `\mathit' in version `normal'
(Font)                  OT1/cmr/m/it --> OT1/phv/m/sl on input line 455.
LaTeX Font Info:    Overwriting math alphabet `\mathit' in version `bold'
(Font)                  OT1/cmr/bx/it --> OT1/phv/bx/sl on input line 456.
LaTeX Font Info:    Overwriting math alphabet `\mathsf' in version `normal'
(Font)                  OT1/cmss/m/n --> OT1/phv/m/n on input line 458.
LaTeX Font Info:    Overwriting math alphabet `\mathsf' in version `bold'
(Font)                  OT1/cmss/bx/n --> OT1/phv/bx/n on input line 459.
LaTeX Font Info:    Overwriting math alphabet `\mathsl' in version `bold'
(Font)                  OT1/phv/m/sl --> OT1/phv/bx/sl on input line 466.
) (CompilerSystemsofEquationsandMatrices.aux
(SystemsofEquationsandMatrices.aux))
\openout1 = `CompilerSystemsofEquationsandMatrices.aux'.

LaTeX Font Info:    Checking defaults for OML/cmm/m/it on input line 42.
LaTeX Font Info:    ... okay on input line 42.
LaTeX Font Info:    Checking defaults for T1/cmr/m/n on input line 42.
LaTeX Font Info:    ... okay on input line 42.
LaTeX Font Info:    Checking defaults for OT1/cmr/m/n on input line 42.
LaTeX Font Info:    ... okay on input line 42.
LaTeX Font Info:    Checking defaults for OMS/cmsy/m/n on input line 42.
LaTeX Font Info:    ... okay on input line 42.
LaTeX Font Info:    Checking defaults for OMX/cmex/m/n on input line 42.
LaTeX Font Info:    ... okay on input line 42.
LaTeX Font Info:    Checking defaults for U/cmr/m/n on input line 42.
LaTeX Font Info:    ... okay on input line 42.
LaTeX Font Info:    Checking defaults for PD1/pdf/m/n on input line 42.
LaTeX Font Info:    ... okay on input line 42.
LaTeX Font Info:    Checking defaults for TS1/cmr/m/n on input line 42.
LaTeX Font Info:    Try loading font information for TS1+cmr on input line 42.
 ("C:\Program Files\MiKTeX 2.9\tex\latex\base\ts1cmr.fd"
File: ts1cmr.fd 2014/09/29 v2.5h Standard LaTeX font definitions
)
LaTeX Font Info:    ... okay on input line 42.
LaTeX Font Info:    Try loading font information for OT1+phv on input line 42.

("C:\Program Files\MiKTeX 2.9\tex\latex\psnfss\ot1phv.fd"
File: ot1phv.fd 2001/06/04 scalable font definitions for OT1/phv.
)
LaTeX Font Info:    Font shape `OT1/phv/m/n' will be
(Font)              scaled to size 10.07397pt on input line 42.

(C:\Users\Jeff\AppData\Roaming\MiKTeX\2.9\tex\context\base\supp-pdf.mkii
[Loading MPS to PDF converter (version 2006.09.02).]
\scratchcounter=\count140
\scratchdimen=\dimen147
\scratchbox=\box63
\nofMPsegments=\count141
\nofMParguments=\count142
\everyMPshowfont=\toks32
\MPscratchCnt=\count143
\MPscratchDim=\dimen148
\MPnumerator=\count144
\makeMPintoPDFobject=\count145
\everyMPtoPDFconversion=\toks33
) ("C:\Program Files\MiKTeX 2.9\tex\latex\oberdiek\epstopdf-base.sty"
Package: epstopdf-base 2016/05/15 v2.6 Base part for package epstopdf

("C:\Program Files\MiKTeX 2.9\tex\latex\oberdiek\grfext.sty"
Package: grfext 2016/05/16 v1.2 Manage graphics extensions (HO)
)
Package epstopdf-base Info: Redefining graphics rule for `.eps' on input line 438.
Package grfext Info: Graphics extension search list:
(grfext)             [.png,.pdf,.jpg,.mps,.jpeg,.jbig2,.jb2,.PNG,.PDF,.JPG,.JPEG,.JBIG2,.JB2,.eps]
(grfext)             \AppendGraphicsExtensions on input line 456.
)
\AtBeginShipoutBox=\box64
Package hyperref Info: Link coloring ON on input line 42.

("C:\Program Files\MiKTeX 2.9\tex\latex\hyperref\nameref.sty"
Package: nameref 2016/05/21 v2.44 Cross-referencing by name of section

("C:\Program Files\MiKTeX 2.9\tex\generic\oberdiek\gettitlestring.sty"
Package: gettitlestring 2016/05/16 v1.5 Cleanup title references (HO)
)
\c@section@level=\count146
)
LaTeX Info: Redefining \ref on input line 42.
LaTeX Info: Redefining \pageref on input line 42.
LaTeX Info: Redefining \nameref on input line 42.
 (CompilerSystemsofEquationsandMatrices.out)
(CompilerSystemsofEquationsandMatrices.out)
\@outlinefile=\write4
\openout4 = `CompilerSystemsofEquationsandMatrices.out'.

\c@HW=\count147
\c@HWindent=\count148

Chapter 1.
LaTeX Font Info:    Font shape `OT1/phv/m/n' will be
(Font)              scaled to size 19.08076pt on input line 47.
LaTeX Font Info:    Font shape `OT1/phv/bx/n' in size <20.74> not available
(Font)              Font shape `OT1/phv/b/n' tried instead on input line 47.
LaTeX Font Info:    Font shape `OT1/phv/b/n' will be
(Font)              scaled to size 19.08076pt on input line 47.
LaTeX Font Info:    Font shape `OT1/phv/m/n' will be
(Font)              scaled to size 22.88956pt on input line 47.
LaTeX Font Info:    Font shape `OT1/phv/bx/n' in size <24.88> not available
(Font)              Font shape `OT1/phv/b/n' tried instead on input line 47.
LaTeX Font Info:    Font shape `OT1/phv/b/n' will be
(Font)              scaled to size 22.88956pt on input line 47.
LaTeX Font Info:    Font shape `OT1/phv/m/sc' will be
(Font)              scaled to size 22.88956pt on input line 47.
[1


{C:/ProgramData/MiKTeX/2.9/pdftex/config/pdftex.map}]
\openout2 = `SystemsofEquationsandMatrices.aux'.

 (SystemsofEquationsandMatrices.tex
LaTeX Font Info:    Font shape `OT1/phv/m/n' will be
(Font)              scaled to size 13.24796pt on input line 1.
LaTeX Font Info:    Font shape `OT1/phv/bx/n' in size <14.4> not available
(Font)              Font shape `OT1/phv/b/n' tried instead on input line 1.
LaTeX Font Info:    Font shape `OT1/phv/b/n' will be
(Font)              scaled to size 13.24796pt on input line 1.
 (LinSystems.tex

Mfpic: No file LinSystems.1.

Mfpic: Initializing LinSystems.mp.
\openout3 = `LinSystems.mp'.

Mfpic: Don't forget to process LinSystems.mp!
Mfpic: Apply metapost to LinSystems.mp.
Mfpic: Then reprocess this file "CompilerSystemsofEquationsandMatrices".

LaTeX Font Info:    Font shape `OT1/phv/m/n' will be
(Font)              scaled to size 7.35999pt on input line 11.
LaTeX Font Info:    Font shape `OT1/phv/m/n' will be
(Font)              scaled to size 5.51999pt on input line 11.
LaTeX Font Info:    Try loading font information for U+msa on input line 11.
("C:\Program Files\MiKTeX 2.9\tex\latex\amsfonts\umsa.fd"
File: umsa.fd 2013/01/14 v3.01 AMS symbols A
)
LaTeX Font Info:    Try loading font information for U+msb on input line 11.
 ("C:\Program Files\MiKTeX 2.9\tex\latex\amsfonts\umsb.fd"
File: umsb.fd 2013/01/14 v3.01 AMS symbols B
)
LaTeX Font Info:    Font shape `OT1/phv/m/sl' will be
(Font)              scaled to size 10.07397pt on input line 11.
LaTeX Font Info:    Font shape `OT1/phv/m/sl' will be
(Font)              scaled to size 7.35999pt on input line 11.
LaTeX Font Info:    Font shape `OT1/phv/m/sl' will be
(Font)              scaled to size 5.51999pt on input line 11.
LaTeX Font Info:    Font shape `OT1/phv/m/it' in size <10.95> not available
(Font)              Font shape `OT1/phv/m/sl' tried instead on input line 11.
LaTeX Font Info:    Font shape `OT1/phv/m/sl' will be
(Font)              scaled to size 10.07397pt on input line 11.
LaTeX Font Info:    Font shape `OT1/phv/bx/n' in size <10.95> not available
(Font)              Font shape `OT1/phv/b/n' tried instead on input line 13.
LaTeX Font Info:    Font shape `OT1/phv/b/n' will be
(Font)              scaled to size 10.07397pt on input line 13.


LaTeX Warning: Reference `AppLinearSystems' on page 2 undefined on input line 13.

LaTeX Font Info:    Font shape `OT1/phv/m/sc' will be
(Font)              scaled to size 10.07397pt on input line 28.
LaTeX Font Info:    Font shape `OT1/phv/bx/it' in size <10.95> not available
(Font)              Font shape `OT1/phv/b/it' tried instead on input line 28.
LaTeX Font Info:    Font shape `OT1/phv/b/it' in size <10.95> not available
(Font)              Font shape `OT1/phv/b/sl' tried instead on input line 28.
LaTeX Font Info:    Font shape `OT1/phv/b/sl' will be
(Font)              scaled to size 10.07397pt on input line 28.
LaTeX Font Info:    Font shape `OT1/phv/m/n' will be
(Font)              scaled to size 4.59999pt on input line 28.
LaTeX Font Info:    Font shape `OT1/phv/m/sl' will be
(Font)              scaled to size 4.59999pt on input line 28.
LaTeX Font Info:    Font shape `OT1/phv/m/n' will be
(Font)              scaled to size 8.27998pt on input line 36.
LaTeX Font Info:    Font shape `OT1/phv/m/sl' will be
(Font)              scaled to size 8.27998pt on input line 36.
LaTeX Font Info:    Try loading font information for TS1+phv on input line 57.
("C:\Program Files\MiKTeX 2.9\tex\latex\psnfss\ts1phv.fd"
File: ts1phv.fd 2001/06/04 scalable font definitions for TS1/phv.
)
LaTeX Font Info:    Font shape `TS1/phv/m/n' will be
(Font)              scaled to size 10.07397pt on input line 57.
LaTeX Font Info:    Font shape `OT1/phv/m/it' in size <8> not available
(Font)              Font shape `OT1/phv/m/sl' tried instead on input line 57.
LaTeX Font Info:    Font shape `OT1/phv/m/sl' will be
(Font)              scaled to size 7.35999pt on input line 57.
LaTeX Font Info:    Font shape `OT1/phv/m/it' in size <6> not available
(Font)              Font shape `OT1/phv/m/sl' tried instead on input line 57.
LaTeX Font Info:    Font shape `OT1/phv/m/sl' will be
(Font)              scaled to size 5.51999pt on input line 57.
 [2

]
LaTeX Font Info:    Font shape `OT1/phv/bx/n' in size <9> not available
(Font)              Font shape `OT1/phv/b/n' tried instead on input line 73.
LaTeX Font Info:    Font shape `OT1/phv/b/n' will be
(Font)              scaled to size 8.27998pt on input line 73.


LaTeX Warning: Reference `orderedtripleexercise' on page 3 undefined on input line 73.


LaTeX Warning: Reference `AppCartesianPlane' on page 3 undefined on input line 73.


LaTeX Warning: Reference `AppLinSys' on page 3 undefined on input line 77.

<./LinSystemsGraphics/3planes01.jpg, id=135, 385.44pt x 385.44pt>
File: ./LinSystemsGraphics/3planes01.jpg Graphic file (type jpg)
 <use ./LinSystemsGraphics/3planes01.jpg>
Package pdftex.def Info: ./LinSystemsGraphics/3planes01.jpg used on input line 79.
(pdftex.def)             Requested size: 216.81pt x 216.80946pt.
 [3 <./LinSystemsGraphics/3planes01.jpg>]

LaTeX Warning: Reference `AppLinSys' on page 4 undefined on input line 118.

[4] [5]

LaTeX Warning: Reference `AppLinSys' on page 6 undefined on input line 311.

[6] [7] [8] [9]
LaTeX Font Info:    Font shape `OT1/phv/m/n' will be
(Font)              scaled to size 11.03998pt on input line 703.
LaTeX Font Info:    Font shape `OT1/phv/bx/n' in size <12> not available
(Font)              Font shape `OT1/phv/b/n' tried instead on input line 703.
LaTeX Font Info:    Font shape `OT1/phv/b/n' will be
(Font)              scaled to size 11.03998pt on input line 703.
 (ExercisesforLinSystems.tex [10] [11] [12]
Overfull \vbox (13.91104pt too high) has occurred while \output is active []

 [13])) [14] (AugMatrices.tex

Mfpic: No file AugMatrices.1.

Mfpic: Initializing AugMatrices.mp.
\openout3 = `AugMatrices.mp'.

Mfpic: Don't forget to process AugMatrices.mp!
Mfpic: Apply metapost to AugMatrices.mp.
Mfpic: Then reprocess this file "CompilerSystemsofEquationsandMatrices".


LaTeX Warning: Reference `Polydivision' on page 15 undefined on input line 11.

[15] [16] [17] [18] [19]

LaTeX Warning: Reference `quadraticfunction' on page 20 undefined on input line 692.

[20] <./AugMatricesGraphics/RREF01.jpg, id=364, 95.8782pt x 65.5248pt>
File: ./AugMatricesGraphics/RREF01.jpg Graphic file (type jpg)
 <use ./AugMatricesGraphics/RREF01.jpg>
Package pdftex.def Info: ./AugMatricesGraphics/RREF01.jpg used on input line 720.
(pdftex.def)             Requested size: 144.54pt x 98.78384pt.

<./AugMatricesGraphics/QUADFIT01.jpg, id=365, 95.8782pt x 65.5248pt>
File: ./AugMatricesGraphics/QUADFIT01.jpg Graphic file (type jpg)
 <use ./AugMatricesGraphics/QUADFIT01.jpg>
Package pdftex.def Info: ./AugMatricesGraphics/QUADFIT01.jpg used on input line 720.
(pdftex.def)             Requested size: 144.54pt x 98.78384pt.
 [21 <./AugMatricesGraphics/RREF01.jpg> <./AugMatricesGraphics/QUADFIT01.jpg>] (ExercisesforAugMatrices.tex [22]

LaTeX Warning: Reference `slopeintercept' on page 23 undefined on input line 231.

[23] [24] [25])) [26] (MatArithmetic.tex

Mfpic: Initializing MatArithmetic.mp.
\openout3 = `MatArithmetic.mp'.

Mfpic: Don't forget to process MatArithmetic.mp!
Mfpic: Apply metapost to MatArithmetic.mp.
Mfpic: Then reprocess this file "CompilerSystemsofEquationsandMatrices".


Overfull \vbox (1.36847pt too high) has occurred while \output is active []

 [27]

LaTeX Warning: Reference `FunctionArithmetic' on page 28 undefined on input line 72.


LaTeX Warning: Reference `FunctionComposition' on page 28 undefined on input line 72.

[28]
Overfull \hbox (1.63164pt too wide) in paragraph at lines 163--165
[][][][][][][]  
 []

[29] [30] [31] [32]
LaTeX Font Info:    Font shape `OT1/phv/bx/n' in size <8> not available
(Font)              Font shape `OT1/phv/b/n' tried instead on input line 321.
LaTeX Font Info:    Font shape `OT1/phv/b/n' will be
(Font)              scaled to size 7.35999pt on input line 321.
LaTeX Font Info:    Font shape `OT1/phv/bx/n' in size <6> not available
(Font)              Font shape `OT1/phv/b/n' tried instead on input line 321.
LaTeX Font Info:    Font shape `OT1/phv/b/n' will be
(Font)              scaled to size 5.51999pt on input line 321.
LaTeX Font Info:    Font shape `OT1/phv/bx/sl' in size <10.95> not available
(Font)              Font shape `OT1/phv/b/sl' tried instead on input line 321.
LaTeX Font Info:    Font shape `OT1/phv/b/sl' will be
(Font)              scaled to size 10.07397pt on input line 321.
LaTeX Font Info:    Font shape `OT1/phv/bx/sl' in size <8> not available
(Font)              Font shape `OT1/phv/b/sl' tried instead on input line 321.
LaTeX Font Info:    Font shape `OT1/phv/b/sl' will be
(Font)              scaled to size 7.35999pt on input line 321.
LaTeX Font Info:    Font shape `OT1/phv/bx/sl' in size <6> not available
(Font)              Font shape `OT1/phv/b/sl' tried instead on input line 321.
LaTeX Font Info:    Font shape `OT1/phv/b/sl' will be
(Font)              scaled to size 5.51999pt on input line 321.
 [33]
Overfull \hbox (1.63164pt too wide) in paragraph at lines 395--397
[][][][][][][]  
 []

[34] [35] [36]
File: MatArithmetic.1 Graphic file (type mps)
 [MP to PDF] (MatArithmetic.1)
File: MatArithmetic.2 Graphic file (type mps)
 [MP to PDF] (MatArithmetic.2)
LaTeX Font Info:    Font shape `OT1/phv/bx/n' in size <5> not available
(Font)              Font shape `OT1/phv/b/n' tried instead on input line 589.
LaTeX Font Info:    Font shape `OT1/phv/b/n' will be
(Font)              scaled to size 4.59999pt on input line 589.
LaTeX Font Info:    Font shape `OT1/phv/bx/sl' in size <5> not available
(Font)              Font shape `OT1/phv/b/sl' tried instead on input line 589.
LaTeX Font Info:    Font shape `OT1/phv/b/sl' will be
(Font)              scaled to size 4.59999pt on input line 589.
 [37] [38] (ExercisesforMatArithmetic.tex
[39] [40] [41] [42]
Overfull \hbox (0.45998pt too wide) in paragraph at lines 300--301
[]$\OMS/cmsy/m/n/10.95  \OT1/phv/m/sl/10.95 B \OT1/phv/m/n/10.95 = []$ 
 []


Underfull \vbox (badness 1466) has occurred while \output is active []

 [43] [44])) [45] (MatMethods.tex

Mfpic: No file MatMethods.1.

Mfpic: Initializing MatMethods.mp.
\openout3 = `MatMethods.mp'.

Mfpic: Don't forget to process MatMethods.mp!
Mfpic: Apply metapost to MatMethods.mp.
Mfpic: Then reprocess this file "CompilerSystemsofEquationsandMatrices".

[46] [47]
LaTeX Font Info:    Font shape `OT1/phv/m/it' in size <12> not available
(Font)              Font shape `OT1/phv/m/sl' tried instead on input line 196.
LaTeX Font Info:    Font shape `OT1/phv/m/sl' will be
(Font)              scaled to size 11.03998pt on input line 196.
 [48]

LaTeX Warning: Reference `InverseFunctions' on page 49 undefined on input line 257.

[49]

LaTeX Warning: Reference `inversefunctionprops' on page 50 undefined on input line 301.

[50] [51] <./MatMethodsGraphics/CircuitDiagram01.pdf, id=747, 333.98886pt x 223.2077pt>
File: ./MatMethodsGraphics/CircuitDiagram01.pdf Graphic file (type pdf)

<use ./MatMethodsGraphics/CircuitDiagram01.pdf>
Package pdftex.def Info: ./MatMethodsGraphics/CircuitDiagram01.pdf used on input line 483.
(pdftex.def)             Requested size: 333.98804pt x 223.20715pt.
 [52] [53 <./MatMethodsGraphics/CircuitDiagram01.pdf>]
<./MatMethodsGraphics/MATRIXINVERSE01.jpg, id=790, 95.8782pt x 65.5248pt>
File: ./MatMethodsGraphics/MATRIXINVERSE01.jpg Graphic file (type jpg)

<use ./MatMethodsGraphics/MATRIXINVERSE01.jpg>
Package pdftex.def Info: ./MatMethodsGraphics/MATRIXINVERSE01.jpg used on input line 549.
(pdftex.def)             Requested size: 144.54pt x 98.78384pt.

<./MatMethodsGraphics/MATRIXINVERSE02.jpg, id=791, 95.8782pt x 65.5248pt>
File: ./MatMethodsGraphics/MATRIXINVERSE02.jpg Graphic file (type jpg)

<use ./MatMethodsGraphics/MATRIXINVERSE02.jpg>
Package pdftex.def Info: ./MatMethodsGraphics/MATRIXINVERSE02.jpg used on input line 551.
(pdftex.def)             Requested size: 144.54pt x 98.78384pt.

<./MatMethodsGraphics/MATRIXINVERSE03.jpg, id=792, 95.8782pt x 65.5248pt>
File: ./MatMethodsGraphics/MATRIXINVERSE03.jpg Graphic file (type jpg)

<use ./MatMethodsGraphics/MATRIXINVERSE03.jpg>
Package pdftex.def Info: ./MatMethodsGraphics/MATRIXINVERSE03.jpg used on input line 578.
(pdftex.def)             Requested size: 144.54pt x 98.78384pt.
 (ExercisesforMatMethods.tex [54 <./MatMethodsGraphics/MATRIXINVERSE01.jpg> <./MatMethodsGraphics/MATRIXINVERSE02.jpg> <
./MatMethodsGraphics/MATRIXINVERSE03.jpg>] [55] [56]

LaTeX Warning: Reference `fcircginverse' on page 57 undefined on input line 136.


LaTeX Warning: Reference `InverseFunctions' on page 57 undefined on input line 136.

[57] [58])) [59] (Determinants.tex

Mfpic: No file Determinants.1.

Mfpic: Initializing Determinants.mp.
\openout3 = `Determinants.mp'.

Mfpic: Don't forget to process Determinants.mp!
Mfpic: Apply metapost to Determinants.mp.
Mfpic: Then reprocess this file "CompilerSystemsofEquationsandMatrices".


LaTeX Warning: Reference `Sequences' on page 60 undefined on input line 15.

[60]
Overfull \hbox (1.63164pt too wide) in paragraph at lines 102--104
[][][][][][][]  
 []

[61]

LaTeX Warning: Reference `Induction' on page 62 undefined on input line 194.

[62] [63] [64] [65] [66] [67]
Overfull \hbox (1.63164pt too wide) in paragraph at lines 561--563
[][][][][][][]  
 []


LaTeX Warning: Reference `Induction' on page 68 undefined on input line 564.

[68] (ExercisesforDeterminants.tex [69] [70]

LaTeX Warning: Reference `Induction' on page 71 undefined on input line 168.

[71] [72])) [73] (ParFrac.tex

Mfpic: No file ParFrac.1.

Mfpic: Initializing ParFrac.mp.
\openout3 = `ParFrac.mp'.

Mfpic: Don't forget to process ParFrac.mp!
Mfpic: Apply metapost to ParFrac.mp.
Mfpic: Then reprocess this file "CompilerSystemsofEquationsandMatrices".


LaTeX Warning: Reference `ComplexZeros' on page 74 undefined on input line 25.

[74pdfTeX warning (ext4): destination with the same identifier (name{equation.1.6.1}) has been already used, duplicate i
gnored

\AtBegShi@Output ...ipout \box \AtBeginShipoutBox 
                                                  \fi \fi 
l.40 
     ]

LaTeX Warning: Reference `realfactorization' on page 75 undefined on input line 68.


LaTeX Warning: Reference `factorthm' on page 75 undefined on input line 68.

[75]

LaTeX Warning: Reference `RealZeros' on page 76 undefined on input line 112.


LaTeX Warning: Reference `ComplexZeros' on page 76 undefined on input line 112.

[76]

LaTeX Warning: Reference `complexfactorization' on page 77 undefined on input line 132.


LaTeX Warning: Reference `complexfactorization' on page 77 undefined on input line 132.


LaTeX Warning: Reference `AppLinSystems' on page 77 undefined on input line 174.

[77]

LaTeX Warning: Reference `complexfactorization' on page 78 undefined on input line 203.


LaTeX Warning: Reference `CommonFactoringFormulas' on page 78 undefined on input line 203.

[78] [79] [80] (ExercisesforParFrac.tex [81])) [82] (NonLinearEquations.tex

Mfpic: Initializing NonLinearEquations.mp.
\openout3 = `NonLinearEquations.mp'.

Mfpic: Don't forget to process NonLinearEquations.mp!
Mfpic: Apply metapost to NonLinearEquations.mp.
Mfpic: Then reprocess this file "CompilerSystemsofEquationsandMatrices".


LaTeX Warning: Reference `AppLinSystems' on page 83 undefined on input line 47.

[83]
File: NonLinearEquations.1 Graphic file (type mps)
 [MP to PDF] (NonLinearEquations.1)
File: NonLinearEquations.2 Graphic file (type mps)
 [MP to PDF] (NonLinearEquations.2) [84]
File: NonLinearEquations.3 Graphic file (type mps)
 [MP to PDF] (NonLinearEquations.3)
File: NonLinearEquations.4 Graphic file (type mps)

[MP to PDF] (NonLinearEquations.4) [85]

LaTeX Warning: Reference `RationalGraphs' on page 86 undefined on input line 279.


LaTeX Warning: Reference `InverseFunctions' on page 86 undefined on input line 283.

File: NonLinearEquations.5 Graphic file (type mps)
[MP to PDF] (NonLinearEquations.5)

LaTeX Warning: Reference `RealZeros' on page 86 undefined on input line 312.

[86]

LaTeX Warning: Reference `ExponentialFunctions' on page 87 undefined on input line 352.

<./NonLinearEquationsGraphics/NonLinear01.jpg, id=1239, 2800.4625pt x 1497.595pt>
File: ./NonLinearEquationsGraphics/NonLinear01.jpg Graphic file (type jpg)

<use ./NonLinearEquationsGraphics/NonLinear01.jpg>
Package pdftex.def Info: ./NonLinearEquationsGraphics/NonLinear01.jpg used on input line 356.
(pdftex.def)             Requested size: 289.07999pt x 154.58992pt.
 [87 <./NonLinearEquationsGraphics/NonLinear01.jpg>]
<./NonLinearEquationsGraphics/NonLinear03a.jpg, id=1245, 734.745pt x 677.53125pt>
File: ./NonLinearEquationsGraphics/NonLinear03a.jpg Graphic file (type jpg)

<use ./NonLinearEquationsGraphics/NonLinear03a.jpg>
Package pdftex.def Info: ./NonLinearEquationsGraphics/NonLinear03a.jpg used on input line 392.
(pdftex.def)             Requested size: 176.34239pt x 162.6075pt.

<./NonLinearEquationsGraphics/NonLinear03b.jpg, id=1246, 766.865pt x 804.00375pt>
File: ./NonLinearEquationsGraphics/NonLinear03b.jpg Graphic file (type jpg)

<use ./NonLinearEquationsGraphics/NonLinear03b.jpg>
Package pdftex.def Info: ./NonLinearEquationsGraphics/NonLinear03b.jpg used on input line 396.
(pdftex.def)             Requested size: 155.0904pt x 162.6075pt.
 [88 <./NonLinearEquationsGraphics/NonLinear03a.jpg> <./NonLinearEquationsGraphics/NonLinear03b.jpg>] [89]

LaTeX Warning: Reference `AppRealNumberArithmetic' on page 90 undefined on input line 474.

[90]

LaTeX Warning: Reference `??' on page 91 undefined on input line 528.

[91] (ExercisesforNonLinearEquations.tex

LaTeX Warning: Reference `lawofuninhibitedgrowth' on page 92 undefined on input line 75.

[92]

LaTeX Warning: Reference `realfactorization' on page 93 undefined on input line 114.


LaTeX Warning: Reference `ComplexZeros' on page 93 undefined on input line 114.

[93]
File: NonLinearEquations.6 Graphic file (type mps)
 [MP to PDF] (NonLinearEquations.6)
Underfull \hbox (badness 10000) in paragraph at lines 159--160

 []

File: NonLinearEquations.7 Graphic file (type mps)
[MP to PDF] (NonLinearEquations.7)
File: NonLinearEquations.8 Graphic file (type mps)
 [MP to PDF] (NonLinearEquations.8)
File: NonLinearEquations.9 Graphic file (type mps)
 [MP to PDF] (NonLinearEquations.9)
File: NonLinearEquations.10 Graphic file (type mps)
 [MP to PDF]
(NonLinearEquations.10)
File: NonLinearEquations.11 Graphic file (type mps)
 [MP to PDF] (NonLinearEquations.11) [94])) [95] (NonLinearInequalities.tex

Mfpic: Initializing NonLinearInequalities.mp.
\openout3 = `NonLinearInequalities.mp'.

Mfpic: Don't forget to process NonLinearInequalities.mp!
Mfpic: Apply metapost to NonLinearInequalities.mp.
Mfpic: Then reprocess this file "CompilerSystemsofEquationsandMatrices".

LaTeX Font Info:    Font shape `OT1/phv/m/it' in size <9> not available
(Font)              Font shape `OT1/phv/m/sl' tried instead on input line 9.
LaTeX Font Info:    Font shape `OT1/phv/m/sl' will be
(Font)              scaled to size 8.27998pt on input line 9.

LaTeX Warning: Reference `Relations' on page 96 undefined on input line 9.

File: NonLinearInequalities.1 Graphic file (type mps)
[MP to PDF] (NonLinearInequalities.1)
File: NonLinearInequalities.2 Graphic file (type mps)
 [MP to PDF] (NonLinearInequalities.2)
File: NonLinearInequalities.3 Graphic file (type mps)
 [MP to PDF] (NonLinearInequalities.3)
Overfull \hbox (39.3301pt too wide) in paragraph at lines 101--142
 [] 
 []

[96]

LaTeX Warning: Reference `AppSetTheory' on page 97 undefined on input line 145.


LaTeX Warning: Reference `AbsoluteValueFunctions' on page 97 undefined on input line 147.


LaTeX Warning: Reference `QuadraticFunctions' on page 97 undefined on input line 147.

File: NonLinearInequalities.4 Graphic file (type mps)
[MP to PDF] (NonLinearInequalities.4) [97]

LaTeX Warning: Reference `GraphsofPolynomials' on page 98 undefined on input line 191.

File: NonLinearInequalities.5 Graphic file (type mps)
[MP to PDF] (NonLinearInequalities.5)

LaTeX Warning: Reference `Relations' on page 98 undefined on input line 240.

[98]
File: NonLinearInequalities.6 Graphic file (type mps)
 [MP to PDF] (NonLinearInequalities.6)
File: NonLinearInequalities.7 Graphic file (type mps)
 [MP to PDF] (NonLinearInequalities.7)
Overfull \hbox (3.65564pt too wide) in paragraph at lines 246--311
 [] 
 []

File: NonLinearInequalities.8 Graphic file (type mps)
[MP to PDF] (NonLinearInequalities.8)
File: NonLinearInequalities.9 Graphic file (type mps)
 [MP to PDF] (NonLinearInequalities.9)
Overfull \hbox (14.85748pt too wide) in paragraph at lines 316--389
[][] 
 []

[99]

LaTeX Warning: Reference `PolarGraphs' on page 100 undefined on input line 397.

File: NonLinearInequalities.10 Graphic file (type mps)
[MP to PDF] (NonLinearInequalities.10) [100]
File: NonLinearInequalities.11 Graphic file (type mps)
 [MP to PDF] (NonLinearInequalities.11)
File: NonLinearInequalities.12 Graphic file (type mps)
 [MP to PDF]
(NonLinearInequalities.12)
File: NonLinearInequalities.13 Graphic file (type mps)
 [MP to PDF] (NonLinearInequalities.13)
Overfull \hbox (17.41399pt too wide) detected at line 530
[]
 []

[101]
File: NonLinearInequalities.14 Graphic file (type mps)
 [MP to PDF] (NonLinearInequalities.14)
File: NonLinearInequalities.15 Graphic file (type mps)
 [MP to PDF] (NonLinearInequalities.15)
File: NonLinearInequalities.16 Graphic file (type mps)
 [MP to PDF]
(NonLinearInequalities.16)
Overfull \hbox (17.41399pt too wide) detected at line 610
[]
 []

[102] <./NonLinearInequalitiesGraphics/CircuitDiagram01.pdf, id=1431, 333.98886pt x 223.2077pt>
File: ./NonLinearInequalitiesGraphics/CircuitDiagram01.pdf Graphic file (type pdf)

<use ./NonLinearInequalitiesGraphics/CircuitDiagram01.pdf>
Package pdftex.def Info: ./NonLinearInequalitiesGraphics/CircuitDiagram01.pdf used on input line 625.
(pdftex.def)             Requested size: 333.98804pt x 223.20715pt.
 [103 <./NonLinearInequalitiesGraphics/CircuitDiagram01.pdf>]
File: NonLinearInequalities.17 Graphic file (type mps)

[MP to PDF] (NonLinearInequalities.17)
File: NonLinearInequalities.18 Graphic file (type mps)
 [MP to PDF] (NonLinearInequalities.18)
Underfull \vbox (badness 1092) has occurred while \output is active []

 [104]
Overfull \hbox (6.88191pt too wide) in paragraph at lines 737--738
[]\OT1/phv/m/n/10.95 where $\OT1/phv/m/sl/10.95 s$ \OT1/phv/m/n/10.95 and $\OT1/phv/m/sl/10.95 t$ \OT1/phv/m/n/10.95 are
 pulled from the re-gion $\OT1/phv/m/sl/10.95 R \OT1/phv/m/n/10.95 = []$. 
 []

[105] (ExercisesforNonLinearInequalities.tex [106]
Underfull \hbox (badness 10000) in paragraph at lines 51--52

 []

File: NonLinearInequalities.19 Graphic file (type mps)
[MP to PDF] (NonLinearInequalities.19)
Underfull \hbox (badness 10000) in paragraph at lines 81--82

 []

File: NonLinearInequalities.20 Graphic file (type mps)
[MP to PDF] (NonLinearInequalities.20)
Underfull \hbox (badness 10000) in paragraph at lines 113--114

 []

File: NonLinearInequalities.21 Graphic file (type mps)
[MP to PDF] (NonLinearInequalities.21)
Underfull \hbox (badness 10000) in paragraph at lines 143--144

 []

File: NonLinearInequalities.22 Graphic file (type mps)
[MP to PDF] (NonLinearInequalities.22)
Underfull \hbox (badness 10000) in paragraph at lines 173--174

 []

File: NonLinearInequalities.23 Graphic file (type mps)
[MP to PDF] (NonLinearInequalities.23)
Underfull \hbox (badness 10000) in paragraph at lines 202--203

 []

File: NonLinearInequalities.24 Graphic file (type mps)
[MP to PDF] (NonLinearInequalities.24))) [107])
Package atveryend Info: Empty hook `BeforeClearDocument' on input line 51.
Package atveryend Info: Empty hook `AfterLastShipout' on input line 51.
 (CompilerSystemsofEquationsandMatrices.aux
(SystemsofEquationsandMatrices.aux))
Package atveryend Info: Executing hook `AtVeryEndDocument' on input line 51.
Package atveryend Info: Executing hook `AtEndAfterFileList' on input line 51.
Package rerunfilecheck Info: File `CompilerSystemsofEquationsandMatrices.out' has not changed.
(rerunfilecheck)             Checksum: 2A0F51183182656A5DD20ACCF499F01A;1925.


LaTeX Warning: There were undefined references.

Package atveryend Info: Empty hook `AtVeryVeryEnd' on input line 51.
 ) 
Here is how much of TeX's memory you used:
 10797 strings out of 493323
 142973 string characters out of 3139070
 297037 words of memory out of 3000000
 13241 multiletter control sequences out of 15000+200000
 60015 words of font info for 115 fonts, out of 3000000 for 9000
 1141 hyphenation exceptions out of 8191
 35i,32n,43p,2279b,1677s stack positions out of 5000i,500n,10000p,200000b,50000s
{C:/Program Files/MiKTeX 2.9/fonts/enc/dvips/base/8r.enc}<C:/Program Files/MiKTeX 2.9/fonts/type1/public/amsfonts/cm/c
mbsy10.pfb><C:/Program Files/MiKTeX 2.9/fonts/type1/public/amsfonts/cm/cmex10.pfb><C:/Program Files/MiKTeX 2.9/fonts/typ
e1/public/amsfonts/cmextra/cmex8.pfb><C:/Program Files/MiKTeX 2.9/fonts/type1/public/amsfonts/cm/cmmi10.pfb><C:/Program 
Files/MiKTeX 2.9/fonts/type1/public/amsfonts/cm/cmmi8.pfb><C:/Program Files/MiKTeX 2.9/fonts/type1/public/amsfonts/cm/cm
mi9.pfb><C:/Program Files/MiKTeX 2.9/fonts/type1/public/amsfonts/cm/cmr10.pfb><C:/Program Files/MiKTeX 2.9/fonts/type1/p
ublic/amsfonts/cm/cmr7.pfb><C:/Program Files/MiKTeX 2.9/fonts/type1/public/amsfonts/cm/cmss10.pfb><C:/Program Files/MiKT
eX 2.9/fonts/type1/public/amsfonts/cm/cmsy10.pfb><C:/Program Files/MiKTeX 2.9/fonts/type1/public/amsfonts/cm/cmsy6.pfb><
C:/Program Files/MiKTeX 2.9/fonts/type1/public/amsfonts/cm/cmsy8.pfb><C:/Program Files/MiKTeX 2.9/fonts/type1/public/ams
fonts/cm/cmsy9.pfb><C:/Program Files/MiKTeX 2.9/fonts/type1/public/amsfonts/symbols/msam10.pfb><C:/Program Files/MiKTeX 
2.9/fonts/type1/urw/helvetic/uhvb8a.pfb><C:/Program Files/MiKTeX 2.9/fonts/type1/urw/helvetic/uhvbo8a.pfb><C:/Program Fi
les/MiKTeX 2.9/fonts/type1/urw/helvetic/uhvr8a.pfb><C:/Program Files/MiKTeX 2.9/fonts/type1/urw/helvetic/uhvro8a.pfb>
Output written on CompilerSystemsofEquationsandMatrices.pdf (107 pages, 1443899 bytes).
PDF statistics:
 1700 PDF objects out of 1728 (max. 8388607)
 742 named destinations out of 1000 (max. 500000)
 272 words of extra memory for PDF output out of 10000 (max. 10000000)

