\BOOKMARK [0][-]{chapter.1}{\376\377\000A\000l\000g\000e\000b\000r\000a\000\040\000R\000e\000v\000i\000e\000w}{}% 1
\BOOKMARK [1][-]{section.1.1}{\376\377\000B\000a\000s\000i\000c\000\040\000S\000e\000t\000\040\000T\000h\000e\000o\000r\000y\000\040\000a\000n\000d\000\040\000I\000n\000t\000e\000r\000v\000a\000l\000\040\000N\000o\000t\000a\000t\000i\000o\000n}{chapter.1}% 2
\BOOKMARK [2][-]{subsection.1.1.1}{\376\377\000S\000o\000m\000e\000\040\000B\000a\000s\000i\000c\000\040\000S\000e\000t\000\040\000T\000h\000e\000o\000r\000y\000\040\000N\000o\000t\000i\000o\000n\000s}{section.1.1}% 3
\BOOKMARK [2][-]{subsection.1.1.2}{\376\377\000S\000e\000t\000s\000\040\000o\000f\000\040\000R\000e\000a\000l\000\040\000N\000u\000m\000b\000e\000r\000s}{section.1.1}% 4
\BOOKMARK [2][-]{subsection.1.1.3}{\376\377\000E\000x\000e\000r\000c\000i\000s\000e\000s}{section.1.1}% 5
\BOOKMARK [2][-]{subsection.1.1.4}{\376\377\000A\000n\000s\000w\000e\000r\000s}{section.1.1}% 6
\BOOKMARK [1][-]{section.1.2}{\376\377\000R\000e\000a\000l\000\040\000N\000u\000m\000b\000e\000r\000\040\000A\000r\000i\000t\000h\000m\000e\000t\000i\000c}{chapter.1}% 7
\BOOKMARK [2][-]{subsection.1.2.1}{\376\377\000E\000x\000e\000r\000c\000i\000s\000e\000s}{section.1.2}% 8
\BOOKMARK [2][-]{subsection.1.2.2}{\376\377\000A\000n\000s\000w\000e\000r\000s}{section.1.2}% 9
\BOOKMARK [1][-]{section.1.3}{\376\377\000T\000h\000e\000\040\000C\000a\000r\000t\000e\000s\000i\000a\000n\000\040\000P\000l\000a\000n\000e}{chapter.1}% 10
\BOOKMARK [2][-]{subsection.1.3.1}{\376\377\000T\000h\000e\000\040\000C\000a\000r\000t\000e\000s\000i\000a\000n\000\040\000C\000o\000o\000r\000d\000i\000n\000a\000t\000e\000\040\000P\000l\000a\000n\000e}{section.1.3}% 11
\BOOKMARK [2][-]{subsection.1.3.2}{\376\377\000D\000i\000s\000t\000a\000n\000c\000e\000\040\000i\000n\000\040\000t\000h\000e\000\040\000P\000l\000a\000n\000e}{section.1.3}% 12
\BOOKMARK [2][-]{subsection.1.3.3}{\376\377\000E\000x\000e\000r\000c\000i\000s\000e\000s}{section.1.3}% 13
\BOOKMARK [2][-]{subsection.1.3.4}{\376\377\000A\000n\000s\000w\000e\000r\000s}{section.1.3}% 14
\BOOKMARK [1][-]{section.1.4}{\376\377\000L\000i\000n\000e\000a\000r\000\040\000E\000q\000u\000a\000t\000i\000o\000n\000s\000\040\000a\000n\000d\000\040\000I\000n\000e\000q\000u\000a\000l\000i\000t\000i\000e\000s}{chapter.1}% 15
\BOOKMARK [2][-]{subsection.1.4.1}{\376\377\000L\000i\000n\000e\000a\000r\000\040\000E\000q\000u\000a\000t\000i\000o\000n\000s}{section.1.4}% 16
\BOOKMARK [2][-]{subsection.1.4.2}{\376\377\000L\000i\000n\000e\000a\000r\000\040\000I\000n\000e\000q\000u\000a\000l\000i\000t\000i\000e\000s}{section.1.4}% 17
\BOOKMARK [2][-]{subsection.1.4.3}{\376\377\000E\000x\000e\000r\000c\000i\000s\000e\000s}{section.1.4}% 18
\BOOKMARK [2][-]{subsection.1.4.4}{\376\377\000A\000n\000s\000w\000e\000r\000s}{section.1.4}% 19
\BOOKMARK [1][-]{section.1.5}{\376\377\000G\000r\000a\000p\000h\000i\000n\000g\000\040\000L\000i\000n\000e\000s}{chapter.1}% 20
\BOOKMARK [2][-]{subsection.1.5.1}{\376\377\000E\000x\000e\000r\000c\000i\000s\000e\000s}{section.1.5}% 21
\BOOKMARK [2][-]{subsection.1.5.2}{\376\377\000A\000n\000s\000w\000e\000r\000s}{section.1.5}% 22
\BOOKMARK [1][-]{section.1.6}{\376\377\000S\000y\000s\000t\000e\000m\000s\000\040\000o\000f\000\040\000T\000w\000o\000\040\000L\000i\000n\000e\000a\000r\000\040\000E\000q\000u\000a\000t\000i\000o\000n\000s\000\040\000i\000n\000\040\000T\000w\000o\000\040\000U\000n\000k\000n\000o\000w\000n\000s}{chapter.1}% 23
\BOOKMARK [2][-]{subsection.1.6.1}{\376\377\000E\000x\000e\000r\000c\000i\000s\000e\000s}{section.1.6}% 24
\BOOKMARK [2][-]{subsection.1.6.2}{\376\377\000A\000n\000s\000w\000e\000r\000s}{section.1.6}% 25
\BOOKMARK [1][-]{section.1.7}{\376\377\000A\000b\000s\000o\000l\000u\000t\000e\000\040\000V\000a\000l\000u\000e\000\040\000E\000q\000u\000a\000t\000i\000o\000n\000s\000\040\000a\000n\000d\000\040\000I\000n\000e\000q\000u\000a\000l\000i\000t\000i\000e\000s}{chapter.1}% 26
\BOOKMARK [2][-]{subsection.1.7.1}{\376\377\000A\000b\000s\000o\000l\000u\000t\000e\000\040\000V\000a\000l\000u\000e\000\040\000E\000q\000u\000a\000t\000i\000o\000n\000s}{section.1.7}% 27
\BOOKMARK [2][-]{subsection.1.7.2}{\376\377\000A\000b\000s\000o\000l\000u\000t\000e\000\040\000V\000a\000l\000u\000e\000\040\000I\000n\000e\000q\000u\000a\000l\000i\000t\000i\000e\000s}{section.1.7}% 28
\BOOKMARK [2][-]{subsection.1.7.3}{\376\377\000E\000x\000e\000r\000c\000i\000s\000e\000s}{section.1.7}% 29
\BOOKMARK [2][-]{subsection.1.7.4}{\376\377\000A\000n\000s\000w\000e\000r\000s}{section.1.7}% 30
\BOOKMARK [1][-]{section.1.8}{\376\377\000P\000o\000l\000y\000n\000o\000m\000i\000a\000l\000\040\000A\000r\000i\000t\000h\000m\000e\000t\000i\000c}{chapter.1}% 31
\BOOKMARK [2][-]{subsection.1.8.1}{\376\377\000P\000o\000l\000y\000n\000o\000m\000i\000a\000l\000\040\000A\000d\000d\000i\000t\000i\000o\000n\000,\000\040\000S\000u\000b\000t\000r\000a\000c\000t\000i\000o\000n\000\040\000a\000n\000d\000\040\000M\000u\000l\000t\000i\000p\000l\000i\000c\000a\000t\000i\000o\000n\000.}{section.1.8}% 32
\BOOKMARK [2][-]{subsection.1.8.2}{\376\377\000P\000o\000l\000y\000n\000o\000m\000i\000a\000l\000\040\000L\000o\000n\000g\000\040\000D\000i\000v\000i\000s\000i\000o\000n\000.}{section.1.8}% 33
\BOOKMARK [2][-]{subsection.1.8.3}{\376\377\000E\000x\000e\000r\000c\000i\000s\000e\000s}{section.1.8}% 34
\BOOKMARK [2][-]{subsection.1.8.4}{\376\377\000A\000n\000s\000w\000e\000r\000s}{section.1.8}% 35
\BOOKMARK [1][-]{section.1.9}{\376\377\000B\000a\000s\000i\000c\000\040\000F\000a\000c\000t\000o\000r\000i\000n\000g\000\040\000T\000e\000c\000h\000n\000i\000q\000u\000e\000s}{chapter.1}% 36
\BOOKMARK [2][-]{subsection.1.9.1}{\376\377\000S\000o\000l\000v\000i\000n\000g\000\040\000E\000q\000u\000a\000t\000i\000o\000n\000s\000\040\000b\000y\000\040\000F\000a\000c\000t\000o\000r\000i\000n\000g}{section.1.9}% 37
\BOOKMARK [2][-]{subsection.1.9.2}{\376\377\000E\000x\000e\000r\000c\000i\000s\000e\000s}{section.1.9}% 38
\BOOKMARK [2][-]{subsection.1.9.3}{\376\377\000A\000n\000s\000w\000e\000r\000s}{section.1.9}% 39
\BOOKMARK [1][-]{section.1.10}{\376\377\000Q\000u\000a\000d\000r\000a\000t\000i\000c\000\040\000E\000q\000u\000a\000t\000i\000o\000n\000s}{chapter.1}% 40
\BOOKMARK [2][-]{subsection.1.10.1}{\376\377\000E\000x\000e\000r\000c\000i\000s\000e\000s}{section.1.10}% 41
\BOOKMARK [2][-]{subsection.1.10.2}{\376\377\000A\000n\000s\000w\000e\000r\000s}{section.1.10}% 42
\BOOKMARK [1][-]{section.1.11}{\376\377\000C\000o\000m\000p\000l\000e\000x\000\040\000N\000u\000m\000b\000e\000r\000s}{chapter.1}% 43
\BOOKMARK [2][-]{subsection.1.11.1}{\376\377\000E\000x\000e\000r\000c\000i\000s\000e\000s}{section.1.11}% 44
\BOOKMARK [2][-]{subsection.1.11.2}{\376\377\000A\000n\000s\000w\000e\000r\000s}{section.1.11}% 45
\BOOKMARK [1][-]{section.1.12}{\376\377\000R\000a\000t\000i\000o\000n\000a\000l\000\040\000E\000x\000p\000r\000e\000s\000s\000i\000o\000n\000s\000\040\000a\000n\000d\000\040\000E\000q\000u\000a\000t\000i\000o\000n\000s}{chapter.1}% 46
\BOOKMARK [2][-]{subsection.1.12.1}{\376\377\000E\000x\000e\000r\000c\000i\000s\000e\000s}{section.1.12}% 47
\BOOKMARK [2][-]{subsection.1.12.2}{\376\377\000A\000n\000s\000w\000e\000r\000s}{section.1.12}% 48
\BOOKMARK [1][-]{section.1.13}{\376\377\000R\000a\000d\000i\000c\000a\000l\000\040\000E\000q\000u\000a\000t\000i\000o\000n\000s}{chapter.1}% 49
\BOOKMARK [2][-]{subsection.1.13.1}{\376\377\000R\000a\000t\000i\000o\000n\000a\000l\000i\000z\000i\000n\000g\000\040\000D\000e\000n\000o\000m\000i\000n\000a\000t\000o\000r\000s\000\040\000a\000n\000d\000\040\000N\000u\000m\000e\000r\000a\000t\000o\000r\000s}{section.1.13}% 50
\BOOKMARK [2][-]{subsection.1.13.2}{\376\377\000E\000x\000e\000r\000c\000i\000s\000e\000s}{section.1.13}% 51
\BOOKMARK [2][-]{subsection.1.13.3}{\376\377\000A\000n\000s\000w\000e\000r\000s}{section.1.13}% 52
\BOOKMARK [1][-]{section.1.14}{\376\377\000V\000a\000r\000i\000a\000t\000i\000o\000n}{chapter.1}% 53
\BOOKMARK [2][-]{subsection.1.14.1}{\376\377\000E\000x\000e\000r\000c\000i\000s\000e\000s}{section.1.14}% 54
\BOOKMARK [2][-]{subsection.1.14.2}{\376\377\000A\000n\000s\000w\000e\000r\000s}{section.1.14}% 55
