\BOOKMARK [0][-]{chapter.1}{Foundations of Trigonometry}{}% 1
\BOOKMARK [1][-]{section.1.1}{The Radian Measure of Angles}{chapter.1}% 2
\BOOKMARK [2][-]{subsection.1.1.1}{Applications of Radian Measure: Circular Motion}{section.1.1}% 3
\BOOKMARK [2][-]{subsection.1.1.2}{Exercises}{section.1.1}% 4
\BOOKMARK [2][-]{subsection.1.1.3}{Answers}{section.1.1}% 5
\BOOKMARK [1][-]{section.1.2}{The Circular Functions: Sine and Cosine}{chapter.1}% 6
\BOOKMARK [2][-]{subsection.1.2.1}{Beyond the Unit Circle}{section.1.2}% 7
\BOOKMARK [2][-]{subsection.1.2.2}{Exercises}{section.1.2}% 8
\BOOKMARK [2][-]{subsection.1.2.3}{Answers}{section.1.2}% 9
\BOOKMARK [1][-]{section.1.3}{Graphs of Sine and Cosine}{chapter.1}% 10
\BOOKMARK [2][-]{subsection.1.3.1}{Applications of Sinusoids}{section.1.3}% 11
\BOOKMARK [2][-]{subsection.1.3.2}{Exercises}{section.1.3}% 12
\BOOKMARK [2][-]{subsection.1.3.3}{Answers}{section.1.3}% 13
\BOOKMARK [1][-]{section.1.4}{The Circular Functions: Tangent, Secant, Cosecant, and Cotangent}{chapter.1}% 14
\BOOKMARK [2][-]{subsection.1.4.1}{Exercises}{section.1.4}% 15
\BOOKMARK [2][-]{subsection.1.4.2}{Answers}{section.1.4}% 16
\BOOKMARK [1][-]{section.1.5}{Graphs of Secant, Cosecant, Tangent, and Cotangent Functions}{chapter.1}% 17
\BOOKMARK [2][-]{subsection.1.5.1}{Graphs of the Secant and Cosecant Functions}{section.1.5}% 18
\BOOKMARK [2][-]{subsection.1.5.2}{Graphs of the Tangent and Cotangent Functions}{section.1.5}% 19
\BOOKMARK [2][-]{subsection.1.5.3}{Extended Interval Notation}{section.1.5}% 20
\BOOKMARK [2][-]{subsection.1.5.4}{Exercises}{section.1.5}% 21
\BOOKMARK [2][-]{subsection.1.5.5}{Answers}{section.1.5}% 22
