This is pdfTeX, Version 3.14159265-2.6-1.40.18 (MiKTeX 2.9.6350 64-bit) (preloaded format=pdflatex 2017.6.3)  4 JUL 2017 15:41
entering extended mode
**./CompilerPolarCoordinatesandParametricEquations.tex
(CompilerPolarCoordinatesandParametricEquations.tex
LaTeX2e <2017-04-15>
Babel <3.10> and hyphenation patterns for 75 language(s) loaded.
("C:\Program Files\MiKTeX 2.9\tex\latex\base\book.cls"
Document Class: book 2014/09/29 v1.4h Standard LaTeX document class
("C:\Program Files\MiKTeX 2.9\tex\latex\base\bk11.clo"
File: bk11.clo 2014/09/29 v1.4h Standard LaTeX file (size option)
)
\c@part=\count79
\c@chapter=\count80
\c@section=\count81
\c@subsection=\count82
\c@subsubsection=\count83
\c@paragraph=\count84
\c@subparagraph=\count85
\c@figure=\count86
\c@table=\count87
\abovecaptionskip=\skip41
\belowcaptionskip=\skip42
\bibindent=\dimen102
) ("C:\Program Files\MiKTeX 2.9\tex\latex\amsfonts\amssymb.sty"
Package: amssymb 2013/01/14 v3.01 AMS font symbols

("C:\Program Files\MiKTeX 2.9\tex\latex\amsfonts\amsfonts.sty"
Package: amsfonts 2013/01/14 v3.01 Basic AMSFonts support
\@emptytoks=\toks14
\symAMSa=\mathgroup4
\symAMSb=\mathgroup5
LaTeX Font Info:    Overwriting math alphabet `\mathfrak' in version `bold'
(Font)                  U/euf/m/n --> U/euf/b/n on input line 106.
))
("C:\Program Files\MiKTeX 2.9\tex\latex\amsmath\amsmath.sty"
Package: amsmath 2016/11/05 v2.16a AMS math features
\@mathmargin=\skip43

For additional information on amsmath, use the `?' option.
("C:\Program Files\MiKTeX 2.9\tex\latex\amsmath\amstext.sty"
Package: amstext 2000/06/29 v2.01 AMS text
 ("C:\Program Files\MiKTeX 2.9\tex\latex\amsmath\amsgen.sty"
File: amsgen.sty 1999/11/30 v2.0 generic functions
\@emptytoks=\toks15
\ex@=\dimen103
)) ("C:\Program Files\MiKTeX 2.9\tex\latex\amsmath\amsbsy.sty"
Package: amsbsy 1999/11/29 v1.2d Bold Symbols
\pmbraise@=\dimen104
)
("C:\Program Files\MiKTeX 2.9\tex\latex\amsmath\amsopn.sty"
Package: amsopn 2016/03/08 v2.02 operator names
)
\inf@bad=\count88
LaTeX Info: Redefining \frac on input line 213.
\uproot@=\count89
\leftroot@=\count90
LaTeX Info: Redefining \overline on input line 375.
\classnum@=\count91
\DOTSCASE@=\count92
LaTeX Info: Redefining \ldots on input line 472.
LaTeX Info: Redefining \dots on input line 475.
LaTeX Info: Redefining \cdots on input line 596.
\Mathstrutbox@=\box26
\strutbox@=\box27
\big@size=\dimen105
LaTeX Font Info:    Redeclaring font encoding OML on input line 712.
LaTeX Font Info:    Redeclaring font encoding OMS on input line 713.
\macc@depth=\count93
\c@MaxMatrixCols=\count94
\dotsspace@=\muskip10
\c@parentequation=\count95
\dspbrk@lvl=\count96
\tag@help=\toks16
\row@=\count97
\column@=\count98
\maxfields@=\count99
\andhelp@=\toks17
\eqnshift@=\dimen106
\alignsep@=\dimen107
\tagshift@=\dimen108
\tagwidth@=\dimen109
\totwidth@=\dimen110
\lineht@=\dimen111
\@envbody=\toks18
\multlinegap=\skip44
\multlinetaggap=\skip45
\mathdisplay@stack=\toks19
LaTeX Info: Redefining \[ on input line 2817.
LaTeX Info: Redefining \] on input line 2818.
) ("C:\Program Files\MiKTeX 2.9\tex\latex\amscls\amsthm.sty"
Package: amsthm 2015/03/04 v2.20.2
\thm@style=\toks20
\thm@bodyfont=\toks21
\thm@headfont=\toks22
\thm@notefont=\toks23
\thm@headpunct=\toks24
\thm@preskip=\skip46
\thm@postskip=\skip47
\thm@headsep=\skip48
\dth@everypar=\toks25
) (C:\Users\Jeff\AppData\Roaming\MiKTeX\2.9\tex\latex\fancyhdr\fancyhdr.sty
Package: fancyhdr 2016/10/11 v3.9 Extensive control of page headers and footers
\f@nch@headwidth=\skip49
\f@nch@O@elh=\skip50
\f@nch@O@erh=\skip51
\f@nch@O@olh=\skip52
\f@nch@O@orh=\skip53
\f@nch@O@elf=\skip54
\f@nch@O@erf=\skip55
\f@nch@O@olf=\skip56
\f@nch@O@orf=\skip57
)
(C:\Users\Jeff\AppData\Roaming\MiKTeX\2.9\tex\latex\supertabular\supertabular.sty
Package: supertabular 2004/02/20 v4.1e the supertabular environment
\c@tracingst=\count100
\ST@wd=\dimen112
\ST@rightskip=\skip58
\ST@leftskip=\skip59
\ST@parfillskip=\skip60
\ST@pageleft=\dimen113
\ST@headht=\dimen114
\ST@tailht=\dimen115
\ST@pagesofar=\dimen116
\ST@pboxht=\dimen117
\ST@lineht=\dimen118
\ST@stretchht=\dimen119
\ST@prevht=\dimen120
\ST@toadd=\dimen121
\ST@dimen=\dimen122
\ST@pbox=\box28
)
("C:\Program Files\MiKTeX 2.9\tex\latex\tools\longtable.sty"
Package: longtable 2014/10/28 v4.11 Multi-page Table package (DPC)
\LTleft=\skip61
\LTright=\skip62
\LTpre=\skip63
\LTpost=\skip64
\LTchunksize=\count101
\LTcapwidth=\dimen123
\LT@head=\box29
\LT@firsthead=\box30
\LT@foot=\box31
\LT@lastfoot=\box32
\LT@cols=\count102
\LT@rows=\count103
\c@LT@tables=\count104
\c@LT@chunks=\count105
\LT@p@ftn=\toks26
) ("C:\Program Files\MiKTeX 2.9\tex\latex\tools\hhline.sty"
Package: hhline 2014/10/28 v2.03 Table rule package (DPC)
) (C:\Users\Jeff\AppData\Roaming\MiKTeX\2.9\tex\latex\mathtools\mathtools.sty
Package: mathtools 2017/05/24 v1.19 mathematical typesetting tools

("C:\Program Files\MiKTeX 2.9\tex\latex\graphics\keyval.sty"
Package: keyval 2014/10/28 v1.15 key=value parser (DPC)
\KV@toks@=\toks27
) ("C:\Program Files\MiKTeX 2.9\tex\latex\tools\calc.sty"
Package: calc 2014/10/28 v4.3 Infix arithmetic (KKT,FJ)
\calc@Acount=\count106
\calc@Bcount=\count107
\calc@Adimen=\dimen124
\calc@Bdimen=\dimen125
\calc@Askip=\skip65
\calc@Bskip=\skip66
LaTeX Info: Redefining \setlength on input line 80.
LaTeX Info: Redefining \addtolength on input line 81.
\calc@Ccount=\count108
\calc@Cskip=\skip67
)
(C:\Users\Jeff\AppData\Roaming\MiKTeX\2.9\tex\latex\mathtools\mhsetup.sty
Package: mhsetup 2017/03/31 v1.3 programming setup (MH)
)
LaTeX Info: Thecontrolsequence`\('isalreadyrobust on input line 129.
LaTeX Info: Thecontrolsequence`\)'isalreadyrobust on input line 129.
LaTeX Info: Thecontrolsequence`\['isalreadyrobust on input line 129.
LaTeX Info: Thecontrolsequence`\]'isalreadyrobust on input line 129.
\g_MT_multlinerow_int=\count109
\l_MT_multwidth_dim=\dimen126
\origjot=\skip68
\l_MT_shortvdotswithinadjustabove_dim=\dimen127
\l_MT_shortvdotswithinadjustbelow_dim=\dimen128
\l_MT_above_intertext_sep=\dimen129
\l_MT_below_intertext_sep=\dimen130
\l_MT_above_shortintertext_sep=\dimen131
\l_MT_below_shortintertext_sep=\dimen132
)
(C:\Users\Jeff\AppData\Roaming\MiKTeX\2.9\tex\latex\colortbl\colortbl.sty
Package: colortbl 2012/02/13 v1.0a Color table columns (DPC)

("C:\Program Files\MiKTeX 2.9\tex\latex\tools\array.sty"
Package: array 2016/10/06 v2.4d Tabular extension package (FMi)
\col@sep=\dimen133
\extrarowheight=\dimen134
\NC@list=\toks28
\extratabsurround=\skip69
\backup@length=\skip70
) ("C:\Program Files\MiKTeX 2.9\tex\latex\graphics\color.sty"
Package: color 2016/07/10 v1.1e Standard LaTeX Color (DPC)

("C:\Program Files\MiKTeX 2.9\tex\latex\graphics-cfg\color.cfg"
File: color.cfg 2016/01/02 v1.6 sample color configuration
)
Package color Info: Driver file: pdftex.def on input line 147.

("C:\Program Files\MiKTeX 2.9\tex\latex\graphics-def\pdftex.def"
File: pdftex.def 2017/01/12 v0.06k Graphics/color for pdfTeX

("C:\Program Files\MiKTeX 2.9\tex\generic\oberdiek\infwarerr.sty"
Package: infwarerr 2016/05/16 v1.4 Providing info/warning/error messages (HO)
)
("C:\Program Files\MiKTeX 2.9\tex\generic\oberdiek\ltxcmds.sty"
Package: ltxcmds 2016/05/16 v1.23 LaTeX kernel commands for general use (HO)
)
\Gread@gobject=\count110
))
\everycr=\toks29
\minrowclearance=\skip71
)
(C:\Users\Jeff\AppData\Roaming\MiKTeX\2.9\tex\latex\import\import.sty
Package: import 2009/03/23  v 5.1
)
("C:\Program Files\MiKTeX 2.9\tex\latex\tools\multicol.sty"
Package: multicol 2017/04/11 v1.8q multicolumn formatting (FMi)
\c@tracingmulticols=\count111
\mult@box=\box33
\multicol@leftmargin=\dimen135
\c@unbalance=\count112
\c@collectmore=\count113
\doublecol@number=\count114
\multicoltolerance=\count115
\multicolpretolerance=\count116
\full@width=\dimen136
\page@free=\dimen137
\premulticols=\dimen138
\postmulticols=\dimen139
\multicolsep=\skip72
\multicolbaselineskip=\skip73
\partial@page=\box34
\last@line=\box35
\maxbalancingoverflow=\dimen140
\mult@rightbox=\box36
\mult@grightbox=\box37
\mult@gfirstbox=\box38
\mult@firstbox=\box39
\@tempa=\box40
\@tempa=\box41
\@tempa=\box42
\@tempa=\box43
\@tempa=\box44
\@tempa=\box45
\@tempa=\box46
\@tempa=\box47
\@tempa=\box48
\@tempa=\box49
\@tempa=\box50
\@tempa=\box51
\@tempa=\box52
\@tempa=\box53
\@tempa=\box54
\@tempa=\box55
\@tempa=\box56
\c@columnbadness=\count117
\c@finalcolumnbadness=\count118
\last@try=\dimen141
\multicolovershoot=\dimen142
\multicolundershoot=\dimen143
\mult@nat@firstbox=\box57
\colbreak@box=\box58
\mc@col@check@num=\count119
)
(C:\Users\Jeff\AppData\Roaming\MiKTeX\2.9\tex\latex\boxedminipage\boxedminipage.sty)
(C:\Users\Jeff\AppData\Roaming\MiKTeX\2.9\tex\latex\chapterfolder\chapterfolder.sty
Package: chapterfolder 2005/11/24 v2.0 Package for dealing with folder

("C:\Program Files\MiKTeX 2.9\tex\latex\base\ifthen.sty"
Package: ifthen 2014/09/29 v1.1c Standard LaTeX ifthen package (DPC)
)
\c@@cf@currentpos=\count120
)
(C:\Users\Jeff\AppData\Roaming\MiKTeX\2.9\tex\generic\mfpic\mfpic.sty
Package: mfpic 2012/12/03 v1.10. Macros for drawing with Metafont/MetaPost.

(C:\Users\Jeff\AppData\Roaming\MiKTeX\2.9\tex\generic\mfpic\mfpic.tex
("C:\Program Files\MiKTeX 2.9\tex\latex\graphics\graphics.sty"
Package: graphics 2017/04/14 v1.1b Standard LaTeX Graphics (DPC,SPQR)
 ("C:\Program Files\MiKTeX 2.9\tex\latex\graphics\trig.sty"
Package: trig 2016/01/03 v1.10 sin cos tan (DPC)
) ("C:\Program Files\MiKTeX 2.9\tex\latex\graphics-cfg\graphics.cfg"
File: graphics.cfg 2016/06/04 v1.11 sample graphics configuration
)
Package graphics Info: Driver file: pdftex.def on input line 99.
)
\mfp@out=\write3
\mfp@graph=\read1
\mfp@count=\count121
\mfp@linetype=\count122
\mfp@sequence=\count123
\mfp@toks=\toks30
\mfp@verbtex=\toks31
\mfp@fdc=\count124
\@wholegraph=\box59
\@textbox=\box60
\@alltlabels=\box61
\@backtext=\box62
\@tlabelstop=\fontdimen 23\mfp@dummy 
\@tlabelsbot=\fontdimen 24\mfp@dummy 
\@tlabelsleft=\fontdimen 25\mfp@dummy 
\@graphright=\fontdimen 26\mfp@dummy 
\@graphleft=\fontdimen 27\mfp@dummy 
\@graphtop=\fontdimen 28\mfp@dummy 
\@graphbot=\fontdimen 29\mfp@dummy 
\tb@raise=\fontdimen 30\mfp@dummy 
\tb@moveright=\fontdimen 31\mfp@dummy 
\tb@totalht=\fontdimen 32\mfp@dummy 
\tlabel@hadj=\fontdimen 33\mfp@dummy 
\tlabel@vadj=\fontdimen 34\mfp@dummy 
\tlabel@sep=\fontdimen 35\mfp@dummy 
\tlpath@sep=\fontdimen 36\mfp@dummy 
\mfpicunit=\fontdimen 37\mfp@dummy 
\@mfpicunit=\fontdimen 38\mfp@dummy 
\pointsize=\fontdimen 39\mfp@dummy 
\shadespace=\fontdimen 40\mfp@dummy 
\polkadotspace=\fontdimen 41\mfp@dummy 
\hatchspace=\fontdimen 42\mfp@dummy 
\headlen=\fontdimen 43\mfp@dummy 
\axisheadlen=\fontdimen 44\mfp@dummy 
\sideheadlen=\fontdimen 45\mfp@dummy 
\hashlen=\fontdimen 46\mfp@dummy 
\dashlen=\fontdimen 47\mfp@dummy 
\dashspace=\fontdimen 48\mfp@dummy 
\dotsize=\fontdimen 49\mfp@dummy 
\griddotsize=\fontdimen 50\mfp@dummy 
\dotspace=\fontdimen 51\mfp@dummy 
\symbolspace=\fontdimen 52\mfp@dummy 
\mfp@scratch=\dimen144
\mfpframesep=\dimen145
\mfpframethickness=\dimen146
\mfpicheight=\dimen147
\mfpicwidth=\dimen148
\mfpiccaptionskip=\skip74
\tl@vpos=\count125
\tl@hpos=\count126
\mfp@commentchar=\count127
))
("C:\Program Files\MiKTeX 2.9\tex\latex\graphics\graphicx.sty"
Package: graphicx 2014/10/28 v1.0g Enhanced LaTeX Graphics (DPC,SPQR)
\Gin@req@height=\dimen149
\Gin@req@width=\dimen150
) ("C:\Program Files\MiKTeX 2.9\tex\latex\base\makeidx.sty"
Package: makeidx 2014/09/29 v1.0m Standard LaTeX package
) ("C:\Program Files\MiKTeX 2.9\tex\latex\hyperref\hyperref.sty"
Package: hyperref 2017/03/14 v6.85a Hypertext links for LaTeX

("C:\Program Files\MiKTeX 2.9\tex\generic\oberdiek\hobsub-hyperref.sty"
Package: hobsub-hyperref 2016/05/16 v1.14 Bundle oberdiek, subset hyperref (HO)

("C:\Program Files\MiKTeX 2.9\tex\generic\oberdiek\hobsub-generic.sty"
Package: hobsub-generic 2016/05/16 v1.14 Bundle oberdiek, subset generic (HO)
Package: hobsub 2016/05/16 v1.14 Construct package bundles (HO)
Package hobsub Info: Skipping package `infwarerr' (already loaded).
Package hobsub Info: Skipping package `ltxcmds' (already loaded).
Package: ifluatex 2016/05/16 v1.4 Provides the ifluatex switch (HO)
Package ifluatex Info: LuaTeX not detected.
Package: ifvtex 2016/05/16 v1.6 Detect VTeX and its facilities (HO)
Package ifvtex Info: VTeX not detected.
Package: intcalc 2016/05/16 v1.2 Expandable calculations with integers (HO)
Package: ifpdf 2017/03/15 v3.2 Provides the ifpdf switch
Package: etexcmds 2016/05/16 v1.6 Avoid name clashes with e-TeX commands (HO)
Package etexcmds Info: Could not find \expanded.
(etexcmds)             That can mean that you are not using pdfTeX 1.50 or
(etexcmds)             that some package has redefined \expanded.
(etexcmds)             In the latter case, load this package earlier.
Package: kvsetkeys 2016/05/16 v1.17 Key value parser (HO)
Package: kvdefinekeys 2016/05/16 v1.4 Define keys (HO)
Package: pdftexcmds 2017/03/19 v0.25 Utility functions of pdfTeX for LuaTeX (HO)
Package pdftexcmds Info: LuaTeX not detected.
Package pdftexcmds Info: \pdf@primitive is available.
Package pdftexcmds Info: \pdf@ifprimitive is available.
Package pdftexcmds Info: \pdfdraftmode found.
Package: pdfescape 2016/05/16 v1.14 Implements pdfTeX's escape features (HO)
Package: bigintcalc 2016/05/16 v1.4 Expandable calculations on big integers (HO)
Package: bitset 2016/05/16 v1.2 Handle bit-vector datatype (HO)
Package: uniquecounter 2016/05/16 v1.3 Provide unlimited unique counter (HO)
)
Package hobsub Info: Skipping package `hobsub' (already loaded).
Package: letltxmacro 2016/05/16 v1.5 Let assignment for LaTeX macros (HO)
Package: hopatch 2016/05/16 v1.3 Wrapper for package hooks (HO)
Package: xcolor-patch 2016/05/16 xcolor patch
Package: atveryend 2016/05/16 v1.9 Hooks at the very end of document (HO)
Package atveryend Info: \enddocument detected (standard20110627).
Package: atbegshi 2016/06/09 v1.18 At begin shipout hook (HO)
Package: refcount 2016/05/16 v3.5 Data extraction from label references (HO)
Package: hycolor 2016/05/16 v1.8 Color options for hyperref/bookmark (HO)
)
("C:\Program Files\MiKTeX 2.9\tex\generic\ifxetex\ifxetex.sty"
Package: ifxetex 2010/09/12 v0.6 Provides ifxetex conditional
)
("C:\Program Files\MiKTeX 2.9\tex\latex\oberdiek\auxhook.sty"
Package: auxhook 2016/05/16 v1.4 Hooks for auxiliary files (HO)
)
("C:\Program Files\MiKTeX 2.9\tex\latex\oberdiek\kvoptions.sty"
Package: kvoptions 2016/05/16 v3.12 Key value format for package options (HO)
)
\@linkdim=\dimen151
\Hy@linkcounter=\count128
\Hy@pagecounter=\count129

("C:\Program Files\MiKTeX 2.9\tex\latex\hyperref\pd1enc.def"
File: pd1enc.def 2017/03/14 v6.85a Hyperref: PDFDocEncoding definition (HO)
)
\Hy@SavedSpaceFactor=\count130

("C:\Program Files\MiKTeX 2.9\tex\latex\00miktex\hyperref.cfg"
File: hyperref.cfg 2002/06/06 v1.2 hyperref configuration of TeXLive
)
Package hyperref Info: Option `colorlinks' set `true' on input line 4374.
Package hyperref Info: Option `hyperindex' set `true' on input line 4374.
Package hyperref Info: Option `plainpages' set `false' on input line 4374.
Package hyperref Info: Option `pdfpagelabels' set `true' on input line 4374.
Package hyperref Info: Hyper figures OFF on input line 4498.
Package hyperref Info: Link nesting OFF on input line 4503.
Package hyperref Info: Hyper index ON on input line 4506.
Package hyperref Info: Plain pages OFF on input line 4513.
Package hyperref Info: Backreferencing OFF on input line 4518.
Package hyperref Info: Implicit mode ON; LaTeX internals redefined.
Package hyperref Info: Bookmarks ON on input line 4751.
\c@Hy@tempcnt=\count131

(C:\Users\Jeff\AppData\Roaming\MiKTeX\2.9\tex\latex\url\url.sty
\Urlmuskip=\muskip11
Package: url 2013/09/16  ver 3.4  Verb mode for urls, etc.
)
LaTeX Info: Redefining \url on input line 5104.
\XeTeXLinkMargin=\dimen152
\Fld@menulength=\count132
\Field@Width=\dimen153
\Fld@charsize=\dimen154
Package hyperref Info: Hyper figures OFF on input line 6358.
Package hyperref Info: Link nesting OFF on input line 6363.
Package hyperref Info: Hyper index ON on input line 6366.
Package hyperref Info: backreferencing OFF on input line 6373.
Package hyperref Info: Link coloring ON on input line 6376.
Package hyperref Info: Link coloring with OCG OFF on input line 6383.
Package hyperref Info: PDF/A mode OFF on input line 6388.
LaTeX Info: Redefining \ref on input line 6428.
LaTeX Info: Redefining \pageref on input line 6432.
\Hy@abspage=\count133
\c@Item=\count134
\c@Hfootnote=\count135
)

Package hyperref Message: Driver (autodetected): hpdftex.

("C:\Program Files\MiKTeX 2.9\tex\latex\hyperref\hpdftex.def"
File: hpdftex.def 2017/03/14 v6.85a Hyperref driver for pdfTeX
\Fld@listcount=\count136
\c@bookmark@seq@number=\count137

("C:\Program Files\MiKTeX 2.9\tex\latex\oberdiek\rerunfilecheck.sty"
Package: rerunfilecheck 2016/05/16 v1.8 Rerun checks for auxiliary files (HO)
Package uniquecounter Info: New unique counter `rerunfilecheck' on input line 282.
)
\Hy@SectionHShift=\skip75
)
("C:\Program Files\MiKTeX 2.9\tex\latex\oberdiek\hypcap.sty"
Package: hypcap 2016/05/16 v1.12 Adjusting the anchors of captions (HO)
) ("C:\Program Files\MiKTeX 2.9\tex\latex\tools\bm.sty"
Package: bm 2017/01/16 v1.2c Bold Symbol Support (DPC/FMi)
\symboldoperators=\mathgroup6
\symboldletters=\mathgroup7
\symboldsymbols=\mathgroup8
LaTeX Font Info:    Redeclaring math alphabet \mathbf on input line 141.
LaTeX Info: Redefining \bm on input line 207.
)
\c@defn=\count138
\c@thm=\count139
\c@eqn=\count140
\c@ex=\count141
\c@fig=\count142

(C:\Users\Jeff\AppData\Roaming\MiKTeX\2.9\tex\latex\cancel\cancel.sty
Package: cancel 2013/04/12 v2.2 Cancel math terms
)
(C:\Users\Jeff\AppData\Roaming\MiKTeX\2.9\tex\latex\sectsty\sectsty.sty
Package: sectsty 2002/02/25 v2.0.2 Commands to change all sectional heading styles
)
("C:\Program Files\MiKTeX 2.9\tex\latex\base\textcomp.sty"
Package: textcomp 2017/04/05 v2.0i Standard LaTeX package
Package textcomp Info: Sub-encoding information:
(textcomp)               5 = only ISO-Adobe without \textcurrency
(textcomp)               4 = 5 + \texteuro
(textcomp)               3 = 4 + \textohm
(textcomp)               2 = 3 + \textestimated + \textcurrency
(textcomp)               1 = TS1 - \textcircled - \t
(textcomp)               0 = TS1 (full)
(textcomp)             Font families with sub-encoding setting implement
(textcomp)             only a restricted character set as indicated.
(textcomp)             Family '?' is the default used for unknown fonts.
(textcomp)             See the documentation for details.
Package textcomp Info: Setting ? sub-encoding to TS1/1 on input line 79.
 ("C:\Program Files\MiKTeX 2.9\tex\latex\base\ts1enc.def"
File: ts1enc.def 2001/06/05 v3.0e (jk/car/fm) Standard LaTeX file
)
LaTeX Info: Redefining \oldstylenums on input line 334.
Package textcomp Info: Setting cmr sub-encoding to TS1/0 on input line 349.
Package textcomp Info: Setting cmss sub-encoding to TS1/0 on input line 350.
Package textcomp Info: Setting cmtt sub-encoding to TS1/0 on input line 351.
Package textcomp Info: Setting cmvtt sub-encoding to TS1/0 on input line 352.
Package textcomp Info: Setting cmbr sub-encoding to TS1/0 on input line 353.
Package textcomp Info: Setting cmtl sub-encoding to TS1/0 on input line 354.
Package textcomp Info: Setting ccr sub-encoding to TS1/0 on input line 355.
Package textcomp Info: Setting ptm sub-encoding to TS1/4 on input line 356.
Package textcomp Info: Setting pcr sub-encoding to TS1/4 on input line 357.
Package textcomp Info: Setting phv sub-encoding to TS1/4 on input line 358.
Package textcomp Info: Setting ppl sub-encoding to TS1/3 on input line 359.
Package textcomp Info: Setting pag sub-encoding to TS1/4 on input line 360.
Package textcomp Info: Setting pbk sub-encoding to TS1/4 on input line 361.
Package textcomp Info: Setting pnc sub-encoding to TS1/4 on input line 362.
Package textcomp Info: Setting pzc sub-encoding to TS1/4 on input line 363.
Package textcomp Info: Setting bch sub-encoding to TS1/4 on input line 364.
Package textcomp Info: Setting put sub-encoding to TS1/5 on input line 365.
Package textcomp Info: Setting uag sub-encoding to TS1/5 on input line 366.
Package textcomp Info: Setting ugq sub-encoding to TS1/5 on input line 367.
Package textcomp Info: Setting ul8 sub-encoding to TS1/4 on input line 368.
Package textcomp Info: Setting ul9 sub-encoding to TS1/4 on input line 369.
Package textcomp Info: Setting augie sub-encoding to TS1/5 on input line 370.
Package textcomp Info: Setting dayrom sub-encoding to TS1/3 on input line 371.
Package textcomp Info: Setting dayroms sub-encoding to TS1/3 on input line 372.
Package textcomp Info: Setting pxr sub-encoding to TS1/0 on input line 373.
Package textcomp Info: Setting pxss sub-encoding to TS1/0 on input line 374.
Package textcomp Info: Setting pxtt sub-encoding to TS1/0 on input line 375.
Package textcomp Info: Setting txr sub-encoding to TS1/0 on input line 376.
Package textcomp Info: Setting txss sub-encoding to TS1/0 on input line 377.
Package textcomp Info: Setting txtt sub-encoding to TS1/0 on input line 378.
Package textcomp Info: Setting lmr sub-encoding to TS1/0 on input line 379.
Package textcomp Info: Setting lmdh sub-encoding to TS1/0 on input line 380.
Package textcomp Info: Setting lmss sub-encoding to TS1/0 on input line 381.
Package textcomp Info: Setting lmssq sub-encoding to TS1/0 on input line 382.
Package textcomp Info: Setting lmvtt sub-encoding to TS1/0 on input line 383.
Package textcomp Info: Setting lmtt sub-encoding to TS1/0 on input line 384.
Package textcomp Info: Setting qhv sub-encoding to TS1/0 on input line 385.
Package textcomp Info: Setting qag sub-encoding to TS1/0 on input line 386.
Package textcomp Info: Setting qbk sub-encoding to TS1/0 on input line 387.
Package textcomp Info: Setting qcr sub-encoding to TS1/0 on input line 388.
Package textcomp Info: Setting qcs sub-encoding to TS1/0 on input line 389.
Package textcomp Info: Setting qpl sub-encoding to TS1/0 on input line 390.
Package textcomp Info: Setting qtm sub-encoding to TS1/0 on input line 391.
Package textcomp Info: Setting qzc sub-encoding to TS1/0 on input line 392.
Package textcomp Info: Setting qhvc sub-encoding to TS1/0 on input line 393.
Package textcomp Info: Setting futs sub-encoding to TS1/4 on input line 394.
Package textcomp Info: Setting futx sub-encoding to TS1/4 on input line 395.
Package textcomp Info: Setting futj sub-encoding to TS1/4 on input line 396.
Package textcomp Info: Setting hlh sub-encoding to TS1/3 on input line 397.
Package textcomp Info: Setting hls sub-encoding to TS1/3 on input line 398.
Package textcomp Info: Setting hlst sub-encoding to TS1/3 on input line 399.
Package textcomp Info: Setting hlct sub-encoding to TS1/5 on input line 400.
Package textcomp Info: Setting hlx sub-encoding to TS1/5 on input line 401.
Package textcomp Info: Setting hlce sub-encoding to TS1/5 on input line 402.
Package textcomp Info: Setting hlcn sub-encoding to TS1/5 on input line 403.
Package textcomp Info: Setting hlcw sub-encoding to TS1/5 on input line 404.
Package textcomp Info: Setting hlcf sub-encoding to TS1/5 on input line 405.
Package textcomp Info: Setting pplx sub-encoding to TS1/3 on input line 406.
Package textcomp Info: Setting pplj sub-encoding to TS1/3 on input line 407.
Package textcomp Info: Setting ptmx sub-encoding to TS1/4 on input line 408.
Package textcomp Info: Setting ptmj sub-encoding to TS1/4 on input line 409.
)
("C:\Program Files\MiKTeX 2.9\tex\latex\multirow\multirow.sty"
Package: multirow 2016/11/25 v2.2 Span multiple rows of a table
\multirow@colwidth=\skip76
\multirow@cntb=\count143
\multirow@dima=\skip77
\bigstrutjot=\dimen155
)
(C:\Users\Jeff\AppData\Roaming\MiKTeX\2.9\tex\latex\tocbibind\tocbibind.sty
Package: tocbibind 2010/10/13 v1.5k extra ToC listings
Package tocbibind Info: The document has chapter divisions on input line 50.


Package tocbibind Note: Using chapter style headings, unless overridden.

)
LaTeX Font Info:    Redeclaring symbol font `AMSb' on input line 40.
LaTeX Font Info:    Overwriting symbol font `AMSb' in version `normal'
(Font)                  U/msb/m/n --> U/msb/m/n on input line 40.
LaTeX Font Info:    Overwriting symbol font `AMSb' in version `bold'
(Font)                  U/msb/m/n --> U/msb/m/n on input line 40.
\c@HW=\count144
\c@HWindent=\count145
 ("C:\Program Files\MiKTeX 2.9\tex\latex\psnfss\helvet.sty"
Package: helvet 2005/04/12 PSNFSS-v9.2a (WaS) 
)
(C:\Users\Jeff\AppData\Roaming\MiKTeX\2.9\tex\latex\sfmath\sfmath.sty
Package: sfmath 2007/08/27 v0.8 sans serif maths
LaTeX Font Info:    Overwriting symbol font `operators' in version `normal'
(Font)                  OT1/cmr/m/n --> OT1/phv/m/n on input line 329.
LaTeX Font Info:    Overwriting symbol font `operators' in version `bold'
(Font)                  OT1/cmr/bx/n --> OT1/phv/bx/n on input line 330.
\symSFMath=\mathgroup9
LaTeX Font Info:    Overwriting symbol font `SFMath' in version `normal'
(Font)                  OT1/phv/m/sl --> OT1/phv/m/sl on input line 343.
LaTeX Font Info:    Overwriting symbol font `SFMath' in version `bold'
(Font)                  OT1/phv/m/sl --> OT1/phv/bx/sl on input line 344.
LaTeX Font Info:    Redeclaring math symbol \imath on input line 398.
LaTeX Font Info:    Redeclaring math symbol \jmath on input line 399.
\symSFMathUp=\mathgroup10
LaTeX Font Info:    Overwriting symbol font `SFMathUp' in version `normal'
(Font)                  OT1/phv/m/n --> OT1/phv/m/n on input line 406.
LaTeX Font Info:    Overwriting symbol font `SFMathUp' in version `bold'
(Font)                  OT1/phv/m/n --> OT1/phv/bx/n on input line 407.
LaTeX Font Info:    Redeclaring math symbol \ldotp on input line 410.
\symSFMathGreek=\mathgroup11
LaTeX Font Info:    Overwriting symbol font `SFMathGreek' in version `normal'
(Font)                  OT1/cmss/m/n --> OT1/cmss/m/n on input line 419.
LaTeX Font Info:    Overwriting symbol font `SFMathGreek' in version `bold'
(Font)                  OT1/cmss/m/n --> OT1/cmss/bx/n on input line 420.
LaTeX Font Info:    Redeclaring math symbol \Gamma on input line 422.
LaTeX Font Info:    Redeclaring math symbol \Delta on input line 423.
LaTeX Font Info:    Redeclaring math symbol \Theta on input line 424.
LaTeX Font Info:    Redeclaring math symbol \Lambda on input line 425.
LaTeX Font Info:    Redeclaring math symbol \Xi on input line 426.
LaTeX Font Info:    Redeclaring math symbol \Pi on input line 427.
LaTeX Font Info:    Redeclaring math symbol \Sigma on input line 428.
LaTeX Font Info:    Redeclaring math symbol \Upsilon on input line 429.
LaTeX Font Info:    Redeclaring math symbol \Phi on input line 430.
LaTeX Font Info:    Redeclaring math symbol \Psi on input line 431.
LaTeX Font Info:    Redeclaring math symbol \Omega on input line 432.
\symSFMathUpGreek=\mathgroup12
LaTeX Font Info:    Overwriting symbol font `SFMathUpGreek' in version `normal'
(Font)                  OT1/cmss/m/n --> OT1/cmss/m/n on input line 436.
LaTeX Font Info:    Overwriting symbol font `SFMathUpGreek' in version `bold'
(Font)                  OT1/cmss/m/n --> OT1/cmss/bx/n on input line 437.
LaTeX Font Info:    Overwriting math alphabet `\mathnormal' in version `normal'
(Font)                  OML/cmm/m/it --> OT1/phv/m/sl on input line 446.
LaTeX Font Info:    Overwriting math alphabet `\mathnormal' in version `bold'
(Font)                  OML/cmm/b/it --> OT1/phv/bx/sl on input line 447.
LaTeX Font Info:    Overwriting math alphabet `\mathrm' in version `normal'
(Font)                  OT1/phv/m/n --> OT1/phv/m/n on input line 449.
LaTeX Font Info:    Overwriting math alphabet `\mathrm' in version `bold'
(Font)                  OT1/phv/bx/n --> OT1/phv/bx/n on input line 450.
LaTeX Font Info:    Overwriting math alphabet `\mathbf' in version `normal'
(Font)                  OT1/cmr/bx/n --> OT1/phv/bx/n on input line 452.
LaTeX Font Info:    Overwriting math alphabet `\mathbf' in version `bold'
(Font)                  OT1/cmr/bx/n --> OT1/phv/bx/n on input line 453.
LaTeX Font Info:    Overwriting math alphabet `\mathit' in version `normal'
(Font)                  OT1/cmr/m/it --> OT1/phv/m/sl on input line 455.
LaTeX Font Info:    Overwriting math alphabet `\mathit' in version `bold'
(Font)                  OT1/cmr/bx/it --> OT1/phv/bx/sl on input line 456.
LaTeX Font Info:    Overwriting math alphabet `\mathsf' in version `normal'
(Font)                  OT1/cmss/m/n --> OT1/phv/m/n on input line 458.
LaTeX Font Info:    Overwriting math alphabet `\mathsf' in version `bold'
(Font)                  OT1/cmss/bx/n --> OT1/phv/bx/n on input line 459.
LaTeX Font Info:    Overwriting math alphabet `\mathsl' in version `bold'
(Font)                  OT1/phv/m/sl --> OT1/phv/bx/sl on input line 466.
)
(CompilerPolarCoordinatesandParametricEquations.aux (PolarCoordinatesandParametricEquations.aux))
\openout1 = `CompilerPolarCoordinatesandParametricEquations.aux'.

LaTeX Font Info:    Checking defaults for OML/cmm/m/it on input line 74.
LaTeX Font Info:    ... okay on input line 74.
LaTeX Font Info:    Checking defaults for T1/cmr/m/n on input line 74.
LaTeX Font Info:    ... okay on input line 74.
LaTeX Font Info:    Checking defaults for OT1/cmr/m/n on input line 74.
LaTeX Font Info:    ... okay on input line 74.
LaTeX Font Info:    Checking defaults for OMS/cmsy/m/n on input line 74.
LaTeX Font Info:    ... okay on input line 74.
LaTeX Font Info:    Checking defaults for OMX/cmex/m/n on input line 74.
LaTeX Font Info:    ... okay on input line 74.
LaTeX Font Info:    Checking defaults for U/cmr/m/n on input line 74.
LaTeX Font Info:    ... okay on input line 74.
LaTeX Font Info:    Checking defaults for PD1/pdf/m/n on input line 74.
LaTeX Font Info:    ... okay on input line 74.
LaTeX Font Info:    Checking defaults for TS1/cmr/m/n on input line 74.
LaTeX Font Info:    Try loading font information for TS1+cmr on input line 74.

("C:\Program Files\MiKTeX 2.9\tex\latex\base\ts1cmr.fd"
File: ts1cmr.fd 2014/09/29 v2.5h Standard LaTeX font definitions
)
LaTeX Font Info:    ... okay on input line 74.
LaTeX Font Info:    Try loading font information for OT1+phv on input line 74.
 ("C:\Program Files\MiKTeX 2.9\tex\latex\psnfss\ot1phv.fd"
File: ot1phv.fd 2001/06/04 scalable font definitions for OT1/phv.
)
LaTeX Font Info:    Font shape `OT1/phv/m/n' will be
(Font)              scaled to size 10.07397pt on input line 74.

(C:\Users\Jeff\AppData\Roaming\MiKTeX\2.9\tex\context\base\supp-pdf.mkii
[Loading MPS to PDF converter (version 2006.09.02).]
\scratchcounter=\count146
\scratchdimen=\dimen156
\scratchbox=\box63
\nofMPsegments=\count147
\nofMParguments=\count148
\everyMPshowfont=\toks32
\MPscratchCnt=\count149
\MPscratchDim=\dimen157
\MPnumerator=\count150
\makeMPintoPDFobject=\count151
\everyMPtoPDFconversion=\toks33
) ("C:\Program Files\MiKTeX 2.9\tex\latex\oberdiek\epstopdf-base.sty"
Package: epstopdf-base 2016/05/15 v2.6 Base part for package epstopdf

("C:\Program Files\MiKTeX 2.9\tex\latex\oberdiek\grfext.sty"
Package: grfext 2016/05/16 v1.2 Manage graphics extensions (HO)
)
Package epstopdf-base Info: Redefining graphics rule for `.eps' on input line 438.
Package grfext Info: Graphics extension search list:
(grfext)             [.png,.pdf,.jpg,.mps,.jpeg,.jbig2,.jb2,.PNG,.PDF,.JPG,.JPEG,.JBIG2,.JB2,.eps]
(grfext)             \AppendGraphicsExtensions on input line 456.
)
\AtBeginShipoutBox=\box64
Package hyperref Info: Link coloring ON on input line 74.

("C:\Program Files\MiKTeX 2.9\tex\latex\hyperref\nameref.sty"
Package: nameref 2016/05/21 v2.44 Cross-referencing by name of section

("C:\Program Files\MiKTeX 2.9\tex\generic\oberdiek\gettitlestring.sty"
Package: gettitlestring 2016/05/16 v1.5 Cleanup title references (HO)
)
\c@section@level=\count152
)
LaTeX Info: Redefining \ref on input line 74.
LaTeX Info: Redefining \pageref on input line 74.
LaTeX Info: Redefining \nameref on input line 74.

(CompilerPolarCoordinatesandParametricEquations.out) (CompilerPolarCoordinatesandParametricEquations.out)
\@outlinefile=\write4
\openout4 = `CompilerPolarCoordinatesandParametricEquations.out'.


Chapter 1.
LaTeX Font Info:    Font shape `OT1/phv/m/n' will be
(Font)              scaled to size 19.08076pt on input line 78.
LaTeX Font Info:    Font shape `OT1/phv/bx/n' in size <20.74> not available
(Font)              Font shape `OT1/phv/b/n' tried instead on input line 78.
LaTeX Font Info:    Font shape `OT1/phv/b/n' will be
(Font)              scaled to size 19.08076pt on input line 78.
LaTeX Font Info:    Font shape `OT1/phv/m/n' will be
(Font)              scaled to size 22.88956pt on input line 78.
LaTeX Font Info:    Font shape `OT1/phv/bx/n' in size <24.88> not available
(Font)              Font shape `OT1/phv/b/n' tried instead on input line 78.
LaTeX Font Info:    Font shape `OT1/phv/b/n' will be
(Font)              scaled to size 22.88956pt on input line 78.
LaTeX Font Info:    Font shape `OT1/phv/m/sc' will be
(Font)              scaled to size 22.88956pt on input line 78.
[1


{C:/ProgramData/MiKTeX/2.9/pdftex/config/pdftex.map}]
\openout2 = `PolarCoordinatesandParametricEquations.aux'.

 (PolarCoordinatesandParametricEquations.tex
LaTeX Font Info:    Font shape `OT1/phv/m/n' will be
(Font)              scaled to size 13.24796pt on input line 1.
LaTeX Font Info:    Font shape `OT1/phv/bx/n' in size <14.4> not available
(Font)              Font shape `OT1/phv/b/n' tried instead on input line 1.
LaTeX Font Info:    Font shape `OT1/phv/b/n' will be
(Font)              scaled to size 13.24796pt on input line 1.

(PolarCoordinates.tex

Mfpic: Initializing PolarCoordinates.mp.
\openout3 = `PolarCoordinates.mp'.

Mfpic: Don't forget to process PolarCoordinates.mp!
Mfpic: Apply metapost to PolarCoordinates.mp.
Mfpic: Then reprocess this file "CompilerPolarCoordinatesandParametricEquations".

LaTeX Font Info:    Font shape `OT1/phv/bx/n' in size <10.95> not available
(Font)              Font shape `OT1/phv/b/n' tried instead on input line 9.
LaTeX Font Info:    Font shape `OT1/phv/b/n' will be
(Font)              scaled to size 10.07397pt on input line 9.

LaTeX Warning: Reference `AppCartesianPlane' on page 2 undefined on input line 9.

LaTeX Font Info:    Font shape `OT1/phv/m/n' will be
(Font)              scaled to size 7.35999pt on input line 14.
LaTeX Font Info:    Font shape `OT1/phv/m/n' will be
(Font)              scaled to size 5.51999pt on input line 14.
LaTeX Font Info:    Try loading font information for U+msa on input line 14.
("C:\Program Files\MiKTeX 2.9\tex\latex\amsfonts\umsa.fd"
File: umsa.fd 2013/01/14 v3.01 AMS symbols A
)
LaTeX Font Info:    Try loading font information for U+msb on input line 14.
 ("C:\Program Files\MiKTeX 2.9\tex\latex\amsfonts\umsb.fd"
File: umsb.fd 2013/01/14 v3.01 AMS symbols B
)
LaTeX Font Info:    Font shape `OT1/phv/m/sl' will be
(Font)              scaled to size 10.07397pt on input line 14.
LaTeX Font Info:    Font shape `OT1/phv/m/sl' will be
(Font)              scaled to size 7.35999pt on input line 14.
LaTeX Font Info:    Font shape `OT1/phv/m/sl' will be
(Font)              scaled to size 5.51999pt on input line 14.
LaTeX Font Info:    Font shape `OT1/phv/m/n' will be
(Font)              scaled to size 8.27998pt on input line 18.
LaTeX Font Info:    Font shape `OT1/phv/m/n' will be
(Font)              scaled to size 4.59999pt on input line 18.
LaTeX Font Info:    Font shape `OT1/phv/m/sl' will be
(Font)              scaled to size 8.27998pt on input line 18.
LaTeX Font Info:    Font shape `OT1/phv/m/sl' will be
(Font)              scaled to size 4.59999pt on input line 18.
File: PolarCoordinates.1 Graphic file (type mps)

[MP to PDF] (PolarCoordinates.1)
File: PolarCoordinates.2 Graphic file (type mps)
 [MP to PDF] (PolarCoordinates.2)
LaTeX Font Info:    Font shape `OT1/phv/m/it' in size <10.95> not available
(Font)              Font shape `OT1/phv/m/sl' tried instead on input line 115.
LaTeX Font Info:    Font shape `OT1/phv/m/sl' will be
(Font)              scaled to size 10.07397pt on input line 115.
File: PolarCoordinates.3 Graphic file (type mps)
 [MP to PDF] (PolarCoordinates.3)
File: PolarCoordinates.4 Graphic file (type mps)
 [MP to PDF]
(PolarCoordinates.4)
File: PolarCoordinates.5 Graphic file (type mps)
 [MP to PDF] (PolarCoordinates.5)
LaTeX Font Info:    Font shape `OT1/phv/m/sc' will be
(Font)              scaled to size 10.07397pt on input line 173.
 [2

]
File: PolarCoordinates.6 Graphic file (type mps)
 [MP to PDF] (PolarCoordinates.6)
File: PolarCoordinates.7 Graphic file (type mps)
 [MP to PDF]
(PolarCoordinates.7)
File: PolarCoordinates.8 Graphic file (type mps)
 [MP to PDF] (PolarCoordinates.8)
File: PolarCoordinates.9 Graphic file (type mps)
 [MP to PDF] (PolarCoordinates.9)
File: PolarCoordinates.10 Graphic file (type mps)
 [MP to PDF] (PolarCoordinates.10)
File: PolarCoordinates.11 Graphic file (type mps)
[MP to PDF] (PolarCoordinates.11)
File: PolarCoordinates.12 Graphic file (type mps)
 [MP to PDF] (PolarCoordinates.12)
File: PolarCoordinates.13 Graphic file (type mps)
 [MP to PDF] (PolarCoordinates.13)
File: PolarCoordinates.14 Graphic file (type mps)
 [MP to PDF]
(PolarCoordinates.14)
File: PolarCoordinates.15 Graphic file (type mps)
 [MP to PDF] (PolarCoordinates.15)
File: PolarCoordinates.16 Graphic file (type mps)
 [MP to PDF] (PolarCoordinates.16)
File: PolarCoordinates.17 Graphic file (type mps)
 [MP to PDF]
(PolarCoordinates.17)
File: PolarCoordinates.18 Graphic file (type mps)
 [MP to PDF] (PolarCoordinates.18)
File: PolarCoordinates.19 Graphic file (type mps)
 [MP to PDF] (PolarCoordinates.19)
File: PolarCoordinates.20 Graphic file (type mps)
 [MP to PDF]
(PolarCoordinates.20) [3]
File: PolarCoordinates.21 Graphic file (type mps)
 [MP to PDF] (PolarCoordinates.21)
File: PolarCoordinates.22 Graphic file (type mps)
 [MP to PDF] (PolarCoordinates.22)
File: PolarCoordinates.23 Graphic file (type mps)
 [MP to PDF]
(PolarCoordinates.23)
File: PolarCoordinates.24 Graphic file (type mps)
 [MP to PDF] (PolarCoordinates.24)
File: PolarCoordinates.25 Graphic file (type mps)
 [MP to PDF] (PolarCoordinates.25)
File: PolarCoordinates.26 Graphic file (type mps)
 [MP to PDF]
(PolarCoordinates.26) [4]
File: PolarCoordinates.27 Graphic file (type mps)
 [MP to PDF] (PolarCoordinates.27)
File: PolarCoordinates.28 Graphic file (type mps)
 [MP to PDF] (PolarCoordinates.28)
File: PolarCoordinates.29 Graphic file (type mps)
 [MP to PDF]
(PolarCoordinates.29)
File: PolarCoordinates.30 Graphic file (type mps)
 [MP to PDF] (PolarCoordinates.30)
File: PolarCoordinates.31 Graphic file (type mps)
 [MP to PDF] (PolarCoordinates.31)
File: PolarCoordinates.32 Graphic file (type mps)
 [MP to PDF]
(PolarCoordinates.32) [5]
File: PolarCoordinates.33 Graphic file (type mps)
 [MP to PDF] (PolarCoordinates.33)
File: PolarCoordinates.34 Graphic file (type mps)
 [MP to PDF] (PolarCoordinates.34)
File: PolarCoordinates.35 Graphic file (type mps)
 [MP to PDF]
(PolarCoordinates.35)
File: PolarCoordinates.36 Graphic file (type mps)
 [MP to PDF] (PolarCoordinates.36)
LaTeX Font Info:    Try loading font information for TS1+phv on input line 890.
 ("C:\Program Files\MiKTeX 2.9\tex\latex\psnfss\ts1phv.fd"
File: ts1phv.fd 2001/06/04 scalable font definitions for TS1/phv.
)
LaTeX Font Info:    Font shape `TS1/phv/m/n' will be
(Font)              scaled to size 10.07397pt on input line 890.

[6]

LaTeX Warning: Reference `cosinesinecircle' on page 7 undefined on input line 948.


LaTeX Warning: Reference `circularfunctionscircle' on page 7 undefined on input line 948.

[7]
File: PolarCoordinates.37 Graphic file (type mps)
 [MP to PDF] (PolarCoordinates.37)
File: PolarCoordinates.38 Graphic file (type mps)
 [MP to PDF] (PolarCoordinates.38) [8]

LaTeX Warning: Reference `TheInverseTrigonometricFunctions' on page 9 undefined on input line 1093.

File: PolarCoordinates.39 Graphic file (type mps)
[MP to PDF] (PolarCoordinates.39)
File: PolarCoordinates.40 Graphic file (type mps)
 [MP to PDF] (PolarCoordinates.40)
Underfull \vbox (badness 2302) has occurred while \output is active []

 [9]

LaTeX Warning: Reference `Relations' on page 10 undefined on input line 1151.


LaTeX Warning: Reference `Circles' on page 10 undefined on input line 1214.

[10]
LaTeX Font Info:    Font shape `OT1/phv/bx/n' in size <9> not available
(Font)              Font shape `OT1/phv/b/n' tried instead on input line 1220.
LaTeX Font Info:    Font shape `OT1/phv/b/n' will be
(Font)              scaled to size 8.27998pt on input line 1220.


LaTeX Warning: Reference `LinSystems' on page 11 undefined on input line 1220.

LaTeX Font Info:    Font shape `OT1/phv/m/it' in size <9> not available
(Font)              Font shape `OT1/phv/m/sl' tried instead on input line 1224.
LaTeX Font Info:    Font shape `OT1/phv/m/sl' will be
(Font)              scaled to size 8.27998pt on input line 1224.

LaTeX Warning: Reference `algineqexfirsta' on page 11 undefined on input line 1254.


LaTeX Warning: Reference `algineqexlasta' on page 11 undefined on input line 1254.


LaTeX Warning: Reference `RootRadicalFunctions' on page 11 undefined on input line 1254.


LaTeX Warning: Reference `relationdefn' on page 11 undefined on input line 1258.


LaTeX Warning: Reference `Relations' on page 11 undefined on input line 1258.

[11] [12] [13]
LaTeX Font Info:    Font shape `OT1/phv/m/n' will be
(Font)              scaled to size 11.03998pt on input line 1320.
LaTeX Font Info:    Font shape `OT1/phv/bx/n' in size <12> not available
(Font)              Font shape `OT1/phv/b/n' tried instead on input line 1320.
LaTeX Font Info:    Font shape `OT1/phv/b/n' will be
(Font)              scaled to size 11.03998pt on input line 1320.
 (ExercisesforPolarCoordinates.tex [14]
LaTeX Font Info:    Font shape `OT1/phv/m/n' will be
(Font)              scaled to size 9.19998pt on input line 431.
LaTeX Font Info:    Font shape `OT1/phv/m/n' will be
(Font)              scaled to size 6.43999pt on input line 431.
LaTeX Font Info:    Font shape `OT1/phv/m/sl' will be
(Font)              scaled to size 9.19998pt on input line 431.
LaTeX Font Info:    Font shape `OT1/phv/m/sl' will be
(Font)              scaled to size 6.43999pt on input line 431.
 [15]
Underfull \hbox (badness 10000) in paragraph at lines 475--477

 []

File: PolarCoordinates.41 Graphic file (type mps)
[MP to PDF] (PolarCoordinates.41)
Underfull \hbox (badness 10000) in paragraph at lines 499--501

 []

File: PolarCoordinates.42 Graphic file (type mps)
[MP to PDF] (PolarCoordinates.42)
Underfull \hbox (badness 10000) in paragraph at lines 523--525

 []

File: PolarCoordinates.43 Graphic file (type mps)
[MP to PDF] (PolarCoordinates.43)
Underfull \hbox (badness 10000) in paragraph at lines 547--549

 []

File: PolarCoordinates.44 Graphic file (type mps)
[MP to PDF] (PolarCoordinates.44)
Overfull \vbox (4.59822pt too high) has occurred while \output is active []

 [16]
Underfull \hbox (badness 10000) in paragraph at lines 571--573

 []

File: PolarCoordinates.45 Graphic file (type mps)
[MP to PDF] (PolarCoordinates.45)
Underfull \hbox (badness 10000) in paragraph at lines 595--597

 []

File: PolarCoordinates.46 Graphic file (type mps)
[MP to PDF] (PolarCoordinates.46)
Underfull \hbox (badness 10000) in paragraph at lines 619--621

 []

File: PolarCoordinates.47 Graphic file (type mps)
[MP to PDF] (PolarCoordinates.47)
Underfull \hbox (badness 10000) in paragraph at lines 643--645

 []

File: PolarCoordinates.48 Graphic file (type mps)
[MP to PDF] (PolarCoordinates.48) [17]
Underfull \hbox (badness 10000) in paragraph at lines 667--669

 []

File: PolarCoordinates.49 Graphic file (type mps)
[MP to PDF] (PolarCoordinates.49)
Underfull \hbox (badness 10000) in paragraph at lines 691--693

 []

File: PolarCoordinates.50 Graphic file (type mps)
[MP to PDF] (PolarCoordinates.50)
Underfull \hbox (badness 10000) in paragraph at lines 716--718

 []

File: PolarCoordinates.51 Graphic file (type mps)
[MP to PDF] (PolarCoordinates.51)
Underfull \hbox (badness 10000) in paragraph at lines 740--742

 []

File: PolarCoordinates.52 Graphic file (type mps)
[MP to PDF] (PolarCoordinates.52) [18]
Underfull \hbox (badness 10000) in paragraph at lines 766--768

 []

File: PolarCoordinates.53 Graphic file (type mps)
[MP to PDF] (PolarCoordinates.53)
Underfull \hbox (badness 10000) in paragraph at lines 791--793

 []

File: PolarCoordinates.54 Graphic file (type mps)
[MP to PDF] (PolarCoordinates.54)
Underfull \hbox (badness 10000) in paragraph at lines 815--817

 []

File: PolarCoordinates.55 Graphic file (type mps)
[MP to PDF] (PolarCoordinates.55)
Underfull \hbox (badness 10000) in paragraph at lines 839--841

 []

File: PolarCoordinates.56 Graphic file (type mps)
[MP to PDF] (PolarCoordinates.56) [19]
Overfull \hbox (3.32686pt too wide) in paragraph at lines 993--994
[]$[]$ 
 []

[20])) [21] (PolarGraphs.tex

Mfpic: Initializing PolarGraphs.mp.
\openout3 = `PolarGraphs.mp'.

Mfpic: Don't forget to process PolarGraphs.mp!
Mfpic: Apply metapost to PolarGraphs.mp.
Mfpic: Then reprocess this file "CompilerPolarCoordinatesandParametricEquations".

File: PolarGraphs.1 Graphic file (type mps)
[MP to PDF] (PolarGraphs.1)
File: PolarGraphs.2 Graphic file (type mps)
 [MP to PDF] (PolarGraphs.2)
File: PolarGraphs.3 Graphic file (type mps)
 [MP to PDF] (PolarGraphs.3)
File: PolarGraphs.4 Graphic file (type mps)
 [MP to PDF] (PolarGraphs.4) [22]
File: PolarGraphs.5 Graphic file (type mps)

[MP to PDF] (PolarGraphs.5)
File: PolarGraphs.6 Graphic file (type mps)
 [MP to PDF] (PolarGraphs.6)
File: PolarGraphs.7 Graphic file (type mps)
 [MP to PDF] (PolarGraphs.7)
File: PolarGraphs.8 Graphic file (type mps)
 [MP to PDF] (PolarGraphs.8)
Underfull \vbox (badness 10000) has occurred while \output is active []

 [23]

LaTeX Warning: Reference `FunctionsandtheirRepresentations' on page 24 undefined on input line 294.

File: PolarGraphs.9 Graphic file (type mps)
[MP to PDF] (PolarGraphs.9)
Overfull \hbox (58.65692pt too wide) in paragraph at lines 296--332
[]  [] 
 []

[24]
File: PolarGraphs.10 Graphic file (type mps)
 [MP to PDF] (PolarGraphs.10)
File: PolarGraphs.11 Graphic file (type mps)
 [MP to PDF] (PolarGraphs.11)
File: PolarGraphs.12 Graphic file (type mps)
 [MP to PDF] (PolarGraphs.12)
File: PolarGraphs.13 Graphic file (type mps)
 [MP to PDF] (PolarGraphs.13) [25]
File: PolarGraphs.14 Graphic file (type mps)
 [MP to PDF] (PolarGraphs.14)
File: PolarGraphs.15 Graphic file (type mps)
 [MP to PDF] (PolarGraphs.15)
File: PolarGraphs.16 Graphic file (type mps)
 [MP to PDF] (PolarGraphs.16)
File: PolarGraphs.17 Graphic file (type mps)
 [MP to PDF] (PolarGraphs.17) [26]
File: PolarGraphs.18 Graphic file (type mps)
 [MP to PDF] (PolarGraphs.18)
File: PolarGraphs.19 Graphic file (type mps)
 [MP to PDF] (PolarGraphs.19)
File: PolarGraphs.20 Graphic file (type mps)
 [MP to PDF] (PolarGraphs.20)
File: PolarGraphs.21 Graphic file (type mps)
 [MP to PDF]
(PolarGraphs.21)
File: PolarGraphs.22 Graphic file (type mps)
 [MP to PDF] (PolarGraphs.22)
File: PolarGraphs.23 Graphic file (type mps)
 [MP to PDF] (PolarGraphs.23)
File: PolarGraphs.24 Graphic file (type mps)
 [MP to PDF] (PolarGraphs.24)
File: PolarGraphs.25 Graphic file (type mps)
 [MP to PDF]
(PolarGraphs.25)
Underfull \vbox (badness 10000) has occurred while \output is active []

 [27]
File: PolarGraphs.26 Graphic file (type mps)
 [MP to PDF] (PolarGraphs.26)
File: PolarGraphs.27 Graphic file (type mps)
 [MP to PDF]
(PolarGraphs.27)
Overfull \hbox (4.015pt too wide) in paragraph at lines 847--848
[]|[] 
 []

File: PolarGraphs.28 Graphic file (type mps)
[MP to PDF] (PolarGraphs.28)
File: PolarGraphs.29 Graphic file (type mps)
 [MP to PDF] (PolarGraphs.29) [28]
File: PolarGraphs.30 Graphic file (type mps)
 [MP to PDF] (PolarGraphs.30)
File: PolarGraphs.31 Graphic file (type mps)
 [MP to PDF] (PolarGraphs.31)
File: PolarGraphs.32 Graphic file (type mps)
[MP to PDF] (PolarGraphs.32)
File: PolarGraphs.33 Graphic file (type mps)
 [MP to PDF] (PolarGraphs.33)
Underfull \vbox (badness 4556) has occurred while \output is active []

 [29]
File: PolarGraphs.34 Graphic file (type mps)
 [MP to PDF] (PolarGraphs.34)
File: PolarGraphs.35 Graphic file (type mps)
 [MP to PDF]
(PolarGraphs.35)
File: PolarGraphs.36 Graphic file (type mps)
 [MP to PDF] (PolarGraphs.36)
File: PolarGraphs.37 Graphic file (type mps)
 [MP to PDF] (PolarGraphs.37)
Overfull \hbox (17.06374pt too wide) in paragraph at lines 1113--1114
[]|[] 
 []

[30]
File: PolarGraphs.38 Graphic file (type mps)
 [MP to PDF] (PolarGraphs.38)
File: PolarGraphs.39 Graphic file (type mps)
 [MP to PDF] (PolarGraphs.39)
File: PolarGraphs.40 Graphic file (type mps)
 [MP to PDF] (PolarGraphs.40)
File: PolarGraphs.41 Graphic file (type mps)
 [MP to PDF] (PolarGraphs.41)
File: PolarGraphs.42 Graphic file (type mps)
[MP to PDF] (PolarGraphs.42)
File: PolarGraphs.43 Graphic file (type mps)
 [MP to PDF] (PolarGraphs.43) [31]
File: PolarGraphs.44 Graphic file (type mps)
 [MP to PDF] (PolarGraphs.44)
File: PolarGraphs.45 Graphic file (type mps)
 [MP to PDF] (PolarGraphs.45)
File: PolarGraphs.46 Graphic file (type mps)
[MP to PDF] (PolarGraphs.46)
File: PolarGraphs.47 Graphic file (type mps)
 [MP to PDF] (PolarGraphs.47) [32]
File: PolarGraphs.48 Graphic file (type mps)
 [MP to PDF] (PolarGraphs.48)
File: PolarGraphs.49 Graphic file (type mps)
 [MP to PDF] (PolarGraphs.49)
File: PolarGraphs.50 Graphic file (type mps)
[MP to PDF] (PolarGraphs.50)
File: PolarGraphs.51 Graphic file (type mps)
 [MP to PDF] (PolarGraphs.51) [33]
File: PolarGraphs.52 Graphic file (type mps)
 [MP to PDF] (PolarGraphs.52)
File: PolarGraphs.53 Graphic file (type mps)
 [MP to PDF] (PolarGraphs.53)
LaTeX Font Info:    Font shape `OT1/phv/bx/n' in size <8> not available
(Font)              Font shape `OT1/phv/b/n' tried instead on input line 1562.
LaTeX Font Info:    Font shape `OT1/phv/b/n' will be
(Font)              scaled to size 7.35999pt on input line 1562.
LaTeX Font Info:    Font shape `OT1/phv/bx/n' in size <6> not available
(Font)              Font shape `OT1/phv/b/n' tried instead on input line 1562.
LaTeX Font Info:    Font shape `OT1/phv/b/n' will be
(Font)              scaled to size 5.51999pt on input line 1562.
LaTeX Font Info:    Font shape `OT1/phv/bx/sl' in size <10.95> not available
(Font)              Font shape `OT1/phv/b/sl' tried instead on input line 1562.
LaTeX Font Info:    Font shape `OT1/phv/b/sl' will be
(Font)              scaled to size 10.07397pt on input line 1562.
LaTeX Font Info:    Font shape `OT1/phv/bx/sl' in size <8> not available
(Font)              Font shape `OT1/phv/b/sl' tried instead on input line 1562.
LaTeX Font Info:    Font shape `OT1/phv/b/sl' will be
(Font)              scaled to size 7.35999pt on input line 1562.
LaTeX Font Info:    Font shape `OT1/phv/bx/sl' in size <6> not available
(Font)              Font shape `OT1/phv/b/sl' tried instead on input line 1562.
LaTeX Font Info:    Font shape `OT1/phv/b/sl' will be
(Font)              scaled to size 5.51999pt on input line 1562.
File: PolarGraphs.54 Graphic file (type mps)
[MP to PDF] (PolarGraphs.54)
File: PolarGraphs.55 Graphic file (type mps)
 [MP to PDF] (PolarGraphs.55) [34]
File: PolarGraphs.56 Graphic file (type mps)
 [MP to PDF] (PolarGraphs.56) [35]
File: PolarGraphs.57 Graphic file (type mps)
 [MP to PDF]
(PolarGraphs.57) [36]
File: PolarGraphs.58 Graphic file (type mps)
 [MP to PDF] (PolarGraphs.58) [37]
File: PolarGraphs.59 Graphic file (type mps)
 [MP to PDF] (PolarGraphs.59) [38] [39]
File: PolarGraphs.60 Graphic file (type mps)
 [MP to PDF]
(PolarGraphs.60)
File: PolarGraphs.61 Graphic file (type mps)
 [MP to PDF] (PolarGraphs.61) [40]
File: PolarGraphs.62 Graphic file (type mps)
 [MP to PDF] (PolarGraphs.62)
File: PolarGraphs.63 Graphic file (type mps)
 [MP to PDF] (PolarGraphs.63)
File: PolarGraphs.64 Graphic file (type mps)

[MP to PDF] (PolarGraphs.64)
File: PolarGraphs.65 Graphic file (type mps)
 [MP to PDF] (PolarGraphs.65) [41]
File: PolarGraphs.66 Graphic file (type mps)
 [MP to PDF] (PolarGraphs.66)
File: PolarGraphs.67 Graphic file (type mps)
 [MP to PDF] (PolarGraphs.67) [42] (ExercisesforPolarGraphs.tex [43] <./PolarGraphsGraphics/Polar01.jpg, id=717, 95.8782
pt x 65.5248pt>
File: ./PolarGraphsGraphics/Polar01.jpg Graphic file (type jpg)

<use ./PolarGraphsGraphics/Polar01.jpg>
Package pdftex.def Info: ./PolarGraphsGraphics/Polar01.jpg used on input line 317.
(pdftex.def)             Requested size: 130.08621pt x 88.90556pt.
 <./PolarGraphsGraphics/Polar02.jpg, id=718, 95.8782pt x 65.5248pt>
File: ./PolarGraphsGraphics/Polar02.jpg Graphic file (type jpg)

<use ./PolarGraphsGraphics/Polar02.jpg>
Package pdftex.def Info: ./PolarGraphsGraphics/Polar02.jpg used on input line 318.
(pdftex.def)             Requested size: 130.08621pt x 88.90556pt.
 <./PolarGraphsGraphics/Polar03.jpg, id=719, 95.8782pt x 65.5248pt>
File: ./PolarGraphsGraphics/Polar03.jpg Graphic file (type jpg)

<use ./PolarGraphsGraphics/Polar03.jpg>
Package pdftex.def Info: ./PolarGraphsGraphics/Polar03.jpg used on input line 319.
(pdftex.def)             Requested size: 130.08621pt x 88.90556pt.
 [44 <./PolarGraphsGraphics/Polar01.jpg> <./PolarGraphsGraphics/Polar02.jpg> <./PolarGraphsGraphics/Polar03.jpg>] <./Pol
arGraphsGraphics/Polar04.jpg, id=742, 95.8782pt x 65.5248pt>
File: ./PolarGraphsGraphics/Polar04.jpg Graphic file (type jpg)

<use ./PolarGraphsGraphics/Polar04.jpg>
Package pdftex.def Info: ./PolarGraphsGraphics/Polar04.jpg used on input line 331.
(pdftex.def)             Requested size: 130.08621pt x 88.90556pt.
 <./PolarGraphsGraphics/Polar05.jpg, id=743, 95.8782pt x 65.5248pt>
File: ./PolarGraphsGraphics/Polar05.jpg Graphic file (type jpg)

<use ./PolarGraphsGraphics/Polar05.jpg>
Package pdftex.def Info: ./PolarGraphsGraphics/Polar05.jpg used on input line 332.
(pdftex.def)             Requested size: 130.08621pt x 88.90556pt.
 <./PolarGraphsGraphics/Polar06.jpg, id=744, 95.8782pt x 65.5248pt>
File: ./PolarGraphsGraphics/Polar06.jpg Graphic file (type jpg)

<use ./PolarGraphsGraphics/Polar06.jpg>
Package pdftex.def Info: ./PolarGraphsGraphics/Polar06.jpg used on input line 344.
(pdftex.def)             Requested size: 130.08621pt x 88.90556pt.
 <./PolarGraphsGraphics/Polar07.jpg, id=745, 95.8782pt x 65.5248pt>
File: ./PolarGraphsGraphics/Polar07.jpg Graphic file (type jpg)

<use ./PolarGraphsGraphics/Polar07.jpg>
Package pdftex.def Info: ./PolarGraphsGraphics/Polar07.jpg used on input line 345.
(pdftex.def)             Requested size: 130.08621pt x 88.90556pt.
 <./PolarGraphsGraphics/Polar08.jpg, id=746, 95.8782pt x 65.5248pt>
File: ./PolarGraphsGraphics/Polar08.jpg Graphic file (type jpg)

<use ./PolarGraphsGraphics/Polar08.jpg>
Package pdftex.def Info: ./PolarGraphsGraphics/Polar08.jpg used on input line 346.
(pdftex.def)             Requested size: 130.08621pt x 88.90556pt.
 <./PolarGraphsGraphics/Polar09.jpg, id=747, 95.8782pt x 65.5248pt>
File: ./PolarGraphsGraphics/Polar09.jpg Graphic file (type jpg)

<use ./PolarGraphsGraphics/Polar09.jpg>
Package pdftex.def Info: ./PolarGraphsGraphics/Polar09.jpg used on input line 356.
(pdftex.def)             Requested size: 130.08621pt x 88.90556pt.
 [45 <./PolarGraphsGraphics/Polar04.jpg> <./PolarGraphsGraphics/Polar05.jpg> <./PolarGraphsGraphics/Polar06.jpg> <./Pola
rGraphsGraphics/Polar07.jpg> <./PolarGraphsGraphics/Polar08.jpg> <./PolarGraphsGraphics/Polar09.jpg>]

LaTeX Warning: Reference `Relations' on page 46 undefined on input line 452.

[46]

LaTeX Warning: Reference `Transformations' on page 47 undefined on input line 497.

[47]
File: PolarGraphs.68 Graphic file (type mps)
 [MP to PDF] (PolarGraphs.68)
File: PolarGraphs.69 Graphic file (type mps)
 [MP to PDF] (PolarGraphs.69)
File: PolarGraphs.70 Graphic file (type mps)
 [MP to PDF] (PolarGraphs.70)
File: PolarGraphs.71 Graphic file (type mps)
 [MP to PDF] (PolarGraphs.71)
File: PolarGraphs.72 Graphic file (type mps)
[MP to PDF] (PolarGraphs.72)
File: PolarGraphs.73 Graphic file (type mps)
 [MP to PDF] (PolarGraphs.73) [48]
File: PolarGraphs.74 Graphic file (type mps)
 [MP to PDF] (PolarGraphs.74)
File: PolarGraphs.75 Graphic file (type mps)
 [MP to PDF] (PolarGraphs.75)
File: PolarGraphs.76 Graphic file (type mps)
[MP to PDF] (PolarGraphs.76)
File: PolarGraphs.77 Graphic file (type mps)
 [MP to PDF] (PolarGraphs.77)
File: PolarGraphs.78 Graphic file (type mps)
 [MP to PDF] (PolarGraphs.78)
File: PolarGraphs.79 Graphic file (type mps)
 [MP to PDF] (PolarGraphs.79)
[49]
File: PolarGraphs.80 Graphic file (type mps)
 [MP to PDF] (PolarGraphs.80)
File: PolarGraphs.81 Graphic file (type mps)
 [MP to PDF] (PolarGraphs.81)
File: PolarGraphs.82 Graphic file (type mps)
 [MP to PDF] (PolarGraphs.82)
File: PolarGraphs.83 Graphic file (type mps)
 [MP to PDF] (PolarGraphs.83)
File: PolarGraphs.84 Graphic file (type mps)
[MP to PDF] (PolarGraphs.84)
File: PolarGraphs.85 Graphic file (type mps)
 [MP to PDF] (PolarGraphs.85) [50]
File: PolarGraphs.86 Graphic file (type mps)
 [MP to PDF] (PolarGraphs.86)
File: PolarGraphs.87 Graphic file (type mps)
 [MP to PDF] (PolarGraphs.87)
File: PolarGraphs.88 Graphic file (type mps)
[MP to PDF] (PolarGraphs.88)
File: PolarGraphs.89 Graphic file (type mps)
 [MP to PDF] (PolarGraphs.89)
Underfull \vbox (badness 4805) has occurred while \output is active []

 [51]
File: PolarGraphs.90 Graphic file (type mps)
 [MP to PDF] (PolarGraphs.90)
File: PolarGraphs.91 Graphic file (type mps)
 [MP to PDF]
(PolarGraphs.91)
File: PolarGraphs.92 Graphic file (type mps)
 [MP to PDF] (PolarGraphs.92)
Overfull \vbox (3.84372pt too high) has occurred while \output is active []

 [52]
File: PolarGraphs.93 Graphic file (type mps)
 [MP to PDF] (PolarGraphs.93)
File: PolarGraphs.94 Graphic file (type mps)
 [MP to PDF]
(PolarGraphs.94)
File: PolarGraphs.95 Graphic file (type mps)
 [MP to PDF] (PolarGraphs.95) [53]
File: PolarGraphs.96 Graphic file (type mps)
 [MP to PDF] (PolarGraphs.96)
File: PolarGraphs.97 Graphic file (type mps)
 [MP to PDF] (PolarGraphs.97)
Underfull \vbox (badness 10000) has occurred while \output is active []

 [54]
File: PolarGraphs.98 Graphic file (type mps)
 [MP to PDF] (PolarGraphs.98)
File: PolarGraphs.99 Graphic file (type mps)
 [MP to PDF]
(PolarGraphs.99)
File: PolarGraphs.100 Graphic file (type mps)
 [MP to PDF] (PolarGraphs.100)
File: PolarGraphs.101 Graphic file (type mps)
 [MP to PDF] (PolarGraphs.101)
File: PolarGraphs.102 Graphic file (type mps)
 [MP to PDF] (PolarGraphs.102)
File: PolarGraphs.103 Graphic file (type mps)
 [MP to PDF]
(PolarGraphs.103) [55]
File: PolarGraphs.104 Graphic file (type mps)
 [MP to PDF] (PolarGraphs.104)
File: PolarGraphs.105 Graphic file (type mps)
 [MP to PDF] (PolarGraphs.105)
File: PolarGraphs.106 Graphic file (type mps)
 [MP to PDF] (PolarGraphs.106)
File: PolarGraphs.107 Graphic file (type mps)

[MP to PDF] (PolarGraphs.107) [56])) [57] (PolarComplex.tex

Mfpic: Initializing PolarComplex.mp.
\openout3 = `PolarComplex.mp'.

Mfpic: Don't forget to process PolarComplex.mp!
Mfpic: Apply metapost to PolarComplex.mp.
Mfpic: Then reprocess this file "CompilerPolarCoordinatesandParametricEquations".


LaTeX Warning: Reference `ComplexZeros' on page 58 undefined on input line 9.

File: PolarComplex.1 Graphic file (type mps)
[MP to PDF] (PolarComplex.1) [58]

LaTeX Warning: Reference `AppSetTheory' on page 59 undefined on input line 90.

[59]
File: PolarComplex.2 Graphic file (type mps)
 [MP to PDF] (PolarComplex.2) [60]

LaTeX Warning: Reference `complexnumberarithmetic' on page 61 undefined on input line 233.


LaTeX Warning: Reference `AppCmpNums' on page 61 undefined on input line 233.


LaTeX Warning: Reference `Induction' on page 61 undefined on input line 249.

[61]
File: PolarComplex.3 Graphic file (type mps)
 [MP to PDF] (PolarComplex.3) [62] [63] [64] [65]

LaTeX Warning: Reference `BinomialTheorem' on page 66 undefined on input line 632.

[66]
File: PolarComplex.4 Graphic file (type mps)
 [MP to PDF] (PolarComplex.4)
File: PolarComplex.5 Graphic file (type mps)
 [MP to PDF] (PolarComplex.5)
File: PolarComplex.6 Graphic file (type mps)
 [MP to PDF] (PolarComplex.6)
File: PolarComplex.7 Graphic file (type mps)
 [MP to PDF] (PolarComplex.7)
Underfull \vbox (badness 4254) has occurred while \output is active []

 [67]

LaTeX Warning: Reference `principalnthrootdefn' on page 68 undefined on input line 823.


LaTeX Warning: Reference `AppRealNumberArithmetic' on page 68 undefined on input line 823.


LaTeX Warning: Reference `complexfactorization' on page 68 undefined on input line 831.

[68]

LaTeX Warning: Reference `PolynomialFunctions' on page 69 undefined on input line 861.


LaTeX Warning: Reference `complexfactorization' on page 69 undefined on input line 913.

[69]

LaTeX Warning: Reference `circularsumdifference' on page 70 undefined on input line 961.


LaTeX Warning: Reference `halfangle' on page 70 undefined on input line 961.

[70]
File: PolarComplex.8 Graphic file (type mps)
 [MP to PDF] (PolarComplex.8)

LaTeX Warning: Reference `ComplexZeros' on page 71 undefined on input line 1029.


LaTeX Warning: Reference `complexepilogue' on page 71 undefined on input line 1029.

[71] (ExercisesforPolarComplex.tex [72]

LaTeX Warning: Reference `circularsumdifference' on page 73 undefined on input line 401.


LaTeX Warning: Reference `halfangle' on page 73 undefined on input line 401.


LaTeX Warning: Reference `realfactorization' on page 73 undefined on input line 405.


LaTeX Warning: Reference `ComplexZeros' on page 73 undefined on input line 405.


LaTeX Warning: Reference `factorpolywithnonlinear' on page 73 undefined on input line 405.


LaTeX Warning: Reference `NonLinearEquations' on page 73 undefined on input line 405.


LaTeX Warning: Reference `complexfactorization' on page 73 undefined on input line 405.


LaTeX Warning: Reference `conjugatepairsthm' on page 73 undefined on input line 405.


LaTeX Warning: Reference `triangleineqforvectorsexercise' on page 73 undefined on input line 408.


LaTeX Warning: Reference `TheDotProduct' on page 73 undefined on input line 408.

[73]

LaTeX Warning: Reference `ComplexZeros' on page 74 undefined on input line 413.

[74] [75] [76] [77] [78])) [79] (PolarConics.tex

Mfpic: No file PolarConics.1.

Mfpic: Initializing PolarConics.mp.
\openout3 = `PolarConics.mp'.

Mfpic: Don't forget to process PolarConics.mp!
Mfpic: Apply metapost to PolarConics.mp.
Mfpic: Then reprocess this file "CompilerPolarCoordinatesandParametricEquations".


LaTeX Warning: Reference `TheConicSections' on page 80 undefined on input line 9.


LaTeX Warning: Reference `rotationmatrixex' on page 80 undefined on input line 9.


LaTeX Warning: Reference `MatArithmetic' on page 80 undefined on input line 9.

[80]

LaTeX Warning: Reference `MatMethods' on page 81 undefined on input line 80.


LaTeX Warning: Reference `2by2inverse' on page 81 undefined on input line 99.

[81]
Underfull \vbox (badness 1072) has occurred while \output is active []

 [82]
Underfull \vbox (badness 10000) has occurred while \output is active []

 [83]

LaTeX Warning: Reference `TheConicSections' on page 84 undefined on input line 272.

[84]
Overfull \hbox (1.63164pt too wide) in paragraph at lines 329--331
[][][][][][][]  
 []

[85]

LaTeX Warning: Reference `TheInverseTrigonometricFunctions' on page 86 undefined on input line 427.


Underfull \vbox (badness 7238) has occurred while \output is active []

 [86]

LaTeX Warning: Reference `TheConicSections' on page 87 undefined on input line 492.

LaTeX Font Info:    Font shape `OT1/phv/m/it' in size <8> not available
(Font)              Font shape `OT1/phv/m/sl' tried instead on input line 515.
LaTeX Font Info:    Font shape `OT1/phv/m/sl' will be
(Font)              scaled to size 7.35999pt on input line 515.
LaTeX Font Info:    Font shape `OT1/phv/m/it' in size <6> not available
(Font)              Font shape `OT1/phv/m/sl' tried instead on input line 515.
LaTeX Font Info:    Font shape `OT1/phv/m/sl' will be
(Font)              scaled to size 5.51999pt on input line 515.

LaTeX Warning: Reference `degenerateconics' on page 87 undefined on input line 515.


Overfull \hbox (1.63164pt too wide) in paragraph at lines 515--517
[][][][][][][]  
 []


LaTeX Warning: Reference `conicsclassificationnoxytermex' on page 87 undefined on input line 522.


LaTeX Warning: Reference `Hyperbolas' on page 87 undefined on input line 522.


LaTeX Warning: Reference `conicsclassificationnoxytermex' on page 87 undefined on input line 530.


LaTeX Warning: Reference `Hyperbolas' on page 87 undefined on input line 530.

[87]
Underfull \vbox (badness 1817) has occurred while \output is active []

 [88]

LaTeX Warning: Reference `conicsclassificationnoxytermex' on page 89 undefined on input line 602.


LaTeX Warning: Reference `Hyperbolas' on page 89 undefined on input line 602.


Overfull \hbox (1.63164pt too wide) in paragraph at lines 646--648
[][][][][][][]  
 []

[89]

LaTeX Warning: Reference `paraboladefn' on page 90 undefined on input line 649.


LaTeX Warning: Reference `ellipseeccentricity' on page 90 undefined on input line 653.


LaTeX Warning: Reference `Ellipses' on page 90 undefined on input line 653.


LaTeX Warning: Reference `hyperbolaeccentricity' on page 90 undefined on input line 653.


LaTeX Warning: Reference `Hyperbolas' on page 90 undefined on input line 653.


LaTeX Warning: Reference `TheConicSections' on page 90 undefined on input line 657.

[90]

LaTeX Warning: Reference `Ellipses' on page 91 undefined on input line 704.


LaTeX Warning: Reference `ellipseeccentricity' on page 91 undefined on input line 708.


LaTeX Warning: Reference `hyperbolaeccentricity' on page 91 undefined on input line 724.


LaTeX Warning: Reference `Hyperbolas' on page 91 undefined on input line 724.


LaTeX Warning: Reference `Parabolas' on page 91 undefined on input line 736.


LaTeX Warning: Reference `TheConicSections' on page 91 undefined on input line 740.

[91] [92] [93]

LaTeX Warning: Reference `ellipseeccentricity' on page 94 undefined on input line 1060.


LaTeX Warning: Reference `Ellipses' on page 94 undefined on input line 1060.

[94] [95] (ExercisesforPolarConics.tex

LaTeX Warning: Reference `rotationmatrixex' on page 96 undefined on input line 114.


LaTeX Warning: Reference `MatArithmetic' on page 96 undefined on input line 114.

[96] [97] [98]
Underfull \hbox (badness 10000) in paragraph at lines 499--500

 []


Underfull \hbox (badness 10000) in paragraph at lines 523--524

 []


Underfull \hbox (badness 10000) in paragraph at lines 554--555

 []


Underfull \hbox (badness 10000) in paragraph at lines 579--580

 []

[99]
Underfull \hbox (badness 10000) in paragraph at lines 610--611

 []


Underfull \hbox (badness 10000) in paragraph at lines 636--637

 []


Underfull \hbox (badness 10000) in paragraph at lines 672--675

 []


Underfull \hbox (badness 10000) in paragraph at lines 718--721

 []

)) [100] (ParametricEquations.tex

Mfpic: No file ParametricEquations.1.

Mfpic: Initializing ParametricEquations.mp.
\openout3 = `ParametricEquations.mp'.

Mfpic: Don't forget to process ParametricEquations.mp!
Mfpic: Apply metapost to ParametricEquations.mp.
Mfpic: Then reprocess this file "CompilerPolarCoordinatesandParametricEquations".


LaTeX Warning: Reference `listofcurvesfirst' on page 101 undefined on input line 10.


LaTeX Warning: Reference `listofcurveslast' on page 101 undefined on input line 10.


LaTeX Warning: Reference `Relations' on page 101 undefined on input line 10.


LaTeX Warning: Reference `TheConicSections' on page 101 undefined on input line 10.


Overfull \hbox (2.28557pt too wide) in paragraph at lines 69--70
[]\OT1/phv/m/n/10.95 If all of this seems haunt-ingly fa-mil-iar, it should. By def-i-ni-tion, the sys-tem of equa-tions
 $[]$
 []


LaTeX Warning: Reference `equationsforcircularmotion' on page 101 undefined on input line 73.


LaTeX Warning: Reference `cosinesinebeyond' on page 101 undefined on input line 73.

[101]

LaTeX Warning: Reference `Lakelandrotates' on page 102 undefined on input line 81.


LaTeX Warning: Reference `cosinesinebeyond' on page 102 undefined on input line 81.


LaTeX Warning: Reference `NonLinearEquations' on page 102 undefined on input line 141.


LaTeX Warning: Reference `Parabolas' on page 102 undefined on input line 149.

[102]

LaTeX Warning: Reference `NonLinearEquations' on page 103 undefined on input line 165.


LaTeX Warning: Reference `incdeccnstdefn' on page 103 undefined on input line 204.


LaTeX Warning: Reference `localmaxmindefn' on page 103 undefined on input line 204.


LaTeX Warning: Reference `PowerFunctions' on page 103 undefined on input line 220.

[103]

LaTeX Warning: Reference `LogarithmicFunctions' on page 104 undefined on input line 293.


LaTeX Warning: Reference `PropertiesofLogarithms' on page 104 undefined on input line 293.


LaTeX Warning: Reference `volumeex1' on page 104 undefined on input line 312.


LaTeX Warning: Reference `FunctionsandtheirRepresentations' on page 104 undefined on input line 312.

[104] [105]

LaTeX Warning: Reference `Ellipses' on page 106 undefined on input line 500.

[106]

LaTeX Warning: Reference `inverseprocedure' on page 107 undefined on input line 643.


LaTeX Warning: Reference `implicitfcnex' on page 107 undefined on input line 647.


LaTeX Warning: Reference `Relations' on page 107 undefined on input line 647.


LaTeX Warning: Reference `GraphsofPolynomials' on page 107 undefined on input line 651.

[107]

LaTeX Warning: Reference `2dvectorsgiveuslines' on page 108 undefined on input line 657.


LaTeX Warning: Reference `Vectors' on page 108 undefined on input line 657.

[108] [109] [110]

LaTeX Warning: Reference `Transformations' on page 111 undefined on input line 887.


LaTeX Warning: Reference `circularmotion' on page 111 undefined on input line 895.


LaTeX Warning: Reference `ycoordonwheel' on page 111 undefined on input line 895.


LaTeX Warning: Reference `Sinusoid' on page 111 undefined on input line 895.

[111]
Overfull \hbox (5.22356pt too wide) in paragraph at lines 899--900
[]\OT1/phv/m/n/10.95 We get $[]$, which can be writ-ten as $[]$.
 []

<./ParametricEquationsGraphics/cycloid.jpg, id=1641, 1157.32375pt x 808.01875pt>
File: ./ParametricEquationsGraphics/cycloid.jpg Graphic file (type jpg)

<use ./ParametricEquationsGraphics/cycloid.jpg>
Package pdftex.def Info: ./ParametricEquationsGraphics/cycloid.jpg used on input line 918.
(pdftex.def)             Requested size: 289.07999pt x 201.81924pt.
 [112 <./ParametricEquationsGraphics/cycloid.jpg>] [113]
(ExercisesforParametricEquations.tex [114]
<./ParametricEquationsGraphics/Parametric01.jpg, id=1682, 198.7425pt x 134.5025pt>
File: ./ParametricEquationsGraphics/Parametric01.jpg Graphic file (type jpg)

<use ./ParametricEquationsGraphics/Parametric01.jpg>
Package pdftex.def Info: ./ParametricEquationsGraphics/Parametric01.jpg used on input line 130.
(pdftex.def)             Requested size: 144.54pt x 97.82272pt.

<./ParametricEquationsGraphics/Parametric02.jpg, id=1683, 198.7425pt x 134.5025pt>
File: ./ParametricEquationsGraphics/Parametric02.jpg Graphic file (type jpg)

<use ./ParametricEquationsGraphics/Parametric02.jpg>
Package pdftex.def Info: ./ParametricEquationsGraphics/Parametric02.jpg used on input line 131.
(pdftex.def)             Requested size: 144.54pt x 97.82272pt.

<./ParametricEquationsGraphics/Parametric03.jpg, id=1687, 198.7425pt x 134.5025pt>
File: ./ParametricEquationsGraphics/Parametric03.jpg Graphic file (type jpg)

<use ./ParametricEquationsGraphics/Parametric03.jpg>
Package pdftex.def Info: ./ParametricEquationsGraphics/Parametric03.jpg used on input line 142.
(pdftex.def)             Requested size: 144.54pt x 97.82272pt.

<./ParametricEquationsGraphics/Parametric04.jpg, id=1688, 198.7425pt x 134.5025pt>
File: ./ParametricEquationsGraphics/Parametric04.jpg Graphic file (type jpg)

<use ./ParametricEquationsGraphics/Parametric04.jpg>
Package pdftex.def Info: ./ParametricEquationsGraphics/Parametric04.jpg used on input line 143.
(pdftex.def)             Requested size: 144.54pt x 97.82272pt.

<./ParametricEquationsGraphics/Parametric05.jpg, id=1690, 198.7425pt x 134.5025pt>
File: ./ParametricEquationsGraphics/Parametric05.jpg Graphic file (type jpg)

<use ./ParametricEquationsGraphics/Parametric05.jpg>
Package pdftex.def Info: ./ParametricEquationsGraphics/Parametric05.jpg used on input line 156.
(pdftex.def)             Requested size: 144.54pt x 97.82272pt.

<./ParametricEquationsGraphics/Parametric06.jpg, id=1691, 198.7425pt x 134.5025pt>
File: ./ParametricEquationsGraphics/Parametric06.jpg Graphic file (type jpg)

<use ./ParametricEquationsGraphics/Parametric06.jpg>
Package pdftex.def Info: ./ParametricEquationsGraphics/Parametric06.jpg used on input line 157.
(pdftex.def)             Requested size: 144.54pt x 97.82272pt.
 [115 <./ParametricEquationsGraphics/Parametric01.jpg> <./ParametricEquationsGraphics/Parametric02.jpg> <./ParametricEqu
ationsGraphics/Parametric03.jpg> <./ParametricEquationsGraphics/Parametric04.jpg> <./ParametricEquationsGraphics/Paramet
ric05.jpg> <./ParametricEquationsGraphics/Parametric06.jpg>]
[116]

LaTeX Warning: Reference `heightlondoneye' on page 117 undefined on input line 245.


LaTeX Warning: Reference `leftrightlondoneye' on page 117 undefined on input line 245.


LaTeX Warning: Reference `Sinusoid' on page 117 undefined on input line 245.


LaTeX Warning: Reference `angleofelevation' on page 117 undefined on input line 261.


LaTeX Warning: Reference `vertexofquadraticfunctions' on page 117 undefined on input line 290.

[117]

LaTeX Warning: Reference `whatgoesup' on page 118 undefined on input line 294.


LaTeX Warning: Reference `QuadraticFunctions' on page 118 undefined on input line 294.


LaTeX Warning: Reference `catenary' on page 118 undefined on input line 334.


LaTeX Warning: Reference `ApplicationsofExponentialandLogarithmicFunctions' on page 118 undefined on input line 334.


LaTeX Warning: Reference `hyperbolicsine' on page 118 undefined on input line 334.


LaTeX Warning: Reference `ExponentialEquationsandInequalities' on page 118 undefined on input line 334.


LaTeX Warning: Reference `inversehyptangent' on page 118 undefined on input line 334.


LaTeX Warning: Reference `LogarithmicEquationsandInequalities' on page 118 undefined on input line 334.

[118]
Underfull \vbox (badness 10000) has occurred while \output is active []

 [119] [120]
Underfull \vbox (badness 10000) has occurred while \output is active []

 [121]
Underfull \vbox (badness 1337) has occurred while \output is active []

 [122] [123])) [124])
Package atveryend Info: Empty hook `BeforeClearDocument' on input line 82.
Package atveryend Info: Empty hook `AfterLastShipout' on input line 82.

(CompilerPolarCoordinatesandParametricEquations.aux (PolarCoordinatesandParametricEquations.aux))
Package atveryend Info: Executing hook `AtVeryEndDocument' on input line 82.
Package atveryend Info: Executing hook `AtEndAfterFileList' on input line 82.
Package rerunfilecheck Info: File `CompilerPolarCoordinatesandParametricEquations.out' has not changed.
(rerunfilecheck)             Checksum: F56383FDD1D6FD8BFAA3E26D25D2223C;1225.


LaTeX Warning: There were undefined references.


LaTeX Warning: Label(s) may have changed. Rerun to get cross-references right.

Package atveryend Info: Empty hook `AtVeryVeryEnd' on input line 82.
 ) 
Here is how much of TeX's memory you used:
 12672 strings out of 493323
 167780 string characters out of 3139070
 511338 words of memory out of 3000000
 14462 multiletter control sequences out of 15000+200000
 64785 words of font info for 130 fonts, out of 3000000 for 9000
 1141 hyphenation exceptions out of 8191
 38i,20n,43p,1277b,1763s stack positions out of 5000i,500n,10000p,200000b,50000s
{C:/Program Files/MiKTeX 2.9/fonts/enc/dvips/base/8r.enc}<C:/Program Files/MiKTeX 2.9/fonts/type1/public/amsfonts/cm/c
mbsy10.pfb><C:/Program Files/MiKTeX 2.9/fonts/type1/public/amsfonts/cm/cmex10.pfb><C:/Program Files/MiKTeX 2.9/fonts/typ
e1/public/amsfonts/cmextra/cmex7.pfb><C:/Program Files/MiKTeX 2.9/fonts/type1/public/amsfonts/cmextra/cmex8.pfb><C:/Prog
ram Files/MiKTeX 2.9/fonts/type1/public/amsfonts/cmextra/cmex9.pfb><C:/Program Files/MiKTeX 2.9/fonts/type1/public/amsfo
nts/cm/cmmi10.pfb><C:/Program Files/MiKTeX 2.9/fonts/type1/public/amsfonts/cm/cmmi6.pfb><C:/Program Files/MiKTeX 2.9/fon
ts/type1/public/amsfonts/cm/cmmi7.pfb><C:/Program Files/MiKTeX 2.9/fonts/type1/public/amsfonts/cm/cmmi8.pfb><C:/Program 
Files/MiKTeX 2.9/fonts/type1/public/amsfonts/cm/cmmi9.pfb><C:/Program Files/MiKTeX 2.9/fonts/type1/public/amsfonts/cm/cm
mib10.pfb><C:/Program Files/MiKTeX 2.9/fonts/type1/public/amsfonts/cmextra/cmmib8.pfb><C:/Program Files/MiKTeX 2.9/fonts
/type1/public/amsfonts/cm/cmr10.pfb><C:/Program Files/MiKTeX 2.9/fonts/type1/public/amsfonts/cm/cmss10.pfb><C:/Program F
iles/MiKTeX 2.9/fonts/type1/public/amsfonts/cm/cmsy10.pfb><C:/Program Files/MiKTeX 2.9/fonts/type1/public/amsfonts/cm/cm
sy5.pfb><C:/Program Files/MiKTeX 2.9/fonts/type1/public/amsfonts/cm/cmsy6.pfb><C:/Program Files/MiKTeX 2.9/fonts/type1/p
ublic/amsfonts/cm/cmsy7.pfb><C:/Program Files/MiKTeX 2.9/fonts/type1/public/amsfonts/cm/cmsy8.pfb><C:/Program Files/MiKT
eX 2.9/fonts/type1/public/amsfonts/cm/cmsy9.pfb><C:/Program Files/MiKTeX 2.9/fonts/type1/public/amsfonts/cm/cmtt10.pfb><
C:/Program Files/MiKTeX 2.9/fonts/type1/public/amsfonts/symbols/msam10.pfb><C:/Program Files/MiKTeX 2.9/fonts/type1/urw/
helvetic/uhvb8a.pfb><C:/Program Files/MiKTeX 2.9/fonts/type1/urw/helvetic/uhvbo8a.pfb><C:/Program Files/MiKTeX 2.9/fonts
/type1/urw/helvetic/uhvr8a.pfb><C:/Program Files/MiKTeX 2.9/fonts/type1/urw/helvetic/uhvro8a.pfb>
Output written on CompilerPolarCoordinatesandParametricEquations.pdf (124 pages, 1686479 bytes).
PDF statistics:
 2127 PDF objects out of 2487 (max. 8388607)
 1034 named destinations out of 1200 (max. 500000)
 225 words of extra memory for PDF output out of 10000 (max. 10000000)

