\BOOKMARK [0][-]{chapter.1}{Exponential and Logarithmic Functions}{}% 1
\BOOKMARK [1][-]{section.1.1}{Exponential Functions}{chapter.1}% 2
\BOOKMARK [2][-]{subsection.1.1.1}{Exercises}{section.1.1}% 3
\BOOKMARK [2][-]{subsection.1.1.2}{Answers}{section.1.1}% 4
\BOOKMARK [1][-]{section.1.2}{Logarithmic Functions}{chapter.1}% 5
\BOOKMARK [2][-]{subsection.1.2.1}{Exercises}{section.1.2}% 6
\BOOKMARK [2][-]{subsection.1.2.2}{Answers}{section.1.2}% 7
\BOOKMARK [1][-]{section.1.3}{Properties of Logarithms}{chapter.1}% 8
\BOOKMARK [2][-]{subsection.1.3.1}{Exercises}{section.1.3}% 9
\BOOKMARK [2][-]{subsection.1.3.2}{Answers}{section.1.3}% 10
\BOOKMARK [1][-]{section.1.4}{Equations and Inequalities involving Exponential Functions}{chapter.1}% 11
\BOOKMARK [2][-]{subsection.1.4.1}{Exercises}{section.1.4}% 12
\BOOKMARK [2][-]{subsection.1.4.2}{Answers}{section.1.4}% 13
\BOOKMARK [1][-]{section.1.5}{Equations and Inequalities involving Logarithmic Functions}{chapter.1}% 14
\BOOKMARK [2][-]{subsection.1.5.1}{Exercises}{section.1.5}% 15
\BOOKMARK [2][-]{subsection.1.5.2}{Answers}{section.1.5}% 16
\BOOKMARK [1][-]{section.1.6}{Applications of Exponential and Logarithmic Functions}{chapter.1}% 17
\BOOKMARK [2][-]{subsection.1.6.1}{Applications of Exponential Functions}{section.1.6}% 18
\BOOKMARK [2][-]{subsection.1.6.2}{Applications of Logarithms}{section.1.6}% 19
\BOOKMARK [2][-]{subsection.1.6.3}{Exercises}{section.1.6}% 20
\BOOKMARK [2][-]{subsection.1.6.4}{Answers}{section.1.6}% 21
