\BOOKMARK [0][-]{chapter.1}{Further Topics on Functions}{}% 1
\BOOKMARK [1][-]{section.1.1}{Graphs of Functions}{chapter.1}% 2
\BOOKMARK [2][-]{subsection.1.1.1}{Exercises}{section.1.1}% 3
\BOOKMARK [2][-]{subsection.1.1.2}{Answers}{section.1.1}% 4
\BOOKMARK [1][-]{section.1.2}{Function Arithmetic}{chapter.1}% 5
\BOOKMARK [2][-]{subsection.1.2.1}{Difference Quotients}{section.1.2}% 6
\BOOKMARK [2][-]{subsection.1.2.2}{Exercises}{section.1.2}% 7
\BOOKMARK [2][-]{subsection.1.2.3}{Answers}{section.1.2}% 8
\BOOKMARK [1][-]{section.1.3}{Function Composition}{chapter.1}% 9
\BOOKMARK [2][-]{subsection.1.3.1}{Exercises}{section.1.3}% 10
\BOOKMARK [2][-]{subsection.1.3.2}{Answers}{section.1.3}% 11
\BOOKMARK [1][-]{section.1.4}{Transformations of Graphs}{chapter.1}% 12
\BOOKMARK [2][-]{subsection.1.4.1}{Vertical and Horizontal Shifts}{section.1.4}% 13
\BOOKMARK [2][-]{subsection.1.4.2}{Reflections about the Coordinate Axes}{section.1.4}% 14
\BOOKMARK [2][-]{subsection.1.4.3}{Scalings}{section.1.4}% 15
\BOOKMARK [2][-]{subsection.1.4.4}{Transformations in Sequence}{section.1.4}% 16
\BOOKMARK [2][-]{subsection.1.4.5}{Exercises}{section.1.4}% 17
\BOOKMARK [2][-]{subsection.1.4.6}{Answers}{section.1.4}% 18
\BOOKMARK [1][-]{section.1.5}{Relations and Implicit Functions}{chapter.1}% 19
\BOOKMARK [2][-]{subsection.1.5.1}{Exercises}{section.1.5}% 20
\BOOKMARK [2][-]{subsection.1.5.2}{Answers}{section.1.5}% 21
\BOOKMARK [1][-]{section.1.6}{Inverse Functions}{chapter.1}% 22
\BOOKMARK [2][-]{subsection.1.6.1}{Exercises}{section.1.6}% 23
\BOOKMARK [2][-]{subsection.1.6.2}{Answers}{section.1.6}% 24
