This is pdfTeX, Version 3.14159265-2.6-1.40.17 (TeX Live 2016) (preloaded format=pdflatex 2016.5.22)  4 AUG 2017 13:49
entering extended mode
 \write18 enabled.
 %&-line parsing enabled.
**CompilerFurtherTopicsonFunctions.tex
(./CompilerFurtherTopicsonFunctions.tex
LaTeX2e <2016/03/31>
Babel <3.9r> and hyphenation patterns for 83 language(s) loaded.
(/usr/local/texlive/2016/texmf-dist/tex/latex/base/book.cls
Document Class: book 2014/09/29 v1.4h Standard LaTeX document class
(/usr/local/texlive/2016/texmf-dist/tex/latex/base/bk11.clo
File: bk11.clo 2014/09/29 v1.4h Standard LaTeX file (size option)
)
\c@part=\count79
\c@chapter=\count80
\c@section=\count81
\c@subsection=\count82
\c@subsubsection=\count83
\c@paragraph=\count84
\c@subparagraph=\count85
\c@figure=\count86
\c@table=\count87
\abovecaptionskip=\skip41
\belowcaptionskip=\skip42
\bibindent=\dimen102
)
(/usr/local/texlive/2016/texmf-dist/tex/latex/amsfonts/amssymb.sty
Package: amssymb 2013/01/14 v3.01 AMS font symbols

(/usr/local/texlive/2016/texmf-dist/tex/latex/amsfonts/amsfonts.sty
Package: amsfonts 2013/01/14 v3.01 Basic AMSFonts support
\@emptytoks=\toks14
\symAMSa=\mathgroup4
\symAMSb=\mathgroup5
LaTeX Font Info:    Overwriting math alphabet `\mathfrak' in version `bold'
(Font)                  U/euf/m/n --> U/euf/b/n on input line 106.
))
(/usr/local/texlive/2016/texmf-dist/tex/latex/amsmath/amsmath.sty
Package: amsmath 2016/03/10 v2.15b AMS math features
\@mathmargin=\skip43

For additional information on amsmath, use the `?' option.
(/usr/local/texlive/2016/texmf-dist/tex/latex/amsmath/amstext.sty
Package: amstext 2000/06/29 v2.01 AMS text

(/usr/local/texlive/2016/texmf-dist/tex/latex/amsmath/amsgen.sty
File: amsgen.sty 1999/11/30 v2.0 generic functions
\@emptytoks=\toks15
\ex@=\dimen103
))
(/usr/local/texlive/2016/texmf-dist/tex/latex/amsmath/amsbsy.sty
Package: amsbsy 1999/11/29 v1.2d Bold Symbols
\pmbraise@=\dimen104
)
(/usr/local/texlive/2016/texmf-dist/tex/latex/amsmath/amsopn.sty
Package: amsopn 2016/03/08 v2.02 operator names
)
\inf@bad=\count88
LaTeX Info: Redefining \frac on input line 199.
\uproot@=\count89
\leftroot@=\count90
LaTeX Info: Redefining \overline on input line 297.
\classnum@=\count91
\DOTSCASE@=\count92
LaTeX Info: Redefining \ldots on input line 394.
LaTeX Info: Redefining \dots on input line 397.
LaTeX Info: Redefining \cdots on input line 518.
\Mathstrutbox@=\box26
\strutbox@=\box27
\big@size=\dimen105
LaTeX Font Info:    Redeclaring font encoding OML on input line 634.
LaTeX Font Info:    Redeclaring font encoding OMS on input line 635.
\macc@depth=\count93
\c@MaxMatrixCols=\count94
\dotsspace@=\muskip10
\c@parentequation=\count95
\dspbrk@lvl=\count96
\tag@help=\toks16
\row@=\count97
\column@=\count98
\maxfields@=\count99
\andhelp@=\toks17
\eqnshift@=\dimen106
\alignsep@=\dimen107
\tagshift@=\dimen108
\tagwidth@=\dimen109
\totwidth@=\dimen110
\lineht@=\dimen111
\@envbody=\toks18
\multlinegap=\skip44
\multlinetaggap=\skip45
\mathdisplay@stack=\toks19
LaTeX Info: Redefining \[ on input line 2739.
LaTeX Info: Redefining \] on input line 2740.
)
(/usr/local/texlive/2016/texmf-dist/tex/latex/amscls/amsthm.sty
Package: amsthm 2015/03/04 v2.20.2
\thm@style=\toks20
\thm@bodyfont=\toks21
\thm@headfont=\toks22
\thm@notefont=\toks23
\thm@headpunct=\toks24
\thm@preskip=\skip46
\thm@postskip=\skip47
\thm@headsep=\skip48
\dth@everypar=\toks25
)
(/usr/local/texlive/2016/texmf-dist/tex/latex/fancyhdr/fancyhdr.sty
\fancy@headwidth=\skip49
\f@ncyO@elh=\skip50
\f@ncyO@erh=\skip51
\f@ncyO@olh=\skip52
\f@ncyO@orh=\skip53
\f@ncyO@elf=\skip54
\f@ncyO@erf=\skip55
\f@ncyO@olf=\skip56
\f@ncyO@orf=\skip57
)
(/usr/local/texlive/2016/texmf-dist/tex/latex/supertabular/supertabular.sty
Package: supertabular 2004/02/20 v4.1e the supertabular environment
\c@tracingst=\count100
\ST@wd=\dimen112
\ST@rightskip=\skip58
\ST@leftskip=\skip59
\ST@parfillskip=\skip60
\ST@pageleft=\dimen113
\ST@headht=\dimen114
\ST@tailht=\dimen115
\ST@pagesofar=\dimen116
\ST@pboxht=\dimen117
\ST@lineht=\dimen118
\ST@stretchht=\dimen119
\ST@prevht=\dimen120
\ST@toadd=\dimen121
\ST@dimen=\dimen122
\ST@pbox=\box28
)
(/usr/local/texlive/2016/texmf-dist/tex/latex/tools/longtable.sty
Package: longtable 2014/10/28 v4.11 Multi-page Table package (DPC)
\LTleft=\skip61
\LTright=\skip62
\LTpre=\skip63
\LTpost=\skip64
\LTchunksize=\count101
\LTcapwidth=\dimen123
\LT@head=\box29
\LT@firsthead=\box30
\LT@foot=\box31
\LT@lastfoot=\box32
\LT@cols=\count102
\LT@rows=\count103
\c@LT@tables=\count104
\c@LT@chunks=\count105
\LT@p@ftn=\toks26
)
(/usr/local/texlive/2016/texmf-dist/tex/latex/tools/hhline.sty
Package: hhline 2014/10/28 v2.03 Table rule package (DPC)
)
(/usr/local/texlive/2016/texmf-dist/tex/latex/mathtools/mathtools.sty
Package: mathtools 2015/11/12 v1.18 mathematical typesetting tools

(/usr/local/texlive/2016/texmf-dist/tex/latex/graphics/keyval.sty
Package: keyval 2014/10/28 v1.15 key=value parser (DPC)
\KV@toks@=\toks27
)
(/usr/local/texlive/2016/texmf-dist/tex/latex/tools/calc.sty
Package: calc 2014/10/28 v4.3 Infix arithmetic (KKT,FJ)
\calc@Acount=\count106
\calc@Bcount=\count107
\calc@Adimen=\dimen124
\calc@Bdimen=\dimen125
\calc@Askip=\skip65
\calc@Bskip=\skip66
LaTeX Info: Redefining \setlength on input line 80.
LaTeX Info: Redefining \addtolength on input line 81.
\calc@Ccount=\count108
\calc@Cskip=\skip67
)
(/usr/local/texlive/2016/texmf-dist/tex/latex/mathtools/mhsetup.sty
Package: mhsetup 2010/01/21 v1.2a programming setup (MH)
)
LaTeX Info: Thecontrolsequence`\('isalreadyrobust on input line 129.
LaTeX Info: Thecontrolsequence`\)'isalreadyrobust on input line 129.
LaTeX Info: Thecontrolsequence`\['isalreadyrobust on input line 129.
LaTeX Info: Thecontrolsequence`\]'isalreadyrobust on input line 129.
\g_MT_multlinerow_int=\count109
\l_MT_multwidth_dim=\dimen126
\origjot=\skip68
\l_MT_shortvdotswithinadjustabove_dim=\dimen127
\l_MT_shortvdotswithinadjustbelow_dim=\dimen128
\l_MT_above_intertext_sep=\dimen129
\l_MT_below_intertext_sep=\dimen130
\l_MT_above_shortintertext_sep=\dimen131
\l_MT_below_shortintertext_sep=\dimen132
)
(/usr/local/texlive/2016/texmf-dist/tex/latex/colortbl/colortbl.sty
Package: colortbl 2012/02/13 v1.0a Color table columns (DPC)

(/usr/local/texlive/2016/texmf-dist/tex/latex/tools/array.sty
Package: array 2014/10/28 v2.4c Tabular extension package (FMi)
\col@sep=\dimen133
\extrarowheight=\dimen134
\NC@list=\toks28
\extratabsurround=\skip69
\backup@length=\skip70
)
(/usr/local/texlive/2016/texmf-dist/tex/latex/graphics/color.sty
Package: color 2016/05/09 v1.1c Standard LaTeX Color (DPC)

(/usr/local/texlive/2016/texmf-dist/tex/latex/graphics-cfg/color.cfg
File: color.cfg 2016/01/02 v1.6 sample color configuration
)
Package color Info: Driver file: pdftex.def on input line 144.

(/usr/local/texlive/2016/texmf-dist/tex/latex/pdftex-def/pdftex.def
File: pdftex.def 2011/05/27 v0.06d Graphics/color for pdfTeX

(/usr/local/texlive/2016/texmf-dist/tex/generic/oberdiek/infwarerr.sty
Package: infwarerr 2016/05/16 v1.4 Providing info/warning/error messages (HO)
)
(/usr/local/texlive/2016/texmf-dist/tex/generic/oberdiek/ltxcmds.sty
Package: ltxcmds 2016/05/16 v1.23 LaTeX kernel commands for general use (HO)
)
\Gread@gobject=\count110
))
\everycr=\toks29
\minrowclearance=\skip71
)
(/usr/local/texlive/2016/texmf-dist/tex/latex/import/import.sty
Package: import 2009/03/23  v 5.1
)
(/usr/local/texlive/2016/texmf-dist/tex/latex/tools/multicol.sty
Package: multicol 2016/04/07 v1.8p multicolumn formatting (FMi)
\c@tracingmulticols=\count111
\mult@box=\box33
\multicol@leftmargin=\dimen135
\c@unbalance=\count112
\c@collectmore=\count113
\doublecol@number=\count114
\multicoltolerance=\count115
\multicolpretolerance=\count116
\full@width=\dimen136
\page@free=\dimen137
\premulticols=\dimen138
\postmulticols=\dimen139
\multicolsep=\skip72
\multicolbaselineskip=\skip73
\partial@page=\box34
\last@line=\box35
\maxbalancingoverflow=\dimen140
\mult@rightbox=\box36
\mult@grightbox=\box37
\mult@gfirstbox=\box38
\mult@firstbox=\box39
\@tempa=\box40
\@tempa=\box41
\@tempa=\box42
\@tempa=\box43
\@tempa=\box44
\@tempa=\box45
\@tempa=\box46
\@tempa=\box47
\@tempa=\box48
\@tempa=\box49
\@tempa=\box50
\@tempa=\box51
\@tempa=\box52
\@tempa=\box53
\@tempa=\box54
\@tempa=\box55
\@tempa=\box56
\c@columnbadness=\count117
\c@finalcolumnbadness=\count118
\last@try=\dimen141
\multicolovershoot=\dimen142
\multicolundershoot=\dimen143
\mult@nat@firstbox=\box57
\colbreak@box=\box58
\mc@col@check@num=\count119
)
(/usr/local/texlive/2016/texmf-dist/tex/latex/boxedminipage/boxedminipage.sty)
(/usr/local/texlive/2016/texmf-dist/tex/latex/chapterfolder/chapterfolder.sty
Package: chapterfolder 2005/11/24 v2.0 Package for dealing with folder

(/usr/local/texlive/2016/texmf-dist/tex/latex/base/ifthen.sty
Package: ifthen 2014/09/29 v1.1c Standard LaTeX ifthen package (DPC)
)
\c@@cf@currentpos=\count120
)
(/usr/local/texlive/2016/texmf-dist/tex/generic/mfpic/mfpic.sty
Package: mfpic 2012/12/03 v1.10. Macros for drawing with Metafont/MetaPost.

(/usr/local/texlive/2016/texmf-dist/tex/generic/mfpic/mfpic.tex
(/usr/local/texlive/2016/texmf-dist/tex/latex/graphics/graphics.sty
Package: graphics 2016/05/09 v1.0r Standard LaTeX Graphics (DPC,SPQR)

(/usr/local/texlive/2016/texmf-dist/tex/latex/graphics/trig.sty
Package: trig 2016/01/03 v1.10 sin cos tan (DPC)
)
(/usr/local/texlive/2016/texmf-dist/tex/latex/graphics-cfg/graphics.cfg
File: graphics.cfg 2016/01/02 v1.10 sample graphics configuration
)
Package graphics Info: Driver file: pdftex.def on input line 96.
)
\mfp@out=\write3
\mfp@graph=\read1
\mfp@count=\count121
\mfp@linetype=\count122
\mfp@sequence=\count123
\mfp@toks=\toks30
\mfp@verbtex=\toks31
\mfp@fdc=\count124
\@wholegraph=\box59
\@textbox=\box60
\@alltlabels=\box61
\@backtext=\box62
\@tlabelstop=\fontdimen 23\mfp@dummy 
\@tlabelsbot=\fontdimen 24\mfp@dummy 
\@tlabelsleft=\fontdimen 25\mfp@dummy 
\@graphright=\fontdimen 26\mfp@dummy 
\@graphleft=\fontdimen 27\mfp@dummy 
\@graphtop=\fontdimen 28\mfp@dummy 
\@graphbot=\fontdimen 29\mfp@dummy 
\tb@raise=\fontdimen 30\mfp@dummy 
\tb@moveright=\fontdimen 31\mfp@dummy 
\tb@totalht=\fontdimen 32\mfp@dummy 
\tlabel@hadj=\fontdimen 33\mfp@dummy 
\tlabel@vadj=\fontdimen 34\mfp@dummy 
\tlabel@sep=\fontdimen 35\mfp@dummy 
\tlpath@sep=\fontdimen 36\mfp@dummy 
\mfpicunit=\fontdimen 37\mfp@dummy 
\@mfpicunit=\fontdimen 38\mfp@dummy 
\pointsize=\fontdimen 39\mfp@dummy 
\shadespace=\fontdimen 40\mfp@dummy 
\polkadotspace=\fontdimen 41\mfp@dummy 
\hatchspace=\fontdimen 42\mfp@dummy 
\headlen=\fontdimen 43\mfp@dummy 
\axisheadlen=\fontdimen 44\mfp@dummy 
\sideheadlen=\fontdimen 45\mfp@dummy 
\hashlen=\fontdimen 46\mfp@dummy 
\dashlen=\fontdimen 47\mfp@dummy 
\dashspace=\fontdimen 48\mfp@dummy 
\dotsize=\fontdimen 49\mfp@dummy 
\griddotsize=\fontdimen 50\mfp@dummy 
\dotspace=\fontdimen 51\mfp@dummy 
\symbolspace=\fontdimen 52\mfp@dummy 
\mfp@scratch=\dimen144
\mfpframesep=\dimen145
\mfpframethickness=\dimen146
\mfpicheight=\dimen147
\mfpicwidth=\dimen148
\mfpiccaptionskip=\skip74
\tl@vpos=\count125
\tl@hpos=\count126
\mfp@commentchar=\count127
))
(/usr/local/texlive/2016/texmf-dist/tex/latex/graphics/graphicx.sty
Package: graphicx 2014/10/28 v1.0g Enhanced LaTeX Graphics (DPC,SPQR)
\Gin@req@height=\dimen149
\Gin@req@width=\dimen150
)
(/usr/local/texlive/2016/texmf-dist/tex/latex/base/makeidx.sty
Package: makeidx 2014/09/29 v1.0m Standard LaTeX package
)
(/usr/local/texlive/2016/texmf-dist/tex/latex/hyperref/hyperref.sty
Package: hyperref 2016/05/05 v6.83n Hypertext links for LaTeX

(/usr/local/texlive/2016/texmf-dist/tex/generic/oberdiek/hobsub-hyperref.sty
Package: hobsub-hyperref 2016/05/16 v1.14 Bundle oberdiek, subset hyperref (HO)


(/usr/local/texlive/2016/texmf-dist/tex/generic/oberdiek/hobsub-generic.sty
Package: hobsub-generic 2016/05/16 v1.14 Bundle oberdiek, subset generic (HO)
Package: hobsub 2016/05/16 v1.14 Construct package bundles (HO)
Package hobsub Info: Skipping package `infwarerr' (already loaded).
Package hobsub Info: Skipping package `ltxcmds' (already loaded).
Package: ifluatex 2016/05/16 v1.4 Provides the ifluatex switch (HO)
Package ifluatex Info: LuaTeX not detected.
Package: ifvtex 2016/05/16 v1.6 Detect VTeX and its facilities (HO)
Package ifvtex Info: VTeX not detected.
Package: intcalc 2016/05/16 v1.2 Expandable calculations with integers (HO)
Package: ifpdf 2016/05/14 v3.1 Provides the ifpdf switch
Package: etexcmds 2016/05/16 v1.6 Avoid name clashes with e-TeX commands (HO)
Package etexcmds Info: Could not find \expanded.
(etexcmds)             That can mean that you are not using pdfTeX 1.50 or
(etexcmds)             that some package has redefined \expanded.
(etexcmds)             In the latter case, load this package earlier.
Package: kvsetkeys 2016/05/16 v1.17 Key value parser (HO)
Package: kvdefinekeys 2016/05/16 v1.4 Define keys (HO)
Package: pdftexcmds 2016/05/10 v0.21 Utility functions of pdfTeX for LuaTeX (HO
)
Package pdftexcmds Info: LuaTeX not detected.
Package pdftexcmds Info: \pdf@primitive is available.
Package pdftexcmds Info: \pdf@ifprimitive is available.
Package pdftexcmds Info: \pdfdraftmode found.
Package: pdfescape 2016/05/16 v1.14 Implements pdfTeX's escape features (HO)
Package: bigintcalc 2016/05/16 v1.4 Expandable calculations on big integers (HO
)
Package: bitset 2016/05/16 v1.2 Handle bit-vector datatype (HO)
Package: uniquecounter 2016/05/16 v1.3 Provide unlimited unique counter (HO)
)
Package hobsub Info: Skipping package `hobsub' (already loaded).
Package: letltxmacro 2016/05/16 v1.5 Let assignment for LaTeX macros (HO)
Package: hopatch 2016/05/16 v1.3 Wrapper for package hooks (HO)
Package: xcolor-patch 2016/05/16 xcolor patch
Package: atveryend 2016/05/16 v1.9 Hooks at the very end of document (HO)
Package atveryend Info: \enddocument detected (standard20110627).
Package: atbegshi 2016/05/16 v1.17 At begin shipout hook (HO)
Package: refcount 2016/05/16 v3.5 Data extraction from label references (HO)
Package: hycolor 2016/05/16 v1.8 Color options for hyperref/bookmark (HO)
)
(/usr/local/texlive/2016/texmf-dist/tex/generic/ifxetex/ifxetex.sty
Package: ifxetex 2010/09/12 v0.6 Provides ifxetex conditional
)
(/usr/local/texlive/2016/texmf-dist/tex/latex/oberdiek/auxhook.sty
Package: auxhook 2016/05/16 v1.4 Hooks for auxiliary files (HO)
)
(/usr/local/texlive/2016/texmf-dist/tex/latex/oberdiek/kvoptions.sty
Package: kvoptions 2016/05/16 v3.12 Key value format for package options (HO)
)
\@linkdim=\dimen151
\Hy@linkcounter=\count128
\Hy@pagecounter=\count129

(/usr/local/texlive/2016/texmf-dist/tex/latex/hyperref/pd1enc.def
File: pd1enc.def 2016/05/05 v6.83n Hyperref: PDFDocEncoding definition (HO)
)
\Hy@SavedSpaceFactor=\count130

(/usr/local/texlive/2016/texmf-dist/tex/latex/latexconfig/hyperref.cfg
File: hyperref.cfg 2002/06/06 v1.2 hyperref configuration of TeXLive
)
Package hyperref Info: Option `colorlinks' set `true' on input line 4322.
Package hyperref Info: Option `hyperindex' set `true' on input line 4322.
Package hyperref Info: Option `plainpages' set `false' on input line 4322.
Package hyperref Info: Option `pdfpagelabels' set `true' on input line 4322.
Package hyperref Info: Hyper figures OFF on input line 4446.
Package hyperref Info: Link nesting OFF on input line 4451.
Package hyperref Info: Hyper index ON on input line 4454.
Package hyperref Info: Plain pages OFF on input line 4461.
Package hyperref Info: Backreferencing OFF on input line 4466.
Package hyperref Info: Implicit mode ON; LaTeX internals redefined.
Package hyperref Info: Bookmarks ON on input line 4691.
\c@Hy@tempcnt=\count131

(/usr/local/texlive/2016/texmf-dist/tex/latex/url/url.sty
\Urlmuskip=\muskip11
Package: url 2013/09/16  ver 3.4  Verb mode for urls, etc.
)
LaTeX Info: Redefining \url on input line 5044.
\XeTeXLinkMargin=\dimen152
\Fld@menulength=\count132
\Field@Width=\dimen153
\Fld@charsize=\dimen154
Package hyperref Info: Hyper figures OFF on input line 6298.
Package hyperref Info: Link nesting OFF on input line 6303.
Package hyperref Info: Hyper index ON on input line 6306.
Package hyperref Info: backreferencing OFF on input line 6313.
Package hyperref Info: Link coloring ON on input line 6316.
Package hyperref Info: Link coloring with OCG OFF on input line 6323.
Package hyperref Info: PDF/A mode OFF on input line 6328.
LaTeX Info: Redefining \ref on input line 6368.
LaTeX Info: Redefining \pageref on input line 6372.
\Hy@abspage=\count133
\c@Item=\count134
\c@Hfootnote=\count135
)

Package hyperref Message: Driver (autodetected): hpdftex.

(/usr/local/texlive/2016/texmf-dist/tex/latex/hyperref/hpdftex.def
File: hpdftex.def 2016/05/05 v6.83n Hyperref driver for pdfTeX
\Fld@listcount=\count136
\c@bookmark@seq@number=\count137

(/usr/local/texlive/2016/texmf-dist/tex/latex/oberdiek/rerunfilecheck.sty
Package: rerunfilecheck 2016/05/16 v1.8 Rerun checks for auxiliary files (HO)
Package uniquecounter Info: New unique counter `rerunfilecheck' on input line 2
82.
)
\Hy@SectionHShift=\skip75
)
(/usr/local/texlive/2016/texmf-dist/tex/latex/oberdiek/hypcap.sty
Package: hypcap 2016/05/16 v1.12 Adjusting the anchors of captions (HO)
)
(/usr/local/texlive/2016/texmf-dist/tex/latex/cancel/cancel.sty
Package: cancel 2013/04/12 v2.2 Cancel math terms
)
(/usr/local/texlive/2016/texmf-dist/tex/latex/sectsty/sectsty.sty
Package: sectsty 2002/02/25 v2.0.2 Commands to change all sectional heading sty
les
)
(/usr/local/texlive/2016/texmf-dist/tex/latex/base/textcomp.sty
Package: textcomp 2005/09/27 v1.99g Standard LaTeX package
Package textcomp Info: Sub-encoding information:
(textcomp)               5 = only ISO-Adobe without \textcurrency
(textcomp)               4 = 5 + \texteuro
(textcomp)               3 = 4 + \textohm
(textcomp)               2 = 3 + \textestimated + \textcurrency
(textcomp)               1 = TS1 - \textcircled - \t
(textcomp)               0 = TS1 (full)
(textcomp)             Font families with sub-encoding setting implement
(textcomp)             only a restricted character set as indicated.
(textcomp)             Family '?' is the default used for unknown fonts.
(textcomp)             See the documentation for details.
Package textcomp Info: Setting ? sub-encoding to TS1/1 on input line 79.

(/usr/local/texlive/2016/texmf-dist/tex/latex/base/ts1enc.def
File: ts1enc.def 2001/06/05 v3.0e (jk/car/fm) Standard LaTeX file
)
LaTeX Info: Redefining \oldstylenums on input line 334.
Package textcomp Info: Setting cmr sub-encoding to TS1/0 on input line 349.
Package textcomp Info: Setting cmss sub-encoding to TS1/0 on input line 350.
Package textcomp Info: Setting cmtt sub-encoding to TS1/0 on input line 351.
Package textcomp Info: Setting cmvtt sub-encoding to TS1/0 on input line 352.
Package textcomp Info: Setting cmbr sub-encoding to TS1/0 on input line 353.
Package textcomp Info: Setting cmtl sub-encoding to TS1/0 on input line 354.
Package textcomp Info: Setting ccr sub-encoding to TS1/0 on input line 355.
Package textcomp Info: Setting ptm sub-encoding to TS1/4 on input line 356.
Package textcomp Info: Setting pcr sub-encoding to TS1/4 on input line 357.
Package textcomp Info: Setting phv sub-encoding to TS1/4 on input line 358.
Package textcomp Info: Setting ppl sub-encoding to TS1/3 on input line 359.
Package textcomp Info: Setting pag sub-encoding to TS1/4 on input line 360.
Package textcomp Info: Setting pbk sub-encoding to TS1/4 on input line 361.
Package textcomp Info: Setting pnc sub-encoding to TS1/4 on input line 362.
Package textcomp Info: Setting pzc sub-encoding to TS1/4 on input line 363.
Package textcomp Info: Setting bch sub-encoding to TS1/4 on input line 364.
Package textcomp Info: Setting put sub-encoding to TS1/5 on input line 365.
Package textcomp Info: Setting uag sub-encoding to TS1/5 on input line 366.
Package textcomp Info: Setting ugq sub-encoding to TS1/5 on input line 367.
Package textcomp Info: Setting ul8 sub-encoding to TS1/4 on input line 368.
Package textcomp Info: Setting ul9 sub-encoding to TS1/4 on input line 369.
Package textcomp Info: Setting augie sub-encoding to TS1/5 on input line 370.
Package textcomp Info: Setting dayrom sub-encoding to TS1/3 on input line 371.
Package textcomp Info: Setting dayroms sub-encoding to TS1/3 on input line 372.

Package textcomp Info: Setting pxr sub-encoding to TS1/0 on input line 373.
Package textcomp Info: Setting pxss sub-encoding to TS1/0 on input line 374.
Package textcomp Info: Setting pxtt sub-encoding to TS1/0 on input line 375.
Package textcomp Info: Setting txr sub-encoding to TS1/0 on input line 376.
Package textcomp Info: Setting txss sub-encoding to TS1/0 on input line 377.
Package textcomp Info: Setting txtt sub-encoding to TS1/0 on input line 378.
Package textcomp Info: Setting lmr sub-encoding to TS1/0 on input line 379.
Package textcomp Info: Setting lmdh sub-encoding to TS1/0 on input line 380.
Package textcomp Info: Setting lmss sub-encoding to TS1/0 on input line 381.
Package textcomp Info: Setting lmssq sub-encoding to TS1/0 on input line 382.
Package textcomp Info: Setting lmvtt sub-encoding to TS1/0 on input line 383.
Package textcomp Info: Setting lmtt sub-encoding to TS1/0 on input line 384.
Package textcomp Info: Setting qhv sub-encoding to TS1/0 on input line 385.
Package textcomp Info: Setting qag sub-encoding to TS1/0 on input line 386.
Package textcomp Info: Setting qbk sub-encoding to TS1/0 on input line 387.
Package textcomp Info: Setting qcr sub-encoding to TS1/0 on input line 388.
Package textcomp Info: Setting qcs sub-encoding to TS1/0 on input line 389.
Package textcomp Info: Setting qpl sub-encoding to TS1/0 on input line 390.
Package textcomp Info: Setting qtm sub-encoding to TS1/0 on input line 391.
Package textcomp Info: Setting qzc sub-encoding to TS1/0 on input line 392.
Package textcomp Info: Setting qhvc sub-encoding to TS1/0 on input line 393.
Package textcomp Info: Setting futs sub-encoding to TS1/4 on input line 394.
Package textcomp Info: Setting futx sub-encoding to TS1/4 on input line 395.
Package textcomp Info: Setting futj sub-encoding to TS1/4 on input line 396.
Package textcomp Info: Setting hlh sub-encoding to TS1/3 on input line 397.
Package textcomp Info: Setting hls sub-encoding to TS1/3 on input line 398.
Package textcomp Info: Setting hlst sub-encoding to TS1/3 on input line 399.
Package textcomp Info: Setting hlct sub-encoding to TS1/5 on input line 400.
Package textcomp Info: Setting hlx sub-encoding to TS1/5 on input line 401.
Package textcomp Info: Setting hlce sub-encoding to TS1/5 on input line 402.
Package textcomp Info: Setting hlcn sub-encoding to TS1/5 on input line 403.
Package textcomp Info: Setting hlcw sub-encoding to TS1/5 on input line 404.
Package textcomp Info: Setting hlcf sub-encoding to TS1/5 on input line 405.
Package textcomp Info: Setting pplx sub-encoding to TS1/3 on input line 406.
Package textcomp Info: Setting pplj sub-encoding to TS1/3 on input line 407.
Package textcomp Info: Setting ptmx sub-encoding to TS1/4 on input line 408.
Package textcomp Info: Setting ptmj sub-encoding to TS1/4 on input line 409.
)
\c@defn=\count138
\c@thm=\count139
\c@eqn=\count140
\c@ex=\count141
\c@fig=\count142

(/usr/local/texlive/2016/texmf-dist/tex/latex/psnfss/helvet.sty
Package: helvet 2005/04/12 PSNFSS-v9.2a (WaS) 
)
(/usr/local/texlive/2016/texmf-dist/tex/latex/sfmath/sfmath.sty
Package: sfmath 2007/08/27 v0.8 sans serif maths
LaTeX Font Info:    Overwriting symbol font `operators' in version `normal'
(Font)                  OT1/cmr/m/n --> OT1/phv/m/n on input line 329.
LaTeX Font Info:    Overwriting symbol font `operators' in version `bold'
(Font)                  OT1/cmr/bx/n --> OT1/phv/bx/n on input line 330.
\symSFMath=\mathgroup6
LaTeX Font Info:    Overwriting symbol font `SFMath' in version `normal'
(Font)                  OT1/phv/m/sl --> OT1/phv/m/sl on input line 343.
LaTeX Font Info:    Overwriting symbol font `SFMath' in version `bold'
(Font)                  OT1/phv/m/sl --> OT1/phv/bx/sl on input line 344.
LaTeX Font Info:    Redeclaring math symbol \imath on input line 398.
LaTeX Font Info:    Redeclaring math symbol \jmath on input line 399.
\symSFMathUp=\mathgroup7
LaTeX Font Info:    Overwriting symbol font `SFMathUp' in version `normal'
(Font)                  OT1/phv/m/n --> OT1/phv/m/n on input line 406.
LaTeX Font Info:    Overwriting symbol font `SFMathUp' in version `bold'
(Font)                  OT1/phv/m/n --> OT1/phv/bx/n on input line 407.
LaTeX Font Info:    Redeclaring math symbol \ldotp on input line 410.
\symSFMathGreek=\mathgroup8
LaTeX Font Info:    Overwriting symbol font `SFMathGreek' in version `normal'
(Font)                  OT1/cmss/m/n --> OT1/cmss/m/n on input line 419.
LaTeX Font Info:    Overwriting symbol font `SFMathGreek' in version `bold'
(Font)                  OT1/cmss/m/n --> OT1/cmss/bx/n on input line 420.
LaTeX Font Info:    Redeclaring math symbol \Gamma on input line 422.
LaTeX Font Info:    Redeclaring math symbol \Delta on input line 423.
LaTeX Font Info:    Redeclaring math symbol \Theta on input line 424.
LaTeX Font Info:    Redeclaring math symbol \Lambda on input line 425.
LaTeX Font Info:    Redeclaring math symbol \Xi on input line 426.
LaTeX Font Info:    Redeclaring math symbol \Pi on input line 427.
LaTeX Font Info:    Redeclaring math symbol \Sigma on input line 428.
LaTeX Font Info:    Redeclaring math symbol \Upsilon on input line 429.
LaTeX Font Info:    Redeclaring math symbol \Phi on input line 430.
LaTeX Font Info:    Redeclaring math symbol \Psi on input line 431.
LaTeX Font Info:    Redeclaring math symbol \Omega on input line 432.
\symSFMathUpGreek=\mathgroup9
LaTeX Font Info:    Overwriting symbol font `SFMathUpGreek' in version `normal'

(Font)                  OT1/cmss/m/n --> OT1/cmss/m/n on input line 436.
LaTeX Font Info:    Overwriting symbol font `SFMathUpGreek' in version `bold'
(Font)                  OT1/cmss/m/n --> OT1/cmss/bx/n on input line 437.
LaTeX Font Info:    Overwriting math alphabet `\mathnormal' in version `normal'

(Font)                  OML/cmm/m/it --> OT1/phv/m/sl on input line 446.
LaTeX Font Info:    Overwriting math alphabet `\mathnormal' in version `bold'
(Font)                  OML/cmm/b/it --> OT1/phv/bx/sl on input line 447.
LaTeX Font Info:    Overwriting math alphabet `\mathrm' in version `normal'
(Font)                  OT1/phv/m/n --> OT1/phv/m/n on input line 449.
LaTeX Font Info:    Overwriting math alphabet `\mathrm' in version `bold'
(Font)                  OT1/phv/bx/n --> OT1/phv/bx/n on input line 450.
LaTeX Font Info:    Overwriting math alphabet `\mathbf' in version `normal'
(Font)                  OT1/cmr/bx/n --> OT1/phv/bx/n on input line 452.
LaTeX Font Info:    Overwriting math alphabet `\mathbf' in version `bold'
(Font)                  OT1/cmr/bx/n --> OT1/phv/bx/n on input line 453.
LaTeX Font Info:    Overwriting math alphabet `\mathit' in version `normal'
(Font)                  OT1/cmr/m/it --> OT1/phv/m/sl on input line 455.
LaTeX Font Info:    Overwriting math alphabet `\mathit' in version `bold'
(Font)                  OT1/cmr/bx/it --> OT1/phv/bx/sl on input line 456.
LaTeX Font Info:    Overwriting math alphabet `\mathsf' in version `normal'
(Font)                  OT1/cmss/m/n --> OT1/phv/m/n on input line 458.
LaTeX Font Info:    Overwriting math alphabet `\mathsf' in version `bold'
(Font)                  OT1/cmss/bx/n --> OT1/phv/bx/n on input line 459.
LaTeX Font Info:    Overwriting math alphabet `\mathsl' in version `bold'
(Font)                  OT1/phv/m/sl --> OT1/phv/bx/sl on input line 466.
)
(./CompilerFurtherTopicsonFunctions.aux (./FurtherTopicsonFunctions.aux

LaTeX Warning: Label `gfromfrefex' multiply defined.

))
\openout1 = `CompilerFurtherTopicsonFunctions.aux'.

LaTeX Font Info:    Checking defaults for OML/cmm/m/it on input line 48.
LaTeX Font Info:    ... okay on input line 48.
LaTeX Font Info:    Checking defaults for T1/cmr/m/n on input line 48.
LaTeX Font Info:    ... okay on input line 48.
LaTeX Font Info:    Checking defaults for OT1/cmr/m/n on input line 48.
LaTeX Font Info:    ... okay on input line 48.
LaTeX Font Info:    Checking defaults for OMS/cmsy/m/n on input line 48.
LaTeX Font Info:    ... okay on input line 48.
LaTeX Font Info:    Checking defaults for OMX/cmex/m/n on input line 48.
LaTeX Font Info:    ... okay on input line 48.
LaTeX Font Info:    Checking defaults for U/cmr/m/n on input line 48.
LaTeX Font Info:    ... okay on input line 48.
LaTeX Font Info:    Checking defaults for PD1/pdf/m/n on input line 48.
LaTeX Font Info:    ... okay on input line 48.
LaTeX Font Info:    Checking defaults for TS1/cmr/m/n on input line 48.
LaTeX Font Info:    Try loading font information for TS1+cmr on input line 48.
 (/usr/local/texlive/2016/texmf-dist/tex/latex/base/ts1cmr.fd
File: ts1cmr.fd 2014/09/29 v2.5h Standard LaTeX font definitions
)
LaTeX Font Info:    ... okay on input line 48.
LaTeX Font Info:    Try loading font information for OT1+phv on input line 48.

(/usr/local/texlive/2016/texmf-dist/tex/latex/psnfss/ot1phv.fd
File: ot1phv.fd 2001/06/04 scalable font definitions for OT1/phv.
)
LaTeX Font Info:    Font shape `OT1/phv/m/n' will be
(Font)              scaled to size 10.07397pt on input line 48.

(/usr/local/texlive/2016/texmf-dist/tex/context/base/mkii/supp-pdf.mkii
[Loading MPS to PDF converter (version 2006.09.02).]
\scratchcounter=\count143
\scratchdimen=\dimen155
\scratchbox=\box63
\nofMPsegments=\count144
\nofMParguments=\count145
\everyMPshowfont=\toks32
\MPscratchCnt=\count146
\MPscratchDim=\dimen156
\MPnumerator=\count147
\makeMPintoPDFobject=\count148
\everyMPtoPDFconversion=\toks33
) (/usr/local/texlive/2016/texmf-dist/tex/latex/oberdiek/epstopdf-base.sty
Package: epstopdf-base 2016/05/15 v2.6 Base part for package epstopdf

(/usr/local/texlive/2016/texmf-dist/tex/latex/oberdiek/grfext.sty
Package: grfext 2016/05/16 v1.2 Manage graphics extensions (HO)
)
Package grfext Info: Graphics extension search list:
(grfext)             [.png,.pdf,.jpg,.mps,.jpeg,.jbig2,.jb2,.PNG,.PDF,.JPG,.JPE
G,.JBIG2,.JB2,.eps]
(grfext)             \AppendGraphicsExtensions on input line 456.

(/usr/local/texlive/2016/texmf-dist/tex/latex/latexconfig/epstopdf-sys.cfg
File: epstopdf-sys.cfg 2010/07/13 v1.3 Configuration of (r)epstopdf for TeX Liv
e
))
\AtBeginShipoutBox=\box64
Package hyperref Info: Link coloring ON on input line 48.

(/usr/local/texlive/2016/texmf-dist/tex/latex/hyperref/nameref.sty
Package: nameref 2012/10/27 v2.43 Cross-referencing by name of section

(/usr/local/texlive/2016/texmf-dist/tex/generic/oberdiek/gettitlestring.sty
Package: gettitlestring 2016/05/16 v1.5 Cleanup title references (HO)
)
\c@section@level=\count149
)
LaTeX Info: Redefining \ref on input line 48.
LaTeX Info: Redefining \pageref on input line 48.
LaTeX Info: Redefining \nameref on input line 48.

(./CompilerFurtherTopicsonFunctions.out)
(./CompilerFurtherTopicsonFunctions.out)
\@outlinefile=\write4
\openout4 = `CompilerFurtherTopicsonFunctions.out'.

\c@HW=\count150
\c@HWindent=\count151

Chapter 1.
LaTeX Font Info:    Font shape `OT1/phv/m/n' will be
(Font)              scaled to size 19.08076pt on input line 55.
LaTeX Font Info:    Font shape `OT1/phv/bx/n' in size <20.74> not available
(Font)              Font shape `OT1/phv/b/n' tried instead on input line 55.
LaTeX Font Info:    Font shape `OT1/phv/b/n' will be
(Font)              scaled to size 19.08076pt on input line 55.
LaTeX Font Info:    Font shape `OT1/phv/m/n' will be
(Font)              scaled to size 22.88956pt on input line 55.
LaTeX Font Info:    Font shape `OT1/phv/bx/n' in size <24.88> not available
(Font)              Font shape `OT1/phv/b/n' tried instead on input line 55.
LaTeX Font Info:    Font shape `OT1/phv/b/n' will be
(Font)              scaled to size 22.88956pt on input line 55.
LaTeX Font Info:    Font shape `OT1/phv/m/sc' will be
(Font)              scaled to size 22.88956pt on input line 55.
[1


{/usr/local/texlive/2016/texmf-var/fonts/map/pdftex/updmap/pdftex.map}]
\openout2 = `FurtherTopicsonFunctions.aux'.


(./FurtherTopicsonFunctions.tex
LaTeX Font Info:    Font shape `OT1/phv/m/n' will be
(Font)              scaled to size 13.24796pt on input line 1.
LaTeX Font Info:    Font shape `OT1/phv/bx/n' in size <14.4> not available
(Font)              Font shape `OT1/phv/b/n' tried instead on input line 1.
LaTeX Font Info:    Font shape `OT1/phv/b/n' will be
(Font)              scaled to size 13.24796pt on input line 1.
 (./GraphsofFunctions.tex

Mfpic: Initializing GraphsofFunctions.mp.
\openout3 = `GraphsofFunctions.mp'.

Mfpic: Don't forget to process GraphsofFunctions.mp!
Mfpic: Apply metapost to GraphsofFunctions.mp.
Mfpic: Then reprocess this file "CompilerFurtherTopicsonFunctions".

LaTeX Font Info:    Font shape `OT1/phv/m/it' in size <10.95> not available
(Font)              Font shape `OT1/phv/m/sl' tried instead on input line 9.
LaTeX Font Info:    Font shape `OT1/phv/m/sl' will be
(Font)              scaled to size 10.07397pt on input line 9.
LaTeX Font Info:    Font shape `OT1/phv/bx/n' in size <10.95> not available
(Font)              Font shape `OT1/phv/b/n' tried instead on input line 14.
LaTeX Font Info:    Font shape `OT1/phv/b/n' will be
(Font)              scaled to size 10.07397pt on input line 14.

LaTeX Warning: Reference `FunctionsandtheirRepresentations' on page 2 undefined
 on input line 14.

LaTeX Font Info:    Font shape `OT1/phv/m/n' will be
(Font)              scaled to size 7.35999pt on input line 18.
LaTeX Font Info:    Font shape `OT1/phv/m/n' will be
(Font)              scaled to size 5.51999pt on input line 18.
LaTeX Font Info:    Try loading font information for U+msa on input line 18.
(/usr/local/texlive/2016/texmf-dist/tex/latex/amsfonts/umsa.fd
File: umsa.fd 2013/01/14 v3.01 AMS symbols A
)
LaTeX Font Info:    Try loading font information for U+msb on input line 18.

(/usr/local/texlive/2016/texmf-dist/tex/latex/amsfonts/umsb.fd
File: umsb.fd 2013/01/14 v3.01 AMS symbols B
)
LaTeX Font Info:    Font shape `OT1/phv/m/sl' will be
(Font)              scaled to size 7.35999pt on input line 18.
LaTeX Font Info:    Font shape `OT1/phv/m/sl' will be
(Font)              scaled to size 5.51999pt on input line 18.


LaTeX Warning: Reference `absmaxmindefn' on page 2 undefined on input line 22.


LaTeX Warning: Reference `localmaxmindefn' on page 2 undefined on input line 26
.


LaTeX Warning: Reference `incdeccnstdefn' on page 2 undefined on input line 30.


LaTeX Font Info:    Font shape `OT1/phv/m/n' will be
(Font)              scaled to size 8.27998pt on input line 34.
LaTeX Font Info:    Font shape `OT1/phv/m/n' will be
(Font)              scaled to size 4.59999pt on input line 34.
LaTeX Font Info:    Font shape `OT1/phv/m/sl' will be
(Font)              scaled to size 8.27998pt on input line 34.
LaTeX Font Info:    Font shape `OT1/phv/m/sl' will be
(Font)              scaled to size 4.59999pt on input line 34.

LaTeX Warning: Reference `evenfunctiondefn' on page 2 undefined on input line 3
4.


LaTeX Warning: Reference `oddfunctiondefn' on page 2 undefined on input line 34
.

LaTeX Font Info:    Font shape `OT1/phv/m/sc' will be
(Font)              scaled to size 10.07397pt on input line 42.
[2

]
LaTeX Font Info:    Font shape `OT1/phv/m/n' will be
(Font)              scaled to size 9.19998pt on input line 147.
LaTeX Font Info:    Font shape `OT1/phv/m/n' will be
(Font)              scaled to size 6.43999pt on input line 147.
LaTeX Font Info:    Font shape `OT1/phv/m/sl' will be
(Font)              scaled to size 9.19998pt on input line 147.
LaTeX Font Info:    Font shape `OT1/phv/m/sl' will be
(Font)              scaled to size 6.43999pt on input line 147.
File: GraphsofFunctions.1 Graphic file (type mps)
 [MP to PDF] (./GraphsofFunctions.1)

LaTeX Warning: Reference `FunctionsandtheirRepresentations' on page 3 undefined
 on input line 174.

[3]
File: GraphsofFunctions.2 Graphic file (type mps)
 [MP to PDF] (./GraphsofFunctions.2) [4]
File: GraphsofFunctions.3 Graphic file (type mps)
 [MP to PDF] (./GraphsofFunctions.3) [5]

LaTeX Warning: Reference `localmaxmindefn' on page 6 undefined on input line 33
8.

LaTeX Font Info:    Font shape `OT1/phv/bx/n' in size <9> not available
(Font)              Font shape `OT1/phv/b/n' tried instead on input line 342.
LaTeX Font Info:    Font shape `OT1/phv/b/n' will be
(Font)              scaled to size 8.27998pt on input line 342.

LaTeX Warning: Reference `AppRealNumberArithmetic' on page 6 undefined on input
 line 342.


LaTeX Warning: Reference `propertiesofzero' on page 6 undefined on input line 3
42.


LaTeX Warning: Reference `PowerEqIneq' on page 6 undefined on input line 352.

[6]
File: GraphsofFunctions.4 Graphic file (type mps)
 [MP to PDF] (./GraphsofFunctions.4)

LaTeX Warning: Reference `reflectionsinabox' on page 7 undefined on input line 
407.


LaTeX Warning: Reference `AppCartesianPlane' on page 7 undefined on input line 
407.

File: GraphsofFunctions.5 Graphic file (type mps)
[MP to PDF] (./GraphsofFunctions.5)
File: GraphsofFunctions.6 Graphic file (type mps)
 [MP to PDF] (./GraphsofFunctions.6)
[7]
File: GraphsofFunctions.7 Graphic file (type mps)
 [MP to PDF] (./GraphsofFunctions.7)
File: GraphsofFunctions.8 Graphic file (type mps)
 [MP to PDF] (./GraphsofFunctions.8)
File: GraphsofFunctions.9 Graphic file (type mps)

[MP to PDF] (./GraphsofFunctions.9)
File: GraphsofFunctions.10 Graphic file (type mps)
 [MP to PDF] (./GraphsofFunctions.10)
[8]
LaTeX Font Info:    Font shape `OT1/phv/m/n' will be
(Font)              scaled to size 11.03998pt on input line 561.
LaTeX Font Info:    Font shape `OT1/phv/bx/n' in size <12> not available
(Font)              Font shape `OT1/phv/b/n' tried instead on input line 561.
LaTeX Font Info:    Font shape `OT1/phv/b/n' will be
(Font)              scaled to size 11.03998pt on input line 561.
 (./ExercisesforGraphsofFunctions.tex
File: GraphsofFunctions.11 Graphic file (type mps)
 [MP to PDF] (./GraphsofFunctions.11)
[9]
File: GraphsofFunctions.12 Graphic file (type mps)
 [MP to PDF] (./GraphsofFunctions.12) [10]
File: GraphsofFunctions.13 Graphic file (type mps)
 [MP to PDF]
(./GraphsofFunctions.13)
File: GraphsofFunctions.14 Graphic file (type mps)
 [MP to PDF] (./GraphsofFunctions.14) [11]
File: GraphsofFunctions.15 Graphic file (type mps)
 [MP to PDF]
(./GraphsofFunctions.15)
File: GraphsofFunctions.16 Graphic file (type mps)
 [MP to PDF] (./GraphsofFunctions.16)
File: GraphsofFunctions.17 Graphic file (type mps)
 [MP to PDF]
(./GraphsofFunctions.17)
File: GraphsofFunctions.18 Graphic file (type mps)
 [MP to PDF] (./GraphsofFunctions.18) [12])) [13]
(./FunctionArithmetic.tex

Mfpic: Initializing FunctionArithmetic.mp.
\openout3 = `FunctionArithmetic.mp'.

Mfpic: Don't forget to process FunctionArithmetic.mp!
Mfpic: Apply metapost to FunctionArithmetic.mp.
Mfpic: Then reprocess this file "CompilerFurtherTopicsonFunctions".


LaTeX Warning: Reference `AppSetTheory' on page 14 undefined on input line 22.

LaTeX Font Info:    Try loading font information for TS1+phv on input line 44.
(/usr/local/texlive/2016/texmf-dist/tex/latex/psnfss/ts1phv.fd
File: ts1phv.fd 2001/06/04 scalable font definitions for TS1/phv.
)
LaTeX Font Info:    Font shape `TS1/phv/m/n' will be
(Font)              scaled to size 10.07397pt on input line 44.
 [14]
File: FunctionArithmetic.1 Graphic file (type mps)

[MP to PDF] (./FunctionArithmetic.1) [15]
Underfull \vbox (badness 4954) has occurred while \output is active []

 [16]
[17] [18] [19]

LaTeX Warning: Reference `AverageRateofChange' on page 20 undefined on input li
ne 388.

[20]

LaTeX Warning: Reference `IntroRational' on page 21 undefined on input line 401
.


LaTeX Warning: Reference `averagevelocitydefn' on page 21 undefined on input li
ne 401.


LaTeX Warning: Reference `IntroRational' on page 21 undefined on input line 409
.


LaTeX Warning: Reference `AppRatExpEqus' on page 21 undefined on input line 414
.


LaTeX Warning: Reference `AppRadEqus' on page 21 undefined on input line 414.

[21]
Underfull \vbox (badness 10000) has occurred while \output is active []

 [22]
[23] [24]

LaTeX Warning: Reference `averagevelocityrocketex' on page 25 undefined on inpu
t line 628.

[25]
File: FunctionArithmetic.2 Graphic file (type mps)
 [MP to PDF] (./FunctionArithmetic.2)
Underfull \vbox (badness 10000) has occurred while \output is active []

 [26]

LaTeX Warning: Reference `averagevelocityrocketex' on page 27 undefined on inpu
t line 696.


LaTeX Warning: Reference `averagevelocityrocketex' on page 27 undefined on inpu
t line 702.


LaTeX Warning: Reference `IntroRational' on page 27 undefined on input line 702
.

[27] (./ExercisesforFunctionArithmetic.tex
File: FunctionArithmetic.3 Graphic file (type mps)
 [MP to PDF] (./FunctionArithmetic.3)
File: FunctionArithmetic.4 Graphic file (type mps)
[MP to PDF] (./FunctionArithmetic.4) [28]

LaTeX Warning: Reference `revenueprofitdefns' on page 29 undefined on input lin
e 318.

[29] [30]

LaTeX Warning: Reference `absolutevaluepiecewise' on page 31 undefined on input
 line 538.

[31] [32] [33] [34] [35]
Overfull \hbox (8.55211pt too wide) in paragraph at lines 1428--1429
[]$[]$\OT1/phv/m/n/10.95 , $[]$ 
 []

)) [36] (./FunctionComposition.tex

Mfpic: Initializing FunctionComposition.mp.
\openout3 = `FunctionComposition.mp'.

Mfpic: Don't forget to process FunctionComposition.mp!
Mfpic: Apply metapost to FunctionComposition.mp.
Mfpic: Then reprocess this file "CompilerFurtherTopicsonFunctions".

File: FunctionComposition.1 Graphic file (type mps)
[MP to PDF] (./FunctionComposition.1) [37]
File: FunctionComposition.2 Graphic file (type mps)
 [MP to PDF] (./FunctionComposition.2)
Overfull \vbox (31.91821pt too high) has occurred while \output is active []


[38]
Underfull \vbox (badness 10000) has occurred while \output is active []

 [39]
File: FunctionComposition.3 Graphic file (type mps)

[MP to PDF] (./FunctionComposition.3)
Underfull \vbox (badness 1281) has occurred while \output is active []

 [40]
Underfull \vbox (badness 2644) has occurred while \output is active []

 [41]
[42]

LaTeX Warning: Reference `identityexercise' on page 43 undefined on input line 
324.


LaTeX Warning: Reference `ConstantandLinearFunctions' on page 43 undefined on i
nput line 324.

[43]
File: FunctionComposition.4 Graphic file (type mps)
 [MP to PDF] (./FunctionComposition.4) [44]
File: FunctionComposition.5 Graphic file (type mps)
 [MP to PDF]
(./FunctionComposition.5) [45]
File: FunctionComposition.6 Graphic file (type mps)
 [MP to PDF] (./FunctionComposition.6) [46]
[47] [48] (./ExercisesforFunctionComposition.tex [49]
File: FunctionComposition.7 Graphic file (type mps)
 [MP to PDF]
(./FunctionComposition.7)
File: FunctionComposition.8 Graphic file (type mps)
 [MP to PDF] (./FunctionComposition.8) [50] [51]
[52] [53] [54]
Overfull \hbox (18.71786pt too wide) in paragraph at lines 984--985
[]$\OT1/phv/m/n/10.95 (\OT1/phv/m/sl/10.95 f \OMS/cmsy/m/n/10.95 ^^N \OT1/phv/m
/sl/10.95 f\OT1/phv/m/n/10.95 )(\OT1/phv/m/sl/10.95 x\OT1/phv/m/n/10.95 ) = []$
, do-main: $[] \OMS/cmsy/m/n/10.95 [ [] [ [] [ [] [
 []

[55])) [56] (./Transformations.tex

Mfpic: Initializing Transformations.mp.
\openout3 = `Transformations.mp'.

Mfpic: Don't forget to process Transformations.mp!
Mfpic: Apply metapost to Transformations.mp.
Mfpic: Then reprocess this file "CompilerFurtherTopicsonFunctions".


LaTeX Warning: Reference `linearabsvaluegraphs' on page 57 undefined on input l
ine 9.


LaTeX Warning: Reference `standardformgraph' on page 57 undefined on input line
 9.


LaTeX Warning: Reference `linearmononialgraphs' on page 57 undefined on input l
ine 9.


LaTeX Warning: Reference `linearlaurentlgraphs' on page 57 undefined on input l
ine 9.


LaTeX Warning: Reference `linearrootgraphs' on page 57 undefined on input line 
9.


LaTeX Warning: Reference `linearrationalpowergraphs' on page 57 undefined on in
put line 9.


LaTeX Warning: Reference `linearrationalpowergraphs' on page 57 undefined on in
put line 13.

File: Transformations.1 Graphic file (type mps)
[MP to PDF] (./Transformations.1) [57]
File: Transformations.2 Graphic file (type mps)
 [MP to PDF] (./Transformations.2)
File: Transformations.3 Graphic file (type mps)

[MP to PDF] (./Transformations.3) [58]
File: Transformations.4 Graphic file (type mps)
 [MP to PDF] (./Transformations.4)
File: Transformations.5 Graphic file (type mps)

[MP to PDF] (./Transformations.5) [59]
File: Transformations.6 Graphic file (type mps)
 [MP to PDF] (./Transformations.6)
File: Transformations.7 Graphic file (type mps)

[MP to PDF] (./Transformations.7)
Overfull \vbox (11.68434pt too high) has occurred while \output is active []


Overfull \vbox (1.73262pt too high) has occurred while \output is active []


[60]
<./TransformationsGraphics/TransformationsEx01a.jpg, id=1088, 2820.5375pt x 150
7.6325pt>
File: ./TransformationsGraphics/TransformationsEx01a.jpg Graphic file (type jpg
)
 <use ./TransformationsGraphics/TransformationsEx01a.jpg>
Package pdftex.def Info: ./TransformationsGraphics/TransformationsEx01a.jpg use
d on input line 428.
(pdftex.def)             Requested size: 216.81pt x 115.87411pt.

<./TransformationsGraphics/TransformationsEx01b.jpg, id=1089, 2818.53pt x 1517.
67pt>
File: ./TransformationsGraphics/TransformationsEx01b.jpg Graphic file (type jpg
)
 <use ./TransformationsGraphics/TransformationsEx01b.jpg>
Package pdftex.def Info: ./TransformationsGraphics/TransformationsEx01b.jpg use
d on input line 428.
(pdftex.def)             Requested size: 216.81pt x 116.7382pt.

Overfull \hbox (18.72536pt too wide) in paragraph at lines 426--433
 [] 
 []

[61 <./TransformationsGraphics/TransformationsEx01a.jpg> <./TransformationsGrap
hics/TransformationsEx01b.jpg>]
<./TransformationsGraphics/TransformationsEx01c.jpg, id=1103, 2820.5375pt x 150
7.6325pt>
File: ./TransformationsGraphics/TransformationsEx01c.jpg Graphic file (type jpg
)
 <use ./TransformationsGraphics/TransformationsEx01c.jpg>
Package pdftex.def Info: ./TransformationsGraphics/TransformationsEx01c.jpg use
d on input line 440.
(pdftex.def)             Requested size: 289.07999pt x 154.49883pt.


LaTeX Font Warning: Command \scriptsize invalid in math mode on input line 462.



LaTeX Font Warning: Command \normalsize invalid in math mode on input line 469.


File: Transformations.8 Graphic file (type mps)
[MP to PDF] (./Transformations.8)

LaTeX Font Warning: Command \scriptsize invalid in math mode on input line 491.



LaTeX Font Warning: Command \normalsize invalid in math mode on input line 498.


File: Transformations.9 Graphic file (type mps)
[MP to PDF] (./Transformations.9)
Overfull \hbox (38.72253pt too wide) detected at line 506
[]
 []


LaTeX Font Warning: Command \scriptsize invalid in math mode on input line 522.



LaTeX Font Warning: Command \normalsize invalid in math mode on input line 529.


File: Transformations.10 Graphic file (type mps)
[MP to PDF] (./Transformations.10)

LaTeX Font Warning: Command \scriptsize invalid in math mode on input line 551.



LaTeX Font Warning: Command \normalsize invalid in math mode on input line 558.


File: Transformations.11 Graphic file (type mps)
[MP to PDF] (./Transformations.11) [62 <./TransformationsGraphics/Transformatio
nsEx01c.jpg>]

LaTeX Font Warning: Command \scriptsize invalid in math mode on input line 582.



LaTeX Font Warning: Command \normalsize invalid in math mode on input line 589.


File: Transformations.12 Graphic file (type mps)
[MP to PDF] (./Transformations.12)

LaTeX Font Warning: Command \scriptsize invalid in math mode on input line 611.



LaTeX Font Warning: Command \normalsize invalid in math mode on input line 618.


File: Transformations.13 Graphic file (type mps)
[MP to PDF] (./Transformations.13)
Overfull \hbox (31.1334pt too wide) detected at line 626
[]
 []


LaTeX Font Warning: Command \scriptsize invalid in math mode on input line 640.



LaTeX Font Warning: Command \normalsize invalid in math mode on input line 647.


File: Transformations.14 Graphic file (type mps)
[MP to PDF] (./Transformations.14)

LaTeX Font Warning: Command \scriptsize invalid in math mode on input line 670.



LaTeX Font Warning: Command \normalsize invalid in math mode on input line 677.


File: Transformations.15 Graphic file (type mps)
[MP to PDF] (./Transformations.15)
Overfull \hbox (33.80936pt too wide) detected at line 685
[]
 []


Underfull \vbox (badness 10000) has occurred while \output is active []

 [63]

LaTeX Warning: Reference `AppCartesianPlane' on page 64 undefined on input line
 707.


LaTeX Warning: Reference `GraphsofPolynomials' on page 64 undefined on input li
ne 707.

[64]
File: Transformations.16 Graphic file (type mps)
 [MP to PDF] (./Transformations.16)
File: Transformations.17 Graphic file (type mps)
 [MP to PDF] (./Transformations.17)
File: Transformations.18 Graphic file (type mps)

[MP to PDF] (./Transformations.18)
File: Transformations.19 Graphic file (type mps)
 [MP to PDF] (./Transformations.19) [65]
File: Transformations.20 Graphic file (type mps)

[MP to PDF] (./Transformations.20)
File: Transformations.21 Graphic file (type mps)
 [MP to PDF] (./Transformations.21)
LaTeX Font Info:    Font shape `OT1/phv/bx/n' in size <8> not available
(Font)              Font shape `OT1/phv/b/n' tried instead on input line 955.
LaTeX Font Info:    Font shape `OT1/phv/b/n' will be
(Font)              scaled to size 7.35999pt on input line 955.

Overfull \hbox (27.38924pt too wide) in paragraph at lines 955--956
 [][] 
 []

[66] [67]
<./TransformationsGraphics/TransformationsEx02a.jpg, id=1179, 2682.02pt x 1507.
6325pt>
File: ./TransformationsGraphics/TransformationsEx02a.jpg Graphic file (type jpg
)
 <use ./TransformationsGraphics/TransformationsEx02a.jpg>
Package pdftex.def Info: ./TransformationsGraphics/TransformationsEx02a.jpg use
d on input line 1036.
(pdftex.def)             Requested size: 216.81pt x 121.8553pt.

<./TransformationsGraphics/TransformationsEx02b.jpg, id=1180, 2682.02pt x 1505.
625pt>
File: ./TransformationsGraphics/TransformationsEx02b.jpg Graphic file (type jpg
)
 <use ./TransformationsGraphics/TransformationsEx02b.jpg>
Package pdftex.def Info: ./TransformationsGraphics/TransformationsEx02b.jpg use
d on input line 1036.
(pdftex.def)             Requested size: 216.81pt x 121.69305pt.

Overfull \hbox (15.24007pt too wide) in paragraph at lines 1034--1041
 [] 
 []


LaTeX Font Warning: Command \scriptsize invalid in math mode on input line 1061
.


LaTeX Font Warning: Command \normalsize invalid in math mode on input line 1067
.

File: Transformations.22 Graphic file (type mps)
[MP to PDF] (./Transformations.22)

LaTeX Font Warning: Command \scriptsize invalid in math mode on input line 1088
.


LaTeX Font Warning: Command \normalsize invalid in math mode on input line 1094
.

File: Transformations.23 Graphic file (type mps)
[MP to PDF] (./Transformations.23)

LaTeX Font Warning: Command \scriptsize invalid in math mode on input line 1116
.


LaTeX Font Warning: Command \normalsize invalid in math mode on input line 1122
.

File: Transformations.24 Graphic file (type mps)
[MP to PDF] (./Transformations.24)

LaTeX Font Warning: Command \scriptsize invalid in math mode on input line 1143
.


LaTeX Font Warning: Command \normalsize invalid in math mode on input line 1149
.

File: Transformations.25 Graphic file (type mps)
[MP to PDF] (./Transformations.25) [68 <./TransformationsGraphics/Transformatio
nsEx02a.jpg> <./TransformationsGraphics/TransformationsEx02b.jpg>]

LaTeX Font Warning: Command \scriptsize invalid in math mode on input line 1178
.


LaTeX Font Warning: Command \normalsize invalid in math mode on input line 1184
.

File: Transformations.26 Graphic file (type mps)
[MP to PDF] (./Transformations.26)

LaTeX Font Warning: Command \scriptsize invalid in math mode on input line 1205
.


LaTeX Font Warning: Command \normalsize invalid in math mode on input line 1211
.

File: Transformations.27 Graphic file (type mps)
[MP to PDF] (./Transformations.27)

LaTeX Font Warning: Command \scriptsize invalid in math mode on input line 1232
.


LaTeX Font Warning: Command \normalsize invalid in math mode on input line 1238
.

File: Transformations.28 Graphic file (type mps)
[MP to PDF] (./Transformations.28)

LaTeX Font Warning: Command \scriptsize invalid in math mode on input line 1259
.


LaTeX Font Warning: Command \normalsize invalid in math mode on input line 1265
.

File: Transformations.29 Graphic file (type mps)
[MP to PDF] (./Transformations.29)
Underfull \vbox (badness 10000) has occurred while \output is active []

 [69]

LaTeX Font Warning: Command \scriptsize invalid in math mode on input line 1298
.


LaTeX Font Warning: Command \normalsize invalid in math mode on input line 1304
.

File: Transformations.30 Graphic file (type mps)
[MP to PDF] (./Transformations.30)

LaTeX Font Warning: Command \scriptsize invalid in math mode on input line 1324
.


LaTeX Font Warning: Command \normalsize invalid in math mode on input line 1330
.

File: Transformations.31 Graphic file (type mps)
[MP to PDF] (./Transformations.31)

LaTeX Font Warning: Command \scriptsize invalid in math mode on input line 1350
.


LaTeX Font Warning: Command \normalsize invalid in math mode on input line 1356
.

File: Transformations.32 Graphic file (type mps)
[MP to PDF] (./Transformations.32)

LaTeX Font Warning: Command \scriptsize invalid in math mode on input line 1376
.


LaTeX Font Warning: Command \normalsize invalid in math mode on input line 1382
.

File: Transformations.33 Graphic file (type mps)
[MP to PDF] (./Transformations.33)
Underfull \vbox (badness 4072) has occurred while \output is active []

 [70]
[71]
LaTeX Font Info:    Font shape `OT1/phv/m/it' in size <9> not available
(Font)              Font shape `OT1/phv/m/sl' tried instead on input line 1443.

LaTeX Font Info:    Font shape `OT1/phv/m/sl' will be
(Font)              scaled to size 8.27998pt on input line 1443.
 [72]
File: Transformations.34 Graphic file (type mps)
 [MP to PDF] (./Transformations.34)
File: Transformations.35 Graphic file (type mps)
 [MP to PDF] (./Transformations.35)
File: Transformations.36 Graphic file (type mps)
[MP to PDF] (./Transformations.36) [73]
File: Transformations.37 Graphic file (type mps)
 [MP to PDF] (./Transformations.37)
File: Transformations.38 Graphic file (type mps)

[MP to PDF] (./Transformations.38)
LaTeX Font Info:    Font shape `OT1/phv/m/it' in size <8> not available
(Font)              Font shape `OT1/phv/m/sl' tried instead on input line 1640.

LaTeX Font Info:    Font shape `OT1/phv/m/sl' will be
(Font)              scaled to size 7.35999pt on input line 1640.
LaTeX Font Info:    Font shape `OT1/phv/m/it' in size <6> not available
(Font)              Font shape `OT1/phv/m/sl' tried instead on input line 1640.

LaTeX Font Info:    Font shape `OT1/phv/m/sl' will be
(Font)              scaled to size 5.51999pt on input line 1640.
 [74]
File: Transformations.39 Graphic file (type mps)
 [MP to PDF] (./Transformations.39)
File: Transformations.40 Graphic file (type mps)

[MP to PDF] (./Transformations.40)
File: Transformations.41 Graphic file (type mps)
 [MP to PDF] (./Transformations.41)
File: Transformations.42 Graphic file (type mps)

[MP to PDF] (./Transformations.42) [75]
File: Transformations.43 Graphic file (type mps)
 [MP to PDF] (./Transformations.43)
File: Transformations.44 Graphic file (type mps)

[MP to PDF] (./Transformations.44)
Overfull \hbox (10.37308pt too wide) in paragraph at lines 1926--1927
 [][] 
 []

[76] [77]
<./TransformationsGraphics/TransformationsEx03a.jpg, id=1306, 2682.02pt x 1505.
625pt>
File: ./TransformationsGraphics/TransformationsEx03a.jpg Graphic file (type jpg
)
 <use ./TransformationsGraphics/TransformationsEx03a.jpg>
Package pdftex.def Info: ./TransformationsGraphics/TransformationsEx03a.jpg use
d on input line 2050.
(pdftex.def)             Requested size: 216.81pt x 121.69305pt.

<./TransformationsGraphics/TransformationsEx03b.jpg, id=1307, 2688.0425pt x 151
7.67pt>
File: ./TransformationsGraphics/TransformationsEx03b.jpg Graphic file (type jpg
)
 <use ./TransformationsGraphics/TransformationsEx03b.jpg>
Package pdftex.def Info: ./TransformationsGraphics/TransformationsEx03b.jpg use
d on input line 2050.
(pdftex.def)             Requested size: 216.81pt x 122.3887pt.

Overfull \hbox (15.24007pt too wide) in paragraph at lines 2048--2055
 [] 
 []

[78]

LaTeX Font Warning: Command \scriptsize invalid in math mode on input line 2093
.


LaTeX Font Warning: Command \normalsize invalid in math mode on input line 2099
.

File: Transformations.45 Graphic file (type mps)
[MP to PDF] (./Transformations.45)

LaTeX Font Warning: Command \scriptsize invalid in math mode on input line 2120
.


LaTeX Font Warning: Command \normalsize invalid in math mode on input line 2126
.

File: Transformations.46 Graphic file (type mps)
[MP to PDF] (./Transformations.46)

LaTeX Font Warning: Command \scriptsize invalid in math mode on input line 2148
.


LaTeX Font Warning: Command \normalsize invalid in math mode on input line 2154
.

File: Transformations.47 Graphic file (type mps)
[MP to PDF] (./Transformations.47)

LaTeX Font Warning: Command \scriptsize invalid in math mode on input line 2174
.


LaTeX Font Warning: Command \normalsize invalid in math mode on input line 2180
.

File: Transformations.48 Graphic file (type mps)
[MP to PDF] (./Transformations.48)
Underfull \vbox (badness 1005) has occurred while \output is active []

 [79 <./TransformationsGraphics/TransformationsEx03a.jpg> <./TransformationsGra
phics/TransformationsEx03b.jpg>]

LaTeX Font Warning: Command \scriptsize invalid in math mode on input line 2201
.


LaTeX Font Warning: Command \normalsize invalid in math mode on input line 2207
.

File: Transformations.49 Graphic file (type mps)
[MP to PDF] (./Transformations.49)

LaTeX Font Warning: Command \scriptsize invalid in math mode on input line 2229
.


LaTeX Font Warning: Command \normalsize invalid in math mode on input line 2235
.

File: Transformations.50 Graphic file (type mps)
[MP to PDF] (./Transformations.50)

LaTeX Font Warning: Command \scriptsize invalid in math mode on input line 2255
.


LaTeX Font Warning: Command \normalsize invalid in math mode on input line 2261
.

File: Transformations.51 Graphic file (type mps)
[MP to PDF] (./Transformations.51)

LaTeX Font Warning: Command \scriptsize invalid in math mode on input line 2282
.


LaTeX Font Warning: Command \normalsize invalid in math mode on input line 2288
.

File: Transformations.52 Graphic file (type mps)
[MP to PDF] (./Transformations.52)

LaTeX Font Warning: Command \scriptsize invalid in math mode on input line 2310
.


LaTeX Font Warning: Command \normalsize invalid in math mode on input line 2316
.

File: Transformations.53 Graphic file (type mps)
[MP to PDF] (./Transformations.53)

LaTeX Font Warning: Command \scriptsize invalid in math mode on input line 2336
.


LaTeX Font Warning: Command \normalsize invalid in math mode on input line 2342
.

File: Transformations.54 Graphic file (type mps)
[MP to PDF] (./Transformations.54)
Underfull \vbox (badness 3635) has occurred while \output is active []

 [80]

LaTeX Font Warning: Command \scriptsize invalid in math mode on input line 2363
.


LaTeX Font Warning: Command \normalsize invalid in math mode on input line 2369
.

File: Transformations.55 Graphic file (type mps)
[MP to PDF] (./Transformations.55)

LaTeX Font Warning: Command \scriptsize invalid in math mode on input line 2391
.


LaTeX Font Warning: Command \normalsize invalid in math mode on input line 2397
.

File: Transformations.56 Graphic file (type mps)
[MP to PDF] (./Transformations.56)

LaTeX Font Warning: Command \scriptsize invalid in math mode on input line 2431
.


LaTeX Font Warning: Command \normalsize invalid in math mode on input line 2437
.

File: Transformations.57 Graphic file (type mps)
[MP to PDF] (./Transformations.57)

LaTeX Font Warning: Command \scriptsize invalid in math mode on input line 2458
.


LaTeX Font Warning: Command \normalsize invalid in math mode on input line 2464
.

File: Transformations.58 Graphic file (type mps)
[MP to PDF] (./Transformations.58)
Underfull \vbox (badness 4242) has occurred while \output is active []

 [81]

LaTeX Font Warning: Command \scriptsize invalid in math mode on input line 2488
.


LaTeX Font Warning: Command \normalsize invalid in math mode on input line 2494
.

File: Transformations.59 Graphic file (type mps)
[MP to PDF] (./Transformations.59)

LaTeX Font Warning: Command \scriptsize invalid in math mode on input line 2517
.


LaTeX Font Warning: Command \normalsize invalid in math mode on input line 2523
.

File: Transformations.60 Graphic file (type mps)
[MP to PDF] (./Transformations.60)
Overfull \hbox (6.55502pt too wide) detected at line 2531
[]
 []


LaTeX Font Warning: Command \scriptsize invalid in math mode on input line 2546
.


LaTeX Font Warning: Command \normalsize invalid in math mode on input line 2552
.

File: Transformations.61 Graphic file (type mps)
[MP to PDF] (./Transformations.61)

LaTeX Font Warning: Command \scriptsize invalid in math mode on input line 2575
.


LaTeX Font Warning: Command \normalsize invalid in math mode on input line 2581
.

File: Transformations.62 Graphic file (type mps)
[MP to PDF] (./Transformations.62)
Overfull \hbox (40.15968pt too wide) detected at line 2591
[]
 []

[82]

LaTeX Warning: Reference `linearabsvaluegraphs' on page 83 undefined on input l
ine 2647.


LaTeX Warning: Reference `standardformgraph' on page 83 undefined on input line
 2647.


LaTeX Warning: Reference `linearmononialgraphs' on page 83 undefined on input l
ine 2647.


LaTeX Warning: Reference `linearlaurentlgraphs' on page 83 undefined on input l
ine 2647.


LaTeX Warning: Reference `linearrootgraphs' on page 83 undefined on input line 
2647.


LaTeX Warning: Reference `linearrationalpowergraphs' on page 83 undefined on in
put line 2647.

[83] [84]
Overfull \hbox (1.04662pt too wide) in paragraph at lines 2710--2711
[][]\OT1/phv/m/sc/10.95 Example \OT1/phv/m/n/10.95 1.4.4\OT1/phv/m/sc/10.95 . [
]\OT1/phv/m/n/10.95 Be-low is the com-plete graph of $\OT1/phv/m/sl/10.95 y \OT
1/phv/m/n/10.95 = \OT1/phv/m/sl/10.95 f\OT1/phv/m/n/10.95 (\OT1/phv/m/sl/10.95 
x\OT1/phv/m/n/10.95 )$. Use The-o-rem [][]1.8[][] to graph $\OT1/phv/m/sl/10.95
 g\OT1/phv/m/n/10.95 (\OT1/phv/m/sl/10.95 x\OT1/phv/m/n/10.95 ) = []$. 
 []

File: Transformations.63 Graphic file (type mps)
[MP to PDF] (./Transformations.63)
File: Transformations.64 Graphic file (type mps)
 [MP to PDF] (./Transformations.64)
File: Transformations.65 Graphic file (type mps)

[MP to PDF] (./Transformations.65) [85]
<./TransformationsGraphics/TransformationsEx04a.jpg, id=1382, 2673.99pt x 1501.
61pt>
File: ./TransformationsGraphics/TransformationsEx04a.jpg Graphic file (type jpg
)
 <use ./TransformationsGraphics/TransformationsEx04a.jpg>
Package pdftex.def Info: ./TransformationsGraphics/TransformationsEx04a.jpg use
d on input line 2871.
(pdftex.def)             Requested size: 216.81pt x 121.73514pt.

<./TransformationsGraphics/TransformationsEx04b.jpg, id=1383, 2678.005pt x 1507
.6325pt>
File: ./TransformationsGraphics/TransformationsEx04b.jpg Graphic file (type jpg
)
 <use ./TransformationsGraphics/TransformationsEx04b.jpg>
Package pdftex.def Info: ./TransformationsGraphics/TransformationsEx04b.jpg use
d on input line 2871.
(pdftex.def)             Requested size: 216.81pt x 122.03935pt.

Overfull \hbox (15.24007pt too wide) in paragraph at lines 2869--2876
 [] 
 []

[86]
<./TransformationsGraphics/TransformationsEx04c.jpg, id=1400, 2675.9975pt x 150
7.6325pt>
File: ./TransformationsGraphics/TransformationsEx04c.jpg Graphic file (type jpg
)
 <use ./TransformationsGraphics/TransformationsEx04c.jpg>
Package pdftex.def Info: ./TransformationsGraphics/TransformationsEx04c.jpg use
d on input line 2887.
(pdftex.def)             Requested size: 216.81pt x 122.13136pt.

<./TransformationsGraphics/TransformationsEx04d.jpg, id=1401, 2678.005pt x 1509
.64pt>
File: ./TransformationsGraphics/TransformationsEx04d.jpg Graphic file (type jpg
)
 <use ./TransformationsGraphics/TransformationsEx04d.jpg>
Package pdftex.def Info: ./TransformationsGraphics/TransformationsEx04d.jpg use
d on input line 2887.
(pdftex.def)             Requested size: 216.81pt x 122.20184pt.

Overfull \hbox (18.0362pt too wide) in paragraph at lines 2885--2892
 [] 
 []


<./TransformationsGraphics/TransformationsEx04e.jpg, id=1404, 2678.005pt x 1501
.61pt>
File: ./TransformationsGraphics/TransformationsEx04e.jpg Graphic file (type jpg
)
 <use ./TransformationsGraphics/TransformationsEx04e.jpg>
Package pdftex.def Info: ./TransformationsGraphics/TransformationsEx04e.jpg use
d on input line 2914.
(pdftex.def)             Requested size: 216.81pt x 121.55183pt.

<./TransformationsGraphics/TransformationsEx04f.jpg, id=1405, 2673.99pt x 1507.
6325pt>
File: ./TransformationsGraphics/TransformationsEx04f.jpg Graphic file (type jpg
)
 <use ./TransformationsGraphics/TransformationsEx04f.jpg>
Package pdftex.def Info: ./TransformationsGraphics/TransformationsEx04f.jpg use
d on input line 2914.
(pdftex.def)             Requested size: 216.81pt x 122.22339pt.

Overfull \hbox (15.40266pt too wide) in paragraph at lines 2912--2919
 [] 
 []

[87 <./TransformationsGraphics/TransformationsEx04a.jpg> <./TransformationsGrap
hics/TransformationsEx04b.jpg> <./TransformationsGraphics/TransformationsEx04c.
jpg> <./TransformationsGraphics/TransformationsEx04d.jpg>]

LaTeX Warning: Reference `PolarGraphs' on page 88 undefined on input line 2954.


File: Transformations.66 Graphic file (type mps)
[MP to PDF] (./Transformations.66)
File: Transformations.67 Graphic file (type mps)
 [MP to PDF] (./Transformations.67) [88 <./TransformationsGraphics/Transformati
onsEx04e.jpg> <./TransformationsGraphics/TransformationsEx04f.jpg>] [89] (./Exe
rcisesforTransformations.tex
File: Transformations.68 Graphic file (type mps)
 [MP to PDF]
(./Transformations.68) [90]
File: Transformations.69 Graphic file (type mps)
 [MP to PDF] (./Transformations.69)
File: Transformations.70 Graphic file (type mps)
 [MP to PDF]
(./Transformations.70) [91]
File: Transformations.71 Graphic file (type mps)
 [MP to PDF] (./Transformations.71) [92]
File: Transformations.72 Graphic file (type mps)

[MP to PDF] (./Transformations.72)
File: Transformations.73 Graphic file (type mps)
 [MP to PDF] (./Transformations.73)
File: Transformations.74 Graphic file (type mps)

[MP to PDF] (./Transformations.74)
File: Transformations.75 Graphic file (type mps)
 [MP to PDF] (./Transformations.75)
File: Transformations.76 Graphic file (type mps)

[MP to PDF] (./Transformations.76) [93]
File: Transformations.77 Graphic file (type mps)
 [MP to PDF] (./Transformations.77)
File: Transformations.78 Graphic file (type mps)

[MP to PDF] (./Transformations.78)
File: Transformations.79 Graphic file (type mps)
 [MP to PDF] (./Transformations.79)
File: Transformations.80 Graphic file (type mps)

[MP to PDF] (./Transformations.80)
Overfull \hbox (8.62344pt too wide) detected at line 652
[]
 []

[94]

LaTeX Warning: Reference `makeaveewithabsval' on page 95 undefined on input lin
e 678.


LaTeX Warning: Reference `AbsoluteValueFunctions' on page 95 undefined on input
 line 678.

[95]
File: Transformations.81 Graphic file (type mps)
 [MP to PDF] (./Transformations.81)
File: Transformations.82 Graphic file (type mps)
 [MP to PDF] (./Transformations.82)
File: Transformations.83 Graphic file (type mps)

[MP to PDF] (./Transformations.83)
File: Transformations.84 Graphic file (type mps)
 [MP to PDF] (./Transformations.84)
File: Transformations.85 Graphic file (type mps)

[MP to PDF] (./Transformations.85)
File: Transformations.86 Graphic file (type mps)
 [MP to PDF] (./Transformations.86) [96]
File: Transformations.87 Graphic file (type mps)

[MP to PDF] (./Transformations.87)
File: Transformations.88 Graphic file (type mps)
 [MP to PDF] (./Transformations.88)
File: Transformations.89 Graphic file (type mps)

[MP to PDF] (./Transformations.89)
File: Transformations.90 Graphic file (type mps)
 [MP to PDF] (./Transformations.90)
File: Transformations.91 Graphic file (type mps)

[MP to PDF] (./Transformations.91)
File: Transformations.92 Graphic file (type mps)
 [MP to PDF] (./Transformations.92)
Underfull \vbox (badness 10000) has occurred while \output is active []

 [97]
File: Transformations.93 Graphic file (type mps)

[MP to PDF] (./Transformations.93)
File: Transformations.94 Graphic file (type mps)
 [MP to PDF] (./Transformations.94)
File: Transformations.95 Graphic file (type mps)

[MP to PDF] (./Transformations.95)
File: Transformations.96 Graphic file (type mps)
 [MP to PDF] (./Transformations.96)
File: Transformations.97 Graphic file (type mps)

[MP to PDF] (./Transformations.97)
File: Transformations.98 Graphic file (type mps)
 [MP to PDF] (./Transformations.98) [98]
File: Transformations.99 Graphic file (type mps)

[MP to PDF] (./Transformations.99)
File: Transformations.100 Graphic file (type mps)
 [MP to PDF] (./Transformations.100)
File: Transformations.101 Graphic file (type mps)

[MP to PDF] (./Transformations.101)
File: Transformations.102 Graphic file (type mps)
 [MP to PDF] (./Transformations.102)
File: Transformations.103 Graphic file (type mps)

[MP to PDF] (./Transformations.103)
File: Transformations.104 Graphic file (type mps)
 [MP to PDF] (./Transformations.104)
File: Transformations.105 Graphic file (type mps)

[MP to PDF] (./Transformations.105)
File: Transformations.106 Graphic file (type mps)
 [MP to PDF] (./Transformations.106)
Underfull \vbox (badness 2103) has occurred while \output is active []

 [99]
File: Transformations.107 Graphic file (type mps)

[MP to PDF] (./Transformations.107)
File: Transformations.108 Graphic file (type mps)
 [MP to PDF] (./Transformations.108)
File: Transformations.109 Graphic file (type mps)

[MP to PDF] (./Transformations.109)
File: Transformations.110 Graphic file (type mps)
 [MP to PDF] (./Transformations.110)
Underfull \vbox (badness 10000) has occurred while \output is active []

 [100]
File: Transformations.111 Graphic file (type mps)

[MP to PDF] (./Transformations.111)
File: Transformations.112 Graphic file (type mps)
 [MP to PDF] (./Transformations.112)
File: Transformations.113 Graphic file (type mps)

[MP to PDF] (./Transformations.113)
File: Transformations.114 Graphic file (type mps)
 [MP to PDF] (./Transformations.114)))
[101] (./Relations.tex

Mfpic: Initializing Relations.mp.
\openout3 = `Relations.mp'.

Mfpic: Don't forget to process Relations.mp!
Mfpic: Apply metapost to Relations.mp.
Mfpic: Then reprocess this file "CompilerFurtherTopicsonFunctions".


LaTeX Warning: Reference `functiondefn' on page 102 undefined on input line 10.



LaTeX Warning: Reference `FunctionsandtheirRepresentations' on page 102 undefin
ed on input line 10.


LaTeX Warning: Reference `functiondefn' on page 102 undefined on input line 28.



LaTeX Warning: Reference `FunctionsandtheirRepresentations' on page 102 undefin
ed on input line 28.

File: Relations.1 Graphic file (type mps)
[MP to PDF] (./Relations.1)
File: Relations.2 Graphic file (type mps)
 [MP to PDF] (./Relations.2) [102]
File: Relations.3 Graphic file (type mps)
 [MP to PDF]
(./Relations.3)
File: Relations.4 Graphic file (type mps)
 [MP to PDF] (./Relations.4)
Overfull \hbox (12.51465pt too wide) in paragraph at lines 133--134
[]|[]| 
 []


Overfull \hbox (1.10442pt too wide) in paragraph at lines 164--165
[]$\OT1/phv/m/sl/10.95 R \OT1/phv/m/n/10.95 = \OMS/cmsy/m/n/10.95 f\OT1/phv/m/n
/10.95 (\OT1/phv/m/sl/10.95 x\OT1/phv/m/n/10.95 , \OT1/phv/m/sl/10.95 y\OT1/phv
/m/n/10.95 ) \OMS/cmsy/m/n/10.95 j []g$ 
 []

File: Relations.5 Graphic file (type mps)
[MP to PDF] (./Relations.5)
File: Relations.6 Graphic file (type mps)
 [MP to PDF] (./Relations.6) [103]
File: Relations.7 Graphic file (type mps)
 [MP to PDF]
(./Relations.7)
File: Relations.8 Graphic file (type mps)
 [MP to PDF] (./Relations.8)

LaTeX Warning: Reference `AppSetTheory' on page 104 undefined on input line 283
.


Overfull \hbox (18.32353pt too wide) in paragraph at lines 287--288
[]$ \OT1/phv/m/n/10.95 for $\OT1/phv/m/sl/10.95 k \OT1/phv/m/n/10.95 = \OMS/cms
y/m/n/10.95 ^^@\OT1/phv/m/n/10.95 2$. Hence, a [] of $\OT1/phv/m/sl/10.95 S$ \O
T1/phv/m/n/10.95 is $\OT1/phv/m/sl/10.95 S \OT1/phv/m/n/10.95 = \OMS/cmsy/m/n/1
0.95 f[] \OT1/phv/m/n/10.95 , [] , [] , [] , []\OMS/cmsy/m/n/10.95 g$\OT1/phv/m
/n/10.95 . 
 []

File: Relations.9 Graphic file (type mps)
[MP to PDF] (./Relations.9)
File: Relations.10 Graphic file (type mps)
 [MP to PDF] (./Relations.10) [104]

LaTeX Warning: Reference `LinSystems' on page 105 undefined on input line 344.

File: Relations.11 Graphic file (type mps)
[MP to PDF] (./Relations.11)
File: Relations.12 Graphic file (type mps)
 [MP to PDF] (./Relations.12) [105]
File: Relations.13 Graphic file (type mps)
 [MP to PDF]
(./Relations.13) [106]
File: Relations.14 Graphic file (type mps)
 [MP to PDF] (./Relations.14) [107]
File: Relations.15 Graphic file (type mps)
 [MP to PDF]
(./Relations.15) [108]
File: Relations.16 Graphic file (type mps)
 [MP to PDF] (./Relations.16) [109]

LaTeX Warning: Reference `FunctionsandtheirRepresentations' on page 110 undefin
ed on input line 750.

File: Relations.17 Graphic file (type mps)
[MP to PDF] (./Relations.17)
Overfull \hbox (3.27132pt too wide) in paragraph at lines 783--784
[][] 
 []

File: Relations.18 Graphic file (type mps)
[MP to PDF] (./Relations.18)
Overfull \hbox (3.27132pt too wide) in paragraph at lines 802--803
[][] 
 []

File: Relations.19 Graphic file (type mps)
[MP to PDF] (./Relations.19)
Overfull \hbox (3.27132pt too wide) in paragraph at lines 821--822
[][] 
 []

File: Relations.20 Graphic file (type mps)
[MP to PDF] (./Relations.20) [110]

LaTeX Warning: Reference `VLT' on page 111 undefined on input line 875.

File: Relations.21 Graphic file (type mps)
[MP to PDF] (./Relations.21)
File: Relations.22 Graphic file (type mps)
 [MP to PDF] (./Relations.22)
File: Relations.23 Graphic file (type mps)
 [MP to PDF]
(./Relations.23)

LaTeX Warning: Reference `HLTExercise' on page 111 undefined on input line 957.



LaTeX Warning: Reference `FunctionsandtheirRepresentations' on page 111 undefin
ed on input line 957.


LaTeX Warning: Reference `complexfactorization' on page 111 undefined on input 
line 961.


LaTeX Warning: Reference `PolynomialFunctions' on page 111 undefined on input l
ine 961.

[111] (./ExercisesforRelations.tex
LaTeX Font Info:    Try loading font information for OMS+phv on input line 10.

(/usr/local/texlive/2016/texmf-dist/tex/latex/psnfss/omsphv.fd
File: omsphv.fd 
)
LaTeX Font Info:    Font shape `OMS/phv/m/n' in size <10.95> not available
(Font)              Font shape `OMS/cmsy/m/n' tried instead on input line 10.
File: Relations.24 Graphic file (type mps)
 [MP to PDF]
(./Relations.24)
File: Relations.25 Graphic file (type mps)
 [MP to PDF] (./Relations.25) [112]
File: Relations.26 Graphic file (type mps)
 [MP to PDF] (./Relations.26)
File: Relations.27 Graphic file (type mps)
 [MP to PDF] (./Relations.27)
File: Relations.28 Graphic file (type mps)
 [MP to PDF] (./Relations.28)
File: Relations.29 Graphic file (type mps)
 [MP to PDF]
(./Relations.29)
File: Relations.30 Graphic file (type mps)
 [MP to PDF] (./Relations.30)
File: Relations.31 Graphic file (type mps)
 [MP to PDF] (./Relations.31)
Underfull \vbox (badness 10000) has occurred while \output is active []

 [113]
File: Relations.32 Graphic file (type mps)

[MP to PDF] (./Relations.32)
File: Relations.33 Graphic file (type mps)
 [MP to PDF] (./Relations.33) [114] [115]
File: Relations.34 Graphic file (type mps)

[MP to PDF] (./Relations.34)
File: Relations.35 Graphic file (type mps)
 [MP to PDF] (./Relations.35)
File: Relations.36 Graphic file (type mps)
 [MP to PDF]
(./Relations.36)
File: Relations.37 Graphic file (type mps)
 [MP to PDF] (./Relations.37)
File: Relations.38 Graphic file (type mps)
 [MP to PDF] (./Relations.38)
File: Relations.39 Graphic file (type mps)

[MP to PDF] (./Relations.39) [116]
File: Relations.40 Graphic file (type mps)
 [MP to PDF] (./Relations.40)
File: Relations.41 Graphic file (type mps)
 [MP to PDF]
(./Relations.41)
File: Relations.42 Graphic file (type mps)
 [MP to PDF] (./Relations.42)
File: Relations.43 Graphic file (type mps)
 [MP to PDF] (./Relations.43)
File: Relations.44 Graphic file (type mps)

[MP to PDF] (./Relations.44)
File: Relations.45 Graphic file (type mps)
 [MP to PDF] (./Relations.45)
Underfull \vbox (badness 10000) has occurred while \output is active []

 [117]
File: Relations.46 Graphic file (type mps)

[MP to PDF] (./Relations.46)
File: Relations.47 Graphic file (type mps)
 [MP to PDF] (./Relations.47)
File: Relations.48 Graphic file (type mps)
 [MP to PDF]
(./Relations.48)
File: Relations.49 Graphic file (type mps)
 [MP to PDF] (./Relations.49)
File: Relations.50 Graphic file (type mps)
 [MP to PDF] (./Relations.50)
File: Relations.51 Graphic file (type mps)

[MP to PDF] (./Relations.51)
File: Relations.52 Graphic file (type mps)
 [MP to PDF] (./Relations.52)
File: Relations.53 Graphic file (type mps)
 [MP to PDF]
(./Relations.53) [118]
File: Relations.54 Graphic file (type mps)
 [MP to PDF] (./Relations.54)
File: Relations.55 Graphic file (type mps)
 [MP to PDF] (./Relations.55) [119]
Underfull \vbox (badness 10000) has occurred while \output is active []

 [120]
Underfull \hbox (badness 10000) in paragraph at lines 1234--1235

 []

File: Relations.56 Graphic file (type mps)
[MP to PDF] (./Relations.56)
File: Relations.57 Graphic file (type mps)
 [MP to PDF] (./Relations.57)
Underfull \vbox (badness 10000) has occurred while \output is active []

 [121]
File: Relations.58 Graphic file (type mps)

[MP to PDF] (./Relations.58)
File: Relations.59 Graphic file (type mps)
 [MP to PDF] (./Relations.59)
Underfull \vbox (badness 10000) has occurred while \output is active []

 [122]
File: Relations.60 Graphic file (type mps)

[MP to PDF] (./Relations.60)
File: Relations.61 Graphic file (type mps)
 [MP to PDF] (./Relations.61) [123]))
(./InverseFunctions.tex

Mfpic: Initializing InverseFunctions.mp.
\openout3 = `InverseFunctions.mp'.

Mfpic: Don't forget to process InverseFunctions.mp!
Mfpic: Apply metapost to InverseFunctions.mp.
Mfpic: Then reprocess this file "CompilerFurtherTopicsonFunctions".


LaTeX Warning: Reference `FunctionsandtheirRepresentations' on page 124 undefin
ed on input line 9.

File: InverseFunctions.1 Graphic file (type mps)
[MP to PDF] (./InverseFunctions.1) [124]

LaTeX Warning: Reference `identityexercise' on page 125 undefined on input line
 81.


LaTeX Warning: Reference `ConstantandLinearFunctions' on page 125 undefined on 
input line 81.


LaTeX Warning: Reference `Matrices' on page 125 undefined on input line 93.


LaTeX Warning: Reference `inversemidpointex1' on page 125 undefined on input li
ne 123.


LaTeX Warning: Reference `AppCartesianPlane' on page 125 undefined on input lin
e 123.


LaTeX Warning: Reference `inversemidpointex2' on page 125 undefined on input li
ne 123.


LaTeX Warning: Reference `AppGraphLines' on page 125 undefined on input line 12
3.

[125]
File: InverseFunctions.2 Graphic file (type mps)
 [MP to PDF] (./InverseFunctions.2) [126]

LaTeX Warning: Reference `basicradicalpropseqineq' on page 127 undefined on inp
ut line 236.


LaTeX Warning: Reference `linearrootgraphs' on page 127 undefined on input line
 242.


LaTeX Warning: Reference `RootRadicalFunctions' on page 127 undefined on input 
line 242.


LaTeX Warning: Reference `linearmononialgraphs' on page 127 undefined on input 
line 242.


LaTeX Warning: Reference `GraphsofPolynomials' on page 127 undefined on input l
ine 242.

File: InverseFunctions.3 Graphic file (type mps)
[MP to PDF] (./InverseFunctions.3)
Overfull \hbox (3.74669pt too wide) in paragraph at lines 268--269
[][] 
 []

File: InverseFunctions.4 Graphic file (type mps)
[MP to PDF] (./InverseFunctions.4)
File: InverseFunctions.5 Graphic file (type mps)
 [MP to PDF] (./InverseFunctions.5)
Overfull \hbox (3.74669pt too wide) in paragraph at lines 313--314
[][] 
 []

[127]

LaTeX Warning: Reference `IntroRational' on page 128 undefined on input line 37
4.


LaTeX Warning: Reference `RationalGraphs' on page 128 undefined on input line 3
74.

File: InverseFunctions.6 Graphic file (type mps)
[MP to PDF] (./InverseFunctions.6)
Overfull \hbox (4.75044pt too wide) in paragraph at lines 399--400
[][] 
 []

File: InverseFunctions.7 Graphic file (type mps)
[MP to PDF] (./InverseFunctions.7)
Overfull \hbox (4.75044pt too wide) in paragraph at lines 422--423
[][] 
 []

File: InverseFunctions.8 Graphic file (type mps)
[MP to PDF] (./InverseFunctions.8)
Overfull \hbox (4.75044pt too wide) in paragraph at lines 452--453
[][] 
 []

[128]
File: InverseFunctions.9 Graphic file (type mps)
 [MP to PDF] (./InverseFunctions.9) [129]
File: InverseFunctions.10 Graphic file (type mps)
 [MP to PDF]
(./InverseFunctions.10)
File: InverseFunctions.11 Graphic file (type mps)
 [MP to PDF] (./InverseFunctions.11)

LaTeX Warning: Reference `VLT' on page 130 undefined on input line 577.


LaTeX Warning: Reference `HLTExercise' on page 130 undefined on input line 585.



LaTeX Warning: Reference `FunctionsandtheirRepresentations' on page 130 undefin
ed on input line 585.

[130]

LaTeX Warning: Reference `QuadraticFunctions' on page 131 undefined on input li
ne 667.

File: InverseFunctions.12 Graphic file (type mps)
[MP to PDF] (./InverseFunctions.12)
Overfull \hbox (39.3301pt too wide) in paragraph at lines 671--715
 [] 
 []

[131]

LaTeX Warning: Reference `RationalGraphs' on page 132 undefined on input line 7
22.

File: InverseFunctions.13 Graphic file (type mps)
[MP to PDF] (./InverseFunctions.13)
Overfull \hbox (39.3301pt too wide) in paragraph at lines 726--762
 [] 
 []


LaTeX Font Warning: Command \scriptsize invalid in math mode on input line 784.



LaTeX Font Warning: Command \normalsize invalid in math mode on input line 788.


File: InverseFunctions.14 Graphic file (type mps)
[MP to PDF] (./InverseFunctions.14)

LaTeX Font Warning: Command \scriptsize invalid in math mode on input line 812.



LaTeX Font Warning: Command \normalsize invalid in math mode on input line 816.


File: InverseFunctions.15 Graphic file (type mps)
[MP to PDF] (./InverseFunctions.15)
Overfull \hbox (13.79875pt too wide) detected at line 821
[]
 []

[132]
File: InverseFunctions.16 Graphic file (type mps)
 [MP to PDF] (./InverseFunctions.16) [133]

LaTeX Warning: Reference `Parametric' on page 134 undefined on input line 864.


LaTeX Font Warning: Command \scriptsize invalid in math mode on input line 885.



LaTeX Font Warning: Command \normalsize invalid in math mode on input line 889.


File: InverseFunctions.17 Graphic file (type mps)
[MP to PDF] (./InverseFunctions.17)

LaTeX Font Warning: Command \scriptsize invalid in math mode on input line 912.



LaTeX Font Warning: Command \normalsize invalid in math mode on input line 916.


File: InverseFunctions.18 Graphic file (type mps)
[MP to PDF] (./InverseFunctions.18) [134]
File: InverseFunctions.19 Graphic file (type mps)
 [MP to PDF] (./InverseFunctions.19)
File: InverseFunctions.20 Graphic file (type mps)

[MP to PDF] (./InverseFunctions.20)
File: InverseFunctions.21 Graphic file (type mps)
 [MP to PDF] (./InverseFunctions.21)
Overfull \vbox (6.68243pt too high) has occurred while \output is active []


Overfull \vbox (6.71413pt too high) has occurred while \output is active []


Overfull \vbox (6.68243pt too high) has occurred while \output is active []


[135]
File: InverseFunctions.22 Graphic file (type mps)
 [MP to PDF] (./InverseFunctions.22)
File: InverseFunctions.23 Graphic file (type mps)
 [MP to PDF] (./InverseFunctions.23)
File: InverseFunctions.24 Graphic file (type mps)

[MP to PDF] (./InverseFunctions.24)
File: InverseFunctions.25 Graphic file (type mps)
 [MP to PDF] (./InverseFunctions.25)
Overfull \hbox (17.9325pt too wide) in paragraph at lines 1104--1147
 [] 
 []


Overfull \hbox (17.15607pt too wide) in paragraph at lines 1156--1164
[]|$[]$ 
 []

File: InverseFunctions.26 Graphic file (type mps)
[MP to PDF] (./InverseFunctions.26)
Overfull \hbox (17.9325pt too wide) in paragraph at lines 1154--1197
 [] 
 []

[136]
File: InverseFunctions.27 Graphic file (type mps)
 [MP to PDF] (./InverseFunctions.27)
Overfull \hbox (15.24005pt too wide) in paragraph at lines 1230--1265
 [] 
 []

[137]
Overfull \hbox (39.98148pt too wide) in paragraph at lines 1290--1299
 []$[]$ 
 []

File: InverseFunctions.28 Graphic file (type mps)
[MP to PDF] (./InverseFunctions.28)
File: InverseFunctions.29 Graphic file (type mps)
 [MP to PDF] (./InverseFunctions.29)
Overfull \hbox (15.24005pt too wide) in paragraph at lines 1336--1377
 [] 
 []

[138]
Overfull \hbox (33.7671pt too wide) in paragraph at lines 1395--1404
[]$[]$ 
 []

File: InverseFunctions.30 Graphic file (type mps)
[MP to PDF] (./InverseFunctions.30)

LaTeX Warning: Reference `PortaBoyDemand' on page 139 undefined on input line 1
454.


LaTeX Warning: Reference `ConstantandLinearFunctions' on page 139 undefined on 
input line 1454.


LaTeX Warning: Reference `QuadraticFunctions' on page 139 undefined on input li
ne 1466.


LaTeX Warning: Reference `PortaBoyProfit' on page 139 undefined on input line 1
468.

[139]

LaTeX Warning: Reference `QuadraticFunctions' on page 140 undefined on input li
ne 1490.


LaTeX Warning: Reference `vertexofquadraticfunctions' on page 140 undefined on 
input line 1490.


LaTeX Warning: Reference `PortaBoyProfit' on page 140 undefined on input line 1
494.

[140] (./ExercisesforInverseFunctions.tex [141]
File: InverseFunctions.31 Graphic file (type mps)
 [MP to PDF]
(./InverseFunctions.31)
File: InverseFunctions.32 Graphic file (type mps)
 [MP to PDF] (./InverseFunctions.32)
File: InverseFunctions.33 Graphic file (type mps)
 [MP to PDF]
(./InverseFunctions.33)
File: InverseFunctions.34 Graphic file (type mps)
 [MP to PDF] (./InverseFunctions.34)

LaTeX Warning: Reference `celsiustofahr' on page 142 undefined on input line 33
3.


LaTeX Warning: Reference `LinearFunctions' on page 142 undefined on input line 
333.

[142]

LaTeX Warning: Reference `RationalGraphs' on page 143 undefined on input line 3
42.

[143] [144]
File: InverseFunctions.35 Graphic file (type mps)
 [MP to PDF] (./InverseFunctions.35)
File: InverseFunctions.36 Graphic file (type mps)
 [MP to PDF]
(./InverseFunctions.36)
File: InverseFunctions.37 Graphic file (type mps)
 [MP to PDF] (./InverseFunctions.37)
File: InverseFunctions.38 Graphic file (type mps)
 [MP to PDF]
(./InverseFunctions.38) [145])) [146])
Package atveryend Info: Empty hook `BeforeClearDocument' on input line 59.
Package atveryend Info: Empty hook `AfterLastShipout' on input line 59.
 (./CompilerFurtherTopicsonFunctions.aux
(./FurtherTopicsonFunctions.aux))
Package atveryend Info: Executing hook `AtVeryEndDocument' on input line 59.
Package atveryend Info: Executing hook `AtEndAfterFileList' on input line 59.
Package rerunfilecheck Info: File `CompilerFurtherTopicsonFunctions.out' has no
t changed.
(rerunfilecheck)             Checksum: 7EB6685B1BF52072106700E3F77BC26A;1604.


LaTeX Warning: There were undefined references.


LaTeX Warning: There were multiply-defined labels.

Package atveryend Info: Empty hook `AtVeryVeryEnd' on input line 59.
 ) 
Here is how much of TeX's memory you used:
 12256 strings out of 493014
 167323 string characters out of 6133351
 352411 words of memory out of 5000000
 13631 multiletter control sequences out of 15000+600000
 55011 words of font info for 101 fonts, out of 8000000 for 9000
 1141 hyphenation exceptions out of 8191
 35i,23n,43p,1355b,1362s stack positions out of 5000i,500n,10000p,200000b,80000s
pdfTeX warning (dest): name{ex.1.2.2} has been referenced but does not exist,
 replaced by a fixed one

{/usr/local/texlive/2016/texmf-dist/fonts/enc/dvips/base/8r.enc}</usr/local/tex
live/2016/texmf-dist/fonts/type1/public/amsfonts/cm/cmex10.pfb></usr/local/texl
ive/2016/texmf-dist/fonts/type1/public/amsfonts/cmextra/cmex7.pfb></usr/local/t
exlive/2016/texmf-dist/fonts/type1/public/amsfonts/cmextra/cmex8.pfb></usr/loca
l/texlive/2016/texmf-dist/fonts/type1/public/amsfonts/cmextra/cmex9.pfb></usr/l
ocal/texlive/2016/texmf-dist/fonts/type1/public/amsfonts/cm/cmmi10.pfb></usr/lo
cal/texlive/2016/texmf-dist/fonts/type1/public/amsfonts/cm/cmmi8.pfb></usr/loca
l/texlive/2016/texmf-dist/fonts/type1/public/amsfonts/cm/cmmi9.pfb></usr/local/
texlive/2016/texmf-dist/fonts/type1/public/amsfonts/cm/cmss10.pfb></usr/local/t
exlive/2016/texmf-dist/fonts/type1/public/amsfonts/cm/cmss8.pfb></usr/local/tex
live/2016/texmf-dist/fonts/type1/public/amsfonts/cm/cmsy10.pfb></usr/local/texl
ive/2016/texmf-dist/fonts/type1/public/amsfonts/cm/cmsy6.pfb></usr/local/texliv
e/2016/texmf-dist/fonts/type1/public/amsfonts/cm/cmsy8.pfb></usr/local/texlive/
2016/texmf-dist/fonts/type1/public/amsfonts/cm/cmsy9.pfb></usr/local/texlive/20
16/texmf-dist/fonts/type1/public/amsfonts/latxfont/line10.pfb></usr/local/texli
ve/2016/texmf-dist/fonts/type1/public/amsfonts/symbols/msam10.pfb></usr/local/t
exlive/2016/texmf-dist/fonts/type1/public/amsfonts/symbols/msbm10.pfb></usr/loc
al/texlive/2016/texmf-dist/fonts/type1/urw/helvetic/uhvb8a.pfb></usr/local/texl
ive/2016/texmf-dist/fonts/type1/urw/helvetic/uhvr8a.pfb></usr/local/texlive/201
6/texmf-dist/fonts/type1/urw/helvetic/uhvro8a.pfb>
Output written on CompilerFurtherTopicsonFunctions.pdf (146 pages, 3080406 byte
s).
PDF statistics:
 2578 PDF objects out of 2984 (max. 8388607)
 2374 compressed objects within 24 object streams
 1328 named destinations out of 1440 (max. 500000)
 258 words of extra memory for PDF output out of 10000 (max. 10000000)

