This is pdfTeX, Version 3.14159265-2.6-1.40.18 (MiKTeX 2.9.6350 64-bit) (preloaded format=pdflatex 2017.6.3)  16 JUN 2017 11:48
entering extended mode
**./CompilerAnalyticalTrigonometry.tex
(CompilerAnalyticalTrigonometry.tex
LaTeX2e <2017-04-15>
Babel <3.10> and hyphenation patterns for 75 language(s) loaded.
("C:\Program Files\MiKTeX 2.9\tex\latex\base\book.cls"
Document Class: book 2014/09/29 v1.4h Standard LaTeX document class
("C:\Program Files\MiKTeX 2.9\tex\latex\base\bk11.clo"
File: bk11.clo 2014/09/29 v1.4h Standard LaTeX file (size option)
)
\c@part=\count79
\c@chapter=\count80
\c@section=\count81
\c@subsection=\count82
\c@subsubsection=\count83
\c@paragraph=\count84
\c@subparagraph=\count85
\c@figure=\count86
\c@table=\count87
\abovecaptionskip=\skip41
\belowcaptionskip=\skip42
\bibindent=\dimen102
) ("C:\Program Files\MiKTeX 2.9\tex\latex\amsfonts\amssymb.sty"
Package: amssymb 2013/01/14 v3.01 AMS font symbols

("C:\Program Files\MiKTeX 2.9\tex\latex\amsfonts\amsfonts.sty"
Package: amsfonts 2013/01/14 v3.01 Basic AMSFonts support
\@emptytoks=\toks14
\symAMSa=\mathgroup4
\symAMSb=\mathgroup5
LaTeX Font Info:    Overwriting math alphabet `\mathfrak' in version `bold'
(Font)                  U/euf/m/n --> U/euf/b/n on input line 106.
))
("C:\Program Files\MiKTeX 2.9\tex\latex\amsmath\amsmath.sty"
Package: amsmath 2016/11/05 v2.16a AMS math features
\@mathmargin=\skip43

For additional information on amsmath, use the `?' option.
("C:\Program Files\MiKTeX 2.9\tex\latex\amsmath\amstext.sty"
Package: amstext 2000/06/29 v2.01 AMS text
 ("C:\Program Files\MiKTeX 2.9\tex\latex\amsmath\amsgen.sty"
File: amsgen.sty 1999/11/30 v2.0 generic functions
\@emptytoks=\toks15
\ex@=\dimen103
)) ("C:\Program Files\MiKTeX 2.9\tex\latex\amsmath\amsbsy.sty"
Package: amsbsy 1999/11/29 v1.2d Bold Symbols
\pmbraise@=\dimen104
)
("C:\Program Files\MiKTeX 2.9\tex\latex\amsmath\amsopn.sty"
Package: amsopn 2016/03/08 v2.02 operator names
)
\inf@bad=\count88
LaTeX Info: Redefining \frac on input line 213.
\uproot@=\count89
\leftroot@=\count90
LaTeX Info: Redefining \overline on input line 375.
\classnum@=\count91
\DOTSCASE@=\count92
LaTeX Info: Redefining \ldots on input line 472.
LaTeX Info: Redefining \dots on input line 475.
LaTeX Info: Redefining \cdots on input line 596.
\Mathstrutbox@=\box26
\strutbox@=\box27
\big@size=\dimen105
LaTeX Font Info:    Redeclaring font encoding OML on input line 712.
LaTeX Font Info:    Redeclaring font encoding OMS on input line 713.
\macc@depth=\count93
\c@MaxMatrixCols=\count94
\dotsspace@=\muskip10
\c@parentequation=\count95
\dspbrk@lvl=\count96
\tag@help=\toks16
\row@=\count97
\column@=\count98
\maxfields@=\count99
\andhelp@=\toks17
\eqnshift@=\dimen106
\alignsep@=\dimen107
\tagshift@=\dimen108
\tagwidth@=\dimen109
\totwidth@=\dimen110
\lineht@=\dimen111
\@envbody=\toks18
\multlinegap=\skip44
\multlinetaggap=\skip45
\mathdisplay@stack=\toks19
LaTeX Info: Redefining \[ on input line 2817.
LaTeX Info: Redefining \] on input line 2818.
) ("C:\Program Files\MiKTeX 2.9\tex\latex\amscls\amsthm.sty"
Package: amsthm 2015/03/04 v2.20.2
\thm@style=\toks20
\thm@bodyfont=\toks21
\thm@headfont=\toks22
\thm@notefont=\toks23
\thm@headpunct=\toks24
\thm@preskip=\skip46
\thm@postskip=\skip47
\thm@headsep=\skip48
\dth@everypar=\toks25
) (C:\Users\Jeff\AppData\Roaming\MiKTeX\2.9\tex\latex\fancyhdr\fancyhdr.sty
Package: fancyhdr 2016/10/11 v3.9 Extensive control of page headers and footers
\f@nch@headwidth=\skip49
\f@nch@O@elh=\skip50
\f@nch@O@erh=\skip51
\f@nch@O@olh=\skip52
\f@nch@O@orh=\skip53
\f@nch@O@elf=\skip54
\f@nch@O@erf=\skip55
\f@nch@O@olf=\skip56
\f@nch@O@orf=\skip57
)
(C:\Users\Jeff\AppData\Roaming\MiKTeX\2.9\tex\latex\supertabular\supertabular.sty
Package: supertabular 2004/02/20 v4.1e the supertabular environment
\c@tracingst=\count100
\ST@wd=\dimen112
\ST@rightskip=\skip58
\ST@leftskip=\skip59
\ST@parfillskip=\skip60
\ST@pageleft=\dimen113
\ST@headht=\dimen114
\ST@tailht=\dimen115
\ST@pagesofar=\dimen116
\ST@pboxht=\dimen117
\ST@lineht=\dimen118
\ST@stretchht=\dimen119
\ST@prevht=\dimen120
\ST@toadd=\dimen121
\ST@dimen=\dimen122
\ST@pbox=\box28
)
("C:\Program Files\MiKTeX 2.9\tex\latex\tools\longtable.sty"
Package: longtable 2014/10/28 v4.11 Multi-page Table package (DPC)
\LTleft=\skip61
\LTright=\skip62
\LTpre=\skip63
\LTpost=\skip64
\LTchunksize=\count101
\LTcapwidth=\dimen123
\LT@head=\box29
\LT@firsthead=\box30
\LT@foot=\box31
\LT@lastfoot=\box32
\LT@cols=\count102
\LT@rows=\count103
\c@LT@tables=\count104
\c@LT@chunks=\count105
\LT@p@ftn=\toks26
) ("C:\Program Files\MiKTeX 2.9\tex\latex\tools\hhline.sty"
Package: hhline 2014/10/28 v2.03 Table rule package (DPC)
) (C:\Users\Jeff\AppData\Roaming\MiKTeX\2.9\tex\latex\mathtools\mathtools.sty
Package: mathtools 2017/05/24 v1.19 mathematical typesetting tools

("C:\Program Files\MiKTeX 2.9\tex\latex\graphics\keyval.sty"
Package: keyval 2014/10/28 v1.15 key=value parser (DPC)
\KV@toks@=\toks27
) ("C:\Program Files\MiKTeX 2.9\tex\latex\tools\calc.sty"
Package: calc 2014/10/28 v4.3 Infix arithmetic (KKT,FJ)
\calc@Acount=\count106
\calc@Bcount=\count107
\calc@Adimen=\dimen124
\calc@Bdimen=\dimen125
\calc@Askip=\skip65
\calc@Bskip=\skip66
LaTeX Info: Redefining \setlength on input line 80.
LaTeX Info: Redefining \addtolength on input line 81.
\calc@Ccount=\count108
\calc@Cskip=\skip67
)
(C:\Users\Jeff\AppData\Roaming\MiKTeX\2.9\tex\latex\mathtools\mhsetup.sty
Package: mhsetup 2017/03/31 v1.3 programming setup (MH)
)
LaTeX Info: Thecontrolsequence`\('isalreadyrobust on input line 129.
LaTeX Info: Thecontrolsequence`\)'isalreadyrobust on input line 129.
LaTeX Info: Thecontrolsequence`\['isalreadyrobust on input line 129.
LaTeX Info: Thecontrolsequence`\]'isalreadyrobust on input line 129.
\g_MT_multlinerow_int=\count109
\l_MT_multwidth_dim=\dimen126
\origjot=\skip68
\l_MT_shortvdotswithinadjustabove_dim=\dimen127
\l_MT_shortvdotswithinadjustbelow_dim=\dimen128
\l_MT_above_intertext_sep=\dimen129
\l_MT_below_intertext_sep=\dimen130
\l_MT_above_shortintertext_sep=\dimen131
\l_MT_below_shortintertext_sep=\dimen132
)
(C:\Users\Jeff\AppData\Roaming\MiKTeX\2.9\tex\latex\colortbl\colortbl.sty
Package: colortbl 2012/02/13 v1.0a Color table columns (DPC)

("C:\Program Files\MiKTeX 2.9\tex\latex\tools\array.sty"
Package: array 2016/10/06 v2.4d Tabular extension package (FMi)
\col@sep=\dimen133
\extrarowheight=\dimen134
\NC@list=\toks28
\extratabsurround=\skip69
\backup@length=\skip70
) ("C:\Program Files\MiKTeX 2.9\tex\latex\graphics\color.sty"
Package: color 2016/07/10 v1.1e Standard LaTeX Color (DPC)

("C:\Program Files\MiKTeX 2.9\tex\latex\graphics-cfg\color.cfg"
File: color.cfg 2016/01/02 v1.6 sample color configuration
)
Package color Info: Driver file: pdftex.def on input line 147.

("C:\Program Files\MiKTeX 2.9\tex\latex\graphics-def\pdftex.def"
File: pdftex.def 2017/01/12 v0.06k Graphics/color for pdfTeX

("C:\Program Files\MiKTeX 2.9\tex\generic\oberdiek\infwarerr.sty"
Package: infwarerr 2016/05/16 v1.4 Providing info/warning/error messages (HO)
)
("C:\Program Files\MiKTeX 2.9\tex\generic\oberdiek\ltxcmds.sty"
Package: ltxcmds 2016/05/16 v1.23 LaTeX kernel commands for general use (HO)
)
\Gread@gobject=\count110
))
\everycr=\toks29
\minrowclearance=\skip71
)
(C:\Users\Jeff\AppData\Roaming\MiKTeX\2.9\tex\latex\import\import.sty
Package: import 2009/03/23  v 5.1
)
("C:\Program Files\MiKTeX 2.9\tex\latex\tools\multicol.sty"
Package: multicol 2017/04/11 v1.8q multicolumn formatting (FMi)
\c@tracingmulticols=\count111
\mult@box=\box33
\multicol@leftmargin=\dimen135
\c@unbalance=\count112
\c@collectmore=\count113
\doublecol@number=\count114
\multicoltolerance=\count115
\multicolpretolerance=\count116
\full@width=\dimen136
\page@free=\dimen137
\premulticols=\dimen138
\postmulticols=\dimen139
\multicolsep=\skip72
\multicolbaselineskip=\skip73
\partial@page=\box34
\last@line=\box35
\maxbalancingoverflow=\dimen140
\mult@rightbox=\box36
\mult@grightbox=\box37
\mult@gfirstbox=\box38
\mult@firstbox=\box39
\@tempa=\box40
\@tempa=\box41
\@tempa=\box42
\@tempa=\box43
\@tempa=\box44
\@tempa=\box45
\@tempa=\box46
\@tempa=\box47
\@tempa=\box48
\@tempa=\box49
\@tempa=\box50
\@tempa=\box51
\@tempa=\box52
\@tempa=\box53
\@tempa=\box54
\@tempa=\box55
\@tempa=\box56
\c@columnbadness=\count117
\c@finalcolumnbadness=\count118
\last@try=\dimen141
\multicolovershoot=\dimen142
\multicolundershoot=\dimen143
\mult@nat@firstbox=\box57
\colbreak@box=\box58
\mc@col@check@num=\count119
)
(C:\Users\Jeff\AppData\Roaming\MiKTeX\2.9\tex\latex\boxedminipage\boxedminipage.sty)
(C:\Users\Jeff\AppData\Roaming\MiKTeX\2.9\tex\latex\chapterfolder\chapterfolder.sty
Package: chapterfolder 2005/11/24 v2.0 Package for dealing with folder

("C:\Program Files\MiKTeX 2.9\tex\latex\base\ifthen.sty"
Package: ifthen 2014/09/29 v1.1c Standard LaTeX ifthen package (DPC)
)
\c@@cf@currentpos=\count120
)
(C:\Users\Jeff\AppData\Roaming\MiKTeX\2.9\tex\generic\mfpic\mfpic.sty
Package: mfpic 2012/12/03 v1.10. Macros for drawing with Metafont/MetaPost.

(C:\Users\Jeff\AppData\Roaming\MiKTeX\2.9\tex\generic\mfpic\mfpic.tex
("C:\Program Files\MiKTeX 2.9\tex\latex\graphics\graphics.sty"
Package: graphics 2017/04/14 v1.1b Standard LaTeX Graphics (DPC,SPQR)
 ("C:\Program Files\MiKTeX 2.9\tex\latex\graphics\trig.sty"
Package: trig 2016/01/03 v1.10 sin cos tan (DPC)
) ("C:\Program Files\MiKTeX 2.9\tex\latex\graphics-cfg\graphics.cfg"
File: graphics.cfg 2016/06/04 v1.11 sample graphics configuration
)
Package graphics Info: Driver file: pdftex.def on input line 99.
)
\mfp@out=\write3
\mfp@graph=\read1
\mfp@count=\count121
\mfp@linetype=\count122
\mfp@sequence=\count123
\mfp@toks=\toks30
\mfp@verbtex=\toks31
\mfp@fdc=\count124
\@wholegraph=\box59
\@textbox=\box60
\@alltlabels=\box61
\@backtext=\box62
\@tlabelstop=\fontdimen 23\mfp@dummy 
\@tlabelsbot=\fontdimen 24\mfp@dummy 
\@tlabelsleft=\fontdimen 25\mfp@dummy 
\@graphright=\fontdimen 26\mfp@dummy 
\@graphleft=\fontdimen 27\mfp@dummy 
\@graphtop=\fontdimen 28\mfp@dummy 
\@graphbot=\fontdimen 29\mfp@dummy 
\tb@raise=\fontdimen 30\mfp@dummy 
\tb@moveright=\fontdimen 31\mfp@dummy 
\tb@totalht=\fontdimen 32\mfp@dummy 
\tlabel@hadj=\fontdimen 33\mfp@dummy 
\tlabel@vadj=\fontdimen 34\mfp@dummy 
\tlabel@sep=\fontdimen 35\mfp@dummy 
\tlpath@sep=\fontdimen 36\mfp@dummy 
\mfpicunit=\fontdimen 37\mfp@dummy 
\@mfpicunit=\fontdimen 38\mfp@dummy 
\pointsize=\fontdimen 39\mfp@dummy 
\shadespace=\fontdimen 40\mfp@dummy 
\polkadotspace=\fontdimen 41\mfp@dummy 
\hatchspace=\fontdimen 42\mfp@dummy 
\headlen=\fontdimen 43\mfp@dummy 
\axisheadlen=\fontdimen 44\mfp@dummy 
\sideheadlen=\fontdimen 45\mfp@dummy 
\hashlen=\fontdimen 46\mfp@dummy 
\dashlen=\fontdimen 47\mfp@dummy 
\dashspace=\fontdimen 48\mfp@dummy 
\dotsize=\fontdimen 49\mfp@dummy 
\griddotsize=\fontdimen 50\mfp@dummy 
\dotspace=\fontdimen 51\mfp@dummy 
\symbolspace=\fontdimen 52\mfp@dummy 
\mfp@scratch=\dimen144
\mfpframesep=\dimen145
\mfpframethickness=\dimen146
\mfpicheight=\dimen147
\mfpicwidth=\dimen148
\mfpiccaptionskip=\skip74
\tl@vpos=\count125
\tl@hpos=\count126
\mfp@commentchar=\count127
))
("C:\Program Files\MiKTeX 2.9\tex\latex\graphics\graphicx.sty"
Package: graphicx 2014/10/28 v1.0g Enhanced LaTeX Graphics (DPC,SPQR)
\Gin@req@height=\dimen149
\Gin@req@width=\dimen150
) ("C:\Program Files\MiKTeX 2.9\tex\latex\base\makeidx.sty"
Package: makeidx 2014/09/29 v1.0m Standard LaTeX package
) ("C:\Program Files\MiKTeX 2.9\tex\latex\hyperref\hyperref.sty"
Package: hyperref 2017/03/14 v6.85a Hypertext links for LaTeX

("C:\Program Files\MiKTeX 2.9\tex\generic\oberdiek\hobsub-hyperref.sty"
Package: hobsub-hyperref 2016/05/16 v1.14 Bundle oberdiek, subset hyperref (HO)

("C:\Program Files\MiKTeX 2.9\tex\generic\oberdiek\hobsub-generic.sty"
Package: hobsub-generic 2016/05/16 v1.14 Bundle oberdiek, subset generic (HO)
Package: hobsub 2016/05/16 v1.14 Construct package bundles (HO)
Package hobsub Info: Skipping package `infwarerr' (already loaded).
Package hobsub Info: Skipping package `ltxcmds' (already loaded).
Package: ifluatex 2016/05/16 v1.4 Provides the ifluatex switch (HO)
Package ifluatex Info: LuaTeX not detected.
Package: ifvtex 2016/05/16 v1.6 Detect VTeX and its facilities (HO)
Package ifvtex Info: VTeX not detected.
Package: intcalc 2016/05/16 v1.2 Expandable calculations with integers (HO)
Package: ifpdf 2017/03/15 v3.2 Provides the ifpdf switch
Package: etexcmds 2016/05/16 v1.6 Avoid name clashes with e-TeX commands (HO)
Package etexcmds Info: Could not find \expanded.
(etexcmds)             That can mean that you are not using pdfTeX 1.50 or
(etexcmds)             that some package has redefined \expanded.
(etexcmds)             In the latter case, load this package earlier.
Package: kvsetkeys 2016/05/16 v1.17 Key value parser (HO)
Package: kvdefinekeys 2016/05/16 v1.4 Define keys (HO)
Package: pdftexcmds 2017/03/19 v0.25 Utility functions of pdfTeX for LuaTeX (HO)
Package pdftexcmds Info: LuaTeX not detected.
Package pdftexcmds Info: \pdf@primitive is available.
Package pdftexcmds Info: \pdf@ifprimitive is available.
Package pdftexcmds Info: \pdfdraftmode found.
Package: pdfescape 2016/05/16 v1.14 Implements pdfTeX's escape features (HO)
Package: bigintcalc 2016/05/16 v1.4 Expandable calculations on big integers (HO)
Package: bitset 2016/05/16 v1.2 Handle bit-vector datatype (HO)
Package: uniquecounter 2016/05/16 v1.3 Provide unlimited unique counter (HO)
)
Package hobsub Info: Skipping package `hobsub' (already loaded).
Package: letltxmacro 2016/05/16 v1.5 Let assignment for LaTeX macros (HO)
Package: hopatch 2016/05/16 v1.3 Wrapper for package hooks (HO)
Package: xcolor-patch 2016/05/16 xcolor patch
Package: atveryend 2016/05/16 v1.9 Hooks at the very end of document (HO)
Package atveryend Info: \enddocument detected (standard20110627).
Package: atbegshi 2016/06/09 v1.18 At begin shipout hook (HO)
Package: refcount 2016/05/16 v3.5 Data extraction from label references (HO)
Package: hycolor 2016/05/16 v1.8 Color options for hyperref/bookmark (HO)
)
("C:\Program Files\MiKTeX 2.9\tex\generic\ifxetex\ifxetex.sty"
Package: ifxetex 2010/09/12 v0.6 Provides ifxetex conditional
)
("C:\Program Files\MiKTeX 2.9\tex\latex\oberdiek\auxhook.sty"
Package: auxhook 2016/05/16 v1.4 Hooks for auxiliary files (HO)
)
("C:\Program Files\MiKTeX 2.9\tex\latex\oberdiek\kvoptions.sty"
Package: kvoptions 2016/05/16 v3.12 Key value format for package options (HO)
)
\@linkdim=\dimen151
\Hy@linkcounter=\count128
\Hy@pagecounter=\count129

("C:\Program Files\MiKTeX 2.9\tex\latex\hyperref\pd1enc.def"
File: pd1enc.def 2017/03/14 v6.85a Hyperref: PDFDocEncoding definition (HO)
)
\Hy@SavedSpaceFactor=\count130

("C:\Program Files\MiKTeX 2.9\tex\latex\00miktex\hyperref.cfg"
File: hyperref.cfg 2002/06/06 v1.2 hyperref configuration of TeXLive
)
Package hyperref Info: Option `colorlinks' set `true' on input line 4374.
Package hyperref Info: Option `hyperindex' set `true' on input line 4374.
Package hyperref Info: Option `plainpages' set `false' on input line 4374.
Package hyperref Info: Option `pdfpagelabels' set `true' on input line 4374.
Package hyperref Info: Hyper figures OFF on input line 4498.
Package hyperref Info: Link nesting OFF on input line 4503.
Package hyperref Info: Hyper index ON on input line 4506.
Package hyperref Info: Plain pages OFF on input line 4513.
Package hyperref Info: Backreferencing OFF on input line 4518.
Package hyperref Info: Implicit mode ON; LaTeX internals redefined.
Package hyperref Info: Bookmarks ON on input line 4751.
\c@Hy@tempcnt=\count131

(C:\Users\Jeff\AppData\Roaming\MiKTeX\2.9\tex\latex\url\url.sty
\Urlmuskip=\muskip11
Package: url 2013/09/16  ver 3.4  Verb mode for urls, etc.
)
LaTeX Info: Redefining \url on input line 5104.
\XeTeXLinkMargin=\dimen152
\Fld@menulength=\count132
\Field@Width=\dimen153
\Fld@charsize=\dimen154
Package hyperref Info: Hyper figures OFF on input line 6358.
Package hyperref Info: Link nesting OFF on input line 6363.
Package hyperref Info: Hyper index ON on input line 6366.
Package hyperref Info: backreferencing OFF on input line 6373.
Package hyperref Info: Link coloring ON on input line 6376.
Package hyperref Info: Link coloring with OCG OFF on input line 6383.
Package hyperref Info: PDF/A mode OFF on input line 6388.
LaTeX Info: Redefining \ref on input line 6428.
LaTeX Info: Redefining \pageref on input line 6432.
\Hy@abspage=\count133
\c@Item=\count134
\c@Hfootnote=\count135
)

Package hyperref Message: Driver (autodetected): hpdftex.

("C:\Program Files\MiKTeX 2.9\tex\latex\hyperref\hpdftex.def"
File: hpdftex.def 2017/03/14 v6.85a Hyperref driver for pdfTeX
\Fld@listcount=\count136
\c@bookmark@seq@number=\count137

("C:\Program Files\MiKTeX 2.9\tex\latex\oberdiek\rerunfilecheck.sty"
Package: rerunfilecheck 2016/05/16 v1.8 Rerun checks for auxiliary files (HO)
Package uniquecounter Info: New unique counter `rerunfilecheck' on input line 282.
)
\Hy@SectionHShift=\skip75
)
("C:\Program Files\MiKTeX 2.9\tex\latex\oberdiek\hypcap.sty"
Package: hypcap 2016/05/16 v1.12 Adjusting the anchors of captions (HO)
)
\c@defn=\count138
\c@thm=\count139
\c@eqn=\count140
\c@ex=\count141
\c@fig=\count142

(C:\Users\Jeff\AppData\Roaming\MiKTeX\2.9\tex\latex\cancel\cancel.sty
Package: cancel 2013/04/12 v2.2 Cancel math terms
)
(C:\Users\Jeff\AppData\Roaming\MiKTeX\2.9\tex\latex\sectsty\sectsty.sty
Package: sectsty 2002/02/25 v2.0.2 Commands to change all sectional heading styles
)
("C:\Program Files\MiKTeX 2.9\tex\latex\base\textcomp.sty"
Package: textcomp 2017/04/05 v2.0i Standard LaTeX package
Package textcomp Info: Sub-encoding information:
(textcomp)               5 = only ISO-Adobe without \textcurrency
(textcomp)               4 = 5 + \texteuro
(textcomp)               3 = 4 + \textohm
(textcomp)               2 = 3 + \textestimated + \textcurrency
(textcomp)               1 = TS1 - \textcircled - \t
(textcomp)               0 = TS1 (full)
(textcomp)             Font families with sub-encoding setting implement
(textcomp)             only a restricted character set as indicated.
(textcomp)             Family '?' is the default used for unknown fonts.
(textcomp)             See the documentation for details.
Package textcomp Info: Setting ? sub-encoding to TS1/1 on input line 79.
 ("C:\Program Files\MiKTeX 2.9\tex\latex\base\ts1enc.def"
File: ts1enc.def 2001/06/05 v3.0e (jk/car/fm) Standard LaTeX file
)
LaTeX Info: Redefining \oldstylenums on input line 334.
Package textcomp Info: Setting cmr sub-encoding to TS1/0 on input line 349.
Package textcomp Info: Setting cmss sub-encoding to TS1/0 on input line 350.
Package textcomp Info: Setting cmtt sub-encoding to TS1/0 on input line 351.
Package textcomp Info: Setting cmvtt sub-encoding to TS1/0 on input line 352.
Package textcomp Info: Setting cmbr sub-encoding to TS1/0 on input line 353.
Package textcomp Info: Setting cmtl sub-encoding to TS1/0 on input line 354.
Package textcomp Info: Setting ccr sub-encoding to TS1/0 on input line 355.
Package textcomp Info: Setting ptm sub-encoding to TS1/4 on input line 356.
Package textcomp Info: Setting pcr sub-encoding to TS1/4 on input line 357.
Package textcomp Info: Setting phv sub-encoding to TS1/4 on input line 358.
Package textcomp Info: Setting ppl sub-encoding to TS1/3 on input line 359.
Package textcomp Info: Setting pag sub-encoding to TS1/4 on input line 360.
Package textcomp Info: Setting pbk sub-encoding to TS1/4 on input line 361.
Package textcomp Info: Setting pnc sub-encoding to TS1/4 on input line 362.
Package textcomp Info: Setting pzc sub-encoding to TS1/4 on input line 363.
Package textcomp Info: Setting bch sub-encoding to TS1/4 on input line 364.
Package textcomp Info: Setting put sub-encoding to TS1/5 on input line 365.
Package textcomp Info: Setting uag sub-encoding to TS1/5 on input line 366.
Package textcomp Info: Setting ugq sub-encoding to TS1/5 on input line 367.
Package textcomp Info: Setting ul8 sub-encoding to TS1/4 on input line 368.
Package textcomp Info: Setting ul9 sub-encoding to TS1/4 on input line 369.
Package textcomp Info: Setting augie sub-encoding to TS1/5 on input line 370.
Package textcomp Info: Setting dayrom sub-encoding to TS1/3 on input line 371.
Package textcomp Info: Setting dayroms sub-encoding to TS1/3 on input line 372.
Package textcomp Info: Setting pxr sub-encoding to TS1/0 on input line 373.
Package textcomp Info: Setting pxss sub-encoding to TS1/0 on input line 374.
Package textcomp Info: Setting pxtt sub-encoding to TS1/0 on input line 375.
Package textcomp Info: Setting txr sub-encoding to TS1/0 on input line 376.
Package textcomp Info: Setting txss sub-encoding to TS1/0 on input line 377.
Package textcomp Info: Setting txtt sub-encoding to TS1/0 on input line 378.
Package textcomp Info: Setting lmr sub-encoding to TS1/0 on input line 379.
Package textcomp Info: Setting lmdh sub-encoding to TS1/0 on input line 380.
Package textcomp Info: Setting lmss sub-encoding to TS1/0 on input line 381.
Package textcomp Info: Setting lmssq sub-encoding to TS1/0 on input line 382.
Package textcomp Info: Setting lmvtt sub-encoding to TS1/0 on input line 383.
Package textcomp Info: Setting lmtt sub-encoding to TS1/0 on input line 384.
Package textcomp Info: Setting qhv sub-encoding to TS1/0 on input line 385.
Package textcomp Info: Setting qag sub-encoding to TS1/0 on input line 386.
Package textcomp Info: Setting qbk sub-encoding to TS1/0 on input line 387.
Package textcomp Info: Setting qcr sub-encoding to TS1/0 on input line 388.
Package textcomp Info: Setting qcs sub-encoding to TS1/0 on input line 389.
Package textcomp Info: Setting qpl sub-encoding to TS1/0 on input line 390.
Package textcomp Info: Setting qtm sub-encoding to TS1/0 on input line 391.
Package textcomp Info: Setting qzc sub-encoding to TS1/0 on input line 392.
Package textcomp Info: Setting qhvc sub-encoding to TS1/0 on input line 393.
Package textcomp Info: Setting futs sub-encoding to TS1/4 on input line 394.
Package textcomp Info: Setting futx sub-encoding to TS1/4 on input line 395.
Package textcomp Info: Setting futj sub-encoding to TS1/4 on input line 396.
Package textcomp Info: Setting hlh sub-encoding to TS1/3 on input line 397.
Package textcomp Info: Setting hls sub-encoding to TS1/3 on input line 398.
Package textcomp Info: Setting hlst sub-encoding to TS1/3 on input line 399.
Package textcomp Info: Setting hlct sub-encoding to TS1/5 on input line 400.
Package textcomp Info: Setting hlx sub-encoding to TS1/5 on input line 401.
Package textcomp Info: Setting hlce sub-encoding to TS1/5 on input line 402.
Package textcomp Info: Setting hlcn sub-encoding to TS1/5 on input line 403.
Package textcomp Info: Setting hlcw sub-encoding to TS1/5 on input line 404.
Package textcomp Info: Setting hlcf sub-encoding to TS1/5 on input line 405.
Package textcomp Info: Setting pplx sub-encoding to TS1/3 on input line 406.
Package textcomp Info: Setting pplj sub-encoding to TS1/3 on input line 407.
Package textcomp Info: Setting ptmx sub-encoding to TS1/4 on input line 408.
Package textcomp Info: Setting ptmj sub-encoding to TS1/4 on input line 409.
)
("C:\Program Files\MiKTeX 2.9\tex\latex\multirow\multirow.sty"
Package: multirow 2016/11/25 v2.2 Span multiple rows of a table
\multirow@colwidth=\skip76
\multirow@cntb=\count143
\multirow@dima=\skip77
\bigstrutjot=\dimen155
)
(C:\Users\Jeff\AppData\Roaming\MiKTeX\2.9\tex\latex\tocbibind\tocbibind.sty
Package: tocbibind 2010/10/13 v1.5k extra ToC listings
Package tocbibind Info: The document has chapter divisions on input line 50.


Package tocbibind Note: Using chapter style headings, unless overridden.

)
LaTeX Font Info:    Redeclaring symbol font `AMSb' on input line 39.
LaTeX Font Info:    Overwriting symbol font `AMSb' in version `normal'
(Font)                  U/msb/m/n --> U/msb/m/n on input line 39.
LaTeX Font Info:    Overwriting symbol font `AMSb' in version `bold'
(Font)                  U/msb/m/n --> U/msb/m/n on input line 39.
\c@HW=\count144
\c@HWindent=\count145
 ("C:\Program Files\MiKTeX 2.9\tex\latex\psnfss\helvet.sty"
Package: helvet 2005/04/12 PSNFSS-v9.2a (WaS) 
)
(C:\Users\Jeff\AppData\Roaming\MiKTeX\2.9\tex\latex\sfmath\sfmath.sty
Package: sfmath 2007/08/27 v0.8 sans serif maths
LaTeX Font Info:    Overwriting symbol font `operators' in version `normal'
(Font)                  OT1/cmr/m/n --> OT1/phv/m/n on input line 329.
LaTeX Font Info:    Overwriting symbol font `operators' in version `bold'
(Font)                  OT1/cmr/bx/n --> OT1/phv/bx/n on input line 330.
\symSFMath=\mathgroup6
LaTeX Font Info:    Overwriting symbol font `SFMath' in version `normal'
(Font)                  OT1/phv/m/sl --> OT1/phv/m/sl on input line 343.
LaTeX Font Info:    Overwriting symbol font `SFMath' in version `bold'
(Font)                  OT1/phv/m/sl --> OT1/phv/bx/sl on input line 344.
LaTeX Font Info:    Redeclaring math symbol \imath on input line 398.
LaTeX Font Info:    Redeclaring math symbol \jmath on input line 399.
\symSFMathUp=\mathgroup7
LaTeX Font Info:    Overwriting symbol font `SFMathUp' in version `normal'
(Font)                  OT1/phv/m/n --> OT1/phv/m/n on input line 406.
LaTeX Font Info:    Overwriting symbol font `SFMathUp' in version `bold'
(Font)                  OT1/phv/m/n --> OT1/phv/bx/n on input line 407.
LaTeX Font Info:    Redeclaring math symbol \ldotp on input line 410.
\symSFMathGreek=\mathgroup8
LaTeX Font Info:    Overwriting symbol font `SFMathGreek' in version `normal'
(Font)                  OT1/cmss/m/n --> OT1/cmss/m/n on input line 419.
LaTeX Font Info:    Overwriting symbol font `SFMathGreek' in version `bold'
(Font)                  OT1/cmss/m/n --> OT1/cmss/bx/n on input line 420.
LaTeX Font Info:    Redeclaring math symbol \Gamma on input line 422.
LaTeX Font Info:    Redeclaring math symbol \Delta on input line 423.
LaTeX Font Info:    Redeclaring math symbol \Theta on input line 424.
LaTeX Font Info:    Redeclaring math symbol \Lambda on input line 425.
LaTeX Font Info:    Redeclaring math symbol \Xi on input line 426.
LaTeX Font Info:    Redeclaring math symbol \Pi on input line 427.
LaTeX Font Info:    Redeclaring math symbol \Sigma on input line 428.
LaTeX Font Info:    Redeclaring math symbol \Upsilon on input line 429.
LaTeX Font Info:    Redeclaring math symbol \Phi on input line 430.
LaTeX Font Info:    Redeclaring math symbol \Psi on input line 431.
LaTeX Font Info:    Redeclaring math symbol \Omega on input line 432.
\symSFMathUpGreek=\mathgroup9
LaTeX Font Info:    Overwriting symbol font `SFMathUpGreek' in version `normal'
(Font)                  OT1/cmss/m/n --> OT1/cmss/m/n on input line 436.
LaTeX Font Info:    Overwriting symbol font `SFMathUpGreek' in version `bold'
(Font)                  OT1/cmss/m/n --> OT1/cmss/bx/n on input line 437.
LaTeX Font Info:    Overwriting math alphabet `\mathnormal' in version `normal'
(Font)                  OML/cmm/m/it --> OT1/phv/m/sl on input line 446.
LaTeX Font Info:    Overwriting math alphabet `\mathnormal' in version `bold'
(Font)                  OML/cmm/b/it --> OT1/phv/bx/sl on input line 447.
LaTeX Font Info:    Overwriting math alphabet `\mathrm' in version `normal'
(Font)                  OT1/phv/m/n --> OT1/phv/m/n on input line 449.
LaTeX Font Info:    Overwriting math alphabet `\mathrm' in version `bold'
(Font)                  OT1/phv/bx/n --> OT1/phv/bx/n on input line 450.
LaTeX Font Info:    Overwriting math alphabet `\mathbf' in version `normal'
(Font)                  OT1/cmr/bx/n --> OT1/phv/bx/n on input line 452.
LaTeX Font Info:    Overwriting math alphabet `\mathbf' in version `bold'
(Font)                  OT1/cmr/bx/n --> OT1/phv/bx/n on input line 453.
LaTeX Font Info:    Overwriting math alphabet `\mathit' in version `normal'
(Font)                  OT1/cmr/m/it --> OT1/phv/m/sl on input line 455.
LaTeX Font Info:    Overwriting math alphabet `\mathit' in version `bold'
(Font)                  OT1/cmr/bx/it --> OT1/phv/bx/sl on input line 456.
LaTeX Font Info:    Overwriting math alphabet `\mathsf' in version `normal'
(Font)                  OT1/cmss/m/n --> OT1/phv/m/n on input line 458.
LaTeX Font Info:    Overwriting math alphabet `\mathsf' in version `bold'
(Font)                  OT1/cmss/bx/n --> OT1/phv/bx/n on input line 459.
LaTeX Font Info:    Overwriting math alphabet `\mathsl' in version `bold'
(Font)                  OT1/phv/m/sl --> OT1/phv/bx/sl on input line 466.
) (CompilerAnalyticalTrigonometry.aux
(AnalyticalTrigonometry.aux))
\openout1 = `CompilerAnalyticalTrigonometry.aux'.

LaTeX Font Info:    Checking defaults for OML/cmm/m/it on input line 73.
LaTeX Font Info:    ... okay on input line 73.
LaTeX Font Info:    Checking defaults for T1/cmr/m/n on input line 73.
LaTeX Font Info:    ... okay on input line 73.
LaTeX Font Info:    Checking defaults for OT1/cmr/m/n on input line 73.
LaTeX Font Info:    ... okay on input line 73.
LaTeX Font Info:    Checking defaults for OMS/cmsy/m/n on input line 73.
LaTeX Font Info:    ... okay on input line 73.
LaTeX Font Info:    Checking defaults for OMX/cmex/m/n on input line 73.
LaTeX Font Info:    ... okay on input line 73.
LaTeX Font Info:    Checking defaults for U/cmr/m/n on input line 73.
LaTeX Font Info:    ... okay on input line 73.
LaTeX Font Info:    Checking defaults for PD1/pdf/m/n on input line 73.
LaTeX Font Info:    ... okay on input line 73.
LaTeX Font Info:    Checking defaults for TS1/cmr/m/n on input line 73.
LaTeX Font Info:    Try loading font information for TS1+cmr on input line 73.
 ("C:\Program Files\MiKTeX 2.9\tex\latex\base\ts1cmr.fd"
File: ts1cmr.fd 2014/09/29 v2.5h Standard LaTeX font definitions
)
LaTeX Font Info:    ... okay on input line 73.
LaTeX Font Info:    Try loading font information for OT1+phv on input line 73.

("C:\Program Files\MiKTeX 2.9\tex\latex\psnfss\ot1phv.fd"
File: ot1phv.fd 2001/06/04 scalable font definitions for OT1/phv.
)
LaTeX Font Info:    Font shape `OT1/phv/m/n' will be
(Font)              scaled to size 10.07397pt on input line 73.

(C:\Users\Jeff\AppData\Roaming\MiKTeX\2.9\tex\context\base\supp-pdf.mkii
[Loading MPS to PDF converter (version 2006.09.02).]
\scratchcounter=\count146
\scratchdimen=\dimen156
\scratchbox=\box63
\nofMPsegments=\count147
\nofMParguments=\count148
\everyMPshowfont=\toks32
\MPscratchCnt=\count149
\MPscratchDim=\dimen157
\MPnumerator=\count150
\makeMPintoPDFobject=\count151
\everyMPtoPDFconversion=\toks33
) ("C:\Program Files\MiKTeX 2.9\tex\latex\oberdiek\epstopdf-base.sty"
Package: epstopdf-base 2016/05/15 v2.6 Base part for package epstopdf

("C:\Program Files\MiKTeX 2.9\tex\latex\oberdiek\grfext.sty"
Package: grfext 2016/05/16 v1.2 Manage graphics extensions (HO)
)
Package epstopdf-base Info: Redefining graphics rule for `.eps' on input line 438.
Package grfext Info: Graphics extension search list:
(grfext)             [.png,.pdf,.jpg,.mps,.jpeg,.jbig2,.jb2,.PNG,.PDF,.JPG,.JPEG,.JBIG2,.JB2,.eps]
(grfext)             \AppendGraphicsExtensions on input line 456.
)
\AtBeginShipoutBox=\box64
Package hyperref Info: Link coloring ON on input line 73.

("C:\Program Files\MiKTeX 2.9\tex\latex\hyperref\nameref.sty"
Package: nameref 2016/05/21 v2.44 Cross-referencing by name of section

("C:\Program Files\MiKTeX 2.9\tex\generic\oberdiek\gettitlestring.sty"
Package: gettitlestring 2016/05/16 v1.5 Cleanup title references (HO)
)
\c@section@level=\count152
)
LaTeX Info: Redefining \ref on input line 73.
LaTeX Info: Redefining \pageref on input line 73.
LaTeX Info: Redefining \nameref on input line 73.
 (CompilerAnalyticalTrigonometry.out)
(CompilerAnalyticalTrigonometry.out)
\@outlinefile=\write4
\openout4 = `CompilerAnalyticalTrigonometry.out'.


Chapter 1.
LaTeX Font Info:    Font shape `OT1/phv/m/n' will be
(Font)              scaled to size 19.08076pt on input line 77.
LaTeX Font Info:    Font shape `OT1/phv/bx/n' in size <20.74> not available
(Font)              Font shape `OT1/phv/b/n' tried instead on input line 77.
LaTeX Font Info:    Font shape `OT1/phv/b/n' will be
(Font)              scaled to size 19.08076pt on input line 77.
LaTeX Font Info:    Font shape `OT1/phv/m/n' will be
(Font)              scaled to size 22.88956pt on input line 77.
LaTeX Font Info:    Font shape `OT1/phv/bx/n' in size <24.88> not available
(Font)              Font shape `OT1/phv/b/n' tried instead on input line 77.
LaTeX Font Info:    Font shape `OT1/phv/b/n' will be
(Font)              scaled to size 22.88956pt on input line 77.
LaTeX Font Info:    Font shape `OT1/phv/m/sc' will be
(Font)              scaled to size 22.88956pt on input line 77.
[1


{C:/ProgramData/MiKTeX/2.9/pdftex/config/pdftex.map}]
\openout2 = `AnalyticalTrigonometry.aux'.

 (AnalyticalTrigonometry.tex
LaTeX Font Info:    Font shape `OT1/phv/m/n' will be
(Font)              scaled to size 13.24796pt on input line 1.
LaTeX Font Info:    Font shape `OT1/phv/bx/n' in size <14.4> not available
(Font)              Font shape `OT1/phv/b/n' tried instead on input line 1.
LaTeX Font Info:    Font shape `OT1/phv/b/n' will be
(Font)              scaled to size 13.24796pt on input line 1.

(FundamentalTrigonometricIdentities.tex

Mfpic: No file FundamentalTrigonometricIdentities.1.

Mfpic: Initializing FundamentalTrigonometricIdentities.mp.
\openout3 = `FundamentalTrigonometricIdentities.mp'.

Mfpic: Don't forget to process FundamentalTrigonometricIdentities.mp!
Mfpic: Apply metapost to FundamentalTrigonometricIdentities.mp.
Mfpic: Then reprocess this file "CompilerAnalyticalTrigonometry".

LaTeX Font Info:    Font shape `OT1/phv/bx/n' in size <10.95> not available
(Font)              Font shape `OT1/phv/b/n' tried instead on input line 11.
LaTeX Font Info:    Font shape `OT1/phv/b/n' will be
(Font)              scaled to size 10.07397pt on input line 11.

LaTeX Warning: Reference `TheOtherCircularFunctions' on page 2 undefined on input line 11.


LaTeX Warning: Reference `recipquotid' on page 2 undefined on input line 11.

LaTeX Font Info:    Font shape `OT1/phv/m/n' will be
(Font)              scaled to size 7.35999pt on input line 11.
LaTeX Font Info:    Font shape `OT1/phv/m/n' will be
(Font)              scaled to size 5.51999pt on input line 11.
LaTeX Font Info:    Try loading font information for U+msa on input line 11.
("C:\Program Files\MiKTeX 2.9\tex\latex\amsfonts\umsa.fd"
File: umsa.fd 2013/01/14 v3.01 AMS symbols A
)
LaTeX Font Info:    Try loading font information for U+msb on input line 11.
 ("C:\Program Files\MiKTeX 2.9\tex\latex\amsfonts\umsb.fd"
File: umsb.fd 2013/01/14 v3.01 AMS symbols B
)
LaTeX Font Info:    Font shape `OT1/phv/m/sl' will be
(Font)              scaled to size 10.07397pt on input line 11.
LaTeX Font Info:    Font shape `OT1/phv/m/sl' will be
(Font)              scaled to size 7.35999pt on input line 11.
LaTeX Font Info:    Font shape `OT1/phv/m/sl' will be
(Font)              scaled to size 5.51999pt on input line 11.
LaTeX Font Info:    Font shape `OT1/phv/m/n' will be
(Font)              scaled to size 8.27998pt on input line 11.
LaTeX Font Info:    Font shape `OT1/phv/m/n' will be
(Font)              scaled to size 4.59999pt on input line 11.
LaTeX Font Info:    Font shape `OT1/phv/m/sl' will be
(Font)              scaled to size 8.27998pt on input line 11.
LaTeX Font Info:    Font shape `OT1/phv/m/sl' will be
(Font)              scaled to size 4.59999pt on input line 11.
LaTeX Font Info:    Font shape `OT1/phv/bx/n' in size <9> not available
(Font)              Font shape `OT1/phv/b/n' tried instead on input line 11.
LaTeX Font Info:    Font shape `OT1/phv/b/n' will be
(Font)              scaled to size 8.27998pt on input line 11.


LaTeX Warning: Reference `TheConicSections' on page 2 undefined on input line 11.


LaTeX Warning: Reference `recipquotid' on page 2 undefined on input line 15.

LaTeX Font Info:    Try loading font information for TS1+phv on input line 60.
("C:\Program Files\MiKTeX 2.9\tex\latex\psnfss\ts1phv.fd"
File: ts1phv.fd 2001/06/04 scalable font definitions for TS1/phv.
)
LaTeX Font Info:    Font shape `TS1/phv/m/n' will be
(Font)              scaled to size 10.07397pt on input line 60.
LaTeX Font Info:    Font shape `OT1/phv/m/it' in size <10.95> not available
(Font)              Font shape `OT1/phv/m/sl' tried instead on input line 64.
LaTeX Font Info:    Font shape `OT1/phv/m/sl' will be
(Font)              scaled to size 10.07397pt on input line 64.


LaTeX Warning: Reference `sinecosineunitcircledefn' on page 2 undefined on input line 72.


LaTeX Warning: Reference `AppCartesianPlane' on page 2 undefined on input line 86.


LaTeX Warning: Reference `Circles' on page 2 undefined on input line 86.


LaTeX Warning: Reference `circularfunctionsex' on page 2 undefined on input line 90.

LaTeX Font Info:    Font shape `OT1/phv/m/sc' will be
(Font)              scaled to size 10.07397pt on input line 102.
[2

]

LaTeX Warning: Reference `wrappingfunction' on page 3 undefined on input line 110.


LaTeX Warning: Reference `advancedrefangleex' on page 3 undefined on input line 124.


LaTeX Warning: Reference `cosinesinecircleex' on page 3 undefined on input line 124.


LaTeX Warning: Reference `TheCircularFunctionsSineandCosine' on page 3 undefined on input line 124.


LaTeX Warning: Reference `AppQuadEqus' on page 3 undefined on input line 128.

[3] [4]

LaTeX Warning: Reference `circularfunctionscircleex' on page 5 undefined on input line 249.


LaTeX Warning: Reference `TheOtherCircularFunctions' on page 5 undefined on input line 249.

[5] [6]

LaTeX Warning: Reference `AppCmpNums' on page 7 undefined on input line 369.


LaTeX Warning: Reference `AppRadEqus' on page 7 undefined on input line 369.

[7] [8]
LaTeX Font Info:    Font shape `OT1/phv/m/n' will be
(Font)              scaled to size 11.03998pt on input line 456.
LaTeX Font Info:    Font shape `OT1/phv/bx/n' in size <12> not available
(Font)              Font shape `OT1/phv/b/n' tried instead on input line 456.
LaTeX Font Info:    Font shape `OT1/phv/b/n' will be
(Font)              scaled to size 11.03998pt on input line 456.
 (ExercisesforFundamentalTrigonometricIdentities.tex

LaTeX Warning: Reference `findothercircfirst' on page 9 undefined on input line 40.


LaTeX Warning: Reference `findothercirclast' on page 9 undefined on input line 40.


LaTeX Warning: Reference `TheOtherCircularFunctions' on page 9 undefined on input line 40.

[9] [10]
LaTeX Font Info:    Font shape `OT1/phv/m/n' will be
(Font)              scaled to size 9.19998pt on input line 423.
LaTeX Font Info:    Font shape `OT1/phv/m/n' will be
(Font)              scaled to size 6.43999pt on input line 424.
LaTeX Font Info:    Font shape `OT1/phv/m/sl' will be
(Font)              scaled to size 9.19998pt on input line 424.
LaTeX Font Info:    Font shape `OT1/phv/m/sl' will be
(Font)              scaled to size 6.43999pt on input line 424.


LaTeX Warning: Reference `AbsoluteValueFunctions' on page 11 undefined on input line 523.


LaTeX Warning: Reference `PropertiesofLogarithms' on page 11 undefined on input line 523.

[11])) [12] (MoreTrigonometricIdentities.tex

Mfpic: Initializing MoreTrigonometricIdentities.mp.
\openout3 = `MoreTrigonometricIdentities.mp'.

Mfpic: Don't forget to process MoreTrigonometricIdentities.mp!
Mfpic: Apply metapost to MoreTrigonometricIdentities.mp.
Mfpic: Then reprocess this file "CompilerAnalyticalTrigonometry".


LaTeX Warning: Reference `GraphsofSineandCosine' on page 13 undefined on input line 15.


LaTeX Warning: Reference `GraphsofOtherCircularFunctions' on page 13 undefined on input line 15.

LaTeX Font Info:    Font shape `OT1/phv/bx/n' in size <8> not available
(Font)              Font shape `OT1/phv/b/n' tried instead on input line 78.
LaTeX Font Info:    Font shape `OT1/phv/b/n' will be
(Font)              scaled to size 7.35999pt on input line 78.
LaTeX Font Info:    Font shape `OT1/phv/bx/n' in size <6> not available
(Font)              Font shape `OT1/phv/b/n' tried instead on input line 78.
LaTeX Font Info:    Font shape `OT1/phv/b/n' will be
(Font)              scaled to size 5.51999pt on input line 78.
LaTeX Font Info:    Font shape `OT1/phv/bx/sl' in size <10.95> not available
(Font)              Font shape `OT1/phv/b/sl' tried instead on input line 78.
LaTeX Font Info:    Font shape `OT1/phv/b/sl' will be
(Font)              scaled to size 10.07397pt on input line 78.
LaTeX Font Info:    Font shape `OT1/phv/bx/sl' in size <8> not available
(Font)              Font shape `OT1/phv/b/sl' tried instead on input line 78.
LaTeX Font Info:    Font shape `OT1/phv/b/sl' will be
(Font)              scaled to size 7.35999pt on input line 78.
LaTeX Font Info:    Font shape `OT1/phv/bx/sl' in size <6> not available
(Font)              Font shape `OT1/phv/b/sl' tried instead on input line 78.
LaTeX Font Info:    Font shape `OT1/phv/b/sl' will be
(Font)              scaled to size 5.51999pt on input line 78.
LaTeX Font Info:    Font shape `OT1/phv/bx/n' in size <5> not available
(Font)              Font shape `OT1/phv/b/n' tried instead on input line 78.
LaTeX Font Info:    Font shape `OT1/phv/b/n' will be
(Font)              scaled to size 4.59999pt on input line 78.
LaTeX Font Info:    Font shape `OT1/phv/bx/sl' in size <5> not available
(Font)              Font shape `OT1/phv/b/sl' tried instead on input line 78.
LaTeX Font Info:    Font shape `OT1/phv/b/sl' will be
(Font)              scaled to size 4.59999pt on input line 78.
File: MoreTrigonometricIdentities.1 Graphic file (type mps)
[MP to PDF] (MoreTrigonometricIdentities.1)
File: MoreTrigonometricIdentities.2 Graphic file (type mps)
 [MP to PDF] (MoreTrigonometricIdentities.2)

LaTeX Warning: Reference `GraphsofOtherCircularFunctions' on page 13 undefined on input line 133.

[13]
File: MoreTrigonometricIdentities.3 Graphic file (type mps)
 [MP to PDF] (MoreTrigonometricIdentities.3)
File: MoreTrigonometricIdentities.4 Graphic file (type mps)
 [MP to PDF] (MoreTrigonometricIdentities.4)

LaTeX Warning: Reference `distanceformula' on page 14 undefined on input line 223.

[14] [15]

LaTeX Warning: Reference `cofunctionforeshadowing' on page 16 undefined on input line 341.


LaTeX Warning: Reference `AppRightTrig' on page 16 undefined on input line 341.

[16] [17]

LaTeX Warning: Reference `TheOtherCircularFunctions' on page 18 undefined on input line 456.

LaTeX Font Info:    Font shape `OT1/phv/m/it' in size <9> not available
(Font)              Font shape `OT1/phv/m/sl' tried instead on input line 459.
LaTeX Font Info:    Font shape `OT1/phv/m/sl' will be
(Font)              scaled to size 8.27998pt on input line 459.
File: MoreTrigonometricIdentities.5 Graphic file (type mps)
[MP to PDF] (MoreTrigonometricIdentities.5)

LaTeX Warning: Reference `circularfunctionscircle' on page 18 undefined on input line 488.

[18] [19]

LaTeX Warning: Reference `cosinesinecircle' on page 20 undefined on input line 609.


LaTeX Warning: Reference `TheCircularFunctionsSineandCosine' on page 20 undefined on input line 609.


LaTeX Warning: Reference `cosinesinecircle' on page 20 undefined on input line 621.

[20]
File: MoreTrigonometricIdentities.6 Graphic file (type mps)
 [MP to PDF] (MoreTrigonometricIdentities.6)
File: MoreTrigonometricIdentities.7 Graphic file (type mps)
 [MP to PDF] (MoreTrigonometricIdentities.7) [21] [22] [23] [24]
[25]

LaTeX Warning: Reference `GraphsofSineandCosine' on page 26 undefined on input line 1024.


LaTeX Warning: Reference `sinusoidform' on page 26 undefined on input line 1024.

[26]

LaTeX Warning: Reference `ParFrac' on page 27 undefined on input line 1066.


LaTeX Warning: Reference `fitsinusoidtodata1' on page 27 undefined on input line 1078.

[27] <./MoreTrigonometricIdentitiesGraphics/ExpandedSinusoidExample.jpg, id=502, 1561.835pt x 1147.28625pt>
File: ./MoreTrigonometricIdentitiesGraphics/ExpandedSinusoidExample.jpg Graphic file (type jpg)

<use ./MoreTrigonometricIdentitiesGraphics/ExpandedSinusoidExample.jpg>
Package pdftex.def Info: ./MoreTrigonometricIdentitiesGraphics/ExpandedSinusoidExample.jpg used on input line 1114.
(pdftex.def)             Requested size: 289.07999pt x 212.34967pt.


LaTeX Warning: Reference `sinusoidform' on page 28 undefined on input line 1126.


LaTeX Warning: Reference `sinusoidform' on page 28 undefined on input line 1130.

[28 <./MoreTrigonometricIdentitiesGraphics/ExpandedSinusoidExample.jpg>]
<./MoreTrigonometricIdentitiesGraphics/Beats.jpg, id=515, 1559.8275pt x 1174.3875pt>
File: ./MoreTrigonometricIdentitiesGraphics/Beats.jpg Graphic file (type jpg)

<use ./MoreTrigonometricIdentitiesGraphics/Beats.jpg>
Package pdftex.def Info: ./MoreTrigonometricIdentitiesGraphics/Beats.jpg used on input line 1144.
(pdftex.def)             Requested size: 289.07999pt x 217.6346pt.
 [29 <./MoreTrigonometricIdentitiesGraphics/Beats.jpg>]
(ExercisesforMoreTrigonometricIdentities.tex [30]

LaTeX Warning: Reference `cosinesinecircle' on page 31 undefined on input line 313.


LaTeX Warning: Reference `sinusoidsunlight' on page 31 undefined on input line 324.


LaTeX Warning: Reference `GraphsofSineandCosine' on page 31 undefined on input line 324.


LaTeX Warning: Reference `cosinesinefunctionprops' on page 31 undefined on input line 331.


LaTeX Warning: Reference `GraphsofSineandCosine' on page 31 undefined on input line 331.

[31] [32] [33] [34] [35] [36] [37])) [38] (TheInverseTrigonometricFunctions.tex

Mfpic: Initializing TheInverseTrigonometricFunctions.mp.
\openout3 = `TheInverseTrigonometricFunctions.mp'.

Mfpic: Don't forget to process TheInverseTrigonometricFunctions.mp!
Mfpic: Apply metapost to TheInverseTrigonometricFunctions.mp.
Mfpic: Then reprocess this file "CompilerAnalyticalTrigonometry".


LaTeX Warning: Reference `AppRightTrig' on page 39 undefined on input line 9.


LaTeX Warning: Reference `inverserestrictionex' on page 39 undefined on input line 9.


LaTeX Warning: Reference `InverseFunctions' on page 39 undefined on input line 9.

File: TheInverseTrigonometricFunctions.1 Graphic file (type mps)
[MP to PDF] (TheInverseTrigonometricFunctions.1)

LaTeX Warning: Reference `InverseFunctions' on page 39 undefined on input line 38.


LaTeX Warning: Reference `inversefunctionprops' on page 39 undefined on input line 42.

File: TheInverseTrigonometricFunctions.2 Graphic file (type mps)
[MP to PDF] (TheInverseTrigonometricFunctions.2)
File: TheInverseTrigonometricFunctions.3 Graphic file (type mps)
 [MP to PDF] (TheInverseTrigonometricFunctions.3)
File: TheInverseTrigonometricFunctions.4 Graphic file (type mps)
 [MP to PDF]
(TheInverseTrigonometricFunctions.4)
File: TheInverseTrigonometricFunctions.5 Graphic file (type mps)
 [MP to PDF] (TheInverseTrigonometricFunctions.5)
File: TheInverseTrigonometricFunctions.6 Graphic file (type mps)
 [MP to PDF]
(TheInverseTrigonometricFunctions.6) [39]

LaTeX Warning: Reference `inversefunctionprops' on page 40 undefined on input line 144.

[40]

LaTeX Warning: Reference `wrappingfunction' on page 41 undefined on input line 206.

File: TheInverseTrigonometricFunctions.7 Graphic file (type mps)
[MP to PDF] (TheInverseTrigonometricFunctions.7)
File: TheInverseTrigonometricFunctions.8 Graphic file (type mps)
 [MP to PDF] (TheInverseTrigonometricFunctions.8) [41]
Overfull \hbox (9.55948pt too wide) in paragraph at lines 390--391
[]\OT1/phv/m/n/10.95 Alternatively, we could use the fact that the arc-sine func-tion is odd, so $[] [] = \OMS/cmsy/m/n/
10.95   [] []$\OT1/phv/m/n/10.95 . 
 []

[42]

LaTeX Warning: Reference `FunctionComposition' on page 43 undefined on input line 454.


LaTeX Warning: Reference `FunctionComposition' on page 43 undefined on input line 476.


LaTeX Warning: Reference `FurtherTopicsonFunctions' on page 43 undefined on input line 479.

[43]
File: TheInverseTrigonometricFunctions.9 Graphic file (type mps)
 [MP to PDF] (TheInverseTrigonometricFunctions.9)
File: TheInverseTrigonometricFunctions.10 Graphic file (type mps)
 [MP to PDF] (TheInverseTrigonometricFunctions.10)
File: TheInverseTrigonometricFunctions.11 Graphic file (type mps)
 [MP to PDF]
(TheInverseTrigonometricFunctions.11)
File: TheInverseTrigonometricFunctions.12 Graphic file (type mps)
 [MP to PDF] (TheInverseTrigonometricFunctions.12) [44]

LaTeX Warning: Reference `inversefunctionprops' on page 45 undefined on input line 643.

[45]
File: TheInverseTrigonometricFunctions.13 Graphic file (type mps)
 [MP to PDF] (TheInverseTrigonometricFunctions.13) [46]

LaTeX Warning: Reference `TheOtherCircularFunctions' on page 47 undefined on input line 814.

File: TheInverseTrigonometricFunctions.14 Graphic file (type mps)
[MP to PDF] (TheInverseTrigonometricFunctions.14)
File: TheInverseTrigonometricFunctions.15 Graphic file (type mps)
 [MP to PDF] (TheInverseTrigonometricFunctions.15)
File: TheInverseTrigonometricFunctions.16 Graphic file (type mps)
 [MP to PDF]
(TheInverseTrigonometricFunctions.16)
Overfull \hbox (2.37157pt too wide) in paragraph at lines 827--910
 [] 
 []

[47]

LaTeX Warning: Reference `circularfunctionscircle' on page 48 undefined on input line 925.


LaTeX Warning: Reference `TheOtherCircularFunctions' on page 48 undefined on input line 925.


LaTeX Warning: Reference `secantcosecantgraphsection' on page 48 undefined on input line 935.

File: TheInverseTrigonometricFunctions.17 Graphic file (type mps)
[MP to PDF] (TheInverseTrigonometricFunctions.17)
File: TheInverseTrigonometricFunctions.18 Graphic file (type mps)
 [MP to PDF] (TheInverseTrigonometricFunctions.18)
Overfull \hbox (3.94601pt too wide) in paragraph at lines 939--1004
[][] 
 []

[48]
File: TheInverseTrigonometricFunctions.19 Graphic file (type mps)
 [MP to PDF] (TheInverseTrigonometricFunctions.19)
File: TheInverseTrigonometricFunctions.20 Graphic file (type mps)
 [MP to PDF] (TheInverseTrigonometricFunctions.20)
File: TheInverseTrigonometricFunctions.21 Graphic file (type mps)
 [MP to PDF]
(TheInverseTrigonometricFunctions.21)
File: TheInverseTrigonometricFunctions.22 Graphic file (type mps)
 [MP to PDF] (TheInverseTrigonometricFunctions.22)

LaTeX Warning: Reference `AppAbsValEqIneq' on page 49 undefined on input line 1117.


LaTeX Warning: Reference `inversefunctionprops' on page 49 undefined on input line 1121.

LaTeX Font Info:    Font shape `OT1/phv/m/it' in size <8> not available
(Font)              Font shape `OT1/phv/m/sl' tried instead on input line 1179.
LaTeX Font Info:    Font shape `OT1/phv/m/sl' will be
(Font)              scaled to size 7.35999pt on input line 1179.
LaTeX Font Info:    Font shape `OT1/phv/m/it' in size <6> not available
(Font)              Font shape `OT1/phv/m/sl' tried instead on input line 1179.
LaTeX Font Info:    Font shape `OT1/phv/m/sl' will be
(Font)              scaled to size 5.51999pt on input line 1179.

Underfull \vbox (badness 1147) has occurred while \output is active []

 [49]
Overfull \hbox (1.72298pt too wide) in paragraph at lines 1203--1204
[]$[] []$ 
 []

[50] [51]

LaTeX Warning: Reference `TheOtherCircularFunctions' on page 52 undefined on input line 1320.


LaTeX Warning: Reference `TheOtherCircularFunctions' on page 52 undefined on input line 1320.


LaTeX Warning: Reference `circularfunctionscircle' on page 52 undefined on input line 1324.

File: TheInverseTrigonometricFunctions.23 Graphic file (type mps)
[MP to PDF] (TheInverseTrigonometricFunctions.23)
File: TheInverseTrigonometricFunctions.24 Graphic file (type mps)
 [MP to PDF] (TheInverseTrigonometricFunctions.24) [52]
File: TheInverseTrigonometricFunctions.25 Graphic file (type mps)
 [MP to PDF]
(TheInverseTrigonometricFunctions.25)
File: TheInverseTrigonometricFunctions.26 Graphic file (type mps)
 [MP to PDF] (TheInverseTrigonometricFunctions.26) [53]
File: TheInverseTrigonometricFunctions.27 Graphic file (type mps)
 [MP to PDF]
(TheInverseTrigonometricFunctions.27)
File: TheInverseTrigonometricFunctions.28 Graphic file (type mps)
 [MP to PDF] (TheInverseTrigonometricFunctions.28) [54]
Overfull \hbox (1.72298pt too wide) in paragraph at lines 1585--1586
[]$[] []$ 
 []


Overfull \hbox (2.06407pt too wide) in paragraph at lines 1619--1620
[]\OT1/phv/m/n/10.95 Unfortunately, $\OMS/cmsy/m/n/10.95  \OT1/phv/m/n/10.95 2$ is not greater to or equal to $1$, so we
 can-not ap-ply The-o-rem [][]1.17[][] to $[](\OMS/cmsy/m/n/10.95  \OT1/phv/m/n/10.95 2)$
 []

[55]

LaTeX Warning: Reference `AbsoluteValueFunctions' on page 56 undefined on input line 1672.


LaTeX Warning: Reference `TheOtherCircularFunctions' on page 56 undefined on input line 1698.


LaTeX Warning: Reference `circularfunctionscircle' on page 56 undefined on input line 1698.


LaTeX Warning: Reference `circularfunctionscircle' on page 56 undefined on input line 1702.

[56]
File: TheInverseTrigonometricFunctions.29 Graphic file (type mps)
 [MP to PDF] (TheInverseTrigonometricFunctions.29)
File: TheInverseTrigonometricFunctions.30 Graphic file (type mps)
 [MP to PDF] (TheInverseTrigonometricFunctions.30) [57]

LaTeX Warning: Reference `refanglethm' on page 58 undefined on input line 1851.

File: TheInverseTrigonometricFunctions.31 Graphic file (type mps)
[MP to PDF] (TheInverseTrigonometricFunctions.31)
File: TheInverseTrigonometricFunctions.32 Graphic file (type mps)
 [MP to PDF] (TheInverseTrigonometricFunctions.32) [58]
File: TheInverseTrigonometricFunctions.33 Graphic file (type mps)
 [MP to PDF]
(TheInverseTrigonometricFunctions.33)

LaTeX Warning: Reference `Transformations' on page 59 undefined on input line 1967.

[59]

LaTeX Warning: Reference `Transformations' on page 60 undefined on input line 1991.

<./TheInverseTrigonometricFunctionsGraphics/arccosgraph.jpg, id=1096, 728.7225pt x 629.35126pt>
File: ./TheInverseTrigonometricFunctionsGraphics/arccosgraph.jpg Graphic file (type jpg)

<use ./TheInverseTrigonometricFunctionsGraphics/arccosgraph.jpg>
Package pdftex.def Info: ./TheInverseTrigonometricFunctionsGraphics/arccosgraph.jpg used on input line 2018.
(pdftex.def)             Requested size: 150.62332pt x 130.08621pt.

<./TheInverseTrigonometricFunctionsGraphics/arctangraph.jpg, id=1097, 910.40125pt x 940.51375pt>
File: ./TheInverseTrigonometricFunctionsGraphics/arctangraph.jpg Graphic file (type jpg)

<use ./TheInverseTrigonometricFunctionsGraphics/arctangraph.jpg>
Package pdftex.def Info: ./TheInverseTrigonometricFunctionsGraphics/arctangraph.jpg used on input line 2020.
(pdftex.def)             Requested size: 126.62181pt x 130.80852pt.


LaTeX Warning: Reference `TheCircularFunctionsSineandCosine' on page 60 undefined on input line 2043.


LaTeX Warning: Reference `TheOtherCircularFunctions' on page 60 undefined on input line 2043.


LaTeX Warning: Reference `commonanglesunitcircle' on page 60 undefined on input line 2043.

[60 <./TheInverseTrigonometricFunctionsGraphics/arccosgraph.jpg> <./TheInverseTrigonometricFunctionsGraphics/arctangraph
.jpg>]
File: TheInverseTrigonometricFunctions.34 Graphic file (type mps)
 [MP to PDF] (TheInverseTrigonometricFunctions.34)
File: TheInverseTrigonometricFunctions.35 Graphic file (type mps)
 [MP to PDF] (TheInverseTrigonometricFunctions.35)
Overfull \hbox (15.31319pt too wide) in paragraph at lines 2095--2142
[][] 
 []

[61]
File: TheInverseTrigonometricFunctions.36 Graphic file (type mps)
 [MP to PDF] (TheInverseTrigonometricFunctions.36)
File: TheInverseTrigonometricFunctions.37 Graphic file (type mps)
 [MP to PDF] (TheInverseTrigonometricFunctions.37) [62]
File: TheInverseTrigonometricFunctions.38 Graphic file (type mps)

[MP to PDF] (TheInverseTrigonometricFunctions.38)
File: TheInverseTrigonometricFunctions.39 Graphic file (type mps)
 [MP to PDF] (TheInverseTrigonometricFunctions.39)

LaTeX Warning: Reference `TheOtherCircularFunctions' on page 63 undefined on input line 2264.

File: TheInverseTrigonometricFunctions.40 Graphic file (type mps)
[MP to PDF] (TheInverseTrigonometricFunctions.40)
File: TheInverseTrigonometricFunctions.41 Graphic file (type mps)
 [MP to PDF] (TheInverseTrigonometricFunctions.41)
Overfull \hbox (16.07605pt too wide) in paragraph at lines 2267--2312
[][] 
 []

[63]
File: TheInverseTrigonometricFunctions.42 Graphic file (type mps)
 [MP to PDF] (TheInverseTrigonometricFunctions.42)
File: TheInverseTrigonometricFunctions.43 Graphic file (type mps)
 [MP to PDF] (TheInverseTrigonometricFunctions.43)
Overfull \hbox (6.7241pt too wide) in paragraph at lines 2337--2386
[][] 
 []

[64] [65] (ExercisesforTheInverseTrigonometricFunctions.tex [66] [67] [68] [69] [70] [71]
File: TheInverseTrigonometricFunctions.44 Graphic file (type mps)
 [MP to PDF]
(TheInverseTrigonometricFunctions.44) [72] [73] [74] [75] [76] [77] [78]
Underfull \hbox (badness 10000) in paragraph at lines 2501--2502

 []


Underfull \hbox (badness 10000) in paragraph at lines 2506--2507

 []

[79]
Underfull \hbox (badness 10000) in paragraph at lines 2511--2512

 []


Underfull \hbox (badness 10000) in paragraph at lines 2516--2517

 []


Underfull \hbox (badness 10000) in paragraph at lines 2521--2522

 []


Underfull \hbox (badness 10000) in paragraph at lines 2527--2528

 []

)) [80] (TrigonometricEquationsandInequalities.tex

Mfpic: Initializing TrigonometricEquationsandInequalities.mp.
\openout3 = `TrigonometricEquationsandInequalities.mp'.

Mfpic: Don't forget to process TrigonometricEquationsandInequalities.mp!
Mfpic: Apply metapost to TrigonometricEquationsandInequalities.mp.
Mfpic: Then reprocess this file "CompilerAnalyticalTrigonometry".


LaTeX Warning: Reference `TheCircularFunctionsSineandCosine' on page 81 undefined on input line 9.


LaTeX Warning: Reference `TheOtherCircularFunctions' on page 81 undefined on input line 9.

[81] <./TrigonometricEquationsandInequalitiesGraphics/TrigEquIneq01.jpg, id=1712, 1434.35875pt x 817.0525pt>
File: ./TrigonometricEquationsandInequalitiesGraphics/TrigEquIneq01.jpg Graphic file (type jpg)

<use ./TrigonometricEquationsandInequalitiesGraphics/TrigEquIneq01.jpg>
Package pdftex.def Info: ./TrigonometricEquationsandInequalitiesGraphics/TrigEquIneq01.jpg used on input line 113.
(pdftex.def)             Requested size: 285.44405pt x 162.6075pt.
 [82 <./TrigonometricEquationsandInequalitiesGraphics/TrigEquIneq01.jpg>]
<./TrigonometricEquationsandInequalitiesGraphics/TrigEquIneq02.jpg, id=1719, 806.01125pt x 471.7625pt>
File: ./TrigonometricEquationsandInequalitiesGraphics/TrigEquIneq02.jpg Graphic file (type jpg)

<use ./TrigonometricEquationsandInequalitiesGraphics/TrigEquIneq02.jpg>
Package pdftex.def Info: ./TrigonometricEquationsandInequalitiesGraphics/TrigEquIneq02.jpg used on input line 165.
(pdftex.def)             Requested size: 277.8159pt x 162.6075pt.

<./TrigonometricEquationsandInequalitiesGraphics/TrigEquIneq03.jpg, id=1721, 1351.0475pt x 397.485pt>
File: ./TrigonometricEquationsandInequalitiesGraphics/TrigEquIneq03.jpg Graphic file (type jpg)

<use ./TrigonometricEquationsandInequalitiesGraphics/TrigEquIneq03.jpg>
Package pdftex.def Info: ./TrigonometricEquationsandInequalitiesGraphics/TrigEquIneq03.jpg used on input line 196.
(pdftex.def)             Requested size: 429.87021pt x 126.47249pt.
 [83 <./TrigonometricEquationsandInequalitiesGraphics/TrigEquIneq02.jpg>]
<./TrigonometricEquationsandInequalitiesGraphics/TrigEquIneq04.jpg, id=1729, 1308.89pt x 800.9925pt>
File: ./TrigonometricEquationsandInequalitiesGraphics/TrigEquIneq04.jpg Graphic file (type jpg)

<use ./TrigonometricEquationsandInequalitiesGraphics/TrigEquIneq04.jpg>
Package pdftex.def Info: ./TrigonometricEquationsandInequalitiesGraphics/TrigEquIneq04.jpg used on input line 238.
(pdftex.def)             Requested size: 265.70786pt x 162.6075pt.

Underfull \vbox (badness 2334) has occurred while \output is active []

 [84 <./TrigonometricEquationsandInequalitiesGraphics/TrigEquIneq03.jpg>]
<./TrigonometricEquationsandInequalitiesGraphics/TrigEquIneq05.jpg, id=1737, 1415.2875pt x 760.8425pt>
File: ./TrigonometricEquationsandInequalitiesGraphics/TrigEquIneq05.jpg Graphic file (type jpg)

<use ./TrigonometricEquationsandInequalitiesGraphics/TrigEquIneq05.jpg>
Package pdftex.def Info: ./TrigonometricEquationsandInequalitiesGraphics/TrigEquIneq05.jpg used on input line 284.
(pdftex.def)             Requested size: 302.46686pt x 162.6075pt.
 [85 <./TrigonometricEquationsandInequalitiesGraphics/TrigEquIneq04.jpg>] [86 <./TrigonometricEquationsandInequalitiesGr
aphics/TrigEquIneq05.jpg>]
<./TrigonometricEquationsandInequalitiesGraphics/TrigEquIneq06.jpg, id=1753, 1183.42125pt x 746.79pt>
File: ./TrigonometricEquationsandInequalitiesGraphics/TrigEquIneq06.jpg Graphic file (type jpg)

<use ./TrigonometricEquationsandInequalitiesGraphics/TrigEquIneq06.jpg>
Package pdftex.def Info: ./TrigonometricEquationsandInequalitiesGraphics/TrigEquIneq06.jpg used on input line 343.
(pdftex.def)             Requested size: 257.68097pt x 162.6075pt.
 [87 <./TrigonometricEquationsandInequalitiesGraphics/TrigEquIneq06.jpg>] [88]

LaTeX Warning: Reference `PolynomialFunctions' on page 89 undefined on input line 431.

<./TrigonometricEquationsandInequalitiesGraphics/TrigEquIneq07.jpg, id=1777, 1596.96625pt x 1086.0575pt>
File: ./TrigonometricEquationsandInequalitiesGraphics/TrigEquIneq07.jpg Graphic file (type jpg)

<use ./TrigonometricEquationsandInequalitiesGraphics/TrigEquIneq07.jpg>
Package pdftex.def Info: ./TrigonometricEquationsandInequalitiesGraphics/TrigEquIneq07.jpg used on input line 455.
(pdftex.def)             Requested size: 239.09598pt x 162.6075pt.


LaTeX Warning: Reference `AppQuadEqus' on page 89 undefined on input line 466.

[89 <./TrigonometricEquationsandInequalitiesGraphics/TrigEquIneq07.jpg>]
<./TrigonometricEquationsandInequalitiesGraphics/TrigEquIneq08.jpg, id=1788, 1121.18875pt x 987.69pt>
File: ./TrigonometricEquationsandInequalitiesGraphics/TrigEquIneq08.jpg Graphic file (type jpg)

<use ./TrigonometricEquationsandInequalitiesGraphics/TrigEquIneq08.jpg>
Package pdftex.def Info: ./TrigonometricEquationsandInequalitiesGraphics/TrigEquIneq08.jpg used on input line 496.
(pdftex.def)             Requested size: 184.57756pt x 162.6075pt.
 [90 <./TrigonometricEquationsandInequalitiesGraphics/TrigEquIneq08.jpg>]
<./TrigonometricEquationsandInequalitiesGraphics/TrigEquIneq09.jpg, id=1794, 1134.2375pt x 1056.94875pt>
File: ./TrigonometricEquationsandInequalitiesGraphics/TrigEquIneq09.jpg Graphic file (type jpg)

<use ./TrigonometricEquationsandInequalitiesGraphics/TrigEquIneq09.jpg>
Package pdftex.def Info: ./TrigonometricEquationsandInequalitiesGraphics/TrigEquIneq09.jpg used on input line 524.
(pdftex.def)             Requested size: 174.48965pt x 162.6075pt.


LaTeX Warning: Reference `PolynomialFunctions' on page 91 undefined on input line 546.

<./TrigonometricEquationsandInequalitiesGraphics/TrigEquIneq10.jpg, id=1797, 1139.25626pt x 687.56876pt>
File: ./TrigonometricEquationsandInequalitiesGraphics/TrigEquIneq10.jpg Graphic file (type jpg)

<use ./TrigonometricEquationsandInequalitiesGraphics/TrigEquIneq10.jpg>
Package pdftex.def Info: ./TrigonometricEquationsandInequalitiesGraphics/TrigEquIneq10.jpg used on input line 559.
(pdftex.def)             Requested size: 269.42885pt x 162.6075pt.
 [91 <./TrigonometricEquationsandInequalitiesGraphics/TrigEquIneq09.jpg>]

LaTeX Warning: Reference `propertiesofzero' on page 92 undefined on input line 569.

<./TrigonometricEquationsandInequalitiesGraphics/TrigEquIneq11.jpg, id=1808, 1503.6175pt x 767.86874pt>
File: ./TrigonometricEquationsandInequalitiesGraphics/TrigEquIneq11.jpg Graphic file (type jpg)

<use ./TrigonometricEquationsandInequalitiesGraphics/TrigEquIneq11.jpg>
Package pdftex.def Info: ./TrigonometricEquationsandInequalitiesGraphics/TrigEquIneq11.jpg used on input line 589.
(pdftex.def)             Requested size: 318.40747pt x 162.6075pt.

Underfull \vbox (badness 10000) has occurred while \output is active []

 [92 <./TrigonometricEquationsandInequalitiesGraphics/TrigEquIneq10.jpg>]
<./TrigonometricEquationsandInequalitiesGraphics/TrigEquIneq12.jpg, id=1817, 1452.42625pt x 1145.27875pt>
File: ./TrigonometricEquationsandInequalitiesGraphics/TrigEquIneq12.jpg Graphic file (type jpg)

<use ./TrigonometricEquationsandInequalitiesGraphics/TrigEquIneq12.jpg>
Package pdftex.def Info: ./TrigonometricEquationsandInequalitiesGraphics/TrigEquIneq12.jpg used on input line 616.
(pdftex.def)             Requested size: 206.1972pt x 162.6075pt.
 [93 <./TrigonometricEquationsandInequalitiesGraphics/TrigEquIneq11.jpg> <./TrigonometricEquationsandInequalitiesGraphic
s/TrigEquIneq12.jpg>]
<./TrigonometricEquationsandInequalitiesGraphics/TrigEquIneq13.jpg, id=1823, 1518.67375pt x 750.805pt>
File: ./TrigonometricEquationsandInequalitiesGraphics/TrigEquIneq13.jpg Graphic file (type jpg)

<use ./TrigonometricEquationsandInequalitiesGraphics/TrigEquIneq13.jpg>
Package pdftex.def Info: ./TrigonometricEquationsandInequalitiesGraphics/TrigEquIneq13.jpg used on input line 635.
(pdftex.def)             Requested size: 328.89531pt x 162.6075pt.

<./TrigonometricEquationsandInequalitiesGraphics/TrigEquIneq14.jpg, id=1825, 853.1875pt x 797.98125pt>
File: ./TrigonometricEquationsandInequalitiesGraphics/TrigEquIneq14.jpg Graphic file (type jpg)

<use ./TrigonometricEquationsandInequalitiesGraphics/TrigEquIneq14.jpg>
Package pdftex.def Info: ./TrigonometricEquationsandInequalitiesGraphics/TrigEquIneq14.jpg used on input line 662.
(pdftex.def)             Requested size: 173.85007pt x 162.6075pt.
 [94 <./TrigonometricEquationsandInequalitiesGraphics/TrigEquIneq13.jpg>]

LaTeX Warning: Reference `AppRadEqus' on page 95 undefined on input line 684.


LaTeX Warning: Reference `RootRadicalPowerFunctions' on page 95 undefined on input line 684.


LaTeX Warning: Reference `NonLinearEquations' on page 95 undefined on input line 690.


LaTeX Warning: Reference `firstsigndiagram' on page 95 undefined on input line 694.


LaTeX Warning: Reference `rationalsigndiagram' on page 95 undefined on input line 694.


LaTeX Warning: Reference `algebraicsigndiagram' on page 95 undefined on input line 694.


LaTeX Warning: Reference `expineq' on page 95 undefined on input line 694.


LaTeX Warning: Reference `logineq' on page 95 undefined on input line 694.

[95 <./TrigonometricEquationsandInequalitiesGraphics/TrigEquIneq14.jpg>]
File: TrigonometricEquationsandInequalities.1 Graphic file (type mps)
 [MP to PDF]
(TrigonometricEquationsandInequalities.1)
<./TrigonometricEquationsandInequalitiesGraphics/TrigEquIneq15.jpg, id=1844, 752.8125pt x 880.28876pt>
File: ./TrigonometricEquationsandInequalitiesGraphics/TrigEquIneq15.jpg Graphic file (type jpg)

<use ./TrigonometricEquationsandInequalitiesGraphics/TrigEquIneq15.jpg>
Package pdftex.def Info: ./TrigonometricEquationsandInequalitiesGraphics/TrigEquIneq15.jpg used on input line 757.
(pdftex.def)             Requested size: 154.51135pt x 180.67499pt.
 [96 <./TrigonometricEquationsandInequalitiesGraphics/TrigEquIneq15.jpg>]
File: TrigonometricEquationsandInequalities.2 Graphic file (type mps)
 [MP to PDF] (TrigonometricEquationsandInequalities.2)
<./TrigonometricEquationsandInequalitiesGraphics/TrigEquIneq16.jpg, id=1851, 1436.36626pt x 763.85374pt>
File: ./TrigonometricEquationsandInequalitiesGraphics/TrigEquIneq16.jpg Graphic file (type jpg)

<use ./TrigonometricEquationsandInequalitiesGraphics/TrigEquIneq16.jpg>
Package pdftex.def Info: ./TrigonometricEquationsandInequalitiesGraphics/TrigEquIneq16.jpg used on input line 818.
(pdftex.def)             Requested size: 339.73784pt x 180.67499pt.


LaTeX Warning: Reference `rationalsigndiagram' on page 97 undefined on input line 828.

[97 <./TrigonometricEquationsandInequalitiesGraphics/TrigEquIneq16.jpg>]
File: TrigonometricEquationsandInequalities.3 Graphic file (type mps)
 [MP to PDF]
(TrigonometricEquationsandInequalities.3)
<./TrigonometricEquationsandInequalitiesGraphics/TrigEquIneq17.jpg, id=1861, 1397.22pt x 764.8575pt>
File: ./TrigonometricEquationsandInequalitiesGraphics/TrigEquIneq17.jpg Graphic file (type jpg)

<use ./TrigonometricEquationsandInequalitiesGraphics/TrigEquIneq17.jpg>
Package pdftex.def Info: ./TrigonometricEquationsandInequalitiesGraphics/TrigEquIneq17.jpg used on input line 879.
(pdftex.def)             Requested size: 330.05234pt x 180.67499pt.


LaTeX Warning: Reference `extendedinterval' on page 98 undefined on input line 897.

[98 <./TrigonometricEquationsandInequalitiesGraphics/TrigEquIneq17.jpg>]
File: TrigonometricEquationsandInequalities.4 Graphic file (type mps)
 [MP to PDF]
(TrigonometricEquationsandInequalities.4)

LaTeX Warning: Reference `extendedinterval' on page 99 undefined on input line 960.

File: TrigonometricEquationsandInequalities.5 Graphic file (type mps)
[MP to PDF] (TrigonometricEquationsandInequalities.5) [99]
File: TrigonometricEquationsandInequalities.6 Graphic file (type mps)
 [MP to PDF] (TrigonometricEquationsandInequalities.6)
[100] <./TrigonometricEquationsandInequalitiesGraphics/ARCSINEQN.jpg, id=1889, 620.3175pt x 637.38126pt>
File: ./TrigonometricEquationsandInequalitiesGraphics/ARCSINEQN.jpg Graphic file (type jpg)

<use ./TrigonometricEquationsandInequalitiesGraphics/ARCSINEQN.jpg>
Package pdftex.def Info: ./TrigonometricEquationsandInequalitiesGraphics/ARCSINEQN.jpg used on input line 1139.
(pdftex.def)             Requested size: 175.83633pt x 180.67499pt.
 [101 <./TrigonometricEquationsandInequalitiesGraphics/ARCSINEQN.jpg>] <./TrigonometricEquationsandInequalitiesGraphics/
ARCCOSEQN.jpg, id=1903, 994.71625pt x 882.29625pt>
File: ./TrigonometricEquationsandInequalitiesGraphics/ARCCOSEQN.jpg Graphic file (type jpg)

<use ./TrigonometricEquationsandInequalitiesGraphics/ARCCOSEQN.jpg>
Package pdftex.def Info: ./TrigonometricEquationsandInequalitiesGraphics/ARCCOSEQN.jpg used on input line 1158.
(pdftex.def)             Requested size: 203.69048pt x 180.67499pt.

<./TrigonometricEquationsandInequalitiesGraphics/ARCSECEQN.jpg, id=1906, 806.01125pt x 683.55376pt>
File: ./TrigonometricEquationsandInequalitiesGraphics/ARCSECEQN.jpg Graphic file (type jpg)

<use ./TrigonometricEquationsandInequalitiesGraphics/ARCSECEQN.jpg>
Package pdftex.def Info: ./TrigonometricEquationsandInequalitiesGraphics/ARCSECEQN.jpg used on input line 1178.
(pdftex.def)             Requested size: 213.03851pt x 180.67499pt.
 [102 <./TrigonometricEquationsandInequalitiesGraphics/ARCCOSEQN.jpg>] <./TrigonometricEquationsandInequalitiesGraphics/
ARCTANEQN.jpg, id=1914, 536.0025pt x 525.965pt>
File: ./TrigonometricEquationsandInequalitiesGraphics/ARCTANEQN.jpg Graphic file (type jpg)

<use ./TrigonometricEquationsandInequalitiesGraphics/ARCTANEQN.jpg>
Package pdftex.def Info: ./TrigonometricEquationsandInequalitiesGraphics/ARCTANEQN.jpg used on input line 1204.
(pdftex.def)             Requested size: 158.99377pt x 156.00903pt.
 [103 <./TrigonometricEquationsandInequalitiesGraphics/ARCSECEQN.jpg> <./TrigonometricEquationsandInequalitiesGraphics/A
RCTANEQN.jpg>]
File: TrigonometricEquationsandInequalities.7 Graphic file (type mps)
 [MP to PDF]
(TrigonometricEquationsandInequalities.7)
<./TrigonometricEquationsandInequalitiesGraphics/ARCCOSINEQ.jpg, id=1922, 979.66pt x 864.22874pt>
File: ./TrigonometricEquationsandInequalitiesGraphics/ARCCOSINEQ.jpg Graphic file (type jpg)

<use ./TrigonometricEquationsandInequalitiesGraphics/ARCCOSINEQ.jpg>
Package pdftex.def Info: ./TrigonometricEquationsandInequalitiesGraphics/ARCCOSINEQ.jpg used on input line 1250.
(pdftex.def)             Requested size: 204.80788pt x 180.67499pt.
 [104 <./TrigonometricEquationsandInequalitiesGraphics/ARCCOSINEQ.jpg>]
File: TrigonometricEquationsandInequalities.8 Graphic file (type mps)
 [MP to PDF] (TrigonometricEquationsandInequalities.8)
<./TrigonometricEquationsandInequalitiesGraphics/ARCCOTINEQ.jpg, id=1931, 1069.9975pt x 1158.3275pt>
File: ./TrigonometricEquationsandInequalitiesGraphics/ARCCOTINEQ.jpg Graphic file (type jpg)

<use ./TrigonometricEquationsandInequalitiesGraphics/ARCCOTINEQ.jpg>
Package pdftex.def Info: ./TrigonometricEquationsandInequalitiesGraphics/ARCCOTINEQ.jpg used on input line 1301.
(pdftex.def)             Requested size: 166.8928pt x 180.67499pt.
 [105 <./TrigonometricEquationsandInequalitiesGraphics/ARCCOTINEQ.jpg>]

LaTeX Warning: Reference `FoundationsofTrigonometry' on page 106 undefined on input line 1321.


LaTeX Warning: Reference `AnalyticalTrigonometry' on page 106 undefined on input line 1321.

File: TrigonometricEquationsandInequalities.9 Graphic file (type mps)
[MP to PDF] (TrigonometricEquationsandInequalities.9)
File: TrigonometricEquationsandInequalities.10 Graphic file (type mps)
 [MP to PDF] (TrigonometricEquationsandInequalities.10)
File: TrigonometricEquationsandInequalities.11 Graphic file (type mps)

[MP to PDF] (TrigonometricEquationsandInequalities.11)

LaTeX Warning: Reference `AppVariation' on page 106 undefined on input line 1396.

[106] [107]
File: TrigonometricEquationsandInequalities.12 Graphic file (type mps)
 [MP to PDF] (TrigonometricEquationsandInequalities.12) [108]
<./TrigonometricEquationsandInequalitiesGraphics/Sinusoid05.jpg, id=1973, 1162.3425pt x 892.33376pt>
File: ./TrigonometricEquationsandInequalitiesGraphics/Sinusoid05.jpg Graphic file (type jpg)

<use ./TrigonometricEquationsandInequalitiesGraphics/Sinusoid05.jpg>
Package pdftex.def Info: ./TrigonometricEquationsandInequalitiesGraphics/Sinusoid05.jpg used on input line 1527.
(pdftex.def)             Requested size: 235.3376pt x 180.67499pt.
 [109 <./TrigonometricEquationsandInequalitiesGraphics/Sinusoid05.jpg>]
<./TrigonometricEquationsandInequalitiesGraphics/Sinusoid06.jpg, id=1986, 1104.125pt x 1129.21875pt>
File: ./TrigonometricEquationsandInequalitiesGraphics/Sinusoid06.jpg Graphic file (type jpg)

<use ./TrigonometricEquationsandInequalitiesGraphics/Sinusoid06.jpg>
Package pdftex.def Info: ./TrigonometricEquationsandInequalitiesGraphics/Sinusoid06.jpg used on input line 1575.
(pdftex.def)             Requested size: 176.64676pt x 180.67499pt.
 [110 <./TrigonometricEquationsandInequalitiesGraphics/Sinusoid06.jpg>] <./TrigonometricEquationsandInequalitiesGraphics
/Sinusoid08.jpg, id=1997, 1162.3425pt x 1208.515pt>
File: ./TrigonometricEquationsandInequalitiesGraphics/Sinusoid08.jpg Graphic file (type jpg)

<use ./TrigonometricEquationsandInequalitiesGraphics/Sinusoid08.jpg>
Package pdftex.def Info: ./TrigonometricEquationsandInequalitiesGraphics/Sinusoid08.jpg used on input line 1593.
(pdftex.def)             Requested size: 173.75856pt x 180.67499pt.

<./TrigonometricEquationsandInequalitiesGraphics/Sinusoid10.jpg, id=2006, 1118.1775pt x 1060.96375pt>
File: ./TrigonometricEquationsandInequalitiesGraphics/Sinusoid10.jpg Graphic file (type jpg)

<use ./TrigonometricEquationsandInequalitiesGraphics/Sinusoid10.jpg>
Package pdftex.def Info: ./TrigonometricEquationsandInequalitiesGraphics/Sinusoid10.jpg used on input line 1624.
(pdftex.def)             Requested size: 190.41183pt x 180.67499pt.
 [111 <./TrigonometricEquationsandInequalitiesGraphics/Sinusoid08.jpg>] [112 <./TrigonometricEquationsandInequalitiesGra
phics/Sinusoid10.jpg>]
(ExercisesforTrigonometricEquationsandInequalities.tex [113] [114]

LaTeX Warning: Reference `extendedinterval' on page 115 undefined on input line 634.

[115] [116] [117] [118] [119])) [120])
Package atveryend Info: Empty hook `BeforeClearDocument' on input line 81.
Package atveryend Info: Empty hook `AfterLastShipout' on input line 81.
 (CompilerAnalyticalTrigonometry.aux (AnalyticalTrigonometry.aux))
Package atveryend Info: Executing hook `AtVeryEndDocument' on input line 81.
Package atveryend Info: Executing hook `AtEndAfterFileList' on input line 81.
Package rerunfilecheck Info: File `CompilerAnalyticalTrigonometry.out' has not changed.
(rerunfilecheck)             Checksum: BF10232F34CC4066947CE9146EA4186A;1471.


LaTeX Warning: There were undefined references.


LaTeX Warning: Label(s) may have changed. Rerun to get cross-references right.

Package atveryend Info: Empty hook `AtVeryVeryEnd' on input line 81.
 ) 
Here is how much of TeX's memory you used:
 12105 strings out of 493323
 169741 string characters out of 3139070
 371113 words of memory out of 3000000
 13712 multiletter control sequences out of 15000+200000
 64303 words of font info for 121 fonts, out of 3000000 for 9000
 1141 hyphenation exceptions out of 8191
 41i,21n,43p,1017b,1405s stack positions out of 5000i,500n,10000p,200000b,50000s
{C:/Program Files/MiKTeX 2.9/fonts/enc/dvips/base/8r.enc}<C:/Program Files/MiKTeX 2.9/fonts/type1/public/amsfonts/cm/c
mbsy10.pfb><C:/Program Files/MiKTeX 2.9/fonts/type1/public/amsfonts/cmextra/cmbsy8.pfb><C:/Program Files/MiKTeX 2.9/font
s/type1/public/amsfonts/cm/cmex10.pfb><C:/Program Files/MiKTeX 2.9/fonts/type1/public/amsfonts/cmextra/cmex8.pfb><C:/Pro
gram Files/MiKTeX 2.9/fonts/type1/public/amsfonts/cm/cmmi10.pfb><C:/Program Files/MiKTeX 2.9/fonts/type1/public/amsfonts
/cm/cmmi6.pfb><C:/Program Files/MiKTeX 2.9/fonts/type1/public/amsfonts/cm/cmmi7.pfb><C:/Program Files/MiKTeX 2.9/fonts/t
ype1/public/amsfonts/cm/cmmi8.pfb><C:/Program Files/MiKTeX 2.9/fonts/type1/public/amsfonts/cm/cmmi9.pfb><C:/Program File
s/MiKTeX 2.9/fonts/type1/public/amsfonts/cm/cmmib10.pfb><C:/Program Files/MiKTeX 2.9/fonts/type1/public/amsfonts/cmextra
/cmmib8.pfb><C:/Program Files/MiKTeX 2.9/fonts/type1/public/amsfonts/cm/cmr10.pfb><C:/Program Files/MiKTeX 2.9/fonts/typ
e1/public/amsfonts/cm/cmsy10.pfb><C:/Program Files/MiKTeX 2.9/fonts/type1/public/amsfonts/cm/cmsy6.pfb><C:/Program Files
/MiKTeX 2.9/fonts/type1/public/amsfonts/cm/cmsy8.pfb><C:/Program Files/MiKTeX 2.9/fonts/type1/public/amsfonts/cm/cmsy9.p
fb><C:/Program Files/MiKTeX 2.9/fonts/type1/public/amsfonts/latxfont/line10.pfb><C:/Program Files/MiKTeX 2.9/fonts/type1
/public/amsfonts/symbols/msam10.pfb><C:/Program Files/MiKTeX 2.9/fonts/type1/urw/helvetic/uhvb8a.pfb><C:/Program Files/M
iKTeX 2.9/fonts/type1/urw/helvetic/uhvbo8a.pfb><C:/Program Files/MiKTeX 2.9/fonts/type1/urw/helvetic/uhvr8a.pfb><C:/Prog
ram Files/MiKTeX 2.9/fonts/type1/urw/helvetic/uhvro8a.pfb>
Output written on CompilerAnalyticalTrigonometry.pdf (120 pages, 8821479 bytes).
PDF statistics:
 2672 PDF objects out of 2984 (max. 8388607)
 1498 named destinations out of 1728 (max. 500000)
 308 words of extra memory for PDF output out of 10000 (max. 10000000)

