This is pdfTeX, Version 3.14159265-2.6-1.40.17 (TeX Live 2016) (preloaded format=pdflatex 2016.5.22)  15 AUG 2017 13:25
entering extended mode
 \write18 enabled.
 %&-line parsing enabled.
**CompilerTheConicSections.tex
(./CompilerTheConicSections.tex
LaTeX2e <2016/03/31>
Babel <3.9r> and hyphenation patterns for 83 language(s) loaded.
(/usr/local/texlive/2016/texmf-dist/tex/latex/base/book.cls
Document Class: book 2014/09/29 v1.4h Standard LaTeX document class
(/usr/local/texlive/2016/texmf-dist/tex/latex/base/bk11.clo
File: bk11.clo 2014/09/29 v1.4h Standard LaTeX file (size option)
)
\c@part=\count79
\c@chapter=\count80
\c@section=\count81
\c@subsection=\count82
\c@subsubsection=\count83
\c@paragraph=\count84
\c@subparagraph=\count85
\c@figure=\count86
\c@table=\count87
\abovecaptionskip=\skip41
\belowcaptionskip=\skip42
\bibindent=\dimen102
)
(/usr/local/texlive/2016/texmf-dist/tex/latex/amsfonts/amssymb.sty
Package: amssymb 2013/01/14 v3.01 AMS font symbols

(/usr/local/texlive/2016/texmf-dist/tex/latex/amsfonts/amsfonts.sty
Package: amsfonts 2013/01/14 v3.01 Basic AMSFonts support
\@emptytoks=\toks14
\symAMSa=\mathgroup4
\symAMSb=\mathgroup5
LaTeX Font Info:    Overwriting math alphabet `\mathfrak' in version `bold'
(Font)                  U/euf/m/n --> U/euf/b/n on input line 106.
))
(/usr/local/texlive/2016/texmf-dist/tex/latex/amsmath/amsmath.sty
Package: amsmath 2016/03/10 v2.15b AMS math features
\@mathmargin=\skip43

For additional information on amsmath, use the `?' option.
(/usr/local/texlive/2016/texmf-dist/tex/latex/amsmath/amstext.sty
Package: amstext 2000/06/29 v2.01 AMS text

(/usr/local/texlive/2016/texmf-dist/tex/latex/amsmath/amsgen.sty
File: amsgen.sty 1999/11/30 v2.0 generic functions
\@emptytoks=\toks15
\ex@=\dimen103
))
(/usr/local/texlive/2016/texmf-dist/tex/latex/amsmath/amsbsy.sty
Package: amsbsy 1999/11/29 v1.2d Bold Symbols
\pmbraise@=\dimen104
)
(/usr/local/texlive/2016/texmf-dist/tex/latex/amsmath/amsopn.sty
Package: amsopn 2016/03/08 v2.02 operator names
)
\inf@bad=\count88
LaTeX Info: Redefining \frac on input line 199.
\uproot@=\count89
\leftroot@=\count90
LaTeX Info: Redefining \overline on input line 297.
\classnum@=\count91
\DOTSCASE@=\count92
LaTeX Info: Redefining \ldots on input line 394.
LaTeX Info: Redefining \dots on input line 397.
LaTeX Info: Redefining \cdots on input line 518.
\Mathstrutbox@=\box26
\strutbox@=\box27
\big@size=\dimen105
LaTeX Font Info:    Redeclaring font encoding OML on input line 634.
LaTeX Font Info:    Redeclaring font encoding OMS on input line 635.
\macc@depth=\count93
\c@MaxMatrixCols=\count94
\dotsspace@=\muskip10
\c@parentequation=\count95
\dspbrk@lvl=\count96
\tag@help=\toks16
\row@=\count97
\column@=\count98
\maxfields@=\count99
\andhelp@=\toks17
\eqnshift@=\dimen106
\alignsep@=\dimen107
\tagshift@=\dimen108
\tagwidth@=\dimen109
\totwidth@=\dimen110
\lineht@=\dimen111
\@envbody=\toks18
\multlinegap=\skip44
\multlinetaggap=\skip45
\mathdisplay@stack=\toks19
LaTeX Info: Redefining \[ on input line 2739.
LaTeX Info: Redefining \] on input line 2740.
)
(/usr/local/texlive/2016/texmf-dist/tex/latex/amscls/amsthm.sty
Package: amsthm 2015/03/04 v2.20.2
\thm@style=\toks20
\thm@bodyfont=\toks21
\thm@headfont=\toks22
\thm@notefont=\toks23
\thm@headpunct=\toks24
\thm@preskip=\skip46
\thm@postskip=\skip47
\thm@headsep=\skip48
\dth@everypar=\toks25
)
(/usr/local/texlive/2016/texmf-dist/tex/latex/fancyhdr/fancyhdr.sty
\fancy@headwidth=\skip49
\f@ncyO@elh=\skip50
\f@ncyO@erh=\skip51
\f@ncyO@olh=\skip52
\f@ncyO@orh=\skip53
\f@ncyO@elf=\skip54
\f@ncyO@erf=\skip55
\f@ncyO@olf=\skip56
\f@ncyO@orf=\skip57
)
(/usr/local/texlive/2016/texmf-dist/tex/latex/supertabular/supertabular.sty
Package: supertabular 2004/02/20 v4.1e the supertabular environment
\c@tracingst=\count100
\ST@wd=\dimen112
\ST@rightskip=\skip58
\ST@leftskip=\skip59
\ST@parfillskip=\skip60
\ST@pageleft=\dimen113
\ST@headht=\dimen114
\ST@tailht=\dimen115
\ST@pagesofar=\dimen116
\ST@pboxht=\dimen117
\ST@lineht=\dimen118
\ST@stretchht=\dimen119
\ST@prevht=\dimen120
\ST@toadd=\dimen121
\ST@dimen=\dimen122
\ST@pbox=\box28
)
(/usr/local/texlive/2016/texmf-dist/tex/latex/tools/longtable.sty
Package: longtable 2014/10/28 v4.11 Multi-page Table package (DPC)
\LTleft=\skip61
\LTright=\skip62
\LTpre=\skip63
\LTpost=\skip64
\LTchunksize=\count101
\LTcapwidth=\dimen123
\LT@head=\box29
\LT@firsthead=\box30
\LT@foot=\box31
\LT@lastfoot=\box32
\LT@cols=\count102
\LT@rows=\count103
\c@LT@tables=\count104
\c@LT@chunks=\count105
\LT@p@ftn=\toks26
)
(/usr/local/texlive/2016/texmf-dist/tex/latex/tools/hhline.sty
Package: hhline 2014/10/28 v2.03 Table rule package (DPC)
)
(/usr/local/texlive/2016/texmf-dist/tex/latex/colortbl/colortbl.sty
Package: colortbl 2012/02/13 v1.0a Color table columns (DPC)

(/usr/local/texlive/2016/texmf-dist/tex/latex/tools/array.sty
Package: array 2014/10/28 v2.4c Tabular extension package (FMi)
\col@sep=\dimen124
\extrarowheight=\dimen125
\NC@list=\toks27
\extratabsurround=\skip65
\backup@length=\skip66
)
(/usr/local/texlive/2016/texmf-dist/tex/latex/graphics/color.sty
Package: color 2016/05/09 v1.1c Standard LaTeX Color (DPC)

(/usr/local/texlive/2016/texmf-dist/tex/latex/graphics-cfg/color.cfg
File: color.cfg 2016/01/02 v1.6 sample color configuration
)
Package color Info: Driver file: pdftex.def on input line 144.

(/usr/local/texlive/2016/texmf-dist/tex/latex/pdftex-def/pdftex.def
File: pdftex.def 2011/05/27 v0.06d Graphics/color for pdfTeX

(/usr/local/texlive/2016/texmf-dist/tex/generic/oberdiek/infwarerr.sty
Package: infwarerr 2016/05/16 v1.4 Providing info/warning/error messages (HO)
)
(/usr/local/texlive/2016/texmf-dist/tex/generic/oberdiek/ltxcmds.sty
Package: ltxcmds 2016/05/16 v1.23 LaTeX kernel commands for general use (HO)
)
\Gread@gobject=\count106
))
\everycr=\toks28
\minrowclearance=\skip67
)
(/usr/local/texlive/2016/texmf-dist/tex/latex/import/import.sty
Package: import 2009/03/23  v 5.1
)
(/usr/local/texlive/2016/texmf-dist/tex/latex/tools/multicol.sty
Package: multicol 2016/04/07 v1.8p multicolumn formatting (FMi)
\c@tracingmulticols=\count107
\mult@box=\box33
\multicol@leftmargin=\dimen126
\c@unbalance=\count108
\c@collectmore=\count109
\doublecol@number=\count110
\multicoltolerance=\count111
\multicolpretolerance=\count112
\full@width=\dimen127
\page@free=\dimen128
\premulticols=\dimen129
\postmulticols=\dimen130
\multicolsep=\skip68
\multicolbaselineskip=\skip69
\partial@page=\box34
\last@line=\box35
\maxbalancingoverflow=\dimen131
\mult@rightbox=\box36
\mult@grightbox=\box37
\mult@gfirstbox=\box38
\mult@firstbox=\box39
\@tempa=\box40
\@tempa=\box41
\@tempa=\box42
\@tempa=\box43
\@tempa=\box44
\@tempa=\box45
\@tempa=\box46
\@tempa=\box47
\@tempa=\box48
\@tempa=\box49
\@tempa=\box50
\@tempa=\box51
\@tempa=\box52
\@tempa=\box53
\@tempa=\box54
\@tempa=\box55
\@tempa=\box56
\c@columnbadness=\count113
\c@finalcolumnbadness=\count114
\last@try=\dimen132
\multicolovershoot=\dimen133
\multicolundershoot=\dimen134
\mult@nat@firstbox=\box57
\colbreak@box=\box58
\mc@col@check@num=\count115
)
(/usr/local/texlive/2016/texmf-dist/tex/latex/boxedminipage/boxedminipage.sty)
(/usr/local/texlive/2016/texmf-dist/tex/latex/chapterfolder/chapterfolder.sty
Package: chapterfolder 2005/11/24 v2.0 Package for dealing with folder

(/usr/local/texlive/2016/texmf-dist/tex/latex/base/ifthen.sty
Package: ifthen 2014/09/29 v1.1c Standard LaTeX ifthen package (DPC)
)
\c@@cf@currentpos=\count116
)
(/usr/local/texlive/2016/texmf-dist/tex/generic/mfpic/mfpic.sty
Package: mfpic 2012/12/03 v1.10. Macros for drawing with Metafont/MetaPost.

(/usr/local/texlive/2016/texmf-dist/tex/generic/mfpic/mfpic.tex
(/usr/local/texlive/2016/texmf-dist/tex/latex/graphics/graphics.sty
Package: graphics 2016/05/09 v1.0r Standard LaTeX Graphics (DPC,SPQR)

(/usr/local/texlive/2016/texmf-dist/tex/latex/graphics/trig.sty
Package: trig 2016/01/03 v1.10 sin cos tan (DPC)
)
(/usr/local/texlive/2016/texmf-dist/tex/latex/graphics-cfg/graphics.cfg
File: graphics.cfg 2016/01/02 v1.10 sample graphics configuration
)
Package graphics Info: Driver file: pdftex.def on input line 96.
)
\mfp@out=\write3
\mfp@graph=\read1
\mfp@count=\count117
\mfp@linetype=\count118
\mfp@sequence=\count119
\mfp@toks=\toks29
\mfp@verbtex=\toks30
\mfp@fdc=\count120
\@wholegraph=\box59
\@textbox=\box60
\@alltlabels=\box61
\@backtext=\box62
\@tlabelstop=\fontdimen 23\mfp@dummy 
\@tlabelsbot=\fontdimen 24\mfp@dummy 
\@tlabelsleft=\fontdimen 25\mfp@dummy 
\@graphright=\fontdimen 26\mfp@dummy 
\@graphleft=\fontdimen 27\mfp@dummy 
\@graphtop=\fontdimen 28\mfp@dummy 
\@graphbot=\fontdimen 29\mfp@dummy 
\tb@raise=\fontdimen 30\mfp@dummy 
\tb@moveright=\fontdimen 31\mfp@dummy 
\tb@totalht=\fontdimen 32\mfp@dummy 
\tlabel@hadj=\fontdimen 33\mfp@dummy 
\tlabel@vadj=\fontdimen 34\mfp@dummy 
\tlabel@sep=\fontdimen 35\mfp@dummy 
\tlpath@sep=\fontdimen 36\mfp@dummy 
\mfpicunit=\fontdimen 37\mfp@dummy 
\@mfpicunit=\fontdimen 38\mfp@dummy 
\pointsize=\fontdimen 39\mfp@dummy 
\shadespace=\fontdimen 40\mfp@dummy 
\polkadotspace=\fontdimen 41\mfp@dummy 
\hatchspace=\fontdimen 42\mfp@dummy 
\headlen=\fontdimen 43\mfp@dummy 
\axisheadlen=\fontdimen 44\mfp@dummy 
\sideheadlen=\fontdimen 45\mfp@dummy 
\hashlen=\fontdimen 46\mfp@dummy 
\dashlen=\fontdimen 47\mfp@dummy 
\dashspace=\fontdimen 48\mfp@dummy 
\dotsize=\fontdimen 49\mfp@dummy 
\griddotsize=\fontdimen 50\mfp@dummy 
\dotspace=\fontdimen 51\mfp@dummy 
\symbolspace=\fontdimen 52\mfp@dummy 
\mfp@scratch=\dimen135
\mfpframesep=\dimen136
\mfpframethickness=\dimen137
\mfpicheight=\dimen138
\mfpicwidth=\dimen139
\mfpiccaptionskip=\skip70
\tl@vpos=\count121
\tl@hpos=\count122
\mfp@commentchar=\count123
))
(/usr/local/texlive/2016/texmf-dist/tex/latex/graphics/graphicx.sty
Package: graphicx 2014/10/28 v1.0g Enhanced LaTeX Graphics (DPC,SPQR)

(/usr/local/texlive/2016/texmf-dist/tex/latex/graphics/keyval.sty
Package: keyval 2014/10/28 v1.15 key=value parser (DPC)
\KV@toks@=\toks31
)
\Gin@req@height=\dimen140
\Gin@req@width=\dimen141
)
(/usr/local/texlive/2016/texmf-dist/tex/latex/base/makeidx.sty
Package: makeidx 2014/09/29 v1.0m Standard LaTeX package
)
(/usr/local/texlive/2016/texmf-dist/tex/latex/hyperref/hyperref.sty
Package: hyperref 2016/05/05 v6.83n Hypertext links for LaTeX

(/usr/local/texlive/2016/texmf-dist/tex/generic/oberdiek/hobsub-hyperref.sty
Package: hobsub-hyperref 2016/05/16 v1.14 Bundle oberdiek, subset hyperref (HO)


(/usr/local/texlive/2016/texmf-dist/tex/generic/oberdiek/hobsub-generic.sty
Package: hobsub-generic 2016/05/16 v1.14 Bundle oberdiek, subset generic (HO)
Package: hobsub 2016/05/16 v1.14 Construct package bundles (HO)
Package hobsub Info: Skipping package `infwarerr' (already loaded).
Package hobsub Info: Skipping package `ltxcmds' (already loaded).
Package: ifluatex 2016/05/16 v1.4 Provides the ifluatex switch (HO)
Package ifluatex Info: LuaTeX not detected.
Package: ifvtex 2016/05/16 v1.6 Detect VTeX and its facilities (HO)
Package ifvtex Info: VTeX not detected.
Package: intcalc 2016/05/16 v1.2 Expandable calculations with integers (HO)
Package: ifpdf 2016/05/14 v3.1 Provides the ifpdf switch
Package: etexcmds 2016/05/16 v1.6 Avoid name clashes with e-TeX commands (HO)
Package etexcmds Info: Could not find \expanded.
(etexcmds)             That can mean that you are not using pdfTeX 1.50 or
(etexcmds)             that some package has redefined \expanded.
(etexcmds)             In the latter case, load this package earlier.
Package: kvsetkeys 2016/05/16 v1.17 Key value parser (HO)
Package: kvdefinekeys 2016/05/16 v1.4 Define keys (HO)
Package: pdftexcmds 2016/05/10 v0.21 Utility functions of pdfTeX for LuaTeX (HO
)
Package pdftexcmds Info: LuaTeX not detected.
Package pdftexcmds Info: \pdf@primitive is available.
Package pdftexcmds Info: \pdf@ifprimitive is available.
Package pdftexcmds Info: \pdfdraftmode found.
Package: pdfescape 2016/05/16 v1.14 Implements pdfTeX's escape features (HO)
Package: bigintcalc 2016/05/16 v1.4 Expandable calculations on big integers (HO
)
Package: bitset 2016/05/16 v1.2 Handle bit-vector datatype (HO)
Package: uniquecounter 2016/05/16 v1.3 Provide unlimited unique counter (HO)
)
Package hobsub Info: Skipping package `hobsub' (already loaded).
Package: letltxmacro 2016/05/16 v1.5 Let assignment for LaTeX macros (HO)
Package: hopatch 2016/05/16 v1.3 Wrapper for package hooks (HO)
Package: xcolor-patch 2016/05/16 xcolor patch
Package: atveryend 2016/05/16 v1.9 Hooks at the very end of document (HO)
Package atveryend Info: \enddocument detected (standard20110627).
Package: atbegshi 2016/05/16 v1.17 At begin shipout hook (HO)
Package: refcount 2016/05/16 v3.5 Data extraction from label references (HO)
Package: hycolor 2016/05/16 v1.8 Color options for hyperref/bookmark (HO)
)
(/usr/local/texlive/2016/texmf-dist/tex/generic/ifxetex/ifxetex.sty
Package: ifxetex 2010/09/12 v0.6 Provides ifxetex conditional
)
(/usr/local/texlive/2016/texmf-dist/tex/latex/oberdiek/auxhook.sty
Package: auxhook 2016/05/16 v1.4 Hooks for auxiliary files (HO)
)
(/usr/local/texlive/2016/texmf-dist/tex/latex/oberdiek/kvoptions.sty
Package: kvoptions 2016/05/16 v3.12 Key value format for package options (HO)
)
\@linkdim=\dimen142
\Hy@linkcounter=\count124
\Hy@pagecounter=\count125

(/usr/local/texlive/2016/texmf-dist/tex/latex/hyperref/pd1enc.def
File: pd1enc.def 2016/05/05 v6.83n Hyperref: PDFDocEncoding definition (HO)
)
\Hy@SavedSpaceFactor=\count126

(/usr/local/texlive/2016/texmf-dist/tex/latex/latexconfig/hyperref.cfg
File: hyperref.cfg 2002/06/06 v1.2 hyperref configuration of TeXLive
)
Package hyperref Info: Option `colorlinks' set `true' on input line 4322.
Package hyperref Info: Option `hyperindex' set `true' on input line 4322.
Package hyperref Info: Option `plainpages' set `false' on input line 4322.
Package hyperref Info: Option `pdfpagelabels' set `true' on input line 4322.
Package hyperref Info: Hyper figures OFF on input line 4446.
Package hyperref Info: Link nesting OFF on input line 4451.
Package hyperref Info: Hyper index ON on input line 4454.
Package hyperref Info: Plain pages OFF on input line 4461.
Package hyperref Info: Backreferencing OFF on input line 4466.
Package hyperref Info: Implicit mode ON; LaTeX internals redefined.
Package hyperref Info: Bookmarks ON on input line 4691.
\c@Hy@tempcnt=\count127

(/usr/local/texlive/2016/texmf-dist/tex/latex/url/url.sty
\Urlmuskip=\muskip11
Package: url 2013/09/16  ver 3.4  Verb mode for urls, etc.
)
LaTeX Info: Redefining \url on input line 5044.
\XeTeXLinkMargin=\dimen143
\Fld@menulength=\count128
\Field@Width=\dimen144
\Fld@charsize=\dimen145
Package hyperref Info: Hyper figures OFF on input line 6298.
Package hyperref Info: Link nesting OFF on input line 6303.
Package hyperref Info: Hyper index ON on input line 6306.
Package hyperref Info: backreferencing OFF on input line 6313.
Package hyperref Info: Link coloring ON on input line 6316.
Package hyperref Info: Link coloring with OCG OFF on input line 6323.
Package hyperref Info: PDF/A mode OFF on input line 6328.
LaTeX Info: Redefining \ref on input line 6368.
LaTeX Info: Redefining \pageref on input line 6372.
\Hy@abspage=\count129
\c@Item=\count130
\c@Hfootnote=\count131
)

Package hyperref Message: Driver (autodetected): hpdftex.

(/usr/local/texlive/2016/texmf-dist/tex/latex/hyperref/hpdftex.def
File: hpdftex.def 2016/05/05 v6.83n Hyperref driver for pdfTeX
\Fld@listcount=\count132
\c@bookmark@seq@number=\count133

(/usr/local/texlive/2016/texmf-dist/tex/latex/oberdiek/rerunfilecheck.sty
Package: rerunfilecheck 2016/05/16 v1.8 Rerun checks for auxiliary files (HO)
Package uniquecounter Info: New unique counter `rerunfilecheck' on input line 2
82.
)
\Hy@SectionHShift=\skip71
)
(/usr/local/texlive/2016/texmf-dist/tex/latex/oberdiek/hypcap.sty
Package: hypcap 2016/05/16 v1.12 Adjusting the anchors of captions (HO)
)
(/usr/local/texlive/2016/texmf-dist/tex/latex/cancel/cancel.sty
Package: cancel 2013/04/12 v2.2 Cancel math terms
)
(/usr/local/texlive/2016/texmf-dist/tex/latex/sectsty/sectsty.sty
Package: sectsty 2002/02/25 v2.0.2 Commands to change all sectional heading sty
les
)
(/usr/local/texlive/2016/texmf-dist/tex/latex/base/textcomp.sty
Package: textcomp 2005/09/27 v1.99g Standard LaTeX package
Package textcomp Info: Sub-encoding information:
(textcomp)               5 = only ISO-Adobe without \textcurrency
(textcomp)               4 = 5 + \texteuro
(textcomp)               3 = 4 + \textohm
(textcomp)               2 = 3 + \textestimated + \textcurrency
(textcomp)               1 = TS1 - \textcircled - \t
(textcomp)               0 = TS1 (full)
(textcomp)             Font families with sub-encoding setting implement
(textcomp)             only a restricted character set as indicated.
(textcomp)             Family '?' is the default used for unknown fonts.
(textcomp)             See the documentation for details.
Package textcomp Info: Setting ? sub-encoding to TS1/1 on input line 79.

(/usr/local/texlive/2016/texmf-dist/tex/latex/base/ts1enc.def
File: ts1enc.def 2001/06/05 v3.0e (jk/car/fm) Standard LaTeX file
)
LaTeX Info: Redefining \oldstylenums on input line 334.
Package textcomp Info: Setting cmr sub-encoding to TS1/0 on input line 349.
Package textcomp Info: Setting cmss sub-encoding to TS1/0 on input line 350.
Package textcomp Info: Setting cmtt sub-encoding to TS1/0 on input line 351.
Package textcomp Info: Setting cmvtt sub-encoding to TS1/0 on input line 352.
Package textcomp Info: Setting cmbr sub-encoding to TS1/0 on input line 353.
Package textcomp Info: Setting cmtl sub-encoding to TS1/0 on input line 354.
Package textcomp Info: Setting ccr sub-encoding to TS1/0 on input line 355.
Package textcomp Info: Setting ptm sub-encoding to TS1/4 on input line 356.
Package textcomp Info: Setting pcr sub-encoding to TS1/4 on input line 357.
Package textcomp Info: Setting phv sub-encoding to TS1/4 on input line 358.
Package textcomp Info: Setting ppl sub-encoding to TS1/3 on input line 359.
Package textcomp Info: Setting pag sub-encoding to TS1/4 on input line 360.
Package textcomp Info: Setting pbk sub-encoding to TS1/4 on input line 361.
Package textcomp Info: Setting pnc sub-encoding to TS1/4 on input line 362.
Package textcomp Info: Setting pzc sub-encoding to TS1/4 on input line 363.
Package textcomp Info: Setting bch sub-encoding to TS1/4 on input line 364.
Package textcomp Info: Setting put sub-encoding to TS1/5 on input line 365.
Package textcomp Info: Setting uag sub-encoding to TS1/5 on input line 366.
Package textcomp Info: Setting ugq sub-encoding to TS1/5 on input line 367.
Package textcomp Info: Setting ul8 sub-encoding to TS1/4 on input line 368.
Package textcomp Info: Setting ul9 sub-encoding to TS1/4 on input line 369.
Package textcomp Info: Setting augie sub-encoding to TS1/5 on input line 370.
Package textcomp Info: Setting dayrom sub-encoding to TS1/3 on input line 371.
Package textcomp Info: Setting dayroms sub-encoding to TS1/3 on input line 372.

Package textcomp Info: Setting pxr sub-encoding to TS1/0 on input line 373.
Package textcomp Info: Setting pxss sub-encoding to TS1/0 on input line 374.
Package textcomp Info: Setting pxtt sub-encoding to TS1/0 on input line 375.
Package textcomp Info: Setting txr sub-encoding to TS1/0 on input line 376.
Package textcomp Info: Setting txss sub-encoding to TS1/0 on input line 377.
Package textcomp Info: Setting txtt sub-encoding to TS1/0 on input line 378.
Package textcomp Info: Setting lmr sub-encoding to TS1/0 on input line 379.
Package textcomp Info: Setting lmdh sub-encoding to TS1/0 on input line 380.
Package textcomp Info: Setting lmss sub-encoding to TS1/0 on input line 381.
Package textcomp Info: Setting lmssq sub-encoding to TS1/0 on input line 382.
Package textcomp Info: Setting lmvtt sub-encoding to TS1/0 on input line 383.
Package textcomp Info: Setting lmtt sub-encoding to TS1/0 on input line 384.
Package textcomp Info: Setting qhv sub-encoding to TS1/0 on input line 385.
Package textcomp Info: Setting qag sub-encoding to TS1/0 on input line 386.
Package textcomp Info: Setting qbk sub-encoding to TS1/0 on input line 387.
Package textcomp Info: Setting qcr sub-encoding to TS1/0 on input line 388.
Package textcomp Info: Setting qcs sub-encoding to TS1/0 on input line 389.
Package textcomp Info: Setting qpl sub-encoding to TS1/0 on input line 390.
Package textcomp Info: Setting qtm sub-encoding to TS1/0 on input line 391.
Package textcomp Info: Setting qzc sub-encoding to TS1/0 on input line 392.
Package textcomp Info: Setting qhvc sub-encoding to TS1/0 on input line 393.
Package textcomp Info: Setting futs sub-encoding to TS1/4 on input line 394.
Package textcomp Info: Setting futx sub-encoding to TS1/4 on input line 395.
Package textcomp Info: Setting futj sub-encoding to TS1/4 on input line 396.
Package textcomp Info: Setting hlh sub-encoding to TS1/3 on input line 397.
Package textcomp Info: Setting hls sub-encoding to TS1/3 on input line 398.
Package textcomp Info: Setting hlst sub-encoding to TS1/3 on input line 399.
Package textcomp Info: Setting hlct sub-encoding to TS1/5 on input line 400.
Package textcomp Info: Setting hlx sub-encoding to TS1/5 on input line 401.
Package textcomp Info: Setting hlce sub-encoding to TS1/5 on input line 402.
Package textcomp Info: Setting hlcn sub-encoding to TS1/5 on input line 403.
Package textcomp Info: Setting hlcw sub-encoding to TS1/5 on input line 404.
Package textcomp Info: Setting hlcf sub-encoding to TS1/5 on input line 405.
Package textcomp Info: Setting pplx sub-encoding to TS1/3 on input line 406.
Package textcomp Info: Setting pplj sub-encoding to TS1/3 on input line 407.
Package textcomp Info: Setting ptmx sub-encoding to TS1/4 on input line 408.
Package textcomp Info: Setting ptmj sub-encoding to TS1/4 on input line 409.
)
\c@defn=\count134
\c@thm=\count135
\c@eqn=\count136
\c@ex=\count137
\c@fig=\count138

(/usr/local/texlive/2016/texmf-dist/tex/latex/psnfss/helvet.sty
Package: helvet 2005/04/12 PSNFSS-v9.2a (WaS) 
)
(/usr/local/texlive/2016/texmf-dist/tex/latex/sfmath/sfmath.sty
Package: sfmath 2007/08/27 v0.8 sans serif maths
LaTeX Font Info:    Overwriting symbol font `operators' in version `normal'
(Font)                  OT1/cmr/m/n --> OT1/phv/m/n on input line 329.
LaTeX Font Info:    Overwriting symbol font `operators' in version `bold'
(Font)                  OT1/cmr/bx/n --> OT1/phv/bx/n on input line 330.
\symSFMath=\mathgroup6
LaTeX Font Info:    Overwriting symbol font `SFMath' in version `normal'
(Font)                  OT1/phv/m/sl --> OT1/phv/m/sl on input line 343.
LaTeX Font Info:    Overwriting symbol font `SFMath' in version `bold'
(Font)                  OT1/phv/m/sl --> OT1/phv/bx/sl on input line 344.
LaTeX Font Info:    Redeclaring math symbol \imath on input line 398.
LaTeX Font Info:    Redeclaring math symbol \jmath on input line 399.
\symSFMathUp=\mathgroup7
LaTeX Font Info:    Overwriting symbol font `SFMathUp' in version `normal'
(Font)                  OT1/phv/m/n --> OT1/phv/m/n on input line 406.
LaTeX Font Info:    Overwriting symbol font `SFMathUp' in version `bold'
(Font)                  OT1/phv/m/n --> OT1/phv/bx/n on input line 407.
LaTeX Font Info:    Redeclaring math symbol \ldotp on input line 410.
\symSFMathGreek=\mathgroup8
LaTeX Font Info:    Overwriting symbol font `SFMathGreek' in version `normal'
(Font)                  OT1/cmss/m/n --> OT1/cmss/m/n on input line 419.
LaTeX Font Info:    Overwriting symbol font `SFMathGreek' in version `bold'
(Font)                  OT1/cmss/m/n --> OT1/cmss/bx/n on input line 420.
LaTeX Font Info:    Redeclaring math symbol \Gamma on input line 422.
LaTeX Font Info:    Redeclaring math symbol \Delta on input line 423.
LaTeX Font Info:    Redeclaring math symbol \Theta on input line 424.
LaTeX Font Info:    Redeclaring math symbol \Lambda on input line 425.
LaTeX Font Info:    Redeclaring math symbol \Xi on input line 426.
LaTeX Font Info:    Redeclaring math symbol \Pi on input line 427.
LaTeX Font Info:    Redeclaring math symbol \Sigma on input line 428.
LaTeX Font Info:    Redeclaring math symbol \Upsilon on input line 429.
LaTeX Font Info:    Redeclaring math symbol \Phi on input line 430.
LaTeX Font Info:    Redeclaring math symbol \Psi on input line 431.
LaTeX Font Info:    Redeclaring math symbol \Omega on input line 432.
\symSFMathUpGreek=\mathgroup9
LaTeX Font Info:    Overwriting symbol font `SFMathUpGreek' in version `normal'

(Font)                  OT1/cmss/m/n --> OT1/cmss/m/n on input line 436.
LaTeX Font Info:    Overwriting symbol font `SFMathUpGreek' in version `bold'
(Font)                  OT1/cmss/m/n --> OT1/cmss/bx/n on input line 437.
LaTeX Font Info:    Overwriting math alphabet `\mathnormal' in version `normal'

(Font)                  OML/cmm/m/it --> OT1/phv/m/sl on input line 446.
LaTeX Font Info:    Overwriting math alphabet `\mathnormal' in version `bold'
(Font)                  OML/cmm/b/it --> OT1/phv/bx/sl on input line 447.
LaTeX Font Info:    Overwriting math alphabet `\mathrm' in version `normal'
(Font)                  OT1/phv/m/n --> OT1/phv/m/n on input line 449.
LaTeX Font Info:    Overwriting math alphabet `\mathrm' in version `bold'
(Font)                  OT1/phv/bx/n --> OT1/phv/bx/n on input line 450.
LaTeX Font Info:    Overwriting math alphabet `\mathbf' in version `normal'
(Font)                  OT1/cmr/bx/n --> OT1/phv/bx/n on input line 452.
LaTeX Font Info:    Overwriting math alphabet `\mathbf' in version `bold'
(Font)                  OT1/cmr/bx/n --> OT1/phv/bx/n on input line 453.
LaTeX Font Info:    Overwriting math alphabet `\mathit' in version `normal'
(Font)                  OT1/cmr/m/it --> OT1/phv/m/sl on input line 455.
LaTeX Font Info:    Overwriting math alphabet `\mathit' in version `bold'
(Font)                  OT1/cmr/bx/it --> OT1/phv/bx/sl on input line 456.
LaTeX Font Info:    Overwriting math alphabet `\mathsf' in version `normal'
(Font)                  OT1/cmss/m/n --> OT1/phv/m/n on input line 458.
LaTeX Font Info:    Overwriting math alphabet `\mathsf' in version `bold'
(Font)                  OT1/cmss/bx/n --> OT1/phv/bx/n on input line 459.
LaTeX Font Info:    Overwriting math alphabet `\mathsl' in version `bold'
(Font)                  OT1/phv/m/sl --> OT1/phv/bx/sl on input line 466.
)
(./CompilerTheConicSections.aux (./TheConicSections.aux))
\openout1 = `CompilerTheConicSections.aux'.

LaTeX Font Info:    Checking defaults for OML/cmm/m/it on input line 42.
LaTeX Font Info:    ... okay on input line 42.
LaTeX Font Info:    Checking defaults for T1/cmr/m/n on input line 42.
LaTeX Font Info:    ... okay on input line 42.
LaTeX Font Info:    Checking defaults for OT1/cmr/m/n on input line 42.
LaTeX Font Info:    ... okay on input line 42.
LaTeX Font Info:    Checking defaults for OMS/cmsy/m/n on input line 42.
LaTeX Font Info:    ... okay on input line 42.
LaTeX Font Info:    Checking defaults for OMX/cmex/m/n on input line 42.
LaTeX Font Info:    ... okay on input line 42.
LaTeX Font Info:    Checking defaults for U/cmr/m/n on input line 42.
LaTeX Font Info:    ... okay on input line 42.
LaTeX Font Info:    Checking defaults for PD1/pdf/m/n on input line 42.
LaTeX Font Info:    ... okay on input line 42.
LaTeX Font Info:    Checking defaults for TS1/cmr/m/n on input line 42.
LaTeX Font Info:    Try loading font information for TS1+cmr on input line 42.

(/usr/local/texlive/2016/texmf-dist/tex/latex/base/ts1cmr.fd
File: ts1cmr.fd 2014/09/29 v2.5h Standard LaTeX font definitions
)
LaTeX Font Info:    ... okay on input line 42.
LaTeX Font Info:    Try loading font information for OT1+phv on input line 42.

(/usr/local/texlive/2016/texmf-dist/tex/latex/psnfss/ot1phv.fd
File: ot1phv.fd 2001/06/04 scalable font definitions for OT1/phv.
)
LaTeX Font Info:    Font shape `OT1/phv/m/n' will be
(Font)              scaled to size 10.07397pt on input line 42.

(/usr/local/texlive/2016/texmf-dist/tex/context/base/mkii/supp-pdf.mkii
[Loading MPS to PDF converter (version 2006.09.02).]
\scratchcounter=\count139
\scratchdimen=\dimen146
\scratchbox=\box63
\nofMPsegments=\count140
\nofMParguments=\count141
\everyMPshowfont=\toks32
\MPscratchCnt=\count142
\MPscratchDim=\dimen147
\MPnumerator=\count143
\makeMPintoPDFobject=\count144
\everyMPtoPDFconversion=\toks33
) (/usr/local/texlive/2016/texmf-dist/tex/latex/oberdiek/epstopdf-base.sty
Package: epstopdf-base 2016/05/15 v2.6 Base part for package epstopdf

(/usr/local/texlive/2016/texmf-dist/tex/latex/oberdiek/grfext.sty
Package: grfext 2016/05/16 v1.2 Manage graphics extensions (HO)
)
Package grfext Info: Graphics extension search list:
(grfext)             [.png,.pdf,.jpg,.mps,.jpeg,.jbig2,.jb2,.PNG,.PDF,.JPG,.JPE
G,.JBIG2,.JB2,.eps]
(grfext)             \AppendGraphicsExtensions on input line 456.

(/usr/local/texlive/2016/texmf-dist/tex/latex/latexconfig/epstopdf-sys.cfg
File: epstopdf-sys.cfg 2010/07/13 v1.3 Configuration of (r)epstopdf for TeX Liv
e
))
\AtBeginShipoutBox=\box64
Package hyperref Info: Link coloring ON on input line 42.

(/usr/local/texlive/2016/texmf-dist/tex/latex/hyperref/nameref.sty
Package: nameref 2012/10/27 v2.43 Cross-referencing by name of section

(/usr/local/texlive/2016/texmf-dist/tex/generic/oberdiek/gettitlestring.sty
Package: gettitlestring 2016/05/16 v1.5 Cleanup title references (HO)
)
\c@section@level=\count145
)
LaTeX Info: Redefining \ref on input line 42.
LaTeX Info: Redefining \pageref on input line 42.
LaTeX Info: Redefining \nameref on input line 42.

(./CompilerTheConicSections.out) (./CompilerTheConicSections.out)
\@outlinefile=\write4
\openout4 = `CompilerTheConicSections.out'.

\c@HW=\count146
\c@HWindent=\count147

Chapter 1.
LaTeX Font Info:    Font shape `OT1/phv/m/n' will be
(Font)              scaled to size 19.08076pt on input line 48.
LaTeX Font Info:    Font shape `OT1/phv/bx/n' in size <20.74> not available
(Font)              Font shape `OT1/phv/b/n' tried instead on input line 48.
LaTeX Font Info:    Font shape `OT1/phv/b/n' will be
(Font)              scaled to size 19.08076pt on input line 48.
LaTeX Font Info:    Font shape `OT1/phv/m/n' will be
(Font)              scaled to size 22.88956pt on input line 48.
LaTeX Font Info:    Font shape `OT1/phv/bx/n' in size <24.88> not available
(Font)              Font shape `OT1/phv/b/n' tried instead on input line 48.
LaTeX Font Info:    Font shape `OT1/phv/b/n' will be
(Font)              scaled to size 22.88956pt on input line 48.
LaTeX Font Info:    Font shape `OT1/phv/m/sc' will be
(Font)              scaled to size 22.88956pt on input line 48.
[1


{/usr/local/texlive/2016/texmf-var/fonts/map/pdftex/updmap/pdftex.map}]
\openout2 = `TheConicSections.aux'.


(./TheConicSections.tex
LaTeX Font Info:    Font shape `OT1/phv/m/n' will be
(Font)              scaled to size 13.24796pt on input line 1.
LaTeX Font Info:    Font shape `OT1/phv/bx/n' in size <14.4> not available
(Font)              Font shape `OT1/phv/b/n' tried instead on input line 1.
LaTeX Font Info:    Font shape `OT1/phv/b/n' will be
(Font)              scaled to size 13.24796pt on input line 1.
 (./IntrotoConics.tex

Mfpic: No file IntrotoConics.1.

Mfpic: Initializing IntrotoConics.mp.
\openout3 = `IntrotoConics.mp'.

Mfpic: Don't forget to process IntrotoConics.mp!
Mfpic: Apply metapost to IntrotoConics.mp.
Mfpic: Then reprocess this file "CompilerTheConicSections".

LaTeX Font Info:    Font shape `OT1/phv/bx/n' in size <10.95> not available
(Font)              Font shape `OT1/phv/b/n' tried instead on input line 9.
LaTeX Font Info:    Font shape `OT1/phv/b/n' will be
(Font)              scaled to size 10.07397pt on input line 9.
<./IntrotoConicsGraphics/cone.jpg, id=67, 385.44pt x 385.44pt>
File: ./IntrotoConicsGraphics/cone.jpg Graphic file (type jpg)

<use ./IntrotoConicsGraphics/cone.jpg>
Package pdftex.def Info: ./IntrotoConicsGraphics/cone.jpg used on input line 11
.
(pdftex.def)             Requested size: 144.54pt x 144.53964pt.
LaTeX Font Info:    Font shape `OT1/phv/m/n' will be
(Font)              scaled to size 7.35999pt on input line 17.
LaTeX Font Info:    Font shape `OT1/phv/m/n' will be
(Font)              scaled to size 5.51999pt on input line 17.
LaTeX Font Info:    Try loading font information for U+msa on input line 17.

(/usr/local/texlive/2016/texmf-dist/tex/latex/amsfonts/umsa.fd
File: umsa.fd 2013/01/14 v3.01 AMS symbols A
)
LaTeX Font Info:    Try loading font information for U+msb on input line 17.

(/usr/local/texlive/2016/texmf-dist/tex/latex/amsfonts/umsb.fd
File: umsb.fd 2013/01/14 v3.01 AMS symbols B
)
LaTeX Font Info:    Font shape `OT1/phv/m/sl' will be
(Font)              scaled to size 10.07397pt on input line 17.
LaTeX Font Info:    Font shape `OT1/phv/m/sl' will be
(Font)              scaled to size 7.35999pt on input line 17.
LaTeX Font Info:    Font shape `OT1/phv/m/sl' will be
(Font)              scaled to size 5.51999pt on input line 17.

<./IntrotoConicsGraphics/Circle01.jpg, id=68, 385.44pt x 385.44pt>
File: ./IntrotoConicsGraphics/Circle01.jpg Graphic file (type jpg)

<use ./IntrotoConicsGraphics/Circle01.jpg>
Package pdftex.def Info: ./IntrotoConicsGraphics/Circle01.jpg used on input lin
e 19.
(pdftex.def)             Requested size: 144.54pt x 144.53964pt.

<./IntrotoConicsGraphics/Circle02.jpg, id=69, 385.44pt x 385.44pt>
File: ./IntrotoConicsGraphics/Circle02.jpg Graphic file (type jpg)

<use ./IntrotoConicsGraphics/Circle02.jpg>
Package pdftex.def Info: ./IntrotoConicsGraphics/Circle02.jpg used on input lin
e 19.
(pdftex.def)             Requested size: 144.54pt x 144.53964pt.

Underfull \vbox (badness 10000) has occurred while \output is active []

LaTeX Font Info:    Font shape `OT1/phv/m/sc' will be
(Font)              scaled to size 10.07397pt on input line 26.
 [2

 <./IntrotoConicsGraphics/cone.jpg> <./IntrotoConicsGraphics/Circle01.jpg> <./I
ntrotoConicsGraphics/Circle02.jpg>]
<./IntrotoConicsGraphics/Ellipse01.jpg, id=75, 385.44pt x 385.44pt>
File: ./IntrotoConicsGraphics/Ellipse01.jpg Graphic file (type jpg)

<use ./IntrotoConicsGraphics/Ellipse01.jpg>
Package pdftex.def Info: ./IntrotoConicsGraphics/Ellipse01.jpg used on input li
ne 33.
(pdftex.def)             Requested size: 144.54pt x 144.53964pt.

<./IntrotoConicsGraphics/Ellipse02.jpg, id=76, 385.44pt x 385.44pt>
File: ./IntrotoConicsGraphics/Ellipse02.jpg Graphic file (type jpg)

<use ./IntrotoConicsGraphics/Ellipse02.jpg>
Package pdftex.def Info: ./IntrotoConicsGraphics/Ellipse02.jpg used on input li
ne 33.
(pdftex.def)             Requested size: 144.54pt x 144.53964pt.

<./IntrotoConicsGraphics/Parabola01.jpg, id=77, 385.44pt x 385.44pt>
File: ./IntrotoConicsGraphics/Parabola01.jpg Graphic file (type jpg)

<use ./IntrotoConicsGraphics/Parabola01.jpg>
Package pdftex.def Info: ./IntrotoConicsGraphics/Parabola01.jpg used on input l
ine 45.
(pdftex.def)             Requested size: 144.54pt x 144.53964pt.

<./IntrotoConicsGraphics/Parabola02.jpg, id=78, 385.44pt x 385.44pt>
File: ./IntrotoConicsGraphics/Parabola02.jpg Graphic file (type jpg)

<use ./IntrotoConicsGraphics/Parabola02.jpg>
Package pdftex.def Info: ./IntrotoConicsGraphics/Parabola02.jpg used on input l
ine 45.
(pdftex.def)             Requested size: 144.54pt x 144.53964pt.

<./IntrotoConicsGraphics/Hyperbola01.jpg, id=79, 385.44pt x 385.44pt>
File: ./IntrotoConicsGraphics/Hyperbola01.jpg Graphic file (type jpg)

<use ./IntrotoConicsGraphics/Hyperbola01.jpg>
Package pdftex.def Info: ./IntrotoConicsGraphics/Hyperbola01.jpg used on input 
line 57.
(pdftex.def)             Requested size: 144.54pt x 144.53964pt.

<./IntrotoConicsGraphics/Hyperbola02.jpg, id=80, 385.44pt x 385.44pt>
File: ./IntrotoConicsGraphics/Hyperbola02.jpg Graphic file (type jpg)

<use ./IntrotoConicsGraphics/Hyperbola02.jpg>
Package pdftex.def Info: ./IntrotoConicsGraphics/Hyperbola02.jpg used on input 
line 57.
(pdftex.def)             Requested size: 144.54pt x 144.53964pt.
 [3 <./IntrotoConicsGraphics/Ellipse01.jpg> <./IntrotoConicsGraphics/Ellipse02.
jpg> <./IntrotoConicsGraphics/Parabola01.jpg> <./IntrotoConicsGraphics/Parabola
02.jpg> <./IntrotoConicsGraphics/Hyperbola01.jpg> <./IntrotoConicsGraphics/Hype
rbola02.jpg>]
<./IntrotoConicsGraphics/Point01.jpg, id=85, 385.44pt x 385.44pt>
File: ./IntrotoConicsGraphics/Point01.jpg Graphic file (type jpg)

<use ./IntrotoConicsGraphics/Point01.jpg>
Package pdftex.def Info: ./IntrotoConicsGraphics/Point01.jpg used on input line
 75.
(pdftex.def)             Requested size: 144.54pt x 144.53964pt.

<./IntrotoConicsGraphics/Point02.jpg, id=86, 385.44pt x 385.44pt>
File: ./IntrotoConicsGraphics/Point02.jpg Graphic file (type jpg)

<use ./IntrotoConicsGraphics/Point02.jpg>
Package pdftex.def Info: ./IntrotoConicsGraphics/Point02.jpg used on input line
 75.
(pdftex.def)             Requested size: 144.54pt x 144.53964pt.

<./IntrotoConicsGraphics/Ilines01.jpg, id=87, 385.44pt x 385.44pt>
File: ./IntrotoConicsGraphics/Ilines01.jpg Graphic file (type jpg)

<use ./IntrotoConicsGraphics/Ilines01.jpg>
Package pdftex.def Info: ./IntrotoConicsGraphics/Ilines01.jpg used on input lin
e 77.
(pdftex.def)             Requested size: 144.54pt x 144.53964pt.

<./IntrotoConicsGraphics/Ilines02.jpg, id=88, 385.44pt x 385.44pt>
File: ./IntrotoConicsGraphics/Ilines02.jpg Graphic file (type jpg)

<use ./IntrotoConicsGraphics/Ilines02.jpg>
Package pdftex.def Info: ./IntrotoConicsGraphics/Ilines02.jpg used on input lin
e 77.
(pdftex.def)             Requested size: 144.54pt x 144.53964pt.

<./IntrotoConicsGraphics/Tline01.jpg, id=89, 385.44pt x 385.44pt>
File: ./IntrotoConicsGraphics/Tline01.jpg Graphic file (type jpg)

<use ./IntrotoConicsGraphics/Tline01.jpg>
Package pdftex.def Info: ./IntrotoConicsGraphics/Tline01.jpg used on input line
 79.
(pdftex.def)             Requested size: 144.54pt x 144.53964pt.

<./IntrotoConicsGraphics/Tline02.jpg, id=90, 385.44pt x 385.44pt>
File: ./IntrotoConicsGraphics/Tline02.jpg Graphic file (type jpg)

<use ./IntrotoConicsGraphics/Tline02.jpg>
Package pdftex.def Info: ./IntrotoConicsGraphics/Tline02.jpg used on input line
 79.
(pdftex.def)             Requested size: 144.54pt x 144.53964pt.
LaTeX Font Info:    Font shape `OT1/phv/m/n' will be
(Font)              scaled to size 8.27998pt on input line 86.
LaTeX Font Info:    Font shape `OT1/phv/m/n' will be
(Font)              scaled to size 4.59999pt on input line 86.
LaTeX Font Info:    Font shape `OT1/phv/m/sl' will be
(Font)              scaled to size 8.27998pt on input line 86.
LaTeX Font Info:    Font shape `OT1/phv/m/sl' will be
(Font)              scaled to size 4.59999pt on input line 86.
LaTeX Font Info:    Font shape `OT1/phv/m/it' in size <9> not available
(Font)              Font shape `OT1/phv/m/sl' tried instead on input line 86.
LaTeX Font Info:    Font shape `OT1/phv/m/sl' will be
(Font)              scaled to size 8.27998pt on input line 86.
LaTeX Font Info:    Font shape `OT1/phv/m/it' in size <10.95> not available
(Font)              Font shape `OT1/phv/m/sl' tried instead on input line 86.
LaTeX Font Info:    Font shape `OT1/phv/m/sl' will be
(Font)              scaled to size 10.07397pt on input line 86.


LaTeX Warning: Reference `AppCartesianPlane' on page 4 undefined on input line 
86.

) [4 <./IntrotoConicsGraphics/Point01.jpg> <./IntrotoConicsGraphics/Point02.jpg
> <./IntrotoConicsGraphics/Ilines01.jpg> <./IntrotoConicsGraphics/Ilines02.jpg>
 <./IntrotoConicsGraphics/Tline01.jpg> <./IntrotoConicsGraphics/Tline02.jpg>]
(./Parabolas.tex

Mfpic: Initializing Parabolas.mp.
\openout3 = `Parabolas.mp'.

Mfpic: Don't forget to process Parabolas.mp!
Mfpic: Apply metapost to Parabolas.mp.
Mfpic: Then reprocess this file "CompilerTheConicSections".

File: Parabolas.1 Graphic file (type mps)
[MP to PDF] (./Parabolas.1)

LaTeX Warning: Reference `QuadraticFunctions' on page 5 undefined on input line
 61.

File: Parabolas.2 Graphic file (type mps)
[MP to PDF] (./Parabolas.2)

LaTeX Warning: Reference `distanceformula' on page 5 undefined on input line 91
.

[5]

LaTeX Warning: Reference `vertexofquadraticfunctions' on page 6 undefined on in
put line 99.


LaTeX Warning: Reference `Transformations' on page 6 undefined on input line 10
9.

LaTeX Font Info:    Font shape `OT1/phv/m/it' in size <8> not available
(Font)              Font shape `OT1/phv/m/sl' tried instead on input line 125.
LaTeX Font Info:    Font shape `OT1/phv/m/sl' will be
(Font)              scaled to size 7.35999pt on input line 125.
LaTeX Font Info:    Font shape `OT1/phv/m/it' in size <6> not available
(Font)              Font shape `OT1/phv/m/sl' tried instead on input line 125.
LaTeX Font Info:    Font shape `OT1/phv/m/sl' will be
(Font)              scaled to size 5.51999pt on input line 125.
File: Parabolas.3 Graphic file (type mps)
[MP to PDF] (./Parabolas.3)
File: Parabolas.4 Graphic file (type mps)
 [MP to PDF] (./Parabolas.4)
File: Parabolas.5 Graphic file (type mps)
 [MP to PDF]
(./Parabolas.5)
Overfull \hbox (36.0pt too wide) in paragraph at lines 137--179
 [] 
 []

[6]
File: Parabolas.6 Graphic file (type mps)
 [MP to PDF] (./Parabolas.6) [7]
File: Parabolas.7 Graphic file (type mps)
 [MP to PDF] (./Parabolas.7)
File: Parabolas.8 Graphic file (type mps)
 [MP to PDF]
(./Parabolas.8)

LaTeX Warning: Reference `InverseFunctions' on page 8 undefined on input line 3
17.


LaTeX Warning: Reference `InverseFunctions' on page 8 undefined on input line 3
37.

File: Parabolas.9 Graphic file (type mps)
[MP to PDF] (./Parabolas.9)
File: Parabolas.10 Graphic file (type mps)
 [MP to PDF] (./Parabolas.10) [8]
LaTeX Font Info:    Try loading font information for TS1+phv on input line 393.


(/usr/local/texlive/2016/texmf-dist/tex/latex/psnfss/ts1phv.fd
File: ts1phv.fd 2001/06/04 scalable font definitions for TS1/phv.
)
LaTeX Font Info:    Font shape `TS1/phv/m/n' will be
(Font)              scaled to size 10.07397pt on input line 393.
File: Parabolas.11 Graphic file (type mps)
 [MP to PDF]
(./Parabolas.11) [9]
Underfull \vbox (badness 5893) has occurred while \output is active []

 [10]
File: Parabolas.12 Graphic file (type mps)

[MP to PDF] (./Parabolas.12)
File: Parabolas.13 Graphic file (type mps)
 [MP to PDF] (./Parabolas.13)
File: Parabolas.14 Graphic file (type mps)
 [MP to PDF]
(./Parabolas.14) [11]
<./ParabolasGraphics/Paraboloid01.jpg, id=182, 385.44pt x 385.44pt>
File: ./ParabolasGraphics/Paraboloid01.jpg Graphic file (type jpg)

<use ./ParabolasGraphics/Paraboloid01.jpg>
Package pdftex.def Info: ./ParabolasGraphics/Paraboloid01.jpg used on input lin
e 643.
(pdftex.def)             Requested size: 180.67499pt x 180.67455pt.

<./ParabolasGraphics/Paraboloid02.jpg, id=183, 385.44pt x 385.44pt>
File: ./ParabolasGraphics/Paraboloid02.jpg Graphic file (type jpg)

<use ./ParabolasGraphics/Paraboloid02.jpg>
Package pdftex.def Info: ./ParabolasGraphics/Paraboloid02.jpg used on input lin
e 643.
(pdftex.def)             Requested size: 180.67499pt x 180.67455pt.
 [12 <./ParabolasGraphics/Paraboloid01.jpg> <./ParabolasGraphics/Paraboloid02.j
pg>]
File: Parabolas.15 Graphic file (type mps)
 [MP to PDF] (./Parabolas.15)
LaTeX Font Info:    Font shape `OT1/phv/m/n' will be
(Font)              scaled to size 9.19998pt on input line 700.
LaTeX Font Info:    Font shape `OT1/phv/m/n' will be
(Font)              scaled to size 6.43999pt on input line 701.
LaTeX Font Info:    Font shape `OT1/phv/m/sl' will be
(Font)              scaled to size 9.19998pt on input line 701.
LaTeX Font Info:    Font shape `OT1/phv/m/sl' will be
(Font)              scaled to size 6.43999pt on input line 701.
File: Parabolas.16 Graphic file (type mps)

[MP to PDF] (./Parabolas.16) [13]
LaTeX Font Info:    Font shape `OT1/phv/m/n' will be
(Font)              scaled to size 11.03998pt on input line 718.
LaTeX Font Info:    Font shape `OT1/phv/bx/n' in size <12> not available
(Font)              Font shape `OT1/phv/b/n' tried instead on input line 718.
LaTeX Font Info:    Font shape `OT1/phv/b/n' will be
(Font)              scaled to size 11.03998pt on input line 718.
 (./ExercisesforParabolas.tex
File: Parabolas.17 Graphic file (type mps)
 [MP to PDF]
(./Parabolas.17)
File: Parabolas.18 Graphic file (type mps)
 [MP to PDF] (./Parabolas.18) [14]
File: Parabolas.19 Graphic file (type mps)
 [MP to PDF] (./Parabolas.19)
File: Parabolas.20 Graphic file (type mps)
[MP to PDF] (./Parabolas.20) [15]
Underfull \hbox (badness 10000) in paragraph at lines 271--276

 []

File: Parabolas.21 Graphic file (type mps)
[MP to PDF] (./Parabolas.21)
Underfull \hbox (badness 10000) in paragraph at lines 303--308

 []

File: Parabolas.22 Graphic file (type mps)
[MP to PDF] (./Parabolas.22)
Underfull \hbox (badness 10000) in paragraph at lines 337--342

 []

File: Parabolas.23 Graphic file (type mps)
[MP to PDF] (./Parabolas.23)
Underfull \vbox (badness 3657) has occurred while \output is active []

 [16]
Underfull \hbox (badness 10000) in paragraph at lines 370--375

 []

File: Parabolas.24 Graphic file (type mps)
[MP to PDF] (./Parabolas.24)
Underfull \hbox (badness 10000) in paragraph at lines 405--410

 []

File: Parabolas.25 Graphic file (type mps)
[MP to PDF] (./Parabolas.25)
Underfull \hbox (badness 10000) in paragraph at lines 438--443

 []

File: Parabolas.26 Graphic file (type mps)
[MP to PDF] (./Parabolas.26)
Underfull \hbox (badness 10000) in paragraph at lines 472--477

 []

File: Parabolas.27 Graphic file (type mps)
[MP to PDF] (./Parabolas.27)
Overfull \vbox (45.23262pt too high) has occurred while \output is active []


Overfull \vbox (45.23262pt too high) has occurred while \output is active []


Overfull \vbox (45.23262pt too high) has occurred while \output is active []


[17]
Underfull \hbox (badness 10000) in paragraph at lines 506--511

 []

File: Parabolas.28 Graphic file (type mps)
[MP to PDF] (./Parabolas.28) [18])) [19] (./Circles.tex

Mfpic: Initializing Circles.mp.
\openout3 = `Circles.mp'.

Mfpic: Don't forget to process Circles.mp!
Mfpic: Apply metapost to Circles.mp.
Mfpic: Then reprocess this file "CompilerTheConicSections".

File: Circles.1 Graphic file (type mps)
[MP to PDF] (./Circles.1)

LaTeX Warning: Reference `distanceformula' on page 20 undefined on input line 4
0.

[20]
File: Circles.2 Graphic file (type mps)
 [MP to PDF] (./Circles.2)
Overfull \hbox (15.25958pt too wide) detected at line 156
[]
 []

[21]
File: Circles.3 Graphic file (type mps)
 [MP to PDF] (./Circles.3)
File: Circles.4 Graphic file (type mps)
 [MP to PDF] (./Circles.4)
File: Circles.5 Graphic file (type mps)
 [MP to PDF]
(./Circles.5)
File: Circles.6 Graphic file (type mps)
 [MP to PDF] (./Circles.6) [22]

LaTeX Warning: Reference `midpointformula' on page 23 undefined on input line 2
91.


LaTeX Warning: Reference `distanceformula' on page 23 undefined on input line 2
91.

[23]

LaTeX Warning: Reference `Transformations' on page 24 undefined on input line 3
76.

[24] (./ExercisesforCircles.tex
File: Circles.7 Graphic file (type mps)
 [MP to PDF] (./Circles.7)
File: Circles.8 Graphic file (type mps)
 [MP to PDF]
(./Circles.8) [25]
File: Circles.9 Graphic file (type mps)
 [MP to PDF] (./Circles.9)
File: Circles.10 Graphic file (type mps)
 [MP to PDF] (./Circles.10)

LaTeX Warning: Reference `Transformations' on page 26 undefined on input line 2
72.

[26]
Underfull \hbox (badness 10000) in paragraph at lines 288--289

 []

File: Circles.11 Graphic file (type mps)
[MP to PDF] (./Circles.11)
Underfull \hbox (badness 10000) in paragraph at lines 311--312

 []

File: Circles.12 Graphic file (type mps)
[MP to PDF] (./Circles.12)
Underfull \hbox (badness 10000) in paragraph at lines 337--338

 []

File: Circles.13 Graphic file (type mps)
[MP to PDF] (./Circles.13)
Underfull \hbox (badness 10000) in paragraph at lines 359--360

 []

File: Circles.14 Graphic file (type mps)
[MP to PDF] (./Circles.14)
Underfull \hbox (badness 10000) in paragraph at lines 385--386

 []

File: Circles.15 Graphic file (type mps)
[MP to PDF] (./Circles.15)
Underfull \hbox (badness 10000) in paragraph at lines 410--411

 []

File: Circles.16 Graphic file (type mps)
[MP to PDF] (./Circles.16) [27] [28]
File: Circles.17 Graphic file (type mps)
 [MP to PDF] (./Circles.17)
File: Circles.18 Graphic file (type mps)
 [MP to PDF]
(./Circles.18)
File: Circles.19 Graphic file (type mps)
 [MP to PDF] (./Circles.19)
File: Circles.20 Graphic file (type mps)
 [MP to PDF] (./Circles.20))) [29]
(./Ellipses.tex

Mfpic: Initializing Ellipses.mp.
\openout3 = `Ellipses.mp'.

Mfpic: Don't forget to process Ellipses.mp!
Mfpic: Apply metapost to Ellipses.mp.
Mfpic: Then reprocess this file "CompilerTheConicSections".

File: Ellipses.1 Graphic file (type mps)
[MP to PDF] (./Ellipses.1)
File: Ellipses.2 Graphic file (type mps)
 [MP to PDF] (./Ellipses.2) [30]
File: Ellipses.3 Graphic file (type mps)
 [MP to PDF]
(./Ellipses.3) [31]

LaTeX Warning: Reference `Transformations' on page 32 undefined on input line 1
42.

[32] [33]
File: Ellipses.4 Graphic file (type mps)
 [MP to PDF] (./Ellipses.4)
File: Ellipses.5 Graphic file (type mps)
 [MP to PDF] (./Ellipses.5)
File: Ellipses.6 Graphic file (type mps)
 [MP to PDF]
(./Ellipses.6)
Overfull \hbox (26.80264pt too wide) in paragraph at lines 270--327
 [] 
 []

[34] [35]
Overfull \hbox (12.28447pt too wide) in paragraph at lines 371--372
[]\OT1/phv/m/n/10.95 Recall to graph the func-tion $\OT1/phv/m/sl/10.95 f\OT1/p
hv/m/n/10.95 (\OT1/phv/m/sl/10.95 x\OT1/phv/m/n/10.95 ) = 1 + 2[]$, we graph th
e equa-tion $\OT1/phv/m/sl/10.95 y \OT1/phv/m/n/10.95 = 1 + 2[]$.
 []


Overfull \hbox (5.2385pt too wide) in paragraph at lines 375--376
[]\OT1/phv/m/n/10.95 From $\OT1/phv/m/sl/10.95 y \OT1/phv/m/n/10.95 = 1 + 2[]$,
 we get $\OT1/phv/m/sl/10.95 y \OMS/cmsy/m/n/10.95 ^^@ \OT1/phv/m/n/10.95 1 = 2
[]$ so that $(\OT1/phv/m/sl/10.95 y \OMS/cmsy/m/n/10.95 ^^@ \OT1/phv/m/n/10.95 
1)[] = (2[])[]$.
 []

[36]
File: Ellipses.7 Graphic file (type mps)
 [MP to PDF] (./Ellipses.7)
File: Ellipses.8 Graphic file (type mps)
 [MP to PDF] (./Ellipses.8)
File: Ellipses.9 Graphic file (type mps)
 [MP to PDF]
(./Ellipses.9) [37]
File: Ellipses.10 Graphic file (type mps)
 [MP to PDF] (./Ellipses.10)
File: Ellipses.11 Graphic file (type mps)
 [MP to PDF] (./Ellipses.11)
[38]
File: Ellipses.12 Graphic file (type mps)
 [MP to PDF] (./Ellipses.12)
File: Ellipses.13 Graphic file (type mps)
 [MP to PDF] (./Ellipses.13)
File: Ellipses.14 Graphic file (type mps)
 [MP to PDF]
(./Ellipses.14) [39] [40] (./ExercisesforEllipses.tex
Underfull \vbox (badness 1184) has occurred while \output is active []

 [41]
File: Ellipses.15 Graphic file (type mps)

[MP to PDF] (./Ellipses.15)
File: Ellipses.16 Graphic file (type mps)
 [MP to PDF] (./Ellipses.16)
File: Ellipses.17 Graphic file (type mps)
 [MP to PDF]
(./Ellipses.17)
File: Ellipses.18 Graphic file (type mps)
 [MP to PDF] (./Ellipses.18) [42] [43]
Underfull \hbox (badness 10000) in paragraph at lines 284--291

 []

File: Ellipses.19 Graphic file (type mps)
[MP to PDF] (./Ellipses.19)
Underfull \hbox (badness 10000) in paragraph at lines 315--322

 []

File: Ellipses.20 Graphic file (type mps)
[MP to PDF] (./Ellipses.20)
Underfull \hbox (badness 10000) in paragraph at lines 346--353

 []

File: Ellipses.21 Graphic file (type mps)
[MP to PDF] (./Ellipses.21)
Underfull \hbox (badness 10000) in paragraph at lines 377--384

 []

File: Ellipses.22 Graphic file (type mps)
[MP to PDF] (./Ellipses.22)
Overfull \vbox (7.649pt too high) has occurred while \output is active []


Overfull \vbox (5.09889pt too high) has occurred while \output is active []


[44]
Underfull \hbox (badness 10000) in paragraph at lines 408--415

 []

File: Ellipses.23 Graphic file (type mps)
[MP to PDF] (./Ellipses.23)
Underfull \hbox (badness 10000) in paragraph at lines 439--446

 []

File: Ellipses.24 Graphic file (type mps)
[MP to PDF] (./Ellipses.24)
Underfull \hbox (badness 10000) in paragraph at lines 472--479

 []

File: Ellipses.25 Graphic file (type mps)
[MP to PDF] (./Ellipses.25)
Underfull \vbox (badness 2020) has occurred while \output is active []

 [45]
Underfull \hbox (badness 10000) in paragraph at lines 507--515

 []

File: Ellipses.26 Graphic file (type mps)
[MP to PDF] (./Ellipses.26)
Underfull \vbox (badness 10000) has occurred while \output is active []

 [46]
Underfull \hbox (badness 7796) in paragraph at lines 624--632
\OT1/phv/m/n/10.95 Endpoints of Mi-nor Axis $[]$,
 []

[47]
File: Ellipses.27 Graphic file (type mps)
 [MP to PDF] (./Ellipses.27)
File: Ellipses.28 Graphic file (type mps)
 [MP to PDF] (./Ellipses.28)
File: Ellipses.29 Graphic file (type mps)
 [MP to PDF]
(./Ellipses.29)
File: Ellipses.30 Graphic file (type mps)
 [MP to PDF] (./Ellipses.30) [48])) [49] (./Hyperbolas.tex

Mfpic: Initializing Hyperbolas.mp.
\openout3 = `Hyperbolas.mp'.

Mfpic: Don't forget to process Hyperbolas.mp!
Mfpic: Apply metapost to Hyperbolas.mp.
Mfpic: Then reprocess this file "CompilerTheConicSections".

File: Hyperbolas.1 Graphic file (type mps)
[MP to PDF] (./Hyperbolas.1)
File: Hyperbolas.2 Graphic file (type mps)
 [MP to PDF] (./Hyperbolas.2) [50]
File: Hyperbolas.3 Graphic file (type mps)
 [MP to PDF]
(./Hyperbolas.3)
File: Hyperbolas.4 Graphic file (type mps)
 [MP to PDF] (./Hyperbolas.4) [51] [52] [53]
File: Hyperbolas.5 Graphic file (type mps)
 [MP to PDF]
(./Hyperbolas.5) [54]

LaTeX Warning: Reference `pointslope' on page 55 undefined on input line 309.

File: Hyperbolas.6 Graphic file (type mps)
[MP to PDF] (./Hyperbolas.6)
File: Hyperbolas.7 Graphic file (type mps)
 [MP to PDF] (./Hyperbolas.7) [55]

LaTeX Warning: Reference `pointslope' on page 56 undefined on input line 388.

File: Hyperbolas.8 Graphic file (type mps)
[MP to PDF] (./Hyperbolas.8) [56]
File: Hyperbolas.9 Graphic file (type mps)
 [MP to PDF] (./Hyperbolas.9) [57]
File: Hyperbolas.10 Graphic file (type mps)

[MP to PDF] (./Hyperbolas.10) [58]
File: Hyperbolas.11 Graphic file (type mps)
 [MP to PDF] (./Hyperbolas.11) [59]
File: Hyperbolas.12 Graphic file (type mps)

[MP to PDF] (./Hyperbolas.12)
File: Hyperbolas.13 Graphic file (type mps)
 [MP to PDF] (./Hyperbolas.13)
Overfull \hbox (45.1583pt too wide) in paragraph at lines 613--665
 [] 
 []


LaTeX Warning: Reference `NonLinearEquations' on page 60 undefined on input lin
e 668.

[60]
LaTeX Font Info:    Font shape `OT1/phv/bx/n' in size <9> not available
(Font)              Font shape `OT1/phv/b/n' tried instead on input line 674.
LaTeX Font Info:    Font shape `OT1/phv/b/n' will be
(Font)              scaled to size 8.27998pt on input line 674.


LaTeX Warning: Reference `PolarConics' on page 61 undefined on input line 674.

[61] (./ExercisesforHyperbolas.tex
Underfull \vbox (badness 2435) has occurred while \output is active []

 [62]
File: Hyperbolas.14 Graphic file (type mps)

[MP to PDF] (./Hyperbolas.14)
File: Hyperbolas.15 Graphic file (type mps)
 [MP to PDF] (./Hyperbolas.15)

LaTeX Warning: Reference `Richterexercise' on page 63 undefined on input line 2
71.


LaTeX Warning: Reference `LogarithmicFunctions' on page 63 undefined on input l
ine 271.

[63]
File: Hyperbolas.16 Graphic file (type mps)
 [MP to PDF] (./Hyperbolas.16) [64]

LaTeX Warning: Reference `conicclassification' on page 65 undefined on input li
ne 322.


LaTeX Warning: Reference `rotationaxes' on page 65 undefined on input line 322.


[65]
Underfull \hbox (badness 10000) in paragraph at lines 335--341

 []

File: Hyperbolas.17 Graphic file (type mps)
[MP to PDF] (./Hyperbolas.17)
Underfull \hbox (badness 10000) in paragraph at lines 370--376

 []

File: Hyperbolas.18 Graphic file (type mps)
[MP to PDF] (./Hyperbolas.18)
Underfull \hbox (badness 10000) in paragraph at lines 404--410

 []

File: Hyperbolas.19 Graphic file (type mps)
[MP to PDF] (./Hyperbolas.19)
Underfull \vbox (badness 10000) has occurred while \output is active []

 [66]
Underfull \hbox (badness 10000) in paragraph at lines 446--452

 []

File: Hyperbolas.20 Graphic file (type mps)
[MP to PDF] (./Hyperbolas.20)
Underfull \hbox (badness 10000) in paragraph at lines 480--486

 []

File: Hyperbolas.21 Graphic file (type mps)
[MP to PDF] (./Hyperbolas.21)
Underfull \hbox (badness 10000) in paragraph at lines 516--522

 []

File: Hyperbolas.22 Graphic file (type mps)
[MP to PDF] (./Hyperbolas.22)
Underfull \hbox (badness 10000) in paragraph at lines 550--556

 []

File: Hyperbolas.23 Graphic file (type mps)
[MP to PDF] (./Hyperbolas.23)
Overfull \vbox (9.53432pt too high) has occurred while \output is active []


[67]
Underfull \hbox (badness 10000) in paragraph at lines 586--592

 []

File: Hyperbolas.24 Graphic file (type mps)
[MP to PDF] (./Hyperbolas.24) [68]
File: Hyperbolas.25 Graphic file (type mps)
 [MP to PDF] (./Hyperbolas.25)
File: Hyperbolas.26 Graphic file (type mps)
 [MP to PDF]
(./Hyperbolas.26)
File: Hyperbolas.27 Graphic file (type mps)
 [MP to PDF] (./Hyperbolas.27)
File: Hyperbolas.28 Graphic file (type mps)
 [MP to PDF] (./Hyperbolas.28)
[69]
Underfull \hbox (badness 10000) in paragraph at lines 893--894

 []

File: Hyperbolas.29 Graphic file (type mps)
[MP to PDF] (./Hyperbolas.29)
Underfull \hbox (badness 10000) in paragraph at lines 919--920

 []

File: Hyperbolas.30 Graphic file (type mps)
[MP to PDF] (./Hyperbolas.30)
Underfull \hbox (badness 10000) in paragraph at lines 945--946

 []

File: Hyperbolas.31 Graphic file (type mps)
[MP to PDF] (./Hyperbolas.31)
Underfull \hbox (badness 10000) in paragraph at lines 969--970

 []

File: Hyperbolas.32 Graphic file (type mps)
[MP to PDF] (./Hyperbolas.32) [70]
Underfull \hbox (badness 10000) in paragraph at lines 1005--1006

 []

File: Hyperbolas.33 Graphic file (type mps)
[MP to PDF] (./Hyperbolas.33)
Underfull \hbox (badness 10000) in paragraph at lines 1042--1043

 []

File: Hyperbolas.34 Graphic file (type mps)
[MP to PDF] (./Hyperbolas.34) [71]
Underfull \hbox (badness 10000) in paragraph at lines 1086--1087

 []

File: Hyperbolas.35 Graphic file (type mps)
[MP to PDF] (./Hyperbolas.35)))) [72]
Package atveryend Info: Empty hook `BeforeClearDocument' on input line 52.
Package atveryend Info: Empty hook `AfterLastShipout' on input line 52.
 (./CompilerTheConicSections.aux
(./TheConicSections.aux))
Package atveryend Info: Executing hook `AtVeryEndDocument' on input line 52.
Package atveryend Info: Executing hook `AtEndAfterFileList' on input line 52.
Package rerunfilecheck Info: File `CompilerTheConicSections.out' has not change
d.
(rerunfilecheck)             Checksum: C963FB0143641C21BE86407ACBDCDA39;832.


LaTeX Warning: There were undefined references.


LaTeX Warning: Label(s) may have changed. Rerun to get cross-references right.

Package atveryend Info: Empty hook `AtVeryVeryEnd' on input line 52.
 ) 
Here is how much of TeX's memory you used:
 10734 strings out of 493014
 141737 string characters out of 6133351
 496941 words of memory out of 5000000
 13311 multiletter control sequences out of 15000+600000
 52161 words of font info for 98 fonts, out of 8000000 for 9000
 1141 hyphenation exceptions out of 8191
 37i,17n,43p,1451b,1834s stack positions out of 5000i,500n,10000p,200000b,80000s
{/usr/local/texlive/2016/texmf-dist/fonts/enc/dvips/base/8r.enc}</usr/local/t
exlive/2016/texmf-dist/fonts/type1/public/amsfonts/cm/cmex10.pfb></usr/local/te
xlive/2016/texmf-dist/fonts/type1/public/amsfonts/cmextra/cmex8.pfb></usr/local
/texlive/2016/texmf-dist/fonts/type1/public/amsfonts/cm/cmmi10.pfb></usr/local/
texlive/2016/texmf-dist/fonts/type1/public/amsfonts/cm/cmmi6.pfb></usr/local/te
xlive/2016/texmf-dist/fonts/type1/public/amsfonts/cm/cmsy10.pfb></usr/local/tex
live/2016/texmf-dist/fonts/type1/public/amsfonts/cm/cmsy6.pfb></usr/local/texli
ve/2016/texmf-dist/fonts/type1/public/amsfonts/cm/cmsy8.pfb></usr/local/texlive
/2016/texmf-dist/fonts/type1/public/amsfonts/cm/cmsy9.pfb></usr/local/texlive/2
016/texmf-dist/fonts/type1/urw/helvetic/uhvb8a.pfb></usr/local/texlive/2016/tex
mf-dist/fonts/type1/urw/helvetic/uhvr8a.pfb></usr/local/texlive/2016/texmf-dist
/fonts/type1/urw/helvetic/uhvro8a.pfb>
Output written on CompilerTheConicSections.pdf (72 pages, 981963 bytes).
PDF statistics:
 1176 PDF objects out of 1200 (max. 8388607)
 1048 compressed objects within 11 object streams
 484 named destinations out of 1000 (max. 500000)
 198 words of extra memory for PDF output out of 10000 (max. 10000000)

