This is pdfTeX, Version 3.14159265-2.6-1.40.17 (TeX Live 2016) (preloaded format=pdflatex 2016.5.22)  3 AUG 2017 09:19
entering extended mode
 \write18 enabled.
 %&-line parsing enabled.
**CompilerIntroductiontoFunctions.tex
(./CompilerIntroductiontoFunctions.tex
LaTeX2e <2016/03/31>
Babel <3.9r> and hyphenation patterns for 83 language(s) loaded.
(/usr/local/texlive/2016/texmf-dist/tex/latex/base/book.cls
Document Class: book 2014/09/29 v1.4h Standard LaTeX document class
(/usr/local/texlive/2016/texmf-dist/tex/latex/base/bk11.clo
File: bk11.clo 2014/09/29 v1.4h Standard LaTeX file (size option)
)
\c@part=\count79
\c@chapter=\count80
\c@section=\count81
\c@subsection=\count82
\c@subsubsection=\count83
\c@paragraph=\count84
\c@subparagraph=\count85
\c@figure=\count86
\c@table=\count87
\abovecaptionskip=\skip41
\belowcaptionskip=\skip42
\bibindent=\dimen102
)
(/usr/local/texlive/2016/texmf-dist/tex/latex/amsfonts/amssymb.sty
Package: amssymb 2013/01/14 v3.01 AMS font symbols

(/usr/local/texlive/2016/texmf-dist/tex/latex/amsfonts/amsfonts.sty
Package: amsfonts 2013/01/14 v3.01 Basic AMSFonts support
\@emptytoks=\toks14
\symAMSa=\mathgroup4
\symAMSb=\mathgroup5
LaTeX Font Info:    Overwriting math alphabet `\mathfrak' in version `bold'
(Font)                  U/euf/m/n --> U/euf/b/n on input line 106.
))
(/usr/local/texlive/2016/texmf-dist/tex/latex/amsmath/amsmath.sty
Package: amsmath 2016/03/10 v2.15b AMS math features
\@mathmargin=\skip43

For additional information on amsmath, use the `?' option.
(/usr/local/texlive/2016/texmf-dist/tex/latex/amsmath/amstext.sty
Package: amstext 2000/06/29 v2.01 AMS text

(/usr/local/texlive/2016/texmf-dist/tex/latex/amsmath/amsgen.sty
File: amsgen.sty 1999/11/30 v2.0 generic functions
\@emptytoks=\toks15
\ex@=\dimen103
))
(/usr/local/texlive/2016/texmf-dist/tex/latex/amsmath/amsbsy.sty
Package: amsbsy 1999/11/29 v1.2d Bold Symbols
\pmbraise@=\dimen104
)
(/usr/local/texlive/2016/texmf-dist/tex/latex/amsmath/amsopn.sty
Package: amsopn 2016/03/08 v2.02 operator names
)
\inf@bad=\count88
LaTeX Info: Redefining \frac on input line 199.
\uproot@=\count89
\leftroot@=\count90
LaTeX Info: Redefining \overline on input line 297.
\classnum@=\count91
\DOTSCASE@=\count92
LaTeX Info: Redefining \ldots on input line 394.
LaTeX Info: Redefining \dots on input line 397.
LaTeX Info: Redefining \cdots on input line 518.
\Mathstrutbox@=\box26
\strutbox@=\box27
\big@size=\dimen105
LaTeX Font Info:    Redeclaring font encoding OML on input line 634.
LaTeX Font Info:    Redeclaring font encoding OMS on input line 635.
\macc@depth=\count93
\c@MaxMatrixCols=\count94
\dotsspace@=\muskip10
\c@parentequation=\count95
\dspbrk@lvl=\count96
\tag@help=\toks16
\row@=\count97
\column@=\count98
\maxfields@=\count99
\andhelp@=\toks17
\eqnshift@=\dimen106
\alignsep@=\dimen107
\tagshift@=\dimen108
\tagwidth@=\dimen109
\totwidth@=\dimen110
\lineht@=\dimen111
\@envbody=\toks18
\multlinegap=\skip44
\multlinetaggap=\skip45
\mathdisplay@stack=\toks19
LaTeX Info: Redefining \[ on input line 2739.
LaTeX Info: Redefining \] on input line 2740.
)
(/usr/local/texlive/2016/texmf-dist/tex/latex/amscls/amsthm.sty
Package: amsthm 2015/03/04 v2.20.2
\thm@style=\toks20
\thm@bodyfont=\toks21
\thm@headfont=\toks22
\thm@notefont=\toks23
\thm@headpunct=\toks24
\thm@preskip=\skip46
\thm@postskip=\skip47
\thm@headsep=\skip48
\dth@everypar=\toks25
)
(/usr/local/texlive/2016/texmf-dist/tex/latex/fancyhdr/fancyhdr.sty
\fancy@headwidth=\skip49
\f@ncyO@elh=\skip50
\f@ncyO@erh=\skip51
\f@ncyO@olh=\skip52
\f@ncyO@orh=\skip53
\f@ncyO@elf=\skip54
\f@ncyO@erf=\skip55
\f@ncyO@olf=\skip56
\f@ncyO@orf=\skip57
)
(/usr/local/texlive/2016/texmf-dist/tex/latex/supertabular/supertabular.sty
Package: supertabular 2004/02/20 v4.1e the supertabular environment
\c@tracingst=\count100
\ST@wd=\dimen112
\ST@rightskip=\skip58
\ST@leftskip=\skip59
\ST@parfillskip=\skip60
\ST@pageleft=\dimen113
\ST@headht=\dimen114
\ST@tailht=\dimen115
\ST@pagesofar=\dimen116
\ST@pboxht=\dimen117
\ST@lineht=\dimen118
\ST@stretchht=\dimen119
\ST@prevht=\dimen120
\ST@toadd=\dimen121
\ST@dimen=\dimen122
\ST@pbox=\box28
)
(/usr/local/texlive/2016/texmf-dist/tex/latex/tools/longtable.sty
Package: longtable 2014/10/28 v4.11 Multi-page Table package (DPC)
\LTleft=\skip61
\LTright=\skip62
\LTpre=\skip63
\LTpost=\skip64
\LTchunksize=\count101
\LTcapwidth=\dimen123
\LT@head=\box29
\LT@firsthead=\box30
\LT@foot=\box31
\LT@lastfoot=\box32
\LT@cols=\count102
\LT@rows=\count103
\c@LT@tables=\count104
\c@LT@chunks=\count105
\LT@p@ftn=\toks26
)
(/usr/local/texlive/2016/texmf-dist/tex/latex/tools/hhline.sty
Package: hhline 2014/10/28 v2.03 Table rule package (DPC)
)
(/usr/local/texlive/2016/texmf-dist/tex/latex/mathtools/mathtools.sty
Package: mathtools 2015/11/12 v1.18 mathematical typesetting tools

(/usr/local/texlive/2016/texmf-dist/tex/latex/graphics/keyval.sty
Package: keyval 2014/10/28 v1.15 key=value parser (DPC)
\KV@toks@=\toks27
)
(/usr/local/texlive/2016/texmf-dist/tex/latex/tools/calc.sty
Package: calc 2014/10/28 v4.3 Infix arithmetic (KKT,FJ)
\calc@Acount=\count106
\calc@Bcount=\count107
\calc@Adimen=\dimen124
\calc@Bdimen=\dimen125
\calc@Askip=\skip65
\calc@Bskip=\skip66
LaTeX Info: Redefining \setlength on input line 80.
LaTeX Info: Redefining \addtolength on input line 81.
\calc@Ccount=\count108
\calc@Cskip=\skip67
)
(/usr/local/texlive/2016/texmf-dist/tex/latex/mathtools/mhsetup.sty
Package: mhsetup 2010/01/21 v1.2a programming setup (MH)
)
LaTeX Info: Thecontrolsequence`\('isalreadyrobust on input line 129.
LaTeX Info: Thecontrolsequence`\)'isalreadyrobust on input line 129.
LaTeX Info: Thecontrolsequence`\['isalreadyrobust on input line 129.
LaTeX Info: Thecontrolsequence`\]'isalreadyrobust on input line 129.
\g_MT_multlinerow_int=\count109
\l_MT_multwidth_dim=\dimen126
\origjot=\skip68
\l_MT_shortvdotswithinadjustabove_dim=\dimen127
\l_MT_shortvdotswithinadjustbelow_dim=\dimen128
\l_MT_above_intertext_sep=\dimen129
\l_MT_below_intertext_sep=\dimen130
\l_MT_above_shortintertext_sep=\dimen131
\l_MT_below_shortintertext_sep=\dimen132
)
(/usr/local/texlive/2016/texmf-dist/tex/latex/colortbl/colortbl.sty
Package: colortbl 2012/02/13 v1.0a Color table columns (DPC)

(/usr/local/texlive/2016/texmf-dist/tex/latex/tools/array.sty
Package: array 2014/10/28 v2.4c Tabular extension package (FMi)
\col@sep=\dimen133
\extrarowheight=\dimen134
\NC@list=\toks28
\extratabsurround=\skip69
\backup@length=\skip70
)
(/usr/local/texlive/2016/texmf-dist/tex/latex/graphics/color.sty
Package: color 2016/05/09 v1.1c Standard LaTeX Color (DPC)

(/usr/local/texlive/2016/texmf-dist/tex/latex/graphics-cfg/color.cfg
File: color.cfg 2016/01/02 v1.6 sample color configuration
)
Package color Info: Driver file: pdftex.def on input line 144.

(/usr/local/texlive/2016/texmf-dist/tex/latex/pdftex-def/pdftex.def
File: pdftex.def 2011/05/27 v0.06d Graphics/color for pdfTeX

(/usr/local/texlive/2016/texmf-dist/tex/generic/oberdiek/infwarerr.sty
Package: infwarerr 2016/05/16 v1.4 Providing info/warning/error messages (HO)
)
(/usr/local/texlive/2016/texmf-dist/tex/generic/oberdiek/ltxcmds.sty
Package: ltxcmds 2016/05/16 v1.23 LaTeX kernel commands for general use (HO)
)
\Gread@gobject=\count110
))
\everycr=\toks29
\minrowclearance=\skip71
)
(/usr/local/texlive/2016/texmf-dist/tex/latex/import/import.sty
Package: import 2009/03/23  v 5.1
)
(/usr/local/texlive/2016/texmf-dist/tex/latex/tools/multicol.sty
Package: multicol 2016/04/07 v1.8p multicolumn formatting (FMi)
\c@tracingmulticols=\count111
\mult@box=\box33
\multicol@leftmargin=\dimen135
\c@unbalance=\count112
\c@collectmore=\count113
\doublecol@number=\count114
\multicoltolerance=\count115
\multicolpretolerance=\count116
\full@width=\dimen136
\page@free=\dimen137
\premulticols=\dimen138
\postmulticols=\dimen139
\multicolsep=\skip72
\multicolbaselineskip=\skip73
\partial@page=\box34
\last@line=\box35
\maxbalancingoverflow=\dimen140
\mult@rightbox=\box36
\mult@grightbox=\box37
\mult@gfirstbox=\box38
\mult@firstbox=\box39
\@tempa=\box40
\@tempa=\box41
\@tempa=\box42
\@tempa=\box43
\@tempa=\box44
\@tempa=\box45
\@tempa=\box46
\@tempa=\box47
\@tempa=\box48
\@tempa=\box49
\@tempa=\box50
\@tempa=\box51
\@tempa=\box52
\@tempa=\box53
\@tempa=\box54
\@tempa=\box55
\@tempa=\box56
\c@columnbadness=\count117
\c@finalcolumnbadness=\count118
\last@try=\dimen141
\multicolovershoot=\dimen142
\multicolundershoot=\dimen143
\mult@nat@firstbox=\box57
\colbreak@box=\box58
\mc@col@check@num=\count119
)
(/usr/local/texlive/2016/texmf-dist/tex/latex/boxedminipage/boxedminipage.sty)
(/usr/local/texlive/2016/texmf-dist/tex/latex/chapterfolder/chapterfolder.sty
Package: chapterfolder 2005/11/24 v2.0 Package for dealing with folder

(/usr/local/texlive/2016/texmf-dist/tex/latex/base/ifthen.sty
Package: ifthen 2014/09/29 v1.1c Standard LaTeX ifthen package (DPC)
)
\c@@cf@currentpos=\count120
)
(/usr/local/texlive/2016/texmf-dist/tex/generic/mfpic/mfpic.sty
Package: mfpic 2012/12/03 v1.10. Macros for drawing with Metafont/MetaPost.

(/usr/local/texlive/2016/texmf-dist/tex/generic/mfpic/mfpic.tex
(/usr/local/texlive/2016/texmf-dist/tex/latex/graphics/graphics.sty
Package: graphics 2016/05/09 v1.0r Standard LaTeX Graphics (DPC,SPQR)

(/usr/local/texlive/2016/texmf-dist/tex/latex/graphics/trig.sty
Package: trig 2016/01/03 v1.10 sin cos tan (DPC)
)
(/usr/local/texlive/2016/texmf-dist/tex/latex/graphics-cfg/graphics.cfg
File: graphics.cfg 2016/01/02 v1.10 sample graphics configuration
)
Package graphics Info: Driver file: pdftex.def on input line 96.
)
\mfp@out=\write3
\mfp@graph=\read1
\mfp@count=\count121
\mfp@linetype=\count122
\mfp@sequence=\count123
\mfp@toks=\toks30
\mfp@verbtex=\toks31
\mfp@fdc=\count124
\@wholegraph=\box59
\@textbox=\box60
\@alltlabels=\box61
\@backtext=\box62
\@tlabelstop=\fontdimen 23\mfp@dummy 
\@tlabelsbot=\fontdimen 24\mfp@dummy 
\@tlabelsleft=\fontdimen 25\mfp@dummy 
\@graphright=\fontdimen 26\mfp@dummy 
\@graphleft=\fontdimen 27\mfp@dummy 
\@graphtop=\fontdimen 28\mfp@dummy 
\@graphbot=\fontdimen 29\mfp@dummy 
\tb@raise=\fontdimen 30\mfp@dummy 
\tb@moveright=\fontdimen 31\mfp@dummy 
\tb@totalht=\fontdimen 32\mfp@dummy 
\tlabel@hadj=\fontdimen 33\mfp@dummy 
\tlabel@vadj=\fontdimen 34\mfp@dummy 
\tlabel@sep=\fontdimen 35\mfp@dummy 
\tlpath@sep=\fontdimen 36\mfp@dummy 
\mfpicunit=\fontdimen 37\mfp@dummy 
\@mfpicunit=\fontdimen 38\mfp@dummy 
\pointsize=\fontdimen 39\mfp@dummy 
\shadespace=\fontdimen 40\mfp@dummy 
\polkadotspace=\fontdimen 41\mfp@dummy 
\hatchspace=\fontdimen 42\mfp@dummy 
\headlen=\fontdimen 43\mfp@dummy 
\axisheadlen=\fontdimen 44\mfp@dummy 
\sideheadlen=\fontdimen 45\mfp@dummy 
\hashlen=\fontdimen 46\mfp@dummy 
\dashlen=\fontdimen 47\mfp@dummy 
\dashspace=\fontdimen 48\mfp@dummy 
\dotsize=\fontdimen 49\mfp@dummy 
\griddotsize=\fontdimen 50\mfp@dummy 
\dotspace=\fontdimen 51\mfp@dummy 
\symbolspace=\fontdimen 52\mfp@dummy 
\mfp@scratch=\dimen144
\mfpframesep=\dimen145
\mfpframethickness=\dimen146
\mfpicheight=\dimen147
\mfpicwidth=\dimen148
\mfpiccaptionskip=\skip74
\tl@vpos=\count125
\tl@hpos=\count126
\mfp@commentchar=\count127
))
(/usr/local/texlive/2016/texmf-dist/tex/latex/graphics/graphicx.sty
Package: graphicx 2014/10/28 v1.0g Enhanced LaTeX Graphics (DPC,SPQR)
\Gin@req@height=\dimen149
\Gin@req@width=\dimen150
)
(/usr/local/texlive/2016/texmf-dist/tex/latex/base/makeidx.sty
Package: makeidx 2014/09/29 v1.0m Standard LaTeX package
)
(/usr/local/texlive/2016/texmf-dist/tex/latex/hyperref/hyperref.sty
Package: hyperref 2016/05/05 v6.83n Hypertext links for LaTeX

(/usr/local/texlive/2016/texmf-dist/tex/generic/oberdiek/hobsub-hyperref.sty
Package: hobsub-hyperref 2016/05/16 v1.14 Bundle oberdiek, subset hyperref (HO)


(/usr/local/texlive/2016/texmf-dist/tex/generic/oberdiek/hobsub-generic.sty
Package: hobsub-generic 2016/05/16 v1.14 Bundle oberdiek, subset generic (HO)
Package: hobsub 2016/05/16 v1.14 Construct package bundles (HO)
Package hobsub Info: Skipping package `infwarerr' (already loaded).
Package hobsub Info: Skipping package `ltxcmds' (already loaded).
Package: ifluatex 2016/05/16 v1.4 Provides the ifluatex switch (HO)
Package ifluatex Info: LuaTeX not detected.
Package: ifvtex 2016/05/16 v1.6 Detect VTeX and its facilities (HO)
Package ifvtex Info: VTeX not detected.
Package: intcalc 2016/05/16 v1.2 Expandable calculations with integers (HO)
Package: ifpdf 2016/05/14 v3.1 Provides the ifpdf switch
Package: etexcmds 2016/05/16 v1.6 Avoid name clashes with e-TeX commands (HO)
Package etexcmds Info: Could not find \expanded.
(etexcmds)             That can mean that you are not using pdfTeX 1.50 or
(etexcmds)             that some package has redefined \expanded.
(etexcmds)             In the latter case, load this package earlier.
Package: kvsetkeys 2016/05/16 v1.17 Key value parser (HO)
Package: kvdefinekeys 2016/05/16 v1.4 Define keys (HO)
Package: pdftexcmds 2016/05/10 v0.21 Utility functions of pdfTeX for LuaTeX (HO
)
Package pdftexcmds Info: LuaTeX not detected.
Package pdftexcmds Info: \pdf@primitive is available.
Package pdftexcmds Info: \pdf@ifprimitive is available.
Package pdftexcmds Info: \pdfdraftmode found.
Package: pdfescape 2016/05/16 v1.14 Implements pdfTeX's escape features (HO)
Package: bigintcalc 2016/05/16 v1.4 Expandable calculations on big integers (HO
)
Package: bitset 2016/05/16 v1.2 Handle bit-vector datatype (HO)
Package: uniquecounter 2016/05/16 v1.3 Provide unlimited unique counter (HO)
)
Package hobsub Info: Skipping package `hobsub' (already loaded).
Package: letltxmacro 2016/05/16 v1.5 Let assignment for LaTeX macros (HO)
Package: hopatch 2016/05/16 v1.3 Wrapper for package hooks (HO)
Package: xcolor-patch 2016/05/16 xcolor patch
Package: atveryend 2016/05/16 v1.9 Hooks at the very end of document (HO)
Package atveryend Info: \enddocument detected (standard20110627).
Package: atbegshi 2016/05/16 v1.17 At begin shipout hook (HO)
Package: refcount 2016/05/16 v3.5 Data extraction from label references (HO)
Package: hycolor 2016/05/16 v1.8 Color options for hyperref/bookmark (HO)
)
(/usr/local/texlive/2016/texmf-dist/tex/generic/ifxetex/ifxetex.sty
Package: ifxetex 2010/09/12 v0.6 Provides ifxetex conditional
)
(/usr/local/texlive/2016/texmf-dist/tex/latex/oberdiek/auxhook.sty
Package: auxhook 2016/05/16 v1.4 Hooks for auxiliary files (HO)
)
(/usr/local/texlive/2016/texmf-dist/tex/latex/oberdiek/kvoptions.sty
Package: kvoptions 2016/05/16 v3.12 Key value format for package options (HO)
)
\@linkdim=\dimen151
\Hy@linkcounter=\count128
\Hy@pagecounter=\count129

(/usr/local/texlive/2016/texmf-dist/tex/latex/hyperref/pd1enc.def
File: pd1enc.def 2016/05/05 v6.83n Hyperref: PDFDocEncoding definition (HO)
)
\Hy@SavedSpaceFactor=\count130

(/usr/local/texlive/2016/texmf-dist/tex/latex/latexconfig/hyperref.cfg
File: hyperref.cfg 2002/06/06 v1.2 hyperref configuration of TeXLive
)
Package hyperref Info: Option `colorlinks' set `true' on input line 4322.
Package hyperref Info: Option `hyperindex' set `true' on input line 4322.
Package hyperref Info: Option `plainpages' set `false' on input line 4322.
Package hyperref Info: Option `pdfpagelabels' set `true' on input line 4322.
Package hyperref Info: Hyper figures OFF on input line 4446.
Package hyperref Info: Link nesting OFF on input line 4451.
Package hyperref Info: Hyper index ON on input line 4454.
Package hyperref Info: Plain pages OFF on input line 4461.
Package hyperref Info: Backreferencing OFF on input line 4466.
Package hyperref Info: Implicit mode ON; LaTeX internals redefined.
Package hyperref Info: Bookmarks ON on input line 4691.
\c@Hy@tempcnt=\count131

(/usr/local/texlive/2016/texmf-dist/tex/latex/url/url.sty
\Urlmuskip=\muskip11
Package: url 2013/09/16  ver 3.4  Verb mode for urls, etc.
)
LaTeX Info: Redefining \url on input line 5044.
\XeTeXLinkMargin=\dimen152
\Fld@menulength=\count132
\Field@Width=\dimen153
\Fld@charsize=\dimen154
Package hyperref Info: Hyper figures OFF on input line 6298.
Package hyperref Info: Link nesting OFF on input line 6303.
Package hyperref Info: Hyper index ON on input line 6306.
Package hyperref Info: backreferencing OFF on input line 6313.
Package hyperref Info: Link coloring ON on input line 6316.
Package hyperref Info: Link coloring with OCG OFF on input line 6323.
Package hyperref Info: PDF/A mode OFF on input line 6328.
LaTeX Info: Redefining \ref on input line 6368.
LaTeX Info: Redefining \pageref on input line 6372.
\Hy@abspage=\count133
\c@Item=\count134
\c@Hfootnote=\count135
)

Package hyperref Message: Driver (autodetected): hpdftex.

(/usr/local/texlive/2016/texmf-dist/tex/latex/hyperref/hpdftex.def
File: hpdftex.def 2016/05/05 v6.83n Hyperref driver for pdfTeX
\Fld@listcount=\count136
\c@bookmark@seq@number=\count137

(/usr/local/texlive/2016/texmf-dist/tex/latex/oberdiek/rerunfilecheck.sty
Package: rerunfilecheck 2016/05/16 v1.8 Rerun checks for auxiliary files (HO)
Package uniquecounter Info: New unique counter `rerunfilecheck' on input line 2
82.
)
\Hy@SectionHShift=\skip75
)
(/usr/local/texlive/2016/texmf-dist/tex/latex/oberdiek/hypcap.sty
Package: hypcap 2016/05/16 v1.12 Adjusting the anchors of captions (HO)
)
(/usr/local/texlive/2016/texmf-dist/tex/latex/cancel/cancel.sty
Package: cancel 2013/04/12 v2.2 Cancel math terms
)
(/usr/local/texlive/2016/texmf-dist/tex/latex/sectsty/sectsty.sty
Package: sectsty 2002/02/25 v2.0.2 Commands to change all sectional heading sty
les
)
(/usr/local/texlive/2016/texmf-dist/tex/latex/base/textcomp.sty
Package: textcomp 2005/09/27 v1.99g Standard LaTeX package
Package textcomp Info: Sub-encoding information:
(textcomp)               5 = only ISO-Adobe without \textcurrency
(textcomp)               4 = 5 + \texteuro
(textcomp)               3 = 4 + \textohm
(textcomp)               2 = 3 + \textestimated + \textcurrency
(textcomp)               1 = TS1 - \textcircled - \t
(textcomp)               0 = TS1 (full)
(textcomp)             Font families with sub-encoding setting implement
(textcomp)             only a restricted character set as indicated.
(textcomp)             Family '?' is the default used for unknown fonts.
(textcomp)             See the documentation for details.
Package textcomp Info: Setting ? sub-encoding to TS1/1 on input line 79.

(/usr/local/texlive/2016/texmf-dist/tex/latex/base/ts1enc.def
File: ts1enc.def 2001/06/05 v3.0e (jk/car/fm) Standard LaTeX file
)
LaTeX Info: Redefining \oldstylenums on input line 334.
Package textcomp Info: Setting cmr sub-encoding to TS1/0 on input line 349.
Package textcomp Info: Setting cmss sub-encoding to TS1/0 on input line 350.
Package textcomp Info: Setting cmtt sub-encoding to TS1/0 on input line 351.
Package textcomp Info: Setting cmvtt sub-encoding to TS1/0 on input line 352.
Package textcomp Info: Setting cmbr sub-encoding to TS1/0 on input line 353.
Package textcomp Info: Setting cmtl sub-encoding to TS1/0 on input line 354.
Package textcomp Info: Setting ccr sub-encoding to TS1/0 on input line 355.
Package textcomp Info: Setting ptm sub-encoding to TS1/4 on input line 356.
Package textcomp Info: Setting pcr sub-encoding to TS1/4 on input line 357.
Package textcomp Info: Setting phv sub-encoding to TS1/4 on input line 358.
Package textcomp Info: Setting ppl sub-encoding to TS1/3 on input line 359.
Package textcomp Info: Setting pag sub-encoding to TS1/4 on input line 360.
Package textcomp Info: Setting pbk sub-encoding to TS1/4 on input line 361.
Package textcomp Info: Setting pnc sub-encoding to TS1/4 on input line 362.
Package textcomp Info: Setting pzc sub-encoding to TS1/4 on input line 363.
Package textcomp Info: Setting bch sub-encoding to TS1/4 on input line 364.
Package textcomp Info: Setting put sub-encoding to TS1/5 on input line 365.
Package textcomp Info: Setting uag sub-encoding to TS1/5 on input line 366.
Package textcomp Info: Setting ugq sub-encoding to TS1/5 on input line 367.
Package textcomp Info: Setting ul8 sub-encoding to TS1/4 on input line 368.
Package textcomp Info: Setting ul9 sub-encoding to TS1/4 on input line 369.
Package textcomp Info: Setting augie sub-encoding to TS1/5 on input line 370.
Package textcomp Info: Setting dayrom sub-encoding to TS1/3 on input line 371.
Package textcomp Info: Setting dayroms sub-encoding to TS1/3 on input line 372.

Package textcomp Info: Setting pxr sub-encoding to TS1/0 on input line 373.
Package textcomp Info: Setting pxss sub-encoding to TS1/0 on input line 374.
Package textcomp Info: Setting pxtt sub-encoding to TS1/0 on input line 375.
Package textcomp Info: Setting txr sub-encoding to TS1/0 on input line 376.
Package textcomp Info: Setting txss sub-encoding to TS1/0 on input line 377.
Package textcomp Info: Setting txtt sub-encoding to TS1/0 on input line 378.
Package textcomp Info: Setting lmr sub-encoding to TS1/0 on input line 379.
Package textcomp Info: Setting lmdh sub-encoding to TS1/0 on input line 380.
Package textcomp Info: Setting lmss sub-encoding to TS1/0 on input line 381.
Package textcomp Info: Setting lmssq sub-encoding to TS1/0 on input line 382.
Package textcomp Info: Setting lmvtt sub-encoding to TS1/0 on input line 383.
Package textcomp Info: Setting lmtt sub-encoding to TS1/0 on input line 384.
Package textcomp Info: Setting qhv sub-encoding to TS1/0 on input line 385.
Package textcomp Info: Setting qag sub-encoding to TS1/0 on input line 386.
Package textcomp Info: Setting qbk sub-encoding to TS1/0 on input line 387.
Package textcomp Info: Setting qcr sub-encoding to TS1/0 on input line 388.
Package textcomp Info: Setting qcs sub-encoding to TS1/0 on input line 389.
Package textcomp Info: Setting qpl sub-encoding to TS1/0 on input line 390.
Package textcomp Info: Setting qtm sub-encoding to TS1/0 on input line 391.
Package textcomp Info: Setting qzc sub-encoding to TS1/0 on input line 392.
Package textcomp Info: Setting qhvc sub-encoding to TS1/0 on input line 393.
Package textcomp Info: Setting futs sub-encoding to TS1/4 on input line 394.
Package textcomp Info: Setting futx sub-encoding to TS1/4 on input line 395.
Package textcomp Info: Setting futj sub-encoding to TS1/4 on input line 396.
Package textcomp Info: Setting hlh sub-encoding to TS1/3 on input line 397.
Package textcomp Info: Setting hls sub-encoding to TS1/3 on input line 398.
Package textcomp Info: Setting hlst sub-encoding to TS1/3 on input line 399.
Package textcomp Info: Setting hlct sub-encoding to TS1/5 on input line 400.
Package textcomp Info: Setting hlx sub-encoding to TS1/5 on input line 401.
Package textcomp Info: Setting hlce sub-encoding to TS1/5 on input line 402.
Package textcomp Info: Setting hlcn sub-encoding to TS1/5 on input line 403.
Package textcomp Info: Setting hlcw sub-encoding to TS1/5 on input line 404.
Package textcomp Info: Setting hlcf sub-encoding to TS1/5 on input line 405.
Package textcomp Info: Setting pplx sub-encoding to TS1/3 on input line 406.
Package textcomp Info: Setting pplj sub-encoding to TS1/3 on input line 407.
Package textcomp Info: Setting ptmx sub-encoding to TS1/4 on input line 408.
Package textcomp Info: Setting ptmj sub-encoding to TS1/4 on input line 409.
)
\c@defn=\count138
\c@thm=\count139
\c@eqn=\count140
\c@ex=\count141
\c@fig=\count142

(/usr/local/texlive/2016/texmf-dist/tex/latex/psnfss/helvet.sty
Package: helvet 2005/04/12 PSNFSS-v9.2a (WaS) 
)
(/usr/local/texlive/2016/texmf-dist/tex/latex/sfmath/sfmath.sty
Package: sfmath 2007/08/27 v0.8 sans serif maths
LaTeX Font Info:    Overwriting symbol font `operators' in version `normal'
(Font)                  OT1/cmr/m/n --> OT1/phv/m/n on input line 329.
LaTeX Font Info:    Overwriting symbol font `operators' in version `bold'
(Font)                  OT1/cmr/bx/n --> OT1/phv/bx/n on input line 330.
\symSFMath=\mathgroup6
LaTeX Font Info:    Overwriting symbol font `SFMath' in version `normal'
(Font)                  OT1/phv/m/sl --> OT1/phv/m/sl on input line 343.
LaTeX Font Info:    Overwriting symbol font `SFMath' in version `bold'
(Font)                  OT1/phv/m/sl --> OT1/phv/bx/sl on input line 344.
LaTeX Font Info:    Redeclaring math symbol \imath on input line 398.
LaTeX Font Info:    Redeclaring math symbol \jmath on input line 399.
\symSFMathUp=\mathgroup7
LaTeX Font Info:    Overwriting symbol font `SFMathUp' in version `normal'
(Font)                  OT1/phv/m/n --> OT1/phv/m/n on input line 406.
LaTeX Font Info:    Overwriting symbol font `SFMathUp' in version `bold'
(Font)                  OT1/phv/m/n --> OT1/phv/bx/n on input line 407.
LaTeX Font Info:    Redeclaring math symbol \ldotp on input line 410.
\symSFMathGreek=\mathgroup8
LaTeX Font Info:    Overwriting symbol font `SFMathGreek' in version `normal'
(Font)                  OT1/cmss/m/n --> OT1/cmss/m/n on input line 419.
LaTeX Font Info:    Overwriting symbol font `SFMathGreek' in version `bold'
(Font)                  OT1/cmss/m/n --> OT1/cmss/bx/n on input line 420.
LaTeX Font Info:    Redeclaring math symbol \Gamma on input line 422.
LaTeX Font Info:    Redeclaring math symbol \Delta on input line 423.
LaTeX Font Info:    Redeclaring math symbol \Theta on input line 424.
LaTeX Font Info:    Redeclaring math symbol \Lambda on input line 425.
LaTeX Font Info:    Redeclaring math symbol \Xi on input line 426.
LaTeX Font Info:    Redeclaring math symbol \Pi on input line 427.
LaTeX Font Info:    Redeclaring math symbol \Sigma on input line 428.
LaTeX Font Info:    Redeclaring math symbol \Upsilon on input line 429.
LaTeX Font Info:    Redeclaring math symbol \Phi on input line 430.
LaTeX Font Info:    Redeclaring math symbol \Psi on input line 431.
LaTeX Font Info:    Redeclaring math symbol \Omega on input line 432.
\symSFMathUpGreek=\mathgroup9
LaTeX Font Info:    Overwriting symbol font `SFMathUpGreek' in version `normal'

(Font)                  OT1/cmss/m/n --> OT1/cmss/m/n on input line 436.
LaTeX Font Info:    Overwriting symbol font `SFMathUpGreek' in version `bold'
(Font)                  OT1/cmss/m/n --> OT1/cmss/bx/n on input line 437.
LaTeX Font Info:    Overwriting math alphabet `\mathnormal' in version `normal'

(Font)                  OML/cmm/m/it --> OT1/phv/m/sl on input line 446.
LaTeX Font Info:    Overwriting math alphabet `\mathnormal' in version `bold'
(Font)                  OML/cmm/b/it --> OT1/phv/bx/sl on input line 447.
LaTeX Font Info:    Overwriting math alphabet `\mathrm' in version `normal'
(Font)                  OT1/phv/m/n --> OT1/phv/m/n on input line 449.
LaTeX Font Info:    Overwriting math alphabet `\mathrm' in version `bold'
(Font)                  OT1/phv/bx/n --> OT1/phv/bx/n on input line 450.
LaTeX Font Info:    Overwriting math alphabet `\mathbf' in version `normal'
(Font)                  OT1/cmr/bx/n --> OT1/phv/bx/n on input line 452.
LaTeX Font Info:    Overwriting math alphabet `\mathbf' in version `bold'
(Font)                  OT1/cmr/bx/n --> OT1/phv/bx/n on input line 453.
LaTeX Font Info:    Overwriting math alphabet `\mathit' in version `normal'
(Font)                  OT1/cmr/m/it --> OT1/phv/m/sl on input line 455.
LaTeX Font Info:    Overwriting math alphabet `\mathit' in version `bold'
(Font)                  OT1/cmr/bx/it --> OT1/phv/bx/sl on input line 456.
LaTeX Font Info:    Overwriting math alphabet `\mathsf' in version `normal'
(Font)                  OT1/cmss/m/n --> OT1/phv/m/n on input line 458.
LaTeX Font Info:    Overwriting math alphabet `\mathsf' in version `bold'
(Font)                  OT1/cmss/bx/n --> OT1/phv/bx/n on input line 459.
LaTeX Font Info:    Overwriting math alphabet `\mathsl' in version `bold'
(Font)                  OT1/phv/m/sl --> OT1/phv/bx/sl on input line 466.
)
(./CompilerIntroductiontoFunctions.aux (./IntroductiontoFunctions.aux))
\openout1 = `CompilerIntroductiontoFunctions.aux'.

LaTeX Font Info:    Checking defaults for OML/cmm/m/it on input line 48.
LaTeX Font Info:    ... okay on input line 48.
LaTeX Font Info:    Checking defaults for T1/cmr/m/n on input line 48.
LaTeX Font Info:    ... okay on input line 48.
LaTeX Font Info:    Checking defaults for OT1/cmr/m/n on input line 48.
LaTeX Font Info:    ... okay on input line 48.
LaTeX Font Info:    Checking defaults for OMS/cmsy/m/n on input line 48.
LaTeX Font Info:    ... okay on input line 48.
LaTeX Font Info:    Checking defaults for OMX/cmex/m/n on input line 48.
LaTeX Font Info:    ... okay on input line 48.
LaTeX Font Info:    Checking defaults for U/cmr/m/n on input line 48.
LaTeX Font Info:    ... okay on input line 48.
LaTeX Font Info:    Checking defaults for PD1/pdf/m/n on input line 48.
LaTeX Font Info:    ... okay on input line 48.
LaTeX Font Info:    Checking defaults for TS1/cmr/m/n on input line 48.
LaTeX Font Info:    Try loading font information for TS1+cmr on input line 48.

(/usr/local/texlive/2016/texmf-dist/tex/latex/base/ts1cmr.fd
File: ts1cmr.fd 2014/09/29 v2.5h Standard LaTeX font definitions
)
LaTeX Font Info:    ... okay on input line 48.
LaTeX Font Info:    Try loading font information for OT1+phv on input line 48.

(/usr/local/texlive/2016/texmf-dist/tex/latex/psnfss/ot1phv.fd
File: ot1phv.fd 2001/06/04 scalable font definitions for OT1/phv.
)
LaTeX Font Info:    Font shape `OT1/phv/m/n' will be
(Font)              scaled to size 10.07397pt on input line 48.

(/usr/local/texlive/2016/texmf-dist/tex/context/base/mkii/supp-pdf.mkii
[Loading MPS to PDF converter (version 2006.09.02).]
\scratchcounter=\count143
\scratchdimen=\dimen155
\scratchbox=\box63
\nofMPsegments=\count144
\nofMParguments=\count145
\everyMPshowfont=\toks32
\MPscratchCnt=\count146
\MPscratchDim=\dimen156
\MPnumerator=\count147
\makeMPintoPDFobject=\count148
\everyMPtoPDFconversion=\toks33
) (/usr/local/texlive/2016/texmf-dist/tex/latex/oberdiek/epstopdf-base.sty
Package: epstopdf-base 2016/05/15 v2.6 Base part for package epstopdf

(/usr/local/texlive/2016/texmf-dist/tex/latex/oberdiek/grfext.sty
Package: grfext 2016/05/16 v1.2 Manage graphics extensions (HO)
)
Package grfext Info: Graphics extension search list:
(grfext)             [.png,.pdf,.jpg,.mps,.jpeg,.jbig2,.jb2,.PNG,.PDF,.JPG,.JPE
G,.JBIG2,.JB2,.eps]
(grfext)             \AppendGraphicsExtensions on input line 456.

(/usr/local/texlive/2016/texmf-dist/tex/latex/latexconfig/epstopdf-sys.cfg
File: epstopdf-sys.cfg 2010/07/13 v1.3 Configuration of (r)epstopdf for TeX Liv
e
))
\AtBeginShipoutBox=\box64
Package hyperref Info: Link coloring ON on input line 48.

(/usr/local/texlive/2016/texmf-dist/tex/latex/hyperref/nameref.sty
Package: nameref 2012/10/27 v2.43 Cross-referencing by name of section

(/usr/local/texlive/2016/texmf-dist/tex/generic/oberdiek/gettitlestring.sty
Package: gettitlestring 2016/05/16 v1.5 Cleanup title references (HO)
)
\c@section@level=\count149
)
LaTeX Info: Redefining \ref on input line 48.
LaTeX Info: Redefining \pageref on input line 48.
LaTeX Info: Redefining \nameref on input line 48.

(./CompilerIntroductiontoFunctions.out) (./CompilerIntroductiontoFunctions.out)
\@outlinefile=\write4
\openout4 = `CompilerIntroductiontoFunctions.out'.

\c@HW=\count150
\c@HWindent=\count151
Chapter 1.
LaTeX Font Info:    Font shape `OT1/phv/m/n' will be
(Font)              scaled to size 19.08076pt on input line 53.
LaTeX Font Info:    Font shape `OT1/phv/bx/n' in size <20.74> not available
(Font)              Font shape `OT1/phv/b/n' tried instead on input line 53.
LaTeX Font Info:    Font shape `OT1/phv/b/n' will be
(Font)              scaled to size 19.08076pt on input line 53.
LaTeX Font Info:    Font shape `OT1/phv/m/n' will be
(Font)              scaled to size 22.88956pt on input line 53.
LaTeX Font Info:    Font shape `OT1/phv/bx/n' in size <24.88> not available
(Font)              Font shape `OT1/phv/b/n' tried instead on input line 53.
LaTeX Font Info:    Font shape `OT1/phv/b/n' will be
(Font)              scaled to size 22.88956pt on input line 53.
LaTeX Font Info:    Font shape `OT1/phv/m/sc' will be
(Font)              scaled to size 22.88956pt on input line 53.
[1


{/usr/local/texlive/2016/texmf-var/fonts/map/pdftex/updmap/pdftex.map}]
\openout2 = `IntroductiontoFunctions.aux'.


(./IntroductiontoFunctions.tex
LaTeX Font Info:    Font shape `OT1/phv/m/n' will be
(Font)              scaled to size 13.24796pt on input line 1.
LaTeX Font Info:    Font shape `OT1/phv/bx/n' in size <14.4> not available
(Font)              Font shape `OT1/phv/b/n' tried instead on input line 1.
LaTeX Font Info:    Font shape `OT1/phv/b/n' will be
(Font)              scaled to size 13.24796pt on input line 1.
 (./FunctionsandtheirRepresentations.tex

Mfpic: Initializing FunctionsandtheirRepresentations.mp.
\openout3 = `FunctionsandtheirRepresentations.mp'.

Mfpic: Don't forget to process FunctionsandtheirRepresentations.mp!
Mfpic: Apply metapost to FunctionsandtheirRepresentations.mp.
Mfpic: Then reprocess this file "CompilerIntroductiontoFunctions".

LaTeX Font Info:    Font shape `OT1/phv/m/n' will be
(Font)              scaled to size 11.03998pt on input line 10.
LaTeX Font Info:    Font shape `OT1/phv/bx/n' in size <12> not available
(Font)              Font shape `OT1/phv/b/n' tried instead on input line 10.
LaTeX Font Info:    Font shape `OT1/phv/b/n' will be
(Font)              scaled to size 11.03998pt on input line 10.
LaTeX Font Info:    Font shape `OT1/phv/m/n' will be
(Font)              scaled to size 7.35999pt on input line 30.
LaTeX Font Info:    Font shape `OT1/phv/m/n' will be
(Font)              scaled to size 5.51999pt on input line 30.
LaTeX Font Info:    Try loading font information for U+msa on input line 30.
(/usr/local/texlive/2016/texmf-dist/tex/latex/amsfonts/umsa.fd
File: umsa.fd 2013/01/14 v3.01 AMS symbols A
)
LaTeX Font Info:    Try loading font information for U+msb on input line 30.

(/usr/local/texlive/2016/texmf-dist/tex/latex/amsfonts/umsb.fd
File: umsb.fd 2013/01/14 v3.01 AMS symbols B
)
LaTeX Font Info:    Font shape `OT1/phv/m/sl' will be
(Font)              scaled to size 10.07397pt on input line 30.
LaTeX Font Info:    Font shape `OT1/phv/m/sl' will be
(Font)              scaled to size 7.35999pt on input line 30.
LaTeX Font Info:    Font shape `OT1/phv/m/sl' will be
(Font)              scaled to size 5.51999pt on input line 30.
LaTeX Font Info:    Font shape `OT1/phv/bx/n' in size <10.95> not available
(Font)              Font shape `OT1/phv/b/n' tried instead on input line 30.
LaTeX Font Info:    Font shape `OT1/phv/b/n' will be
(Font)              scaled to size 10.07397pt on input line 30.
LaTeX Font Info:    Font shape `OT1/phv/m/sc' will be
(Font)              scaled to size 10.07397pt on input line 30.
LaTeX Font Info:    Font shape `OT1/phv/m/it' in size <8> not available
(Font)              Font shape `OT1/phv/m/sl' tried instead on input line 30.
LaTeX Font Info:    Font shape `OT1/phv/m/sl' will be
(Font)              scaled to size 7.35999pt on input line 30.
LaTeX Font Info:    Font shape `OT1/phv/m/n' will be
(Font)              scaled to size 8.27998pt on input line 30.
LaTeX Font Info:    Font shape `OT1/phv/m/n' will be
(Font)              scaled to size 4.59999pt on input line 30.
LaTeX Font Info:    Font shape `OT1/phv/m/sl' will be
(Font)              scaled to size 8.27998pt on input line 30.
LaTeX Font Info:    Font shape `OT1/phv/m/sl' will be
(Font)              scaled to size 4.59999pt on input line 30.
LaTeX Font Info:    Font shape `OT1/phv/m/it' in size <6> not available
(Font)              Font shape `OT1/phv/m/sl' tried instead on input line 30.
LaTeX Font Info:    Font shape `OT1/phv/m/sl' will be
(Font)              scaled to size 5.51999pt on input line 30.
LaTeX Font Info:    Font shape `OT1/phv/bx/n' in size <9> not available
(Font)              Font shape `OT1/phv/b/n' tried instead on input line 30.
LaTeX Font Info:    Font shape `OT1/phv/b/n' will be
(Font)              scaled to size 8.27998pt on input line 30.


LaTeX Warning: Reference `AppSetTheory' on page 2 undefined on input line 30.

LaTeX Font Info:    Font shape `OT1/phv/m/it' in size <10.95> not available
(Font)              Font shape `OT1/phv/m/sl' tried instead on input line 34.
LaTeX Font Info:    Font shape `OT1/phv/m/sl' will be
(Font)              scaled to size 10.07397pt on input line 34.
File: FunctionsandtheirRepresentations.1 Graphic file (type mps)
[MP to PDF] (./FunctionsandtheirRepresentations.1)
File: FunctionsandtheirRepresentations.2 Graphic file (type mps)
 [MP to PDF]
(./FunctionsandtheirRepresentations.2) [2

]

LaTeX Warning: Reference `AppSetTheory' on page 3 undefined on input line 95.

LaTeX Font Info:    Try loading font information for TS1+phv on input line 126.

(/usr/local/texlive/2016/texmf-dist/tex/latex/psnfss/ts1phv.fd
File: ts1phv.fd 2001/06/04 scalable font definitions for TS1/phv.
)
LaTeX Font Info:    Font shape `TS1/phv/m/n' will be
(Font)              scaled to size 10.07397pt on input line 126.
File: FunctionsandtheirRepresentations.3 Graphic file (type mps)
 [MP to PDF]
(./FunctionsandtheirRepresentations.3)
Underfull \vbox (badness 10000) has occurred while \output is active []

 [3]
LaTeX Font Info:    Font shape `OT1/phv/m/it' in size <9> not available
(Font)              Font shape `OT1/phv/m/sl' tried instead on input line 164.
LaTeX Font Info:    Font shape `OT1/phv/m/sl' will be
(Font)              scaled to size 8.27998pt on input line 164.

[4] [5] [6] [7] [8]

LaTeX Warning: Reference `AppFactoring' on page 9 undefined on input line 434.

[9]

LaTeX Warning: Reference `AppRadEqus' on page 10 undefined on input line 491.


LaTeX Warning: Reference `AppRadEqus' on page 10 undefined on input line 501.

[10]

LaTeX Warning: Reference `Relations' on page 11 undefined on input line 531.


LaTeX Warning: Reference `AppCartesianPlane' on page 11 undefined on input line
 535.

[11]
File: FunctionsandtheirRepresentations.4 Graphic file (type mps)
 [MP to PDF] (./FunctionsandtheirRepresentations.4)
File: FunctionsandtheirRepresentations.5 Graphic file (type mps)
 [MP to PDF]
(./FunctionsandtheirRepresentations.5) [12]
File: FunctionsandtheirRepresentations.6 Graphic file (type mps)
 [MP to PDF]
(./FunctionsandtheirRepresentations.6)

LaTeX Warning: Reference `AppSetTheory' on page 13 undefined on input line 643.


File: FunctionsandtheirRepresentations.7 Graphic file (type mps)
[MP to PDF] (./FunctionsandtheirRepresentations.7)
File: FunctionsandtheirRepresentations.8 Graphic file (type mps)
 [MP to PDF]
(./FunctionsandtheirRepresentations.8) [13]
File: FunctionsandtheirRepresentations.9 Graphic file (type mps)
 [MP to PDF]
(./FunctionsandtheirRepresentations.9)
File: FunctionsandtheirRepresentations.10 Graphic file (type mps)
 [MP to PDF]
(./FunctionsandtheirRepresentations.10) [14]
File: FunctionsandtheirRepresentations.11 Graphic file (type mps)
 [MP to PDF]
(./FunctionsandtheirRepresentations.11)
File: FunctionsandtheirRepresentations.12 Graphic file (type mps)
 [MP to PDF]
(./FunctionsandtheirRepresentations.12) [15]
File: FunctionsandtheirRepresentations.13 Graphic file (type mps)
 [MP to PDF]
(./FunctionsandtheirRepresentations.13)

LaTeX Warning: Reference `Relations' on page 16 undefined on input line 917.


LaTeX Warning: Reference `InverseFunctions' on page 16 undefined on input line 
917.


<./FunctionsandtheirRepresentationsGraphics/ParabolaGraph.jpg, id=293, 1880.023
74pt x 1507.6325pt>
File: ./FunctionsandtheirRepresentationsGraphics/ParabolaGraph.jpg Graphic file
 (type jpg)

<use ./FunctionsandtheirRepresentationsGraphics/ParabolaGraph.jpg>
Package pdftex.def Info: ./FunctionsandtheirRepresentationsGraphics/ParabolaGra
ph.jpg used on input line 936.
(pdftex.def)             Requested size: 216.81pt x 173.84569pt.
File: FunctionsandtheirRepresentations.14 Graphic file (type mps)
 [MP to PDF]
(./FunctionsandtheirRepresentations.14)
Overfull \hbox (9.8179pt too wide) in paragraph at lines 960--961
[]|[]| 
 []

[16]
File: FunctionsandtheirRepresentations.15 Graphic file (type mps)
 [MP to PDF] (./FunctionsandtheirRepresentations.15)

LaTeX Warning: Reference `girthbox1' on page 17 undefined on input line 996.


LaTeX Warning: Reference `GraphsofPolynomials' on page 17 undefined on input li
ne 996.

[17 <./FunctionsandtheirRepresentationsGraphics/ParabolaGraph.jpg>]
<./FunctionsandtheirRepresentationsGraphics/VolumeEx01.jpg, id=316, 2517.405pt 
x 1521.685pt>
File: ./FunctionsandtheirRepresentationsGraphics/VolumeEx01.jpg Graphic file (t
ype jpg)
 <use ./FunctionsandtheirRepresentationsGraphics/VolumeEx01.jpg>
Package pdftex.def Info: ./FunctionsandtheirRepresentationsGraphics/VolumeEx01.
jpg used on input line 1045.
(pdftex.def)             Requested size: 289.07999pt x 174.72307pt.

Overfull \hbox (8.0126pt too wide) in paragraph at lines 1028--1054
[][] 
 []

[18]
<./FunctionsandtheirRepresentationsGraphics/VolumeEx02.jpg, id=331, 2517.405pt 
x 1517.67pt>
File: ./FunctionsandtheirRepresentationsGraphics/VolumeEx02.jpg Graphic file (t
ype jpg)
 <use ./FunctionsandtheirRepresentationsGraphics/VolumeEx02.jpg>
Package pdftex.def Info: ./FunctionsandtheirRepresentationsGraphics/VolumeEx02.
jpg used on input line 1060.
(pdftex.def)             Requested size: 289.07999pt x 174.26205pt.

[19 <./FunctionsandtheirRepresentationsGraphics/VolumeEx01.jpg> <./Functionsand
theirRepresentationsGraphics/VolumeEx02.jpg>] [20]
(./ExercisesforFunctionsandtheirRepresentations.tex
File: FunctionsandtheirRepresentations.16 Graphic file (type mps)
 [MP to PDF]
(./FunctionsandtheirRepresentations.16)
File: FunctionsandtheirRepresentations.17 Graphic file (type mps)
 [MP to PDF]
(./FunctionsandtheirRepresentations.17) [21] [22]
LaTeX Font Info:    Try loading font information for OMS+phv on input line 368.


(/usr/local/texlive/2016/texmf-dist/tex/latex/psnfss/omsphv.fd
File: omsphv.fd 
)
LaTeX Font Info:    Font shape `OMS/phv/m/n' in size <10.95> not available
(Font)              Font shape `OMS/cmsy/m/n' tried instead on input line 368.


LaTeX Warning: Reference `InverseFunctions' on page 23 undefined on input line 
409.

[23]
File: FunctionsandtheirRepresentations.18 Graphic file (type mps)
 [MP to PDF] (./FunctionsandtheirRepresentations.18)
File: FunctionsandtheirRepresentations.19 Graphic file (type mps)
 [MP to PDF]
(./FunctionsandtheirRepresentations.19)
File: FunctionsandtheirRepresentations.20 Graphic file (type mps)
 [MP to PDF]
(./FunctionsandtheirRepresentations.20)
File: FunctionsandtheirRepresentations.21 Graphic file (type mps)
 [MP to PDF]
(./FunctionsandtheirRepresentations.21)
File: FunctionsandtheirRepresentations.22 Graphic file (type mps)
 [MP to PDF]
(./FunctionsandtheirRepresentations.22)
File: FunctionsandtheirRepresentations.23 Graphic file (type mps)
 [MP to PDF]
(./FunctionsandtheirRepresentations.23) [24]
File: FunctionsandtheirRepresentations.24 Graphic file (type mps)
 [MP to PDF]
(./FunctionsandtheirRepresentations.24)
File: FunctionsandtheirRepresentations.25 Graphic file (type mps)
 [MP to PDF]
(./FunctionsandtheirRepresentations.25)
File: FunctionsandtheirRepresentations.26 Graphic file (type mps)
 [MP to PDF]
(./FunctionsandtheirRepresentations.26)
File: FunctionsandtheirRepresentations.27 Graphic file (type mps)
 [MP to PDF]
(./FunctionsandtheirRepresentations.27)
File: FunctionsandtheirRepresentations.28 Graphic file (type mps)
 [MP to PDF]
(./FunctionsandtheirRepresentations.28)
File: FunctionsandtheirRepresentations.29 Graphic file (type mps)
 [MP to PDF]
(./FunctionsandtheirRepresentations.29) [25]
File: FunctionsandtheirRepresentations.30 Graphic file (type mps)
 [MP to PDF]
(./FunctionsandtheirRepresentations.30)
File: FunctionsandtheirRepresentations.31 Graphic file (type mps)
 [MP to PDF]
(./FunctionsandtheirRepresentations.31)
File: FunctionsandtheirRepresentations.32 Graphic file (type mps)
 [MP to PDF]
(./FunctionsandtheirRepresentations.32)
File: FunctionsandtheirRepresentations.33 Graphic file (type mps)
 [MP to PDF]
(./FunctionsandtheirRepresentations.33)
File: FunctionsandtheirRepresentations.34 Graphic file (type mps)
 [MP to PDF]
(./FunctionsandtheirRepresentations.34)
File: FunctionsandtheirRepresentations.35 Graphic file (type mps)
 [MP to PDF]
(./FunctionsandtheirRepresentations.35) [26]
File: FunctionsandtheirRepresentations.36 Graphic file (type mps)
 [MP to PDF]
(./FunctionsandtheirRepresentations.36)
File: FunctionsandtheirRepresentations.37 Graphic file (type mps)
 [MP to PDF]
(./FunctionsandtheirRepresentations.37)
File: FunctionsandtheirRepresentations.38 Graphic file (type mps)
 [MP to PDF]
(./FunctionsandtheirRepresentations.38)
File: FunctionsandtheirRepresentations.39 Graphic file (type mps)
 [MP to PDF]
(./FunctionsandtheirRepresentations.39) [27]
File: FunctionsandtheirRepresentations.40 Graphic file (type mps)
 [MP to PDF]
(./FunctionsandtheirRepresentations.40) [28] [29] [30] [31] [32]
LaTeX Font Info:    Font shape `OT1/phv/m/n' will be
(Font)              scaled to size 9.19998pt on input line 1618.
LaTeX Font Info:    Font shape `OT1/phv/m/n' will be
(Font)              scaled to size 6.43999pt on input line 1618.
LaTeX Font Info:    Font shape `OT1/phv/m/sl' will be
(Font)              scaled to size 9.19998pt on input line 1618.
LaTeX Font Info:    Font shape `OT1/phv/m/sl' will be
(Font)              scaled to size 6.43999pt on input line 1618.
 [33] [34]
[35]
File: FunctionsandtheirRepresentations.41 Graphic file (type mps)
 [MP to PDF] (./FunctionsandtheirRepresentations.41)
File: FunctionsandtheirRepresentations.42 Graphic file (type mps)
 [MP to PDF]
(./FunctionsandtheirRepresentations.42)
File: FunctionsandtheirRepresentations.43 Graphic file (type mps)
 [MP to PDF]
(./FunctionsandtheirRepresentations.43)
Overfull \vbox (55.77864pt too high) has occurred while \output is active []


Overfull \vbox (50.27864pt too high) has occurred while \output is active []


[36]
File: FunctionsandtheirRepresentations.44 Graphic file (type mps)
 [MP to PDF] (./FunctionsandtheirRepresentations.44)
File: FunctionsandtheirRepresentations.45 Graphic file (type mps)
 [MP to PDF]
(./FunctionsandtheirRepresentations.45)
File: FunctionsandtheirRepresentations.46 Graphic file (type mps)
 [MP to PDF]
(./FunctionsandtheirRepresentations.46)
File: FunctionsandtheirRepresentations.47 Graphic file (type mps)
 [MP to PDF]
(./FunctionsandtheirRepresentations.47)
File: FunctionsandtheirRepresentations.48 Graphic file (type mps)
 [MP to PDF]
(./FunctionsandtheirRepresentations.48)
Overfull \vbox (19.82507pt too high) has occurred while \output is active []


Overfull \vbox (25.32507pt too high) has occurred while \output is active []


Overfull \vbox (19.82507pt too high) has occurred while \output is active []


[37]
File: FunctionsandtheirRepresentations.49 Graphic file (type mps)
 [MP to PDF] (./FunctionsandtheirRepresentations.49)
File: FunctionsandtheirRepresentations.50 Graphic file (type mps)
 [MP to PDF]
(./FunctionsandtheirRepresentations.50)
File: FunctionsandtheirRepresentations.51 Graphic file (type mps)
 [MP to PDF]
(./FunctionsandtheirRepresentations.51)
File: FunctionsandtheirRepresentations.52 Graphic file (type mps)
 [MP to PDF]
(./FunctionsandtheirRepresentations.52)
File: FunctionsandtheirRepresentations.53 Graphic file (type mps)
 [MP to PDF]
(./FunctionsandtheirRepresentations.53) [38]
File: FunctionsandtheirRepresentations.54 Graphic file (type mps)
 [MP to PDF]
(./FunctionsandtheirRepresentations.54)
File: FunctionsandtheirRepresentations.55 Graphic file (type mps)
 [MP to PDF]
(./FunctionsandtheirRepresentations.55) [39])) [40]
(./ConstantandLinearFunctions.tex

Mfpic: Initializing ConstantandLinearFunctions.mp.
\openout3 = `ConstantandLinearFunctions.mp'.

Mfpic: Don't forget to process ConstantandLinearFunctions.mp!
Mfpic: Apply metapost to ConstantandLinearFunctions.mp.
Mfpic: Then reprocess this file "CompilerIntroductiontoFunctions".


LaTeX Warning: Reference `IntroductiontoFunctions' on page 41 undefined on inpu
t line 12.


LaTeX Warning: Reference `AppLines' on page 41 undefined on input line 12.

File: ConstantandLinearFunctions.1 Graphic file (type mps)
[MP to PDF] (./ConstantandLinearFunctions.1)
File: ConstantandLinearFunctions.2 Graphic file (type mps)
 [MP to PDF]
(./ConstantandLinearFunctions.2)
File: ConstantandLinearFunctions.3 Graphic file (type mps)
 [MP to PDF] (./ConstantandLinearFunctions.3)
[41]
Overfull \hbox (1.49008pt too wide) in paragraph at lines 100--101
[]\OT1/phv/m/n/10.95 The next ex-am-ple show-cases an ap-pli-ca-tion of con-sta
nt func-tions and in-tro-duces the no-tion of a \OT1/phv/b/n/10.95 piecewise-
 []

[42]
File: ConstantandLinearFunctions.4 Graphic file (type mps)
 [MP to PDF] (./ConstantandLinearFunctions.4)
LaTeX Font Info:    Font shape `OT1/phv/bx/sl' in size <10.95> not available
(Font)              Font shape `OT1/phv/b/sl' tried instead on input line 171.
LaTeX Font Info:    Font shape `OT1/phv/b/sl' will be
(Font)              scaled to size 10.07397pt on input line 171.
LaTeX Font Info:    Font shape `OT1/phv/bx/sl' in size <8> not available
(Font)              Font shape `OT1/phv/b/sl' tried instead on input line 171.
LaTeX Font Info:    Font shape `OT1/phv/b/sl' will be
(Font)              scaled to size 7.35999pt on input line 171.
LaTeX Font Info:    Font shape `OT1/phv/bx/sl' in size <6> not available
(Font)              Font shape `OT1/phv/b/sl' tried instead on input line 171.
LaTeX Font Info:    Font shape `OT1/phv/b/sl' will be
(Font)              scaled to size 5.51999pt on input line 171.


LaTeX Warning: Reference `setsofnumbersboxonthispage' on page 43 undefined on i
nput line 171.

[43]
File: ConstantandLinearFunctions.5 Graphic file (type mps)
 [MP to PDF] (./ConstantandLinearFunctions.5)

LaTeX Warning: Reference `AppLines' on page 44 undefined on input line 276.

[44]

LaTeX Warning: Reference `slope' on page 45 undefined on input line 314.


LaTeX Warning: Reference `lineshaveconstantratesofchange' on page 45 undefined 
on input line 314.

[45]
File: ConstantandLinearFunctions.6 Graphic file (type mps)
 [MP to PDF] (./ConstantandLinearFunctions.6)
File: ConstantandLinearFunctions.7 Graphic file (type mps)
 [MP to PDF]
(./ConstantandLinearFunctions.7)
File: ConstantandLinearFunctions.8 Graphic file (type mps)
 [MP to PDF] (./ConstantandLinearFunctions.8)
[46]
File: ConstantandLinearFunctions.9 Graphic file (type mps)
 [MP to PDF] (./ConstantandLinearFunctions.9) [47]

LaTeX Warning: Reference `AppLines' on page 48 undefined on input line 476.

[48]

LaTeX Warning: Reference `repeatingdecimalnote' on page 49 undefined on input l
ine 516.

File: ConstantandLinearFunctions.10 Graphic file (type mps)
[MP to PDF] (./ConstantandLinearFunctions.10)
File: ConstantandLinearFunctions.11 Graphic file (type mps)
 [MP to PDF]
(./ConstantandLinearFunctions.11) [49]
File: ConstantandLinearFunctions.12 Graphic file (type mps)
 [MP to PDF]
(./ConstantandLinearFunctions.12) [50] [51]
File: ConstantandLinearFunctions.13 Graphic file (type mps)
 [MP to PDF]
(./ConstantandLinearFunctions.13) [52]
File: ConstantandLinearFunctions.14 Graphic file (type mps)
 [MP to PDF]
(./ConstantandLinearFunctions.14)

LaTeX Warning: Reference `SequencesandtheBinomialTheorem' on page 53 undefined 
on input line 737.

File: ConstantandLinearFunctions.15 Graphic file (type mps)
[MP to PDF] (./ConstantandLinearFunctions.15)
<./ConstantandLinearFunctionsGraphics/ThreePointRegression.jpg, id=944, 2511.38
25pt x 1509.64pt>
File: ./ConstantandLinearFunctionsGraphics/ThreePointRegression.jpg Graphic fil
e (type jpg)

<use ./ConstantandLinearFunctionsGraphics/ThreePointRegression.jpg>
Package pdftex.def Info: ./ConstantandLinearFunctionsGraphics/ThreePointRegress
ion.jpg used on input line 763.
(pdftex.def)             Requested size: 289.07999pt x 173.75467pt.
 [53]
[54 <./ConstantandLinearFunctionsGraphics/ThreePointRegression.jpg>]
<./ConstantandLinearFunctionsGraphics/TimeTempRegression01.jpg, id=962, 2513.39
pt x 1507.6325pt>
File: ./ConstantandLinearFunctionsGraphics/TimeTempRegression01.jpg Graphic fil
e (type jpg)

<use ./ConstantandLinearFunctionsGraphics/TimeTempRegression01.jpg>
Package pdftex.def Info: ./ConstantandLinearFunctionsGraphics/TimeTempRegressio
n01.jpg used on input line 830.
(pdftex.def)             Requested size: 433.62pt x 260.08989pt.

<./ConstantandLinearFunctionsGraphics/TimeTempRegression02.jpg, id=964, 2517.40
5pt x 1521.685pt>
File: ./ConstantandLinearFunctionsGraphics/TimeTempRegression02.jpg Graphic fil
e (type jpg)

<use ./ConstantandLinearFunctionsGraphics/TimeTempRegression02.jpg>
Package pdftex.def Info: ./ConstantandLinearFunctionsGraphics/TimeTempRegressio
n02.jpg used on input line 840.
(pdftex.def)             Requested size: 433.62pt x 262.09622pt.
 [55 <./ConstantandLinearFunctionsGraphics/TimeTempRegression01.jpg>]
Underfull \vbox (badness 4647) has occurred while \output is active []

 [56 <./ConstantandLinearFunctionsGraphics/TimeTempRegression02.jpg>]
<./ConstantandLinearFunctionsGraphics/ARCRocketExample01.jpg, id=991, 2521.42pt
 x 1521.685pt>
File: ./ConstantandLinearFunctionsGraphics/ARCRocketExample01.jpg Graphic file 
(type jpg)

<use ./ConstantandLinearFunctionsGraphics/ARCRocketExample01.jpg>
Package pdftex.def Info: ./ConstantandLinearFunctionsGraphics/ARCRocketExample0
1.jpg used on input line 904.
(pdftex.def)             Requested size: 433.62pt x 261.67828pt.
 [57] [58 <./ConstantandLinearFunctionsGraphics/ARCRocketExample01.jpg>]
<./ConstantandLinearFunctionsGraphics/ARCRocketExample02.jpg, id=1016, 1783.663
76pt x 1434.35875pt>
File: ./ConstantandLinearFunctionsGraphics/ARCRocketExample02.jpg Graphic file 
(type jpg)

<use ./ConstantandLinearFunctionsGraphics/ARCRocketExample02.jpg>
Package pdftex.def Info: ./ConstantandLinearFunctionsGraphics/ARCRocketExample0
2.jpg used on input line 937.
(pdftex.def)             Requested size: 216.81pt x 174.34805pt.

Overfull \hbox (0.62004pt too wide) in paragraph at lines 937--938
[][] 
 []


<./ConstantandLinearFunctionsGraphics/ARCRocketExample03.jpg, id=1017, 1887.05p
t x 1433.355pt>
File: ./ConstantandLinearFunctionsGraphics/ARCRocketExample03.jpg Graphic file 
(type jpg)

<use ./ConstantandLinearFunctionsGraphics/ARCRocketExample03.jpg>
Package pdftex.def Info: ./ConstantandLinearFunctionsGraphics/ARCRocketExample0
3.jpg used on input line 939.
(pdftex.def)             Requested size: 216.81pt x 164.66832pt.

Overfull \hbox (0.62004pt too wide) in paragraph at lines 939--940
[][] 
 []

[59 <./ConstantandLinearFunctionsGraphics/ARCRocketExample02.jpg> <./Constantan
dLinearFunctionsGraphics/ARCRocketExample03.jpg>]
(./ExercisesforConstantandLinearFunctions.tex
File: ConstantandLinearFunctions.16 Graphic file (type mps)
 [MP to PDF]
(./ConstantandLinearFunctions.16)
File: ConstantandLinearFunctions.17 Graphic file (type mps)
 [MP to PDF] (./ConstantandLinearFunctions.17) [60]
File: ConstantandLinearFunctions.18 Graphic file (type mps)
 [MP to PDF] (./ConstantandLinearFunctions.18)
File: ConstantandLinearFunctions.19 Graphic file (type mps)
 [MP to PDF]
(./ConstantandLinearFunctions.19) [61] [62]
File: ConstantandLinearFunctions.20 Graphic file (type mps)
 [MP to PDF]
(./ConstantandLinearFunctions.20) [63]

LaTeX Warning: Reference `ExponentialandLogarithmicFunctions' on page 64 undefi
ned on input line 434.

[64]
Overfull \hbox (30.53241pt too wide) in paragraph at lines 468--475
[] 
 []

[65] [66] [67]
File: ConstantandLinearFunctions.21 Graphic file (type mps)
 [MP to PDF] (./ConstantandLinearFunctions.21)
File: ConstantandLinearFunctions.22 Graphic file (type mps)
 [MP to PDF]
(./ConstantandLinearFunctions.22)
File: ConstantandLinearFunctions.23 Graphic file (type mps)
 [MP to PDF] (./ConstantandLinearFunctions.23)
File: ConstantandLinearFunctions.24 Graphic file (type mps)
[MP to PDF] (./ConstantandLinearFunctions.24) [68]
File: ConstantandLinearFunctions.25 Graphic file (type mps)
 [MP to PDF]
(./ConstantandLinearFunctions.25)
File: ConstantandLinearFunctions.26 Graphic file (type mps)
 [MP to PDF] (./ConstantandLinearFunctions.26)
File: ConstantandLinearFunctions.27 Graphic file (type mps)
[MP to PDF] (./ConstantandLinearFunctions.27)
File: ConstantandLinearFunctions.28 Graphic file (type mps)
 [MP to PDF]
(./ConstantandLinearFunctions.28)
File: ConstantandLinearFunctions.29 Graphic file (type mps)
 [MP to PDF] (./ConstantandLinearFunctions.29) [69]
File: ConstantandLinearFunctions.30 Graphic file (type mps)
 [MP to PDF] (./ConstantandLinearFunctions.30)
File: ConstantandLinearFunctions.31 Graphic file (type mps)
 [MP to PDF]
(./ConstantandLinearFunctions.31)
File: ConstantandLinearFunctions.32 Graphic file (type mps)
 [MP to PDF] (./ConstantandLinearFunctions.32) [70]
File: ConstantandLinearFunctions.33 Graphic file (type mps)
 [MP to PDF] (./ConstantandLinearFunctions.33) [71]
File: ConstantandLinearFunctions.34 Graphic file (type mps)
 [MP to PDF]
(./ConstantandLinearFunctions.34) [72]
File: ConstantandLinearFunctions.35 Graphic file (type mps)
 [MP to PDF]
(./ConstantandLinearFunctions.35)
File: ConstantandLinearFunctions.36 Graphic file (type mps)
 [MP to PDF] (./ConstantandLinearFunctions.36) [73])) [74] (./AbsoluteValueFunc
tions.tex

Mfpic: Initializing AbsoluteValueFunctions.mp.
\openout3 = `AbsoluteValueFunctions.mp'.

Mfpic: Don't forget to process AbsoluteValueFunctions.mp!
Mfpic: Apply metapost to AbsoluteValueFunctions.mp.
Mfpic: Then reprocess this file "CompilerIntroductiontoFunctions".


LaTeX Warning: Reference `AppAbsValEqIneq' on page 75 undefined on input line 1
2.

[75]
File: AbsoluteValueFunctions.1 Graphic file (type mps)
 [MP to PDF] (./AbsoluteValueFunctions.1)
File: AbsoluteValueFunctions.2 Graphic file (type mps)
 [MP to PDF]
(./AbsoluteValueFunctions.2)
File: AbsoluteValueFunctions.3 Graphic file (type mps)
 [MP to PDF] (./AbsoluteValueFunctions.3) [76]
File: AbsoluteValueFunctions.4 Graphic file (type mps)

[MP to PDF] (./AbsoluteValueFunctions.4)
File: AbsoluteValueFunctions.5 Graphic file (type mps)
 [MP to PDF]
(./AbsoluteValueFunctions.5) [77]
File: AbsoluteValueFunctions.6 Graphic file (type mps)
 [MP to PDF] (./AbsoluteValueFunctions.6)
File: AbsoluteValueFunctions.7 Graphic file (type mps)

[MP to PDF] (./AbsoluteValueFunctions.7) [78] [79]

LaTeX Warning: Reference `AppCartesianPlane' on page 80 undefined on input line
 461.

File: AbsoluteValueFunctions.8 Graphic file (type mps)
[MP to PDF] (./AbsoluteValueFunctions.8)
File: AbsoluteValueFunctions.9 Graphic file (type mps)
 [MP to PDF]
(./AbsoluteValueFunctions.9)

LaTeX Warning: Reference `Transformations' on page 80 undefined on input line 5
21.

[80]

LaTeX Warning: Reference `reflectionsinabox' on page 81 undefined on input line
 537.


LaTeX Warning: Reference `AppCartesianPlane' on page 81 undefined on input line
 537.

[81]
File: AbsoluteValueFunctions.10 Graphic file (type mps)
 [MP to PDF] (./AbsoluteValueFunctions.10) [82]
File: AbsoluteValueFunctions.11 Graphic file (type mps)
 [MP to PDF]
(./AbsoluteValueFunctions.11)
File: AbsoluteValueFunctions.12 Graphic file (type mps)
 [MP to PDF] (./AbsoluteValueFunctions.12)
[83]
File: AbsoluteValueFunctions.13 Graphic file (type mps)
 [MP to PDF] (./AbsoluteValueFunctions.13)
File: AbsoluteValueFunctions.14 Graphic file (type mps)
 [MP to PDF]
(./AbsoluteValueFunctions.14) [84]

LaTeX Warning: Reference `AppAbsValEqIneq' on page 85 undefined on input line 8
24.

File: AbsoluteValueFunctions.15 Graphic file (type mps)
[MP to PDF] (./AbsoluteValueFunctions.15)
Overfull \hbox (3.27132pt too wide) in paragraph at lines 850--851
[][] 
 []

File: AbsoluteValueFunctions.16 Graphic file (type mps)
[MP to PDF] (./AbsoluteValueFunctions.16)
Overfull \hbox (3.27132pt too wide) in paragraph at lines 874--875
[][] 
 []

File: AbsoluteValueFunctions.17 Graphic file (type mps)
[MP to PDF] (./AbsoluteValueFunctions.17)
Overfull \hbox (3.27132pt too wide) in paragraph at lines 901--902
[][] 
 []

[85]
File: AbsoluteValueFunctions.18 Graphic file (type mps)
 [MP to PDF] (./AbsoluteValueFunctions.18)
File: AbsoluteValueFunctions.19 Graphic file (type mps)
 [MP to PDF]
(./AbsoluteValueFunctions.19)

LaTeX Warning: Reference `AppAbsValEqIneq' on page 86 undefined on input line 1
002.

[86]

LaTeX Warning: Reference `AppLines' on page 87 undefined on input line 1043.


LaTeX Warning: Reference `parallelperpendicularslopetheorem' on page 87 undefin
ed on input line 1043.

[87]
File: AbsoluteValueFunctions.20 Graphic file (type mps)
 [MP to PDF] (./AbsoluteValueFunctions.20)
File: AbsoluteValueFunctions.21 Graphic file (type mps)
 [MP to PDF]
(./AbsoluteValueFunctions.21)

LaTeX Warning: Reference `linearineqreview' on page 88 undefined on input line 
1111.

[88]
File: AbsoluteValueFunctions.22 Graphic file (type mps)
 [MP to PDF] (./AbsoluteValueFunctions.22)
File: AbsoluteValueFunctions.23 Graphic file (type mps)
 [MP to PDF]
(./AbsoluteValueFunctions.23) [89] [90]
(./ExercisesforAbsoluteValueFunctions.tex
File: AbsoluteValueFunctions.24 Graphic file (type mps)
 [MP to PDF]
(./AbsoluteValueFunctions.24)
File: AbsoluteValueFunctions.25 Graphic file (type mps)
 [MP to PDF] (./AbsoluteValueFunctions.25)
File: AbsoluteValueFunctions.26 Graphic file (type mps)

[MP to PDF] (./AbsoluteValueFunctions.26)
File: AbsoluteValueFunctions.27 Graphic file (type mps)
 [MP to PDF]
(./AbsoluteValueFunctions.27) [91]
File: AbsoluteValueFunctions.28 Graphic file (type mps)
 [MP to PDF] (./AbsoluteValueFunctions.28)
File: AbsoluteValueFunctions.29 Graphic file (type mps)

[MP to PDF] (./AbsoluteValueFunctions.29) [92] [93]
Underfull \hbox (badness 10000) in paragraph at lines 481--482

 []

File: AbsoluteValueFunctions.30 Graphic file (type mps)
[MP to PDF] (./AbsoluteValueFunctions.30)
Underfull \hbox (badness 10000) in paragraph at lines 503--504

 []

File: AbsoluteValueFunctions.31 Graphic file (type mps)
[MP to PDF] (./AbsoluteValueFunctions.31)
Underfull \hbox (badness 10000) in paragraph at lines 526--527

 []

File: AbsoluteValueFunctions.32 Graphic file (type mps)
[MP to PDF] (./AbsoluteValueFunctions.32) [94]
Underfull \hbox (badness 10000) in paragraph at lines 550--551

 []

File: AbsoluteValueFunctions.33 Graphic file (type mps)
[MP to PDF] (./AbsoluteValueFunctions.33)
Underfull \hbox (badness 10000) in paragraph at lines 572--573

 []

File: AbsoluteValueFunctions.34 Graphic file (type mps)
[MP to PDF] (./AbsoluteValueFunctions.34)
Underfull \hbox (badness 10000) in paragraph at lines 596--597

 []

File: AbsoluteValueFunctions.35 Graphic file (type mps)
[MP to PDF] (./AbsoluteValueFunctions.35) [95]
Underfull \hbox (badness 10000) in paragraph at lines 675--678

 []

File: AbsoluteValueFunctions.36 Graphic file (type mps)
[MP to PDF] (./AbsoluteValueFunctions.36)
Underfull \hbox (badness 10000) in paragraph at lines 703--706

 []

File: AbsoluteValueFunctions.37 Graphic file (type mps)
[MP to PDF] (./AbsoluteValueFunctions.37)
Underfull \hbox (badness 10000) in paragraph at lines 728--732

 []

File: AbsoluteValueFunctions.38 Graphic file (type mps)
[MP to PDF] (./AbsoluteValueFunctions.38) [96]
Underfull \hbox (badness 10000) in paragraph at lines 757--761

 []

File: AbsoluteValueFunctions.39 Graphic file (type mps)
[MP to PDF] (./AbsoluteValueFunctions.39)
Underfull \hbox (badness 10000) in paragraph at lines 783--786

 []

File: AbsoluteValueFunctions.40 Graphic file (type mps)
[MP to PDF] (./AbsoluteValueFunctions.40)
Underfull \hbox (badness 10000) in paragraph at lines 810--813

 []

File: AbsoluteValueFunctions.41 Graphic file (type mps)
[MP to PDF] (./AbsoluteValueFunctions.41) [97])) [98] (./QuadraticFunctions.tex

Mfpic: Initializing QuadraticFunctions.mp.
\openout3 = `QuadraticFunctions.mp'.

Mfpic: Don't forget to process QuadraticFunctions.mp!
Mfpic: Apply metapost to QuadraticFunctions.mp.
Mfpic: Then reprocess this file "CompilerIntroductiontoFunctions".


LaTeX Warning: Reference `AppQuadEqus' on page 99 undefined on input line 13.

File: QuadraticFunctions.1 Graphic file (type mps)
[MP to PDF] (./QuadraticFunctions.1) [99]

LaTeX Warning: Reference `linearmononialgraphs' on page 100 undefined on input 
line 101.


LaTeX Warning: Reference `GraphsofPolynomials' on page 100 undefined on input l
ine 101.

File: QuadraticFunctions.2 Graphic file (type mps)
[MP to PDF] (./QuadraticFunctions.2) [100]
File: QuadraticFunctions.3 Graphic file (type mps)
 [MP to PDF] (./QuadraticFunctions.3)
File: QuadraticFunctions.4 Graphic file (type mps)
[MP to PDF] (./QuadraticFunctions.4) [101]
File: QuadraticFunctions.5 Graphic file (type mps)
 [MP to PDF] (./QuadraticFunctions.5)
File: QuadraticFunctions.6 Graphic file (type mps)
[MP to PDF] (./QuadraticFunctions.6)

LaTeX Warning: Reference `AppQuadEqus' on page 102 undefined on input line 327.


[102]

LaTeX Warning: Reference `AppQuadEqus' on page 103 undefined on input line 345.


[103]
File: QuadraticFunctions.7 Graphic file (type mps)
 [MP to PDF] (./QuadraticFunctions.7)
File: QuadraticFunctions.8 Graphic file (type mps)
 [MP to PDF] (./QuadraticFunctions.8) [104]

LaTeX Warning: Reference `AppQuadEqus' on page 105 undefined on input line 484.



LaTeX Warning: Reference `AppQuadEqus' on page 105 undefined on input line 484.


[105]

LaTeX Warning: Reference `PolynomialFunctions' on page 106 undefined on input l
ine 525.

File: QuadraticFunctions.9 Graphic file (type mps)
[MP to PDF] (./QuadraticFunctions.9)
File: QuadraticFunctions.10 Graphic file (type mps)
 [MP to PDF] (./QuadraticFunctions.10)
File: QuadraticFunctions.11 Graphic file (type mps)

[MP to PDF] (./QuadraticFunctions.11)
Overfull \vbox (12.51375pt too high) has occurred while \output is active []


Overfull \vbox (11.51pt too high) has occurred while \output is active []


Overfull \vbox (11.51pt too high) has occurred while \output is active []

 [106]
[107]
File: QuadraticFunctions.12 Graphic file (type mps)
 [MP to PDF] (./QuadraticFunctions.12) [108] [109]
<./QuadraticFunctionsGraphics/TimeTempDataQR.jpg, id=1814, 2766.335pt x 1499.60
25pt>
File: ./QuadraticFunctionsGraphics/TimeTempDataQR.jpg Graphic file (type jpg)
 <use ./QuadraticFunctionsGraphics/TimeTempDataQR.jpg>
Package pdftex.def Info: ./QuadraticFunctionsGraphics/TimeTempDataQR.jpg used o
n input line 707.
(pdftex.def)             Requested size: 361.34999pt x 195.87045pt.
 [110 <./QuadraticFunctionsGraphics/TimeTempDataQR.jpg>]
File: QuadraticFunctions.13 Graphic file (type mps)
 [MP to PDF] (./QuadraticFunctions.13)
File: QuadraticFunctions.14 Graphic file (type mps)

[MP to PDF] (./QuadraticFunctions.14) [111]

LaTeX Warning: Reference `PolynomialFunctions' on page 112 undefined on input l
ine 815.

File: QuadraticFunctions.15 Graphic file (type mps)
[MP to PDF] (./QuadraticFunctions.15)
File: QuadraticFunctions.16 Graphic file (type mps)
 [MP to PDF] (./QuadraticFunctions.16)
[112]
File: QuadraticFunctions.17 Graphic file (type mps)
 [MP to PDF] (./QuadraticFunctions.17)
File: QuadraticFunctions.18 Graphic file (type mps)
 [MP to PDF]
(./QuadraticFunctions.18) [113] [114]
File: QuadraticFunctions.19 Graphic file (type mps)
 [MP to PDF] (./QuadraticFunctions.19)
File: QuadraticFunctions.20 Graphic file (type mps)

[MP to PDF] (./QuadraticFunctions.20)
File: QuadraticFunctions.21 Graphic file (type mps)
 [MP to PDF] (./QuadraticFunctions.21)
Overfull \hbox (9.65378pt too wide) in paragraph at lines 1120--1121
 [] 
 []

File: QuadraticFunctions.22 Graphic file (type mps)
[MP to PDF] (./QuadraticFunctions.22) [115]
File: QuadraticFunctions.23 Graphic file (type mps)
 [MP to PDF]
(./QuadraticFunctions.23)
File: QuadraticFunctions.24 Graphic file (type mps)
 [MP to PDF] (./QuadraticFunctions.24)
File: QuadraticFunctions.25 Graphic file (type mps)
 [MP to PDF]
(./QuadraticFunctions.25)
File: QuadraticFunctions.26 Graphic file (type mps)
 [MP to PDF] (./QuadraticFunctions.26) [116]
File: QuadraticFunctions.27 Graphic file (type mps)

[MP to PDF] (./QuadraticFunctions.27)
File: QuadraticFunctions.28 Graphic file (type mps)
 [MP to PDF] (./QuadraticFunctions.28)
File: QuadraticFunctions.29 Graphic file (type mps)

[MP to PDF] (./QuadraticFunctions.29)
File: QuadraticFunctions.30 Graphic file (type mps)
 [MP to PDF] (./QuadraticFunctions.30)
[117] (./ExercisesforQuadraticFunctions.tex
File: QuadraticFunctions.31 Graphic file (type mps)
 [MP to PDF]
(./QuadraticFunctions.31)
File: QuadraticFunctions.32 Graphic file (type mps)
 [MP to PDF] (./QuadraticFunctions.32)
File: QuadraticFunctions.33 Graphic file (type mps)
 [MP to PDF]
(./QuadraticFunctions.33)
File: QuadraticFunctions.34 Graphic file (type mps)
 [MP to PDF] (./QuadraticFunctions.34) [118] [119]
[120]

LaTeX Warning: Reference `catenary' on page 121 undefined on input line 333.


LaTeX Warning: Reference `ExpLogApplications' on page 121 undefined on input li
ne 333.

[121] [122] [123]
Underfull \hbox (badness 10000) in paragraph at lines 524--533

 []

File: QuadraticFunctions.35 Graphic file (type mps)
[MP to PDF] (./QuadraticFunctions.35)
Underfull \hbox (badness 10000) in paragraph at lines 553--562

 []

File: QuadraticFunctions.36 Graphic file (type mps)
[MP to PDF] (./QuadraticFunctions.36)
Underfull \hbox (badness 10000) in paragraph at lines 582--591

 []

File: QuadraticFunctions.37 Graphic file (type mps)
[MP to PDF] (./QuadraticFunctions.37)
Underfull \hbox (badness 10000) in paragraph at lines 611--620

 []

File: QuadraticFunctions.38 Graphic file (type mps)
[MP to PDF] (./QuadraticFunctions.38) [124]
Underfull \hbox (badness 10000) in paragraph at lines 642--651

 []

File: QuadraticFunctions.39 Graphic file (type mps)
[MP to PDF] (./QuadraticFunctions.39)
Underfull \hbox (badness 10000) in paragraph at lines 672--681

 []

File: QuadraticFunctions.40 Graphic file (type mps)
[MP to PDF] (./QuadraticFunctions.40)
Underfull \hbox (badness 10000) in paragraph at lines 701--710

 []

File: QuadraticFunctions.41 Graphic file (type mps)
[MP to PDF] (./QuadraticFunctions.41)
Underfull \vbox (badness 10000) has occurred while \output is active []

 [125]
Underfull \hbox (badness 10000) in paragraph at lines 732--741

 []

File: QuadraticFunctions.42 Graphic file (type mps)
[MP to PDF] (./QuadraticFunctions.42)
Underfull \hbox (badness 10000) in paragraph at lines 761--770

 []

File: QuadraticFunctions.43 Graphic file (type mps)
[MP to PDF] (./QuadraticFunctions.43) [126] [127] [128]
File: QuadraticFunctions.44 Graphic file (type mps)
 [MP to PDF]
(./QuadraticFunctions.44)
Overfull \hbox (0.2672pt too wide) in paragraph at lines 1104--1105
[]$[]$\OT1/phv/m/n/10.95 , $[]$ 
 []

)) [129])
Package atveryend Info: Empty hook `BeforeClearDocument' on input line 57.
Package atveryend Info: Empty hook `AfterLastShipout' on input line 57.
 (./CompilerIntroductiontoFunctions.aux (./IntroductiontoFunctions.aux))
Package atveryend Info: Executing hook `AtVeryEndDocument' on input line 57.
Package atveryend Info: Executing hook `AtEndAfterFileList' on input line 57.
Package rerunfilecheck Info: File `CompilerIntroductiontoFunctions.out' has not
 changed.
(rerunfilecheck)             Checksum: 0E1EE1F5D2368A458AEFE513B14C355C;1790.


LaTeX Warning: There were undefined references.

Package atveryend Info: Empty hook `AtVeryVeryEnd' on input line 57.
 ) 
Here is how much of TeX's memory you used:
 11932 strings out of 493014
 168317 string characters out of 6133351
 273881 words of memory out of 5000000
 13609 multiletter control sequences out of 15000+600000
 58913 words of font info for 113 fonts, out of 8000000 for 9000
 1141 hyphenation exceptions out of 8191
 35i,23n,43p,1836b,1543s stack positions out of 5000i,500n,10000p,200000b,80000s
{/usr/local/texlive/2016/texmf-dist/fonts/enc/dvips/base/8r.enc}</usr/local/t
exlive/2016/texmf-dist/fonts/type1/public/amsfonts/cm/cmex10.pfb></usr/local/te
xlive/2016/texmf-dist/fonts/type1/public/amsfonts/cmextra/cmex8.pfb></usr/local
/texlive/2016/texmf-dist/fonts/type1/public/amsfonts/cm/cmmi10.pfb></usr/local/
texlive/2016/texmf-dist/fonts/type1/public/amsfonts/cm/cmmi8.pfb></usr/local/te
xlive/2016/texmf-dist/fonts/type1/public/amsfonts/cm/cmmi9.pfb></usr/local/texl
ive/2016/texmf-dist/fonts/type1/public/amsfonts/cm/cmss10.pfb></usr/local/texli
ve/2016/texmf-dist/fonts/type1/public/amsfonts/cm/cmss8.pfb></usr/local/texlive
/2016/texmf-dist/fonts/type1/public/amsfonts/cm/cmss9.pfb></usr/local/texlive/2
016/texmf-dist/fonts/type1/public/amsfonts/cm/cmsy10.pfb></usr/local/texlive/20
16/texmf-dist/fonts/type1/public/amsfonts/cm/cmsy6.pfb></usr/local/texlive/2016
/texmf-dist/fonts/type1/public/amsfonts/cm/cmsy7.pfb></usr/local/texlive/2016/t
exmf-dist/fonts/type1/public/amsfonts/cm/cmsy8.pfb></usr/local/texlive/2016/tex
mf-dist/fonts/type1/public/amsfonts/cm/cmsy9.pfb></usr/local/texlive/2016/texmf
-dist/fonts/type1/public/amsfonts/symbols/msbm10.pfb></usr/local/texlive/2016/t
exmf-dist/fonts/type1/urw/helvetic/uhvb8a.pfb></usr/local/texlive/2016/texmf-di
st/fonts/type1/urw/helvetic/uhvbo8a.pfb></usr/local/texlive/2016/texmf-dist/fon
ts/type1/urw/helvetic/uhvr8a.pfb></usr/local/texlive/2016/texmf-dist/fonts/type
1/urw/helvetic/uhvro8a.pfb>
Output written on CompilerIntroductiontoFunctions.pdf (129 pages, 2786523 bytes
).
PDF statistics:
 2430 PDF objects out of 2487 (max. 8388607)
 2248 compressed objects within 23 object streams
 1225 named destinations out of 1440 (max. 500000)
 243 words of extra memory for PDF output out of 10000 (max. 10000000)

