\BOOKMARK [0][-]{chapter.1}{Introduction to Functions}{}% 1
\BOOKMARK [1][-]{section.1.1}{Functions and their Representations}{chapter.1}% 2
\BOOKMARK [2][-]{subsection.1.1.1}{Functions as Mappings}{section.1.1}% 3
\BOOKMARK [2][-]{subsection.1.1.2}{Algebraic Representations of Functions}{section.1.1}% 4
\BOOKMARK [2][-]{subsection.1.1.3}{Geometric Representations of Functions}{section.1.1}% 5
\BOOKMARK [2][-]{subsection.1.1.4}{Exercises}{section.1.1}% 6
\BOOKMARK [2][-]{subsection.1.1.5}{Answers}{section.1.1}% 7
\BOOKMARK [1][-]{section.1.2}{Constant and Linear Functions}{chapter.1}% 8
\BOOKMARK [2][-]{subsection.1.2.1}{Constant Functions}{section.1.2}% 9
\BOOKMARK [2][-]{subsection.1.2.2}{Linear Functions}{section.1.2}% 10
\BOOKMARK [2][-]{subsection.1.2.3}{Linear Regression}{section.1.2}% 11
\BOOKMARK [2][-]{subsection.1.2.4}{The Average Rate of Change of a Function}{section.1.2}% 12
\BOOKMARK [2][-]{subsection.1.2.5}{Exercises}{section.1.2}% 13
\BOOKMARK [2][-]{subsection.1.2.6}{Answers}{section.1.2}% 14
\BOOKMARK [1][-]{section.1.3}{Absolute Value Functions}{chapter.1}% 15
\BOOKMARK [2][-]{subsection.1.3.1}{Graphs of Absolute Value Functions}{section.1.3}% 16
\BOOKMARK [2][-]{subsection.1.3.2}{Graphical Solution Techniques for Equations and Inequalities}{section.1.3}% 17
\BOOKMARK [2][-]{subsection.1.3.3}{Exercises}{section.1.3}% 18
\BOOKMARK [2][-]{subsection.1.3.4}{Answers}{section.1.3}% 19
\BOOKMARK [1][-]{section.1.4}{Quadratic Functions}{chapter.1}% 20
\BOOKMARK [2][-]{subsection.1.4.1}{Graphs of Quadratic Functions}{section.1.4}% 21
\BOOKMARK [2][-]{subsection.1.4.2}{Inequalities involving Quadratic Functions}{section.1.4}% 22
\BOOKMARK [2][-]{subsection.1.4.3}{Exercises}{section.1.4}% 23
\BOOKMARK [2][-]{subsection.1.4.4}{Answers}{section.1.4}% 24
